AutoDock Vina v1.2.7
#################################################################
# If you used AutoDock Vina in your work, please cite:          #
#                                                               #
# J. Eberhardt, D. Santos-Martins, A. F. Tillack, and S. Forli  #
# AutoDock Vina 1.2.0: New Docking Methods, Expanded Force      #
# Field, and Python Bindings, J. Chem. Inf. Model. (2021)       #
# DOI 10.1021/acs.jcim.1c00203                                  #
#                                                               #
# O. Trott, A. J. Olson,                                        #
# AutoDock Vina: improving the speed and accuracy of docking    #
# with a new scoring function, efficient optimization and       #
# multithreading, J. Comp. Chem. (2010)                         #
# DOI 10.1002/jcc.21334                                         #
#                                                               #
# Please see https://github.com/ccsb-scripps/AutoDock-Vina for  #
# more information.                                             #
#################################################################

Scoring function : vina
Rigid receptor: /Users/user/Desktop/Projet_long/docking/work/receptors/pdbqt/abcc8_xenope.pdbqt
Ligand: /Users/user/Desktop/Projet_long/docking/work/ligands/pdbqt/microcystineLR.pdbqt
Grid center: X -4.626 Y 2.6 Z 2.348
Grid size  : X 30 Y 30 Z 30
Grid space : 0.375
Exhaustiveness: 16
CPU: 1
Verbosity: 1

Computing Vina grid ... done.
Performing docking (random seed: 1776800058) ... 
0%   10   20   30   40   50   60   70   80   90   100%
|----|----|----|----|----|----|----|----|----|----|
***************************************************

mode |   affinity | dist from best mode
     | (kcal/mol) | rmsd l.b.| rmsd u.b.
-----+------------+----------+----------
   1       -6.259          0          0
   2       -6.116      1.625      2.646
   3       -5.811      14.67      21.93
   4       -5.803      2.849      11.95
   5       -5.792      2.688      5.109
   6       -5.778      4.234      7.417
   7       -5.759      14.36       22.4
   8       -5.729       3.02      5.975
   9       -5.669      1.715      2.444
  10       -5.664      4.057      8.276
  11       -5.656      4.134      7.283
  12       -5.647      1.855      2.478
  13       -5.637      1.757      2.309
  14        -5.63      5.951      11.61
  15       -5.622      4.819      12.62
  16       -5.611      3.946       9.59
  17       -5.574      3.593      6.739
  18       -5.569      2.469      10.51
  19       -5.564      3.397      6.287
  20       -5.561      3.972      7.835
  21       -5.551      2.443      3.943
  22       -5.546      2.761      5.465
  23       -5.537      3.798      11.27
  24       -5.533      2.584      11.14
  25       -5.516      3.734      10.98
  26       -5.513      3.142      12.44
  27       -5.481      2.112      3.683
  28       -5.432      3.308      7.584
  29       -5.424      4.302      8.451
  30       -5.411      3.282      6.596
  31       -5.408      3.159      12.16
  32       -5.404      2.568      3.841
  33       -5.381      2.518      10.53
  34       -5.367      3.034      5.211
  35       -5.359      3.592      7.433
  36       -5.339       2.72      10.43
  37       -5.337      4.288      10.54
  38       -5.303      4.486      9.525
  39       -5.298      12.69      20.36
  40       -5.268       3.87      11.66
  41       -5.244      4.989      10.38
  42       -5.243      6.058      12.52
  43       -5.228      6.189      12.13
  44       -5.222       3.63      11.08
  45       -5.204      4.912       10.5
  46       -5.202      4.587      10.37
  47       -5.198      3.272      11.55
  48       -5.191       3.67      10.81
  49       -5.181      4.139      12.07
  50       -5.174      2.215      4.365

