AutoDock Vina v1.2.7
#################################################################
# If you used AutoDock Vina in your work, please cite:          #
#                                                               #
# J. Eberhardt, D. Santos-Martins, A. F. Tillack, and S. Forli  #
# AutoDock Vina 1.2.0: New Docking Methods, Expanded Force      #
# Field, and Python Bindings, J. Chem. Inf. Model. (2021)       #
# DOI 10.1021/acs.jcim.1c00203                                  #
#                                                               #
# O. Trott, A. J. Olson,                                        #
# AutoDock Vina: improving the speed and accuracy of docking    #
# with a new scoring function, efficient optimization and       #
# multithreading, J. Comp. Chem. (2010)                         #
# DOI 10.1002/jcc.21334                                         #
#                                                               #
# Please see https://github.com/ccsb-scripps/AutoDock-Vina for  #
# more information.                                             #
#################################################################

Scoring function : vina
Rigid receptor: /Users/user/Desktop/Projet_long/docking/work/receptors/pdbqt/abcg8_zebrafish.pdbqt
Ligand: /Users/user/Desktop/Projet_long/docking/work/ligands/pdbqt/aeruginosin98A.pdbqt
Grid center: X -6.723 Y 1.93 Z 1.272
Grid size  : X 30 Y 30 Z 30
Grid space : 0.375
Exhaustiveness: 16
CPU: 1
Verbosity: 1

Computing Vina grid ... done.
Performing docking (random seed: 1509201447) ... 
0%   10   20   30   40   50   60   70   80   90   100%
|----|----|----|----|----|----|----|----|----|----|
***************************************************

mode |   affinity | dist from best mode
     | (kcal/mol) | rmsd l.b.| rmsd u.b.
-----+------------+----------+----------
   1       -7.698          0          0
   2       -7.489      3.955       9.48
   3       -7.466      5.548      9.107
   4       -7.365      3.627      9.261
   5        -7.31      3.249       6.44
   6       -7.222      4.433      9.792
   7       -7.204       17.4      21.74
   8       -7.177      17.48      20.66
   9       -7.156      15.21      19.26
  10       -7.115       15.8      20.45
  11       -7.099       15.8      19.85
  12       -7.095       16.1      18.91
  13       -7.068      17.64      21.98
  14       -7.052      15.98      20.73
  15       -7.029      5.835      10.02
  16       -7.003       15.5      19.94
  17       -6.999      12.83      17.68
  18       -6.994      3.802      9.279
  19       -6.957      4.097      8.952
  20       -6.934      4.296      9.094
  21       -6.892      5.031      9.578
  22        -6.89       4.69      8.401
  23        -6.88      3.998      8.291
  24       -6.867      2.931       6.72
  25       -6.839      4.371      9.702
  26        -6.81      2.726      5.783
  27       -6.789      4.597      9.543
  28       -6.782      18.28      21.65
  29       -6.764      5.207       10.8
  30       -6.723      17.34      20.12
  31       -6.718      5.301      9.416
  32       -6.713      15.36      18.87
  33       -6.708      16.77      19.67
  34       -6.668       13.6      18.33
  35       -6.626      14.44      17.83
  36       -6.613      15.81      19.72
  37         -6.6      3.362      7.813
  38       -6.584      15.39      19.15
  39       -6.571      3.371      6.505
  40       -6.566      4.131      9.686
  41       -6.557      17.58      21.53
  42       -6.526      16.23      20.84
  43        -6.49      19.14      21.95
  44       -6.469       16.8      21.82
  45       -6.444      20.91      23.63
  46       -6.443      20.77      24.48
  47       -6.422      17.52      20.77
  48       -6.422      4.628      9.277
  49       -6.404      16.78      20.12
  50       -6.313      15.95      20.03

