AutoDock Vina v1.2.7
#################################################################
# If you used AutoDock Vina in your work, please cite:          #
#                                                               #
# J. Eberhardt, D. Santos-Martins, A. F. Tillack, and S. Forli  #
# AutoDock Vina 1.2.0: New Docking Methods, Expanded Force      #
# Field, and Python Bindings, J. Chem. Inf. Model. (2021)       #
# DOI 10.1021/acs.jcim.1c00203                                  #
#                                                               #
# O. Trott, A. J. Olson,                                        #
# AutoDock Vina: improving the speed and accuracy of docking    #
# with a new scoring function, efficient optimization and       #
# multithreading, J. Comp. Chem. (2010)                         #
# DOI 10.1002/jcc.21334                                         #
#                                                               #
# Please see https://github.com/ccsb-scripps/AutoDock-Vina for  #
# more information.                                             #
#################################################################

Scoring function : vina
Rigid receptor: /Users/user/Desktop/Projet_long/docking/work/receptors/pdbqt/abcc5_zebrafish.pdbqt
Ligand: /Users/user/Desktop/Projet_long/docking/work/ligands/pdbqt/microgininFR1.pdbqt
Grid center: X 5.908 Y -1.389 Z 0.449
Grid size  : X 30 Y 30 Z 30
Grid space : 0.375
Exhaustiveness: 16
CPU: 1
Verbosity: 1

Computing Vina grid ... done.
Performing docking (random seed: -860781451) ... 
0%   10   20   30   40   50   60   70   80   90   100%
|----|----|----|----|----|----|----|----|----|----|
***************************************************

mode |   affinity | dist from best mode
     | (kcal/mol) | rmsd l.b.| rmsd u.b.
-----+------------+----------+----------
   1       -6.473          0          0
   2       -6.409       1.84      3.852
   3       -6.312      2.357       7.23
   4       -6.175      2.028      3.193
   5       -6.073      2.286      5.101
   6       -6.058      3.078      8.514
   7       -6.054      2.331      7.535
   8        -5.98      2.875      6.765
   9       -5.961      2.172      7.236
  10       -5.937      2.164      5.072
  11       -5.862      2.137      7.699
  12       -5.843      2.213      7.812
  13        -5.84      3.017      6.093
  14       -5.787      2.366      8.195
  15       -5.785      2.794      6.281
  16       -5.733      2.272      4.145
  17        -5.73       1.87      3.152
  18       -5.729      2.867      8.392
  19       -5.718      2.962      6.259
  20       -5.715      2.512       6.11
  21        -5.69      2.271      5.566
  22       -5.683       4.63      8.025
  23       -5.661      2.793      5.664
  24       -5.647      2.859       6.52
  25       -5.634      2.517      5.716
  26       -5.626      3.091       7.18
  27       -5.622      2.653      8.001
  28       -5.577       2.17      5.129
  29       -5.547       2.63      6.343
  30       -5.503      3.082      6.555
  31       -5.488      2.526      5.728
  32       -5.479      4.103      7.696
  33       -5.462      2.987      5.466
  34       -5.457      2.271       5.51
  35       -5.446       2.54      6.674
  36       -5.429      3.336      6.987
  37       -5.423       2.85      8.458
  38       -5.357      2.548      7.188
  39       -5.351      2.546      5.858
  40       -5.344      2.447      7.701
  41       -5.344      4.364      7.186
  42       -5.335      3.835       7.97
  43       -5.329      2.551      7.617
  44       -5.293      4.086      8.966
  45       -5.293      4.285      8.531
  46       -5.292      2.174      5.735
  47       -5.274      2.357      6.122
  48       -5.264      3.009      6.692
  49       -5.214      2.939      6.812
  50       -5.202      2.848      6.483

