AutoDock Vina v1.2.7
#################################################################
# If you used AutoDock Vina in your work, please cite:          #
#                                                               #
# J. Eberhardt, D. Santos-Martins, A. F. Tillack, and S. Forli  #
# AutoDock Vina 1.2.0: New Docking Methods, Expanded Force      #
# Field, and Python Bindings, J. Chem. Inf. Model. (2021)       #
# DOI 10.1021/acs.jcim.1c00203                                  #
#                                                               #
# O. Trott, A. J. Olson,                                        #
# AutoDock Vina: improving the speed and accuracy of docking    #
# with a new scoring function, efficient optimization and       #
# multithreading, J. Comp. Chem. (2010)                         #
# DOI 10.1002/jcc.21334                                         #
#                                                               #
# Please see https://github.com/ccsb-scripps/AutoDock-Vina for  #
# more information.                                             #
#################################################################

Scoring function : vina
Rigid receptor: /Users/user/Desktop/Projet_long/docking/work/receptors/pdbqt/abcc3_xenope.pdbqt
Ligand: /Users/user/Desktop/Projet_long/docking/work/ligands/pdbqt/microcystineLR.pdbqt
Grid center: X -0.27 Y -2.477 Z -1.801
Grid size  : X 30 Y 30 Z 30
Grid space : 0.375
Exhaustiveness: 16
CPU: 1
Verbosity: 1

Computing Vina grid ... done.
Performing docking (random seed: -1211213922) ... 
0%   10   20   30   40   50   60   70   80   90   100%
|----|----|----|----|----|----|----|----|----|----|
***************************************************

mode |   affinity | dist from best mode
     | (kcal/mol) | rmsd l.b.| rmsd u.b.
-----+------------+----------+----------
   1       -6.933          0          0
   2       -6.673      4.099      7.868
   3       -6.609      5.022      12.16
   4       -6.597      3.637      5.678
   5       -6.551      4.276      9.143
   6       -6.535      4.504      10.68
   7       -6.525      2.264      3.923
   8       -6.505      5.451      10.78
   9       -6.486      3.999      9.254
  10       -6.479      4.719      10.59
  11       -6.477       4.09       10.8
  12       -6.447      2.244      2.768
  13       -6.424      3.734      5.416
  14       -6.418      2.187      3.244
  15       -6.316      5.507      12.31
  16       -6.262      4.032      9.941
  17       -6.247      3.505      4.865
  18       -6.245      1.608      2.086
  19        -6.24      5.324      11.81
  20       -6.226      5.035      10.83
  21       -6.213       3.88      11.02
  22       -6.209      7.032      13.26
  23       -6.187      5.716      11.69
  24       -6.173      4.288      9.507
  25       -6.171      4.874      11.24
  26       -6.167      5.376      12.52
  27       -6.117      2.009      3.752
  28       -6.097      4.879      10.81
  29       -6.092      3.044      5.602
  30       -6.073      4.038      9.492
  31       -6.066      4.285      10.76
  32       -6.055      2.489      4.647
  33       -6.038      2.461      3.262
  34       -6.029      4.617      13.06
  35       -6.007      4.239      10.41
  36       -5.997      3.977      10.09
  37       -5.995      5.169      11.87
  38       -5.987      4.236      10.56
  39       -5.982      5.186      12.15
  40       -5.974      5.515      12.94
  41       -5.972      5.374       12.8
  42       -5.967      4.297       10.3
  43       -5.966      2.857      4.932
  44       -5.965      2.867      4.899
  45       -5.959      8.529      14.47
  46       -5.952      2.501      3.916
  47       -5.919      4.869      10.19
  48       -5.912      4.815      10.78
  49       -5.896      5.273      11.42
  50       -5.891      5.285      11.89

