AutoDock Vina v1.2.7
#################################################################
# If you used AutoDock Vina in your work, please cite:          #
#                                                               #
# J. Eberhardt, D. Santos-Martins, A. F. Tillack, and S. Forli  #
# AutoDock Vina 1.2.0: New Docking Methods, Expanded Force      #
# Field, and Python Bindings, J. Chem. Inf. Model. (2021)       #
# DOI 10.1021/acs.jcim.1c00203                                  #
#                                                               #
# O. Trott, A. J. Olson,                                        #
# AutoDock Vina: improving the speed and accuracy of docking    #
# with a new scoring function, efficient optimization and       #
# multithreading, J. Comp. Chem. (2010)                         #
# DOI 10.1002/jcc.21334                                         #
#                                                               #
# Please see https://github.com/ccsb-scripps/AutoDock-Vina for  #
# more information.                                             #
#################################################################

Scoring function : vina
Rigid receptor: /Users/user/Desktop/Projet_long/docking/work/receptors/pdbqt/slco1c1_xenope.pdbqt
Ligand: /Users/user/Desktop/Projet_long/docking/work/ligands/pdbqt/aeruginosin98A.pdbqt
Grid center: X -2.872 Y -0.807 Z 5.078
Grid size  : X 30 Y 30 Z 30
Grid space : 0.375
Exhaustiveness: 16
CPU: 1
Verbosity: 1

Computing Vina grid ... done.
Performing docking (random seed: -2029934725) ... 
0%   10   20   30   40   50   60   70   80   90   100%
|----|----|----|----|----|----|----|----|----|----|
***************************************************

mode |   affinity | dist from best mode
     | (kcal/mol) | rmsd l.b.| rmsd u.b.
-----+------------+----------+----------
   1       -8.585          0          0
   2       -8.349      3.906      8.158
   3        -8.27      3.113      5.481
   4       -8.264      3.444      8.121
   5        -8.18      2.825      4.726
   6       -8.106      3.693       7.41
   7       -8.066      1.493      1.903
   8       -8.058      3.347      6.636
   9       -8.044      2.217      3.837
  10       -8.017      3.881      7.703
  11       -7.996      3.246      7.229
  12       -7.942      4.169      8.246
  13       -7.895      4.207      7.757
  14       -7.887      4.421      8.587
  15        -7.88      2.414      2.941
  16       -7.862      2.763      4.601
  17       -7.854      3.546      7.015
  18       -7.839       3.59      5.685
  19       -7.823      3.656      4.757
  20       -7.765      3.902      5.685
  21       -7.745      3.153      4.533
  22       -7.742      2.896      4.735
  23       -7.723      3.293      5.454
  24       -7.702      3.885      7.113
  25       -7.698      3.547      8.686
  26       -7.696      4.269      8.942
  27       -7.692      4.437      7.496
  28       -7.691      2.847      5.498
  29        -7.69       2.77      4.378
  30       -7.665      3.794      7.555
  31        -7.63      2.309      2.821
  32       -7.629      3.375      5.514
  33       -7.603      2.861      3.395
  34       -7.602      3.854      7.373
  35       -7.586      3.545      8.011
  36       -7.553      4.522      6.481
  37       -7.542      3.842      7.319
  38       -7.534      2.932      4.986
  39       -7.525      4.631      8.259
  40       -7.493      3.999      6.986
  41       -7.488      4.853       9.46
  42       -7.483      4.707      9.362
  43       -7.479      5.053      9.604
  44       -7.468      3.917      8.377
  45       -7.446      1.788      2.273
  46       -7.428      4.258      8.672
  47       -7.417      2.137       3.07
  48       -7.416       4.15      8.222
  49       -7.339      4.374      9.525
  50       -7.326      4.059      8.136

