AutoDock Vina v1.2.7
#################################################################
# If you used AutoDock Vina in your work, please cite:          #
#                                                               #
# J. Eberhardt, D. Santos-Martins, A. F. Tillack, and S. Forli  #
# AutoDock Vina 1.2.0: New Docking Methods, Expanded Force      #
# Field, and Python Bindings, J. Chem. Inf. Model. (2021)       #
# DOI 10.1021/acs.jcim.1c00203                                  #
#                                                               #
# O. Trott, A. J. Olson,                                        #
# AutoDock Vina: improving the speed and accuracy of docking    #
# with a new scoring function, efficient optimization and       #
# multithreading, J. Comp. Chem. (2010)                         #
# DOI 10.1002/jcc.21334                                         #
#                                                               #
# Please see https://github.com/ccsb-scripps/AutoDock-Vina for  #
# more information.                                             #
#################################################################

Scoring function : vina
Rigid receptor: /Users/user/Desktop/Projet_long/docking/work/receptors/pdbqt/abcc1_rattus.pdbqt
Ligand: /Users/user/Desktop/Projet_long/docking/work/ligands/pdbqt/microcystineLR.pdbqt
Grid center: X -4.244 Y 3.992 Z -2.379
Grid size  : X 30 Y 30 Z 30
Grid space : 0.375
Exhaustiveness: 16
CPU: 1
Verbosity: 1

Computing Vina grid ... done.
Performing docking (random seed: 1726442733) ... 
0%   10   20   30   40   50   60   70   80   90   100%
|----|----|----|----|----|----|----|----|----|----|
***************************************************

mode |   affinity | dist from best mode
     | (kcal/mol) | rmsd l.b.| rmsd u.b.
-----+------------+----------+----------
   1       -7.106          0          0
   2       -7.063       3.53      12.33
   3       -7.014      3.208      5.865
   4       -6.986      6.078      14.43
   5       -6.939      3.872      6.518
   6       -6.923      3.794      9.757
   7       -6.923      3.917      10.87
   8       -6.906      3.723      9.006
   9       -6.865      4.132       13.4
  10       -6.827      4.187       12.9
  11       -6.826      3.151      8.677
  12       -6.819       4.39      13.66
  13       -6.804      3.593      12.18
  14       -6.789       5.11      13.57
  15       -6.776      3.375      6.177
  16       -6.762      4.142      11.28
  17       -6.752      3.789       11.2
  18       -6.744      3.805      12.26
  19        -6.74      4.708      9.131
  20       -6.738      4.218      10.31
  21       -6.729      3.882      9.602
  22       -6.726      3.834      10.11
  23       -6.719      4.493      10.68
  24       -6.714      3.853      12.36
  25       -6.709      4.355      11.04
  26       -6.708      4.027       10.4
  27       -6.702      4.035      13.25
  28       -6.674      2.955       4.94
  29       -6.655      3.934       12.8
  30       -6.631      7.754      14.75
  31       -6.608      4.795      13.77
  32       -6.603       3.55      11.82
  33       -6.596      4.004      12.68
  34       -6.595      3.675      12.52
  35       -6.592       7.62         14
  36       -6.573      4.238      12.12
  37       -6.539      3.504      5.935
  38       -6.533      3.502      12.32
  39       -6.528      4.184      11.73
  40       -6.521      2.835      10.77
  41       -6.517      3.794      12.61
  42       -6.511      4.152      11.04
  43       -6.497      3.329      9.524
  44       -6.489      3.628       12.8
  45       -6.461      4.387      10.39
  46       -6.443      3.362      5.489
  47       -6.425      4.327      10.83
  48       -6.417      3.625      9.579
  49       -6.375      4.186      9.984
  50        -6.35      4.243      11.69

