AutoDock Vina v1.2.7
#################################################################
# If you used AutoDock Vina in your work, please cite:          #
#                                                               #
# J. Eberhardt, D. Santos-Martins, A. F. Tillack, and S. Forli  #
# AutoDock Vina 1.2.0: New Docking Methods, Expanded Force      #
# Field, and Python Bindings, J. Chem. Inf. Model. (2021)       #
# DOI 10.1021/acs.jcim.1c00203                                  #
#                                                               #
# O. Trott, A. J. Olson,                                        #
# AutoDock Vina: improving the speed and accuracy of docking    #
# with a new scoring function, efficient optimization and       #
# multithreading, J. Comp. Chem. (2010)                         #
# DOI 10.1002/jcc.21334                                         #
#                                                               #
# Please see https://github.com/ccsb-scripps/AutoDock-Vina for  #
# more information.                                             #
#################################################################

Scoring function : vina
Rigid receptor: /Users/user/Desktop/Projet_long/docking/work/receptors/pdbqt/abcc5_zebrafish.pdbqt
Ligand: /Users/user/Desktop/Projet_long/docking/work/ligands/pdbqt/aeruginosin98A.pdbqt
Grid center: X 5.908 Y -1.389 Z 0.449
Grid size  : X 30 Y 30 Z 30
Grid space : 0.375
Exhaustiveness: 16
CPU: 1
Verbosity: 1

Computing Vina grid ... done.
Performing docking (random seed: 330847591) ... 
0%   10   20   30   40   50   60   70   80   90   100%
|----|----|----|----|----|----|----|----|----|----|
***************************************************

mode |   affinity | dist from best mode
     | (kcal/mol) | rmsd l.b.| rmsd u.b.
-----+------------+----------+----------
   1       -7.699          0          0
   2       -7.437      3.206      7.379
   3       -7.401      2.603      4.543
   4       -7.332      2.866      5.509
   5        -7.26      3.412      7.216
   6        -7.19      3.993      7.764
   7       -7.184      3.798      7.136
   8       -7.138       2.81       5.55
   9       -7.076      3.445      7.234
  10       -7.057      2.832      6.008
  11       -7.047      2.758      4.433
  12       -7.029      3.229      6.066
  13       -7.024      3.316      7.578
  14           -7      3.414      7.318
  15       -6.977      3.768       6.95
  16       -6.963      3.237      6.988
  17       -6.928      3.503      7.238
  18       -6.902      4.055      8.132
  19       -6.885      2.843      5.086
  20       -6.878      3.396      7.582
  21       -6.862      3.502      7.493
  22       -6.838      3.186       5.96
  23       -6.813      2.617      4.501
  24       -6.809      3.231      6.157
  25       -6.763      3.239      5.425
  26        -6.75      3.792      7.617
  27       -6.748      3.457       7.67
  28       -6.745      2.642      6.082
  29        -6.74      3.834      7.061
  30       -6.731      3.743        7.3
  31       -6.713      2.761      5.081
  32       -6.678      2.431      3.735
  33        -6.66      3.104      5.874
  34       -6.652      3.172       7.38
  35       -6.556      2.814       5.46
  36       -6.535      3.568      7.021
  37       -6.533      3.947      7.665
  38       -6.518      3.381      7.184
  39       -6.496       3.54      6.967
  40       -6.469      3.781      7.819
  41       -6.465      3.334       6.83
  42       -6.453      4.011      8.234
  43       -6.436      3.567      6.444
  44       -6.361      3.802      7.662
  45       -6.359      7.345      10.64
  46       -6.337      4.006      8.769
  47       -6.336      3.819       7.88
  48       -6.279      3.798      7.844
  49       -6.189      4.726      9.252
  50       -6.182      4.068      9.117

