AutoDock Vina v1.2.7
#################################################################
# If you used AutoDock Vina in your work, please cite:          #
#                                                               #
# J. Eberhardt, D. Santos-Martins, A. F. Tillack, and S. Forli  #
# AutoDock Vina 1.2.0: New Docking Methods, Expanded Force      #
# Field, and Python Bindings, J. Chem. Inf. Model. (2021)       #
# DOI 10.1021/acs.jcim.1c00203                                  #
#                                                               #
# O. Trott, A. J. Olson,                                        #
# AutoDock Vina: improving the speed and accuracy of docking    #
# with a new scoring function, efficient optimization and       #
# multithreading, J. Comp. Chem. (2010)                         #
# DOI 10.1002/jcc.21334                                         #
#                                                               #
# Please see https://github.com/ccsb-scripps/AutoDock-Vina for  #
# more information.                                             #
#################################################################

Scoring function : vina
Rigid receptor: /Users/user/Desktop/Projet_long/docking/work/receptors/pdbqt/abcc1_zebrafish.pdbqt
Ligand: /Users/user/Desktop/Projet_long/docking/work/ligands/pdbqt/microgininFR1.pdbqt
Grid center: X -4.413 Y 2.871 Z -0.886
Grid size  : X 30 Y 30 Z 30
Grid space : 0.375
Exhaustiveness: 16
CPU: 1
Verbosity: 1

Computing Vina grid ... done.
Performing docking (random seed: 1407717756) ... 
0%   10   20   30   40   50   60   70   80   90   100%
|----|----|----|----|----|----|----|----|----|----|
***************************************************

mode |   affinity | dist from best mode
     | (kcal/mol) | rmsd l.b.| rmsd u.b.
-----+------------+----------+----------
   1       -7.176          0          0
   2       -7.161      3.338      7.554
   3       -7.003      3.427      7.359
   4       -6.897      5.517      9.986
   5       -6.836      2.496      6.078
   6       -6.821      14.29      19.05
   7        -6.81      3.727      8.531
   8        -6.69      5.268      9.499
   9       -6.631      3.464       6.12
  10       -6.611      3.416      8.079
  11       -6.573      5.171      9.349
  12       -6.553      3.862      8.908
  13       -6.543      14.25      19.12
  14       -6.536      4.955      10.06
  15       -6.509      5.443       10.2
  16       -6.504      3.908      7.891
  17       -6.504      2.669      4.981
  18       -6.498      4.993      10.74
  19       -6.461      13.74      19.08
  20       -6.455      2.717      8.368
  21       -6.429       2.41      8.373
  22       -6.409      5.897       11.1
  23       -6.392      4.801      9.684
  24       -6.391      4.402      10.37
  25       -6.373      4.046      8.311
  26       -6.364      14.25      18.84
  27        -6.36      13.98      19.42
  28       -6.356      6.616      10.98
  29       -6.354      4.426      10.93
  30       -6.343      4.377      8.714
  31       -6.311      4.001      8.706
  32       -6.307      4.043      9.603
  33         -6.3      2.806      9.386
  34       -6.285      2.642      4.397
  35       -6.282      15.56      19.51
  36       -6.274       6.74      11.26
  37       -6.268      2.596      8.172
  38        -6.26      4.012      10.13
  39       -6.247      2.867      10.72
  40       -6.244      5.896      10.82
  41       -6.241      3.127      7.802
  42       -6.238      3.145      10.33
  43       -6.196      4.509      9.161
  44        -6.17      2.461      10.06
  45       -6.159      14.09      18.25
  46       -6.149       3.24      9.114
  47       -6.141      6.866      11.51
  48       -6.122      13.75       17.3
  49       -6.088      9.492      15.65
  50       -6.069      6.945      11.98

