AutoDock Vina v1.2.7
#################################################################
# If you used AutoDock Vina in your work, please cite:          #
#                                                               #
# J. Eberhardt, D. Santos-Martins, A. F. Tillack, and S. Forli  #
# AutoDock Vina 1.2.0: New Docking Methods, Expanded Force      #
# Field, and Python Bindings, J. Chem. Inf. Model. (2021)       #
# DOI 10.1021/acs.jcim.1c00203                                  #
#                                                               #
# O. Trott, A. J. Olson,                                        #
# AutoDock Vina: improving the speed and accuracy of docking    #
# with a new scoring function, efficient optimization and       #
# multithreading, J. Comp. Chem. (2010)                         #
# DOI 10.1002/jcc.21334                                         #
#                                                               #
# Please see https://github.com/ccsb-scripps/AutoDock-Vina for  #
# more information.                                             #
#################################################################

Scoring function : vina
Rigid receptor: /Users/user/Desktop/Projet_long/docking/work/receptors/pdbqt/abcc8_zebrafish.pdbqt
Ligand: /Users/user/Desktop/Projet_long/docking/work/ligands/pdbqt/cyanopeptolinA.pdbqt
Grid center: X -6.537 Y 2.389 Z 0.616
Grid size  : X 30 Y 30 Z 30
Grid space : 0.375
Exhaustiveness: 16
CPU: 1
Verbosity: 1

Computing Vina grid ... done.
Performing docking (random seed: 195884037) ... 
0%   10   20   30   40   50   60   70   80   90   100%
|----|----|----|----|----|----|----|----|----|----|
***************************************************

mode |   affinity | dist from best mode
     | (kcal/mol) | rmsd l.b.| rmsd u.b.
-----+------------+----------+----------
   1        -7.25          0          0
   2       -7.034      2.845       13.4
   3       -6.985      3.491      13.14
   4       -6.793      4.996      12.88
   5       -6.706      7.243      12.32
   6       -6.586      5.029       13.5
   7       -6.585      6.688      14.47
   8       -6.577      3.831      13.39
   9       -6.564      4.351      13.64
  10       -6.548      3.456      6.595
  11       -6.533      4.979      13.59
  12       -6.518      4.167      13.21
  13       -6.446      6.774      14.79
  14        -6.44      6.846      14.88
  15       -6.405      4.963      13.44
  16       -6.397      6.648      14.94
  17       -6.337      5.335      12.64
  18       -6.314      4.466      13.32
  19       -6.313      4.514      6.972
  20       -6.288      4.316      13.43
  21       -6.185      6.645      14.85
  22       -6.153      5.823      14.32
  23       -6.149      4.345      12.95
  24       -6.132      5.381      13.39
  25       -6.124       4.57      13.12
  26       -6.112      7.443      14.92
  27        -6.07      5.363      9.967
  28        -6.01      3.583      11.25
  29       -6.004      5.323      12.61
  30       -5.996      4.997       11.5
  31       -5.991      4.424      7.017
  32       -5.973      7.106      14.96
  33        -5.93       4.58      12.87
  34       -5.916      3.284      11.38
  35       -5.909      6.986      15.05
  36       -5.902      8.674      15.17
  37       -5.875      2.207      3.338
  38       -5.851      8.168      15.95
  39        -5.81      5.296      14.69
  40       -5.773       3.72      8.085
  41       -5.724      2.057      2.853
  42       -5.702       4.13      6.905
  43       -5.689      4.891      12.73
  44       -5.687      6.032      11.78
  45       -5.669      5.598      11.17
  46        -5.63      2.214       3.24
  47       -5.544       4.28      13.52
  48       -5.531      2.439      4.094
  49       -5.515      6.664      11.57
  50       -5.432      5.022       14.1

