AutoDock Vina v1.2.7
#################################################################
# If you used AutoDock Vina in your work, please cite:          #
#                                                               #
# J. Eberhardt, D. Santos-Martins, A. F. Tillack, and S. Forli  #
# AutoDock Vina 1.2.0: New Docking Methods, Expanded Force      #
# Field, and Python Bindings, J. Chem. Inf. Model. (2021)       #
# DOI 10.1021/acs.jcim.1c00203                                  #
#                                                               #
# O. Trott, A. J. Olson,                                        #
# AutoDock Vina: improving the speed and accuracy of docking    #
# with a new scoring function, efficient optimization and       #
# multithreading, J. Comp. Chem. (2010)                         #
# DOI 10.1002/jcc.21334                                         #
#                                                               #
# Please see https://github.com/ccsb-scripps/AutoDock-Vina for  #
# more information.                                             #
#################################################################

Scoring function : vina
Rigid receptor: /Users/user/Desktop/Projet_long/docking/work/receptors/pdbqt/abcg2_xenope.pdbqt
Ligand: /Users/user/Desktop/Projet_long/docking/work/ligands/pdbqt/microgininFR1.pdbqt
Grid center: X 0.769 Y 0.645 Z 1.929
Grid size  : X 30 Y 30 Z 30
Grid space : 0.375
Exhaustiveness: 16
CPU: 1
Verbosity: 1

Computing Vina grid ... done.
Performing docking (random seed: 1704446298) ... 
0%   10   20   30   40   50   60   70   80   90   100%
|----|----|----|----|----|----|----|----|----|----|
***************************************************

mode |   affinity | dist from best mode
     | (kcal/mol) | rmsd l.b.| rmsd u.b.
-----+------------+----------+----------
   1        -6.82          0          0
   2       -6.774      12.71      18.53
   3       -6.608      13.72      19.76
   4       -6.587      13.61      19.86
   5       -6.553      12.62      19.14
   6       -6.529      11.26      15.62
   7       -6.504      2.997      7.316
   8       -6.488      3.291      8.324
   9       -6.446      14.24      20.42
  10       -6.442      3.377      8.107
  11        -6.43      10.25      14.76
  12       -6.422       12.1      16.59
  13       -6.409       14.4      20.35
  14       -6.378      12.67       17.3
  15       -6.349      3.027      7.104
  16       -6.345      13.98      20.09
  17       -6.343      12.87      18.68
  18       -6.332      4.567      10.07
  19       -6.311      12.46      18.66
  20       -6.308      4.438      8.474
  21       -6.307       13.4      18.35
  22       -6.288      10.88       15.4
  23       -6.227      12.38      18.72
  24       -6.205      13.27      19.76
  25       -6.198      2.573      4.933
  26       -6.197      3.843      9.458
  27       -6.186      3.057      7.158
  28       -6.161      13.04      19.43
  29       -6.152      2.655      8.391
  30       -6.125      13.26       19.5
  31       -6.098      2.517      5.154
  32       -6.085      11.19      15.94
  33       -6.064      13.15      19.37
  34       -6.053         13      19.12
  35       -6.037      12.53      18.27
  36       -6.031      4.352      7.275
  37       -5.955      12.04       18.4
  38       -5.955      12.02      17.38
  39       -5.947      11.38      15.77
  40       -5.942      13.43      19.54
  41       -5.925      3.604      7.122
  42       -5.922      10.93      15.17
  43       -5.918      2.991      8.605
  44       -5.915      13.25      18.43
  45       -5.912      2.691      5.591
  46       -5.907      3.888      7.876
  47       -5.898      2.088      8.058
  48       -5.881      2.864       6.36
  49       -5.821      3.056      6.778
  50       -5.771      12.38      17.72

