AutoDock Vina v1.2.7
#################################################################
# If you used AutoDock Vina in your work, please cite:          #
#                                                               #
# J. Eberhardt, D. Santos-Martins, A. F. Tillack, and S. Forli  #
# AutoDock Vina 1.2.0: New Docking Methods, Expanded Force      #
# Field, and Python Bindings, J. Chem. Inf. Model. (2021)       #
# DOI 10.1021/acs.jcim.1c00203                                  #
#                                                               #
# O. Trott, A. J. Olson,                                        #
# AutoDock Vina: improving the speed and accuracy of docking    #
# with a new scoring function, efficient optimization and       #
# multithreading, J. Comp. Chem. (2010)                         #
# DOI 10.1002/jcc.21334                                         #
#                                                               #
# Please see https://github.com/ccsb-scripps/AutoDock-Vina for  #
# more information.                                             #
#################################################################

Scoring function : vina
Rigid receptor: /Users/user/Desktop/Projet_long/docking/work/receptors/pdbqt/abcc9_zebrafish.pdbqt
Ligand: /Users/user/Desktop/Projet_long/docking/work/ligands/pdbqt/cyanopeptolinA.pdbqt
Grid center: X -7.079 Y 5.063 Z -0.597
Grid size  : X 30 Y 30 Z 30
Grid space : 0.375
Exhaustiveness: 16
CPU: 1
Verbosity: 1

Computing Vina grid ... done.
Performing docking (random seed: -349626892) ... 
0%   10   20   30   40   50   60   70   80   90   100%
|----|----|----|----|----|----|----|----|----|----|
***************************************************

mode |   affinity | dist from best mode
     | (kcal/mol) | rmsd l.b.| rmsd u.b.
-----+------------+----------+----------
   1       -6.751          0          0
   2       -6.586       3.68      13.12
   3        -6.58      3.832      6.724
   4       -6.502      4.631      8.765
   5       -6.378      5.809         10
   6       -6.325      4.215      7.076
   7       -6.297      4.791      9.075
   8        -6.29      3.822      6.782
   9       -6.255      3.483      14.09
  10       -6.254      3.406      5.832
  11        -6.21      3.389       13.4
  12        -6.21      4.718      9.357
  13       -6.157      11.32      14.54
  14       -6.156      3.513      15.05
  15       -6.154      3.971       12.4
  16       -6.124      5.025       14.7
  17       -6.107      6.759      11.84
  18       -6.102      4.659      8.474
  19       -6.095      5.921      10.16
  20       -6.057      4.486      8.761
  21        -5.99      3.479      14.39
  22        -5.99      4.616       9.08
  23        -5.98       9.63      14.98
  24       -5.938      6.369      11.04
  25       -5.922      4.851      8.689
  26       -5.894      10.58      13.93
  27       -5.881      3.476      12.84
  28       -5.851      8.756      12.87
  29       -5.836      4.294      6.324
  30       -5.823      3.735      14.76
  31         -5.8      7.735      13.09
  32       -5.791      5.909      10.75
  33       -5.755      8.873      12.45
  34       -5.745      3.943      6.739
  35       -5.714      6.527      12.41
  36       -5.687      4.845      13.34
  37       -5.636      4.873      9.033
  38       -5.587      3.353       7.26
  39       -5.546      3.082      7.205
  40       -5.535      4.296      8.279
  41       -5.515      7.879      12.81
  42       -5.505      4.789      9.095
  43       -5.496       6.17      10.16
  44       -5.431       3.89      6.703
  45       -5.408      4.173      13.37
  46        -5.37      4.793      9.041
  47       -5.336      4.946      11.74
  48       -5.321      7.498      11.05
  49       -5.287      4.092      13.76
  50       -5.229      7.799      13.25

