AutoDock Vina v1.2.7
#################################################################
# If you used AutoDock Vina in your work, please cite:          #
#                                                               #
# J. Eberhardt, D. Santos-Martins, A. F. Tillack, and S. Forli  #
# AutoDock Vina 1.2.0: New Docking Methods, Expanded Force      #
# Field, and Python Bindings, J. Chem. Inf. Model. (2021)       #
# DOI 10.1021/acs.jcim.1c00203                                  #
#                                                               #
# O. Trott, A. J. Olson,                                        #
# AutoDock Vina: improving the speed and accuracy of docking    #
# with a new scoring function, efficient optimization and       #
# multithreading, J. Comp. Chem. (2010)                         #
# DOI 10.1002/jcc.21334                                         #
#                                                               #
# Please see https://github.com/ccsb-scripps/AutoDock-Vina for  #
# more information.                                             #
#################################################################

Scoring function : vina
Rigid receptor: /Users/user/Desktop/Projet_long/docking/work/receptors/pdbqt/ppp5c_moule.pdbqt
Ligand: /Users/user/Desktop/Projet_long/docking/work/ligands/pdbqt/microgininFR1.pdbqt
Grid center: X 3.812 Y -1.248 Z -2.074
Grid size  : X 24 Y 24 Z 24
Grid space : 0.375
Exhaustiveness: 4
CPU: 1
Verbosity: 1

Computing Vina grid ... done.
Performing docking (random seed: 148572331) ... 
0%   10   20   30   40   50   60   70   80   90   100%
|----|----|----|----|----|----|----|----|----|----|
***************************************************

mode |   affinity | dist from best mode
     | (kcal/mol) | rmsd l.b.| rmsd u.b.
-----+------------+----------+----------
   1       -7.831          0          0
   2       -6.464      1.728      2.363
   3       -5.735      2.319      5.318
   4       -5.483      2.417      5.315
   5       -5.064      6.491      13.26
   6       -5.008      6.478      13.32
   7       -4.989      9.503      16.96
   8      -0.5421         10      16.99
   9     -0.01248      9.269      15.78
  10        3.336      13.69      17.26

