AutoDock Vina v1.2.7
#################################################################
# If you used AutoDock Vina in your work, please cite:          #
#                                                               #
# J. Eberhardt, D. Santos-Martins, A. F. Tillack, and S. Forli  #
# AutoDock Vina 1.2.0: New Docking Methods, Expanded Force      #
# Field, and Python Bindings, J. Chem. Inf. Model. (2021)       #
# DOI 10.1021/acs.jcim.1c00203                                  #
#                                                               #
# O. Trott, A. J. Olson,                                        #
# AutoDock Vina: improving the speed and accuracy of docking    #
# with a new scoring function, efficient optimization and       #
# multithreading, J. Comp. Chem. (2010)                         #
# DOI 10.1002/jcc.21334                                         #
#                                                               #
# Please see https://github.com/ccsb-scripps/AutoDock-Vina for  #
# more information.                                             #
#################################################################

Scoring function : vina
Rigid receptor: /Users/user/Desktop/Projet_long/docking/work/receptors/pdbqt/abcg8_daphnia.pdbqt
Ligand: /Users/user/Desktop/Projet_long/docking/work/ligands/pdbqt/cyanopeptolinA.pdbqt
Grid center: X -4.73 Y -5.286 Z 2.897
Grid size  : X 30 Y 30 Z 30
Grid space : 0.375
Exhaustiveness: 16
CPU: 1
Verbosity: 1

Computing Vina grid ... done.
Performing docking (random seed: 1339531485) ... 
0%   10   20   30   40   50   60   70   80   90   100%
|----|----|----|----|----|----|----|----|----|----|
***************************************************

mode |   affinity | dist from best mode
     | (kcal/mol) | rmsd l.b.| rmsd u.b.
-----+------------+----------+----------
   1        -5.95          0          0
   2       -5.909      2.176      3.301
   3        -5.88      3.306      9.253
   4       -5.852      3.273      8.955
   5       -5.847      3.618      8.955
   6        -5.73      4.061      8.246
   7       -5.675       3.42      8.932
   8       -5.652      3.977      8.612
   9       -5.648      2.527      4.231
  10       -5.548      2.139      3.446
  11       -5.501      2.089      2.882
  12         -5.5      1.738      2.931
  13       -5.485      4.158      9.637
  14       -5.476      1.771      2.372
  15       -5.416       2.68      4.425
  16       -5.402      3.176      4.963
  17       -5.399      2.252      5.099
  18       -5.362      4.334      11.22
  19       -5.327      2.714      3.961
  20       -5.268      4.261      10.03
  21       -5.202      4.383      9.004
  22       -5.153      2.859      4.361
  23       -5.039       2.88      4.224
  24       -4.888      3.305       9.14
  25       -4.868      3.719      9.794
  26       -4.736      10.79      16.23
  27       -4.659      3.918      10.26
  28       -4.654      2.666       5.61
  29       -4.569      4.127      11.48
  30       -4.545      12.63      16.34
  31       -4.522      3.294      10.12
  32       -4.518      3.484      9.172
  33       -4.512      4.633      11.17
  34       -4.511       10.9      16.11
  35        -4.51      10.87      15.67
  36       -4.486      4.376      8.068
  37       -4.449       12.7       15.7
  38       -4.433      4.444      8.411
  39       -4.418      11.96      16.11
  40        -4.39       2.21      3.388
  41       -4.384      2.483      3.421
  42       -4.366      3.294      6.919
  43       -4.355      11.73      15.72
  44       -4.324      11.74      15.71
  45       -4.303      12.12      16.53
  46       -4.273      12.17       15.7
  47       -4.201      11.75      14.92
  48       -4.178      4.365      10.34
  49       -4.174      4.746      11.47
  50        -4.16       12.5      16.87

