AutoDock Vina v1.2.7
#################################################################
# If you used AutoDock Vina in your work, please cite:          #
#                                                               #
# J. Eberhardt, D. Santos-Martins, A. F. Tillack, and S. Forli  #
# AutoDock Vina 1.2.0: New Docking Methods, Expanded Force      #
# Field, and Python Bindings, J. Chem. Inf. Model. (2021)       #
# DOI 10.1021/acs.jcim.1c00203                                  #
#                                                               #
# O. Trott, A. J. Olson,                                        #
# AutoDock Vina: improving the speed and accuracy of docking    #
# with a new scoring function, efficient optimization and       #
# multithreading, J. Comp. Chem. (2010)                         #
# DOI 10.1002/jcc.21334                                         #
#                                                               #
# Please see https://github.com/ccsb-scripps/AutoDock-Vina for  #
# more information.                                             #
#################################################################

Scoring function : vina
Rigid receptor: /Users/user/Desktop/Projet_long/docking/work/receptors/pdbqt/abcc3_xenope.pdbqt
Ligand: /Users/user/Desktop/Projet_long/docking/work/ligands/pdbqt/microgininFR1.pdbqt
Grid center: X -0.27 Y -2.477 Z -1.801
Grid size  : X 30 Y 30 Z 30
Grid space : 0.375
Exhaustiveness: 16
CPU: 1
Verbosity: 1

Computing Vina grid ... done.
Performing docking (random seed: -29375036) ... 
0%   10   20   30   40   50   60   70   80   90   100%
|----|----|----|----|----|----|----|----|----|----|
***************************************************

mode |   affinity | dist from best mode
     | (kcal/mol) | rmsd l.b.| rmsd u.b.
-----+------------+----------+----------
   1       -6.608          0          0
   2       -6.596      6.483      9.562
   3       -6.568      3.705      8.986
   4       -6.425      2.756      5.905
   5       -6.326      6.085      9.092
   6       -6.289        4.5       7.54
   7       -6.274      6.306      9.689
   8       -6.257      2.598      6.266
   9       -6.247      2.997      9.084
  10       -6.224      2.664       9.78
  11       -6.197      2.135      4.273
  12       -6.164       4.75      9.273
  13       -6.159      2.717      9.906
  14       -6.128      5.199      7.835
  15       -6.068      8.515      13.32
  16       -6.059      5.476      11.58
  17        -6.05      3.095      4.658
  18       -6.034      3.883      10.04
  19       -6.032      3.827      8.003
  20       -6.032      4.348      9.754
  21       -5.978      4.319      11.44
  22       -5.959      8.568      13.59
  23       -5.958      5.862       12.1
  24       -5.918      12.91      16.91
  25       -5.915      1.949      5.111
  26       -5.907      4.102      7.473
  27       -5.876      3.978      5.676
  28       -5.875      3.299      9.153
  29       -5.874      15.11      19.64
  30       -5.849      6.248      12.15
  31       -5.813      2.283        4.5
  32       -5.783      3.503      10.13
  33       -5.774      6.448      12.65
  34       -5.761      7.453       13.2
  35       -5.749      3.716      8.814
  36       -5.746      3.627       5.77
  37       -5.705       18.9      22.29
  38       -5.692      3.727      9.621
  39       -5.682      3.226      6.305
  40        -5.68      4.828      13.26
  41       -5.679      2.861      7.316
  42       -5.671       3.79      9.178
  43       -5.663      1.931      2.792
  44        -5.65      2.656      9.493
  45       -5.638      8.498      13.68
  46       -5.627      16.88      22.03
  47       -5.621      3.618       7.97
  48       -5.585      2.665      4.788
  49       -5.582      12.92       16.4
  50        -5.53      3.074      6.873

