AutoDock Vina v1.2.7
#################################################################
# If you used AutoDock Vina in your work, please cite:          #
#                                                               #
# J. Eberhardt, D. Santos-Martins, A. F. Tillack, and S. Forli  #
# AutoDock Vina 1.2.0: New Docking Methods, Expanded Force      #
# Field, and Python Bindings, J. Chem. Inf. Model. (2021)       #
# DOI 10.1021/acs.jcim.1c00203                                  #
#                                                               #
# O. Trott, A. J. Olson,                                        #
# AutoDock Vina: improving the speed and accuracy of docking    #
# with a new scoring function, efficient optimization and       #
# multithreading, J. Comp. Chem. (2010)                         #
# DOI 10.1002/jcc.21334                                         #
#                                                               #
# Please see https://github.com/ccsb-scripps/AutoDock-Vina for  #
# more information.                                             #
#################################################################

Scoring function : vina
Rigid receptor: /Users/user/Desktop/Projet_long/docking/work/receptors/pdbqt/abcc5_zebrafish.pdbqt
Ligand: /Users/user/Desktop/Projet_long/docking/work/ligands/pdbqt/microcystineLR.pdbqt
Grid center: X 5.908 Y -1.389 Z 0.449
Grid size  : X 30 Y 30 Z 30
Grid space : 0.375
Exhaustiveness: 16
CPU: 1
Verbosity: 1

Computing Vina grid ... done.
Performing docking (random seed: 1315572609) ... 
0%   10   20   30   40   50   60   70   80   90   100%
|----|----|----|----|----|----|----|----|----|----|
***************************************************

mode |   affinity | dist from best mode
     | (kcal/mol) | rmsd l.b.| rmsd u.b.
-----+------------+----------+----------
   1       -7.268          0          0
   2       -6.807      3.707      11.45
   3       -6.806      2.142      10.88
   4       -6.797      2.528      11.29
   5       -6.753       3.37      11.76
   6       -6.717      2.751      4.833
   7       -6.693      2.636      5.257
   8       -6.643      2.526      4.357
   9       -6.619      3.197      7.981
  10         -6.6      2.356      4.189
  11       -6.536      2.663      4.864
  12       -6.526      2.598      11.09
  13       -6.517       2.59      10.89
  14       -6.513      3.972      10.45
  15        -6.51      2.416      3.717
  16       -6.508      3.136      11.27
  17       -6.472      3.432      10.82
  18       -6.471      3.033      10.83
  19       -6.438      2.293      3.373
  20       -6.436      3.194      8.001
  21       -6.427      2.587      11.25
  22       -6.422       2.53      11.09
  23       -6.422      2.449      4.453
  24       -6.412      3.254      11.95
  25       -6.389      4.591      11.48
  26       -6.385      2.302      10.51
  27       -6.382      3.623      10.96
  28       -6.376      2.362      11.11
  29       -6.351      2.615      11.44
  30       -6.347      3.315      12.08
  31       -6.336      2.732      11.79
  32       -6.326      2.848      10.86
  33       -6.322      2.625      10.99
  34       -6.318      3.547      11.43
  35       -6.316      2.361      10.84
  36       -6.297      3.366      11.18
  37       -6.272      4.223      8.803
  38       -6.269      2.482      4.734
  39       -6.268      3.853      11.34
  40       -6.244      3.026      11.39
  41       -6.228      2.356      11.52
  42       -6.203      2.938      10.77
  43       -6.202      4.522      11.41
  44         -6.2      5.814      13.06
  45       -6.178      2.587      4.699
  46       -6.161      3.618      6.159
  47       -6.151      3.474      11.24
  48       -6.147      2.433      11.25
  49       -6.092      4.255      11.88
  50       -6.088      3.485      6.111

