AutoDock Vina v1.2.7
#################################################################
# If you used AutoDock Vina in your work, please cite:          #
#                                                               #
# J. Eberhardt, D. Santos-Martins, A. F. Tillack, and S. Forli  #
# AutoDock Vina 1.2.0: New Docking Methods, Expanded Force      #
# Field, and Python Bindings, J. Chem. Inf. Model. (2021)       #
# DOI 10.1021/acs.jcim.1c00203                                  #
#                                                               #
# O. Trott, A. J. Olson,                                        #
# AutoDock Vina: improving the speed and accuracy of docking    #
# with a new scoring function, efficient optimization and       #
# multithreading, J. Comp. Chem. (2010)                         #
# DOI 10.1002/jcc.21334                                         #
#                                                               #
# Please see https://github.com/ccsb-scripps/AutoDock-Vina for  #
# more information.                                             #
#################################################################

Scoring function : vina
Rigid receptor: /Users/user/Desktop/Projet_long/docking/work/receptors/pdbqt/abcg8_zebrafish.pdbqt
Ligand: /Users/user/Desktop/Projet_long/docking/work/ligands/pdbqt/cyanopeptolinA.pdbqt
Grid center: X -6.723 Y 1.93 Z 1.272
Grid size  : X 30 Y 30 Z 30
Grid space : 0.375
Exhaustiveness: 16
CPU: 1
Verbosity: 1

Computing Vina grid ... done.
Performing docking (random seed: -633595143) ... 
0%   10   20   30   40   50   60   70   80   90   100%
|----|----|----|----|----|----|----|----|----|----|
***************************************************

mode |   affinity | dist from best mode
     | (kcal/mol) | rmsd l.b.| rmsd u.b.
-----+------------+----------+----------
   1         -6.8          0          0
   2       -6.478      2.977       5.35
   3       -6.251      2.825       4.92
   4       -6.196       1.87      2.991
   5       -5.967      2.255      3.766
   6       -5.813      1.591      2.897
   7       -5.805      2.689      9.649
   8        -5.79      2.751      4.801
   9       -5.696      2.648      6.761
  10       -5.671       2.92      8.023
  11       -5.543      2.546      7.094
  12       -5.449      2.907      4.433
  13       -5.326      1.634       2.43
  14       -5.265      2.017      3.037
  15       -5.244      16.41       21.6
  16       -5.236      2.125      3.744
  17       -5.174      3.052      7.654
  18       -5.132      2.986      6.911
  19       -5.085      2.967      9.231
  20       -5.022      2.337      3.884
  21       -4.981      2.629      8.878
  22        -4.95      2.544      5.955
  23       -4.923      2.911      7.717
  24       -4.862       16.6      20.86
  25        -4.78      2.679       4.37
  26        -4.75      2.806      8.832
  27       -4.634      1.802      2.856
  28        -4.59      3.662      8.205
  29         -4.5       3.57      9.304
  30       -4.263       2.55      11.12
  31       -4.219      3.651      7.833
  32       -4.218      2.701      11.13
  33       -4.212      2.908       9.47
  34       -4.155      15.41      21.61
  35       -4.095      2.548      10.89
  36       -4.039      19.52      24.71
  37       -3.998      2.395      4.925
  38       -3.935      3.067      8.355
  39       -3.921      2.766      4.443
  40         -3.9      14.06       19.3
  41       -3.891      3.333      10.98
  42       -3.809      4.515      7.546
  43       -3.801        3.1      8.634
  44       -3.565      4.265       7.33
  45       -3.522      2.956      4.555
  46       -3.452      2.778       8.74
  47       -3.419      2.637       5.93
  48       -3.385      2.821      8.765
  49       -3.272      2.598      4.195
  50       -3.067      2.637      10.77

