AutoDock Vina v1.2.7
#################################################################
# If you used AutoDock Vina in your work, please cite:          #
#                                                               #
# J. Eberhardt, D. Santos-Martins, A. F. Tillack, and S. Forli  #
# AutoDock Vina 1.2.0: New Docking Methods, Expanded Force      #
# Field, and Python Bindings, J. Chem. Inf. Model. (2021)       #
# DOI 10.1021/acs.jcim.1c00203                                  #
#                                                               #
# O. Trott, A. J. Olson,                                        #
# AutoDock Vina: improving the speed and accuracy of docking    #
# with a new scoring function, efficient optimization and       #
# multithreading, J. Comp. Chem. (2010)                         #
# DOI 10.1002/jcc.21334                                         #
#                                                               #
# Please see https://github.com/ccsb-scripps/AutoDock-Vina for  #
# more information.                                             #
#################################################################

Scoring function : vina
Rigid receptor: /Users/user/Desktop/Projet_long/docking/work/receptors/pdbqt/abcb11_zebrafish.pdbqt
Ligand: /Users/user/Desktop/Projet_long/docking/work/ligands/pdbqt/microcystineLR.pdbqt
Grid center: X -5.058 Y 2.648 Z -1.372
Grid size  : X 30 Y 30 Z 30
Grid space : 0.375
Exhaustiveness: 4
CPU: 1
Verbosity: 1

Computing Vina grid ... done.
Performing docking (random seed: -1282992739) ... 
0%   10   20   30   40   50   60   70   80   90   100%
|----|----|----|----|----|----|----|----|----|----|
***************************************************

mode |   affinity | dist from best mode
     | (kcal/mol) | rmsd l.b.| rmsd u.b.
-----+------------+----------+----------
   1       -6.449          0          0
   2       -6.417       14.1       17.9
   3       -6.295      5.653      11.28
   4       -6.219      9.147      16.98
   5        -6.21      15.52      20.07
   6       -6.131      9.159      17.21
   7       -6.067      15.49      19.96
   8        -6.06      17.85      23.97
   9       -6.036      5.707      12.44
  10       -6.005      8.106      16.23

