AutoDock Vina v1.2.7
#################################################################
# If you used AutoDock Vina in your work, please cite:          #
#                                                               #
# J. Eberhardt, D. Santos-Martins, A. F. Tillack, and S. Forli  #
# AutoDock Vina 1.2.0: New Docking Methods, Expanded Force      #
# Field, and Python Bindings, J. Chem. Inf. Model. (2021)       #
# DOI 10.1021/acs.jcim.1c00203                                  #
#                                                               #
# O. Trott, A. J. Olson,                                        #
# AutoDock Vina: improving the speed and accuracy of docking    #
# with a new scoring function, efficient optimization and       #
# multithreading, J. Comp. Chem. (2010)                         #
# DOI 10.1002/jcc.21334                                         #
#                                                               #
# Please see https://github.com/ccsb-scripps/AutoDock-Vina for  #
# more information.                                             #
#################################################################

Scoring function : vina
Rigid receptor: /Users/user/Desktop/Projet_long/docking/work/receptors/pdbqt/abcc5_xenope.pdbqt
Ligand: /Users/user/Desktop/Projet_long/docking/work/ligands/pdbqt/microgininFR1.pdbqt
Grid center: X -0.754 Y 0.214 Z 5.909
Grid size  : X 30 Y 30 Z 30
Grid space : 0.375
Exhaustiveness: 16
CPU: 1
Verbosity: 1

Computing Vina grid ... done.
Performing docking (random seed: -306098386) ... 
0%   10   20   30   40   50   60   70   80   90   100%
|----|----|----|----|----|----|----|----|----|----|
***************************************************

mode |   affinity | dist from best mode
     | (kcal/mol) | rmsd l.b.| rmsd u.b.
-----+------------+----------+----------
   1        -6.31          0          0
   2       -6.287      3.673      8.785
   3       -6.251      2.238      6.343
   4       -6.232      3.629       8.93
   5       -6.208      8.021      12.62
   6       -6.146        8.1      13.07
   7       -6.136      3.741      7.796
   8       -6.063      3.321      7.365
   9       -6.035      6.144      10.64
  10       -6.024      3.515      7.633
  11       -5.991      3.149      9.413
  12       -5.909       8.69      13.01
  13       -5.878      7.722      12.74
  14       -5.871      3.584      9.874
  15       -5.843      6.794      12.95
  16       -5.827       2.82      4.422
  17       -5.821      2.499       8.82
  18       -5.813      2.634      6.306
  19       -5.807      11.46      15.83
  20       -5.765      2.526      7.623
  21       -5.715      3.573      7.684
  22       -5.694       8.13      12.74
  23       -5.691      2.436      6.961
  24       -5.688      2.637       3.66
  25       -5.687      3.905      8.579
  26       -5.683      4.483      7.509
  27       -5.681      4.441      8.258
  28       -5.657      4.136      8.702
  29       -5.657      3.971      7.486
  30       -5.657      4.043      7.874
  31       -5.653      2.957      7.778
  32       -5.647      6.126      11.27
  33        -5.63      4.827      9.596
  34       -5.621       3.04      9.732
  35       -5.612      3.968      8.817
  36       -5.597      2.497      7.744
  37       -5.597      5.263      10.28
  38       -5.594      3.015      4.221
  39       -5.588      6.078      11.09
  40       -5.581      3.154      5.839
  41       -5.569      4.099      9.116
  42       -5.565       5.72      11.82
  43       -5.565      2.692      7.971
  44       -5.529      4.504      10.42
  45       -5.516       5.45      10.21
  46       -5.507      5.015      10.15
  47       -5.492      7.546      11.53
  48       -5.488      2.481      9.124
  49       -5.476      5.252       9.45
  50       -5.447      3.576      8.133

