AutoDock Vina v1.2.7
#################################################################
# If you used AutoDock Vina in your work, please cite:          #
#                                                               #
# J. Eberhardt, D. Santos-Martins, A. F. Tillack, and S. Forli  #
# AutoDock Vina 1.2.0: New Docking Methods, Expanded Force      #
# Field, and Python Bindings, J. Chem. Inf. Model. (2021)       #
# DOI 10.1021/acs.jcim.1c00203                                  #
#                                                               #
# O. Trott, A. J. Olson,                                        #
# AutoDock Vina: improving the speed and accuracy of docking    #
# with a new scoring function, efficient optimization and       #
# multithreading, J. Comp. Chem. (2010)                         #
# DOI 10.1002/jcc.21334                                         #
#                                                               #
# Please see https://github.com/ccsb-scripps/AutoDock-Vina for  #
# more information.                                             #
#################################################################

Scoring function : vina
Rigid receptor: /Users/user/Desktop/Projet_long/docking/work/receptors/pdbqt/slco1c1_rattus.pdbqt
Ligand: /Users/user/Desktop/Projet_long/docking/work/ligands/pdbqt/microgininFR1.pdbqt
Grid center: X -8.855 Y 0.868 Z 1.607
Grid size  : X 30 Y 30 Z 30
Grid space : 0.375
Exhaustiveness: 16
CPU: 1
Verbosity: 1

Computing Vina grid ... done.
Performing docking (random seed: 1255632092) ... 
0%   10   20   30   40   50   60   70   80   90   100%
|----|----|----|----|----|----|----|----|----|----|
***************************************************

mode |   affinity | dist from best mode
     | (kcal/mol) | rmsd l.b.| rmsd u.b.
-----+------------+----------+----------
   1       -7.956          0          0
   2       -7.838      1.662      2.142
   3       -7.838       1.72      6.632
   4       -7.743      2.894      4.404
   5       -7.738      3.033      6.434
   6       -7.713      3.059      6.178
   7       -7.704      1.921      6.402
   8       -7.668       1.91      3.906
   9       -7.644      3.052       7.21
  10       -7.608      1.703      2.648
  11       -7.601      1.244      1.561
  12        -7.56      3.677      6.815
  13        -7.56      2.813      4.084
  14       -7.548      2.116      3.468
  15       -7.537      3.281      7.638
  16       -7.524      3.325      7.333
  17       -7.522      2.359      3.905
  18       -7.483      2.399      4.064
  19       -7.461      6.296      12.69
  20        -7.44      2.573       7.98
  21       -7.423      3.202       8.84
  22       -7.396      1.925      3.468
  23       -7.396      2.937      7.979
  24       -7.384      3.277      7.208
  25       -7.373      1.463      2.125
  26       -7.357      3.009      8.015
  27       -7.344      2.621      10.42
  28       -7.339      2.932      9.125
  29       -7.338      2.474      3.655
  30       -7.337      3.126      7.382
  31       -7.332      2.641      5.444
  32         -7.3      2.373      3.246
  33       -7.281      3.455      8.388
  34       -7.277      1.952      2.887
  35       -7.255      2.338      7.102
  36        -7.24      2.439      7.178
  37       -7.239      3.398      7.373
  38        -7.19      2.954      7.696
  39       -7.167      2.468       7.83
  40       -7.166      3.005      8.946
  41        -7.14      3.417      9.048
  42       -7.137      3.525      9.176
  43       -7.113      3.045      5.473
  44       -7.099      3.531      9.027
  45       -7.075      2.905      5.307
  46       -7.067      5.412      8.594
  47       -7.054      3.267      7.695
  48       -7.022      2.849      6.578
  49       -7.003      3.006      7.814
  50       -6.976      3.116      8.393

