AutoDock Vina v1.2.7
#################################################################
# If you used AutoDock Vina in your work, please cite:          #
#                                                               #
# J. Eberhardt, D. Santos-Martins, A. F. Tillack, and S. Forli  #
# AutoDock Vina 1.2.0: New Docking Methods, Expanded Force      #
# Field, and Python Bindings, J. Chem. Inf. Model. (2021)       #
# DOI 10.1021/acs.jcim.1c00203                                  #
#                                                               #
# O. Trott, A. J. Olson,                                        #
# AutoDock Vina: improving the speed and accuracy of docking    #
# with a new scoring function, efficient optimization and       #
# multithreading, J. Comp. Chem. (2010)                         #
# DOI 10.1002/jcc.21334                                         #
#                                                               #
# Please see https://github.com/ccsb-scripps/AutoDock-Vina for  #
# more information.                                             #
#################################################################

Scoring function : vina
Rigid receptor: /Users/user/Desktop/Projet_long/docking/work/receptors/pdbqt/abcc9_xenope.pdbqt
Ligand: /Users/user/Desktop/Projet_long/docking/work/ligands/pdbqt/aeruginosin98A.pdbqt
Grid center: X -0.795 Y -3.569 Z 2.026
Grid size  : X 30 Y 30 Z 30
Grid space : 0.375
Exhaustiveness: 16
CPU: 1
Verbosity: 1

Computing Vina grid ... done.
Performing docking (random seed: -752590431) ... 
0%   10   20   30   40   50   60   70   80   90   100%
|----|----|----|----|----|----|----|----|----|----|
***************************************************

mode |   affinity | dist from best mode
     | (kcal/mol) | rmsd l.b.| rmsd u.b.
-----+------------+----------+----------
   1       -6.832          0          0
   2       -6.815      4.174       7.47
   3       -6.706      17.43      22.07
   4       -6.587      15.28      20.72
   5       -6.544      15.85      20.83
   6       -6.523      16.18      21.15
   7       -6.513      18.19      21.62
   8       -6.468      15.45      19.68
   9       -6.453      4.364      7.954
  10       -6.443      5.405      8.376
  11       -6.439      3.184      6.228
  12       -6.439      15.49      19.78
  13       -6.394      14.17      17.96
  14       -6.364      15.25      19.13
  15       -6.311      13.03      18.76
  16        -6.29      4.368       6.78
  17       -6.233      16.85      20.23
  18       -6.229      6.601      11.35
  19       -6.204      4.725      7.244
  20       -6.197      16.04      20.34
  21       -6.189       4.38      8.192
  22       -6.178      16.97      20.78
  23       -6.172      17.79      20.79
  24       -6.133      3.252      5.498
  25       -6.091      9.746       15.3
  26       -6.086      13.01      18.74
  27       -6.084      15.89      20.47
  28       -6.081      4.123      7.054
  29       -6.078      3.879      8.807
  30       -6.066      17.36      21.35
  31       -6.041      16.58      21.33
  32       -6.037       9.58      14.27
  33       -6.006      15.76      19.54
  34       -5.999      4.707      6.972
  35       -5.981      13.41      19.01
  36       -5.976      15.01      20.32
  37       -5.972      14.26      17.86
  38       -5.957      13.94      19.02
  39        -5.95      3.783      8.995
  40       -5.914      6.411      10.69
  41       -5.884      6.331      9.916
  42       -5.874      16.34      19.81
  43       -5.856      4.807      8.111
  44       -5.828      3.383      5.562
  45       -5.788      15.09      18.35
  46       -5.772      12.27      16.45
  47       -5.763      7.266      12.33
  48       -5.756      13.09      18.38
  49       -5.732      16.32      20.62
  50       -5.704      13.65      19.34

