AutoDock Vina v1.2.7
#################################################################
# If you used AutoDock Vina in your work, please cite:          #
#                                                               #
# J. Eberhardt, D. Santos-Martins, A. F. Tillack, and S. Forli  #
# AutoDock Vina 1.2.0: New Docking Methods, Expanded Force      #
# Field, and Python Bindings, J. Chem. Inf. Model. (2021)       #
# DOI 10.1021/acs.jcim.1c00203                                  #
#                                                               #
# O. Trott, A. J. Olson,                                        #
# AutoDock Vina: improving the speed and accuracy of docking    #
# with a new scoring function, efficient optimization and       #
# multithreading, J. Comp. Chem. (2010)                         #
# DOI 10.1002/jcc.21334                                         #
#                                                               #
# Please see https://github.com/ccsb-scripps/AutoDock-Vina for  #
# more information.                                             #
#################################################################

Scoring function : vina
Rigid receptor: /Users/user/Desktop/Projet_long/docking/work/receptors/pdbqt/cftr_xenope.pdbqt
Ligand: /Users/user/Desktop/Projet_long/docking/work/ligands/pdbqt/aerucyclamideA_3D.pdbqt
Grid center: X -9.71 Y 4.731 Z -1.038
Grid size  : X 30 Y 30 Z 30
Grid space : 0.375
Exhaustiveness: 16
CPU: 1
Verbosity: 1

Computing Vina grid ... done.
Performing docking (random seed: 2027822276) ... 
0%   10   20   30   40   50   60   70   80   90   100%
|----|----|----|----|----|----|----|----|----|----|
***************************************************

mode |   affinity | dist from best mode
     | (kcal/mol) | rmsd l.b.| rmsd u.b.
-----+------------+----------+----------
   1        -6.29          0          0
   2       -6.049      2.409      7.795
   3       -5.996      2.667       8.06
   4       -5.794      2.506      5.877
   5       -5.763      2.226      6.674
   6       -5.749       2.58      8.161
   7       -5.689      2.862      7.195
   8       -5.508      2.922      6.063
   9       -5.335      2.301      3.843
  10       -5.215      2.255      5.494
  11       -5.194      1.765      2.358
  12       -5.088      5.725      8.764
  13       -4.999      3.965      8.178
  14       -4.994      3.036      7.813
  15       -4.981      5.202       8.92
  16       -4.979      3.891      6.103
  17       -4.925      19.23      22.65
  18       -4.891      3.375      5.898
  19       -4.887      4.012      5.925
  20       -4.883      3.292      7.306
  21       -4.871      9.076      12.23
  22       -4.843      8.961      11.83
  23       -4.821        2.6      6.411
  24       -4.756      2.746       6.35
  25       -4.663      2.066      3.114
  26       -4.663      6.523      10.54
  27       -4.654      7.775      12.69
  28       -4.647      7.087      11.59
  29       -4.644      10.27      14.22
  30       -4.587      4.319      8.894
  31       -4.575      5.156      7.696
  32       -4.565       7.83      11.73
  33       -4.546      11.42      14.66
  34       -4.528      8.957      11.92
  35        -4.52      17.55      21.24
  36       -4.491      4.731      8.883
  37       -4.469      4.567       8.74
  38       -4.389       6.75      9.641
  39       -4.376      6.543      10.58
  40       -4.369      4.301      8.554
  41       -4.365      5.362      10.26
  42       -4.336      12.15      15.86
  43       -4.325      2.743      6.557
  44       -4.301      9.736      12.53
  45       -4.284      4.807      8.731
  46       -4.281      4.232      8.465
  47        -4.17      6.428      10.48
  48       -4.137      10.25      15.22
  49       -3.953      5.602      9.875
  50       -3.915      5.255      8.823

