AutoDock Vina v1.2.7
#################################################################
# If you used AutoDock Vina in your work, please cite:          #
#                                                               #
# J. Eberhardt, D. Santos-Martins, A. F. Tillack, and S. Forli  #
# AutoDock Vina 1.2.0: New Docking Methods, Expanded Force      #
# Field, and Python Bindings, J. Chem. Inf. Model. (2021)       #
# DOI 10.1021/acs.jcim.1c00203                                  #
#                                                               #
# O. Trott, A. J. Olson,                                        #
# AutoDock Vina: improving the speed and accuracy of docking    #
# with a new scoring function, efficient optimization and       #
# multithreading, J. Comp. Chem. (2010)                         #
# DOI 10.1002/jcc.21334                                         #
#                                                               #
# Please see https://github.com/ccsb-scripps/AutoDock-Vina for  #
# more information.                                             #
#################################################################

Scoring function : vina
Rigid receptor: /Users/user/Desktop/Projet_long/docking/work/receptors/pdbqt/abcg8_zebrafish.pdbqt
Ligand: /Users/user/Desktop/Projet_long/docking/work/ligands/pdbqt/microcystineLR.pdbqt
Grid center: X -6.723 Y 1.93 Z 1.272
Grid size  : X 30 Y 30 Z 30
Grid space : 0.375
Exhaustiveness: 16
CPU: 1
Verbosity: 1

Computing Vina grid ... done.
Performing docking (random seed: 1180436645) ... 
0%   10   20   30   40   50   60   70   80   90   100%
|----|----|----|----|----|----|----|----|----|----|
***************************************************

mode |   affinity | dist from best mode
     | (kcal/mol) | rmsd l.b.| rmsd u.b.
-----+------------+----------+----------
   1       -7.819          0          0
   2       -7.773      2.397      4.489
   3       -7.632      1.876      3.437
   4       -7.612        2.4         13
   5       -7.593       2.43      4.577
   6       -7.556      2.179      3.461
   7       -7.488       2.67      6.485
   8       -7.393      2.124      4.235
   9       -7.272      2.649      4.674
  10        -7.12      2.856      7.418
  11       -7.117      3.004       7.33
  12       -7.094      3.426      6.723
  13       -7.094      2.407       4.09
  14       -7.054      3.242       7.33
  15       -7.045      2.397      12.23
  16       -7.023      2.724      6.471
  17       -6.923      1.781      3.586
  18       -6.737      2.538      4.633
  19        -6.71      2.385      12.11
  20       -6.658      2.488      4.204
  21       -6.646      12.08      17.04
  22       -6.629      1.945      11.75
  23       -6.604       2.05      3.918
  24        -6.55      2.981      14.02
  25       -6.541      2.004      11.87
  26       -6.514      2.011      12.23
  27       -6.299      2.604      4.415
  28       -6.297      2.219      3.961
  29       -6.266      14.33      17.91
  30       -6.265      12.11      17.81
  31        -6.25      2.856      6.601
  32       -6.244      3.253      13.88
  33       -6.243      4.224      8.513
  34        -6.22      2.371      4.779
  35       -6.213      3.372      13.79
  36       -6.203      1.987      3.792
  37       -6.191       2.78      5.056
  38       -6.136      13.21      18.17
  39        -6.05      9.977      18.21
  40       -5.978      12.96      17.71
  41       -5.966       3.79      8.395
  42       -5.906      2.347      3.863
  43       -5.883      3.439      13.97
  44       -5.848      11.46       15.9
  45       -5.789      12.01      18.01
  46       -5.764         11       19.3
  47       -5.764      13.07      17.74
  48        -5.75      3.917      7.899
  49       -5.652      10.54       19.1
  50       -5.626      2.523      4.322

