AutoDock Vina v1.2.7
#################################################################
# If you used AutoDock Vina in your work, please cite:          #
#                                                               #
# J. Eberhardt, D. Santos-Martins, A. F. Tillack, and S. Forli  #
# AutoDock Vina 1.2.0: New Docking Methods, Expanded Force      #
# Field, and Python Bindings, J. Chem. Inf. Model. (2021)       #
# DOI 10.1021/acs.jcim.1c00203                                  #
#                                                               #
# O. Trott, A. J. Olson,                                        #
# AutoDock Vina: improving the speed and accuracy of docking    #
# with a new scoring function, efficient optimization and       #
# multithreading, J. Comp. Chem. (2010)                         #
# DOI 10.1002/jcc.21334                                         #
#                                                               #
# Please see https://github.com/ccsb-scripps/AutoDock-Vina for  #
# more information.                                             #
#################################################################

Scoring function : vina
Rigid receptor: /Users/user/Desktop/Projet_long/docking/work/receptors/pdbqt/abcc3_rattus.pdbqt
Ligand: /Users/user/Desktop/Projet_long/docking/work/ligands/pdbqt/microcystineLR.pdbqt
Grid center: X 1.815 Y 2.536 Z 0.977
Grid size  : X 30 Y 30 Z 30
Grid space : 0.375
Exhaustiveness: 16
CPU: 1
Verbosity: 1

Computing Vina grid ... done.
Performing docking (random seed: -68954278) ... 
0%   10   20   30   40   50   60   70   80   90   100%
|----|----|----|----|----|----|----|----|----|----|
***************************************************

mode |   affinity | dist from best mode
     | (kcal/mol) | rmsd l.b.| rmsd u.b.
-----+------------+----------+----------
   1       -6.433          0          0
   2       -6.192      6.838      13.27
   3       -6.158      3.693        7.4
   4        -6.05       4.44      7.271
   5       -6.024      2.715      6.128
   6       -6.014      1.468      2.838
   7       -5.995      3.469      6.768
   8       -5.983       2.88      6.026
   9       -5.961      3.332      7.299
  10       -5.945      3.457      6.597
  11       -5.924      2.718      6.048
  12       -5.902       3.67      13.49
  13       -5.901      3.046      12.22
  14        -5.89      3.367      6.278
  15       -5.873      1.671      2.053
  16       -5.858      4.055      13.77
  17       -5.854      3.958      7.738
  18       -5.849      3.664      13.21
  19       -5.841      6.406      12.03
  20       -5.819      3.939      7.564
  21       -5.803      2.594      4.636
  22       -5.803      3.782      7.327
  23       -5.799      3.463      5.098
  24       -5.768      4.571      12.66
  25       -5.761      2.387       11.9
  26       -5.761      3.046       6.75
  27       -5.755      5.119       9.24
  28       -5.733      4.278      9.753
  29       -5.733      9.575       15.7
  30       -5.711      6.644      10.81
  31       -5.699      2.808      4.457
  32       -5.665      6.354      13.02
  33       -5.653      3.266      6.481
  34       -5.648      2.289      11.86
  35       -5.648      3.421      6.998
  36       -5.618      4.855      8.132
  37       -5.613      11.08      17.58
  38       -5.604      3.329       12.5
  39       -5.595       2.16      3.268
  40       -5.573      4.185      14.19
  41       -5.561      4.832      13.51
  42       -5.531      3.681       13.7
  43       -5.502      4.507      7.526
  44         -5.5      3.543      13.42
  45       -5.489       2.81       4.63
  46       -5.484      3.266      12.88
  47       -5.474      3.278      13.77
  48       -5.389      2.972      6.008
  49       -5.382      2.853      4.873
  50       -5.376      5.815      13.28

