AutoDock Vina v1.2.7
#################################################################
# If you used AutoDock Vina in your work, please cite:          #
#                                                               #
# J. Eberhardt, D. Santos-Martins, A. F. Tillack, and S. Forli  #
# AutoDock Vina 1.2.0: New Docking Methods, Expanded Force      #
# Field, and Python Bindings, J. Chem. Inf. Model. (2021)       #
# DOI 10.1021/acs.jcim.1c00203                                  #
#                                                               #
# O. Trott, A. J. Olson,                                        #
# AutoDock Vina: improving the speed and accuracy of docking    #
# with a new scoring function, efficient optimization and       #
# multithreading, J. Comp. Chem. (2010)                         #
# DOI 10.1002/jcc.21334                                         #
#                                                               #
# Please see https://github.com/ccsb-scripps/AutoDock-Vina for  #
# more information.                                             #
#################################################################

Scoring function : vina
Rigid receptor: /Users/user/Desktop/Projet_long/docking/work/receptors/pdbqt/abcg4_xenope.pdbqt
Ligand: /Users/user/Desktop/Projet_long/docking/work/ligands/pdbqt/microgininFR1.pdbqt
Grid center: X -2.039 Y 0.301 Z 1.33
Grid size  : X 30 Y 30 Z 30
Grid space : 0.375
Exhaustiveness: 16
CPU: 1
Verbosity: 1

Computing Vina grid ... done.
Performing docking (random seed: -286837772) ... 
0%   10   20   30   40   50   60   70   80   90   100%
|----|----|----|----|----|----|----|----|----|----|
***************************************************

mode |   affinity | dist from best mode
     | (kcal/mol) | rmsd l.b.| rmsd u.b.
-----+------------+----------+----------
   1       -6.101          0          0
   2       -5.995       2.38      8.802
   3       -5.886      1.939      7.278
   4       -5.866      2.409      4.614
   5       -5.815      2.421      8.285
   6       -5.721      1.773       3.28
   7       -5.671      2.662       8.22
   8       -5.657      2.512      7.043
   9       -5.643      2.234      3.373
  10       -5.572      2.229      7.532
  11       -5.565      2.032      6.794
  12       -5.563      2.717      7.453
  13       -5.545      2.692      9.096
  14       -5.537      2.569      7.383
  15       -5.513      3.575      6.376
  16       -5.463      2.501      6.369
  17       -5.432      1.852      3.993
  18       -5.432      2.563      8.234
  19       -5.426      2.806      8.461
  20       -5.382      2.432      7.333
  21       -5.379      2.421      10.01
  22        -5.36      2.337      7.305
  23       -5.354      4.131      10.96
  24       -5.353      2.596      7.832
  25       -5.351      2.631      8.056
  26       -5.349      2.545      4.695
  27       -5.343      15.28      20.22
  28       -5.338      2.118      6.996
  29       -5.337      4.022       6.11
  30       -5.321      2.528      8.802
  31       -5.316      2.203      6.227
  32       -5.311      2.438      6.035
  33       -5.309      5.574      8.609
  34       -5.308      2.994      9.155
  35       -5.305      2.643      8.188
  36       -5.289      2.084      4.505
  37       -5.288      2.029      6.511
  38       -5.256      2.855      5.847
  39       -5.247      3.829      8.246
  40       -5.246      5.681      9.282
  41       -5.234      4.418       7.02
  42       -5.208       12.4      17.35
  43       -5.186      4.399      9.529
  44       -5.128      13.11      17.42
  45       -5.126      11.38      17.09
  46       -5.113      3.875      8.539
  47       -5.095       4.09      6.937
  48       -5.094      11.73       17.4
  49       -4.997      3.021      9.283
  50       -4.953      2.155      3.746

