AutoDock Vina v1.2.7
#################################################################
# If you used AutoDock Vina in your work, please cite:          #
#                                                               #
# J. Eberhardt, D. Santos-Martins, A. F. Tillack, and S. Forli  #
# AutoDock Vina 1.2.0: New Docking Methods, Expanded Force      #
# Field, and Python Bindings, J. Chem. Inf. Model. (2021)       #
# DOI 10.1021/acs.jcim.1c00203                                  #
#                                                               #
# O. Trott, A. J. Olson,                                        #
# AutoDock Vina: improving the speed and accuracy of docking    #
# with a new scoring function, efficient optimization and       #
# multithreading, J. Comp. Chem. (2010)                         #
# DOI 10.1002/jcc.21334                                         #
#                                                               #
# Please see https://github.com/ccsb-scripps/AutoDock-Vina for  #
# more information.                                             #
#################################################################

Scoring function : vina
Rigid receptor: /Users/user/Desktop/Projet_long/docking/work/receptors/pdbqt/abcb6_rattus.pdbqt
Ligand: /Users/user/Desktop/Projet_long/docking/work/ligands/pdbqt/cyanopeptolinA.pdbqt
Grid center: X -4.362 Y 5.559 Z 8.068
Grid size  : X 30 Y 30 Z 30
Grid space : 0.375
Exhaustiveness: 16
CPU: 1
Verbosity: 1

Computing Vina grid ... done.
Performing docking (random seed: 387647153) ... 
0%   10   20   30   40   50   60   70   80   90   100%
|----|----|----|----|----|----|----|----|----|----|
***************************************************

mode |   affinity | dist from best mode
     | (kcal/mol) | rmsd l.b.| rmsd u.b.
-----+------------+----------+----------
   1       -6.473          0          0
   2       -6.352      2.045      3.852
   3       -6.275      6.602      8.705
   4       -6.037      4.025      6.942
   5       -6.036      1.848      2.502
   6       -5.962       8.05      15.86
   7       -5.951      6.838      15.67
   8       -5.894      3.604      6.749
   9       -5.835      9.346       13.9
  10       -5.829      3.591      7.112
  11       -5.827       4.59      13.36
  12       -5.819      2.946      4.291
  13       -5.819      8.732      15.44
  14       -5.766      6.164      9.835
  15       -5.761      4.914      12.99
  16       -5.744      6.042       15.1
  17       -5.669      8.978      16.42
  18       -5.653      2.967      5.098
  19       -5.642       4.87      14.43
  20       -5.641      7.288      15.11
  21       -5.628      5.252      14.33
  22       -5.623      4.247      7.163
  23       -5.606      8.568       13.2
  24       -5.594      7.015      15.35
  25       -5.581      9.412      13.52
  26       -5.553      2.749       6.06
  27       -5.526      9.387       14.3
  28        -5.51      3.223      6.283
  29       -5.497      7.987      11.08
  30       -5.486      4.371      14.48
  31       -5.473      9.545      13.15
  32       -5.431       6.89      14.75
  33       -5.425       6.68      15.03
  34       -5.305      7.868      13.43
  35       -5.271       5.93      16.02
  36       -5.221      4.344      13.01
  37       -5.189       7.12      13.13
  38       -5.137      7.141      13.88
  39       -5.129      5.413      13.97
  40       -5.125      6.188      15.71
  41       -5.124      5.717      14.04
  42       -5.114      6.719      13.64
  43       -5.091      8.138      14.26
  44       -5.086      6.877      15.32
  45       -5.061      6.522      10.21
  46       -5.019      9.428      14.06
  47       -4.887      8.515       14.4
  48       -4.884      6.864      15.51
  49       -4.872      9.371       13.4
  50       -4.859      6.621      14.27

