AutoDock Vina v1.2.7
#################################################################
# If you used AutoDock Vina in your work, please cite:          #
#                                                               #
# J. Eberhardt, D. Santos-Martins, A. F. Tillack, and S. Forli  #
# AutoDock Vina 1.2.0: New Docking Methods, Expanded Force      #
# Field, and Python Bindings, J. Chem. Inf. Model. (2021)       #
# DOI 10.1021/acs.jcim.1c00203                                  #
#                                                               #
# O. Trott, A. J. Olson,                                        #
# AutoDock Vina: improving the speed and accuracy of docking    #
# with a new scoring function, efficient optimization and       #
# multithreading, J. Comp. Chem. (2010)                         #
# DOI 10.1002/jcc.21334                                         #
#                                                               #
# Please see https://github.com/ccsb-scripps/AutoDock-Vina for  #
# more information.                                             #
#################################################################

Scoring function : vina
Rigid receptor: /Users/user/Desktop/Projet_long/docking/work/receptors/pdbqt/abcb6_zebrafish.pdbqt
Ligand: /Users/user/Desktop/Projet_long/docking/work/ligands/pdbqt/microgininFR1.pdbqt
Grid center: X -2.347 Y 3.688 Z -4.601
Grid size  : X 30 Y 30 Z 30
Grid space : 0.375
Exhaustiveness: 16
CPU: 1
Verbosity: 1

Computing Vina grid ... done.
Performing docking (random seed: -490940195) ... 
0%   10   20   30   40   50   60   70   80   90   100%
|----|----|----|----|----|----|----|----|----|----|
***************************************************

mode |   affinity | dist from best mode
     | (kcal/mol) | rmsd l.b.| rmsd u.b.
-----+------------+----------+----------
   1       -5.756          0          0
   2       -5.639       2.34      4.842
   3       -5.605      2.444      6.322
   4       -5.587      1.947      4.541
   5       -5.557       2.58      7.124
   6       -5.528      1.464      2.026
   7       -5.525      1.336      2.205
   8       -5.391      2.095      5.318
   9        -5.35      2.564      5.259
  10       -5.332       2.59      5.673
  11        -5.24      1.908      3.226
  12       -5.146      1.476      1.959
  13       -5.122      2.161      5.662
  14       -5.121      1.859      2.777
  15       -5.113      1.831      5.986
  16       -5.097      1.979       4.68
  17       -5.083      2.569       5.88
  18       -5.053      2.034      3.099
  19       -5.048      2.217      4.205
  20       -5.026      1.749      2.791
  21       -5.019      2.264      7.269
  22       -4.914      1.756      2.859
  23       -4.888      1.998      3.832
  24       -4.883      1.468       2.36
  25       -4.857      3.069      6.428
  26       -4.853      2.006      4.741
  27       -4.841      1.936      2.532
  28       -4.824      2.288      6.593
  29       -4.817      1.676      2.571
  30         -4.8      2.587      3.884
  31       -4.783      2.153      5.299
  32       -4.782       2.58       5.76
  33       -4.775       2.66      8.343
  34        -4.77      2.097      6.902
  35       -4.761      1.964      3.691
  36       -4.746      2.617      8.165
  37       -4.737      2.656      6.828
  38       -4.734      2.369      8.279
  39        -4.72      2.163      5.254
  40       -4.716      2.434       4.82
  41       -4.696      2.218      7.623
  42       -4.682       2.41      6.072
  43       -4.652      2.511      6.155
  44       -4.624      2.485      7.107
  45       -4.553      2.053      3.005
  46       -4.514      2.306      6.215
  47       -4.509       2.81      5.856
  48       -4.489      2.759      6.822
  49       -4.439      2.765      6.949
  50       -4.429      2.611      6.429

