AutoDock Vina v1.2.7
#################################################################
# If you used AutoDock Vina in your work, please cite:          #
#                                                               #
# J. Eberhardt, D. Santos-Martins, A. F. Tillack, and S. Forli  #
# AutoDock Vina 1.2.0: New Docking Methods, Expanded Force      #
# Field, and Python Bindings, J. Chem. Inf. Model. (2021)       #
# DOI 10.1021/acs.jcim.1c00203                                  #
#                                                               #
# O. Trott, A. J. Olson,                                        #
# AutoDock Vina: improving the speed and accuracy of docking    #
# with a new scoring function, efficient optimization and       #
# multithreading, J. Comp. Chem. (2010)                         #
# DOI 10.1002/jcc.21334                                         #
#                                                               #
# Please see https://github.com/ccsb-scripps/AutoDock-Vina for  #
# more information.                                             #
#################################################################

Scoring function : vina
Rigid receptor: /Users/user/Desktop/Projet_long/docking/work/receptors/pdbqt/oatp1f2_zebrafish.pdbqt
Ligand: /Users/user/Desktop/Projet_long/docking/work/ligands/pdbqt/microcystineLR.pdbqt
Grid center: X -1.886 Y -0.371 Z 3.583
Grid size  : X 30 Y 30 Z 30
Grid space : 0.375
Exhaustiveness: 16
CPU: 0
Verbosity: 1

Computing Vina grid ... done.
Performing docking (random seed: -673264650) ... 
0%   10   20   30   40   50   60   70   80   90   100%
|----|----|----|----|----|----|----|----|----|----|
***************************************************

mode |   affinity | dist from best mode
     | (kcal/mol) | rmsd l.b.| rmsd u.b.
-----+------------+----------+----------
   1       -8.332          0          0
   2       -8.264      2.515      4.603
   3       -8.194       2.57      4.609
   4       -8.164      4.654      8.033
   5       -8.144      6.227        9.1
   6       -8.085      4.399      13.67
   7        -7.98      4.736      13.96
   8       -7.916      5.947      8.224
   9       -7.801      3.775      8.546
  10        -7.71      2.614      5.184
  11       -7.689      3.429      9.754
  12       -7.687      4.253      13.64
  13       -7.684      4.083      13.28
  14       -7.682      2.511      4.805
  15       -7.668       4.05       9.24
  16       -7.632      4.463      8.875
  17       -7.611      6.149      9.044
  18       -7.595      2.878      5.075
  19       -7.548      3.272      4.783
  20       -7.503      3.737      8.537
  21       -7.486      3.882      9.452
  22        -7.48      3.828      8.476
  23       -7.479      4.381       12.7
  24       -7.453       2.67      4.874
  25       -7.446      3.734      10.23
  26       -7.383       3.68      12.93
  27        -7.38      4.044      9.508
  28       -7.364       3.95      5.231
  29       -7.362      3.983      9.669
  30       -7.342      3.859       5.45
  31       -7.326      4.226      8.425
  32       -7.319      4.272      9.613
  33       -7.297      3.295      12.23
  34       -7.277      3.781      9.031
  35       -7.266      3.208      5.488
  36        -7.25      4.431      11.09
  37       -7.236      4.174      13.02
  38        -7.23      4.224      8.562
  39       -7.211      3.797      9.181
  40       -7.173       4.41      9.514
  41       -7.168      3.716      5.797
  42       -7.159      4.176      9.094
  43       -7.148       4.73      8.538
  44       -7.142      2.987      5.501
  45       -7.141      3.298      5.441
  46       -7.116      2.844      5.331
  47       -7.067      3.853      8.767
  48       -7.035      4.215      13.25
  49       -7.028      3.315       5.38
  50       -6.944      3.884      5.658

