AutoDock Vina v1.2.7
#################################################################
# If you used AutoDock Vina in your work, please cite:          #
#                                                               #
# J. Eberhardt, D. Santos-Martins, A. F. Tillack, and S. Forli  #
# AutoDock Vina 1.2.0: New Docking Methods, Expanded Force      #
# Field, and Python Bindings, J. Chem. Inf. Model. (2021)       #
# DOI 10.1021/acs.jcim.1c00203                                  #
#                                                               #
# O. Trott, A. J. Olson,                                        #
# AutoDock Vina: improving the speed and accuracy of docking    #
# with a new scoring function, efficient optimization and       #
# multithreading, J. Comp. Chem. (2010)                         #
# DOI 10.1002/jcc.21334                                         #
#                                                               #
# Please see https://github.com/ccsb-scripps/AutoDock-Vina for  #
# more information.                                             #
#################################################################

Scoring function : vina
Rigid receptor: /Users/user/Desktop/Projet_long/docking/work/receptors/pdbqt/abcb11_rattus.pdbqt
Ligand: /Users/user/Desktop/Projet_long/docking/work/ligands/pdbqt/aeruginosin98A.pdbqt
Grid center: X -6.695 Y 2.031 Z -3.702
Grid size  : X 30 Y 30 Z 30
Grid space : 0.375
Exhaustiveness: 16
CPU: 1
Verbosity: 1

Computing Vina grid ... done.
Performing docking (random seed: 876237244) ... 
0%   10   20   30   40   50   60   70   80   90   100%
|----|----|----|----|----|----|----|----|----|----|
***************************************************

mode |   affinity | dist from best mode
     | (kcal/mol) | rmsd l.b.| rmsd u.b.
-----+------------+----------+----------
   1       -6.951          0          0
   2       -6.908      3.349      8.102
   3       -6.732      3.436       6.68
   4        -6.73      4.193      8.414
   5       -6.707      3.243       8.06
   6       -6.683      3.726      6.824
   7       -6.664      13.26      17.87
   8       -6.664      3.483      8.329
   9       -6.598      3.678      8.324
  10        -6.59      12.63      17.15
  11       -6.567      4.392      8.787
  12       -6.539      2.235      3.269
  13       -6.511      3.226      6.019
  14       -6.491      3.326      8.162
  15       -6.474      14.43      18.73
  16       -6.464       10.4      13.68
  17       -6.415      13.32       18.2
  18       -6.412      16.07      18.41
  19       -6.319      3.765      7.759
  20       -6.315      3.756      8.493
  21       -6.285      13.04      18.14
  22       -6.283      3.659      6.884
  23       -6.269      13.71      18.41
  24       -6.263       13.3      18.39
  25       -6.218      3.979      7.589
  26       -6.205      14.73       18.3
  27       -6.185      12.82      18.21
  28       -6.174      3.235      6.406
  29       -6.172      12.49      16.72
  30       -6.164      13.62      18.51
  31       -6.161      3.328      6.377
  32       -6.144      13.96      17.69
  33       -6.098      11.58      14.79
  34        -6.09      3.317      8.428
  35       -6.082      12.43      16.15
  36       -6.082      12.37      16.49
  37       -6.052      11.94      14.73
  38       -6.033      12.61      15.94
  39       -6.016      12.01      15.86
  40       -5.982      12.07      15.15
  41       -5.934      3.662      7.945
  42       -5.934      12.18      17.73
  43       -5.911      13.69      17.54
  44         -5.9      12.94      17.79
  45       -5.897      13.64      18.33
  46        -5.87      8.353      13.01
  47       -5.864      13.41      17.16
  48       -5.803      12.26      15.74
  49       -5.761       4.19      6.923
  50       -5.741      3.454      6.963

