AutoDock Vina v1.2.7
#################################################################
# If you used AutoDock Vina in your work, please cite:          #
#                                                               #
# J. Eberhardt, D. Santos-Martins, A. F. Tillack, and S. Forli  #
# AutoDock Vina 1.2.0: New Docking Methods, Expanded Force      #
# Field, and Python Bindings, J. Chem. Inf. Model. (2021)       #
# DOI 10.1021/acs.jcim.1c00203                                  #
#                                                               #
# O. Trott, A. J. Olson,                                        #
# AutoDock Vina: improving the speed and accuracy of docking    #
# with a new scoring function, efficient optimization and       #
# multithreading, J. Comp. Chem. (2010)                         #
# DOI 10.1002/jcc.21334                                         #
#                                                               #
# Please see https://github.com/ccsb-scripps/AutoDock-Vina for  #
# more information.                                             #
#################################################################

Scoring function : vina
Rigid receptor: /Users/user/Desktop/Projet_long/docking/work/receptors/pdbqt/cftr_rattus.pdbqt
Ligand: /Users/user/Desktop/Projet_long/docking/work/ligands/pdbqt/microgininFR1.pdbqt
Grid center: X -0.262 Y -1.772 Z 4.17
Grid size  : X 30 Y 30 Z 30
Grid space : 0.375
Exhaustiveness: 16
CPU: 1
Verbosity: 1

Computing Vina grid ... done.
Performing docking (random seed: 119256813) ... 
0%   10   20   30   40   50   60   70   80   90   100%
|----|----|----|----|----|----|----|----|----|----|
***************************************************

mode |   affinity | dist from best mode
     | (kcal/mol) | rmsd l.b.| rmsd u.b.
-----+------------+----------+----------
   1       -7.079          0          0
   2       -6.941      1.629      6.136
   3       -6.548      1.637      6.352
   4       -6.546      2.761      8.628
   5         -6.5      1.653      6.172
   6       -6.472      1.822      5.885
   7       -6.433      1.694      2.762
   8       -6.307      3.501      9.901
   9       -6.304      5.402      11.41
  10       -6.303      2.603      8.856
  11        -6.29      3.535      6.669
  12       -6.286      2.521      8.922
  13       -6.281      2.248      4.755
  14       -6.277      2.868      9.025
  15       -6.254      2.232      8.007
  16       -6.204      1.717      5.981
  17       -6.183      2.002      6.037
  18       -6.146      2.962      10.04
  19        -6.14      2.718      9.316
  20       -6.133      2.324      7.621
  21       -6.129      2.192      6.427
  22       -6.087       2.39      7.691
  23       -6.022      2.909      6.863
  24       -6.021      4.293      6.503
  25       -5.999      2.297      7.978
  26       -5.978      4.246      11.18
  27        -5.97      5.445      10.71
  28       -5.965      5.059       7.15
  29       -5.959      15.67      19.85
  30       -5.953      2.336      6.124
  31       -5.916      5.068      10.47
  32       -5.882      6.149      11.67
  33       -5.854      4.089      10.77
  34       -5.838      2.313      5.212
  35       -5.816       2.08      5.899
  36       -5.803       3.88      7.828
  37       -5.794      16.16       19.7
  38       -5.739      3.853      10.06
  39       -5.731      2.346      8.635
  40       -5.724      2.233      5.305
  41       -5.695      2.105      5.816
  42       -5.688      2.861      8.418
  43       -5.655       6.16      11.37
  44       -5.606      12.31      17.25
  45       -5.592      15.54      19.09
  46        -5.56      3.724      10.38
  47       -5.512      6.223      12.12
  48       -5.494      4.192      11.01
  49       -5.486      2.569      8.787
  50       -5.476      2.833      6.629

