AutoDock Vina v1.2.7
#################################################################
# If you used AutoDock Vina in your work, please cite:          #
#                                                               #
# J. Eberhardt, D. Santos-Martins, A. F. Tillack, and S. Forli  #
# AutoDock Vina 1.2.0: New Docking Methods, Expanded Force      #
# Field, and Python Bindings, J. Chem. Inf. Model. (2021)       #
# DOI 10.1021/acs.jcim.1c00203                                  #
#                                                               #
# O. Trott, A. J. Olson,                                        #
# AutoDock Vina: improving the speed and accuracy of docking    #
# with a new scoring function, efficient optimization and       #
# multithreading, J. Comp. Chem. (2010)                         #
# DOI 10.1002/jcc.21334                                         #
#                                                               #
# Please see https://github.com/ccsb-scripps/AutoDock-Vina for  #
# more information.                                             #
#################################################################

Scoring function : vina
Rigid receptor: /Users/user/Desktop/Projet_long/docking/work/receptors/pdbqt/abcc1_xenope.pdbqt
Ligand: /Users/user/Desktop/Projet_long/docking/work/ligands/pdbqt/aeruginosin98A.pdbqt
Grid center: X -0.179 Y -3.45 Z 3.575
Grid size  : X 30 Y 30 Z 30
Grid space : 0.375
Exhaustiveness: 16
CPU: 1
Verbosity: 1

Computing Vina grid ... done.
Performing docking (random seed: 1537584983) ... 
0%   10   20   30   40   50   60   70   80   90   100%
|----|----|----|----|----|----|----|----|----|----|
***************************************************

mode |   affinity | dist from best mode
     | (kcal/mol) | rmsd l.b.| rmsd u.b.
-----+------------+----------+----------
   1       -7.098          0          0
   2       -7.049      4.055      6.799
   3       -7.034      7.533      11.16
   4       -6.983      4.782      7.736
   5       -6.973      7.316      10.44
   6        -6.87      7.851      11.02
   7        -6.81      10.38      14.33
   8       -6.805       8.79      13.47
   9       -6.802      9.793      13.29
  10       -6.781       1.66      2.287
  11       -6.763      8.124      12.21
  12       -6.676      9.348      13.71
  13       -6.633        4.3      9.298
  14       -6.615      6.332      9.304
  15       -6.594      4.228      8.999
  16       -6.593      4.011      8.691
  17       -6.573      11.06      15.94
  18       -6.566      10.08      14.19
  19       -6.554      9.894      13.95
  20       -6.543      7.425      11.58
  21       -6.503      9.453       13.5
  22       -6.502      9.682      13.93
  23       -6.487      6.513      9.533
  24       -6.483      8.507      12.76
  25       -6.474      6.526      9.762
  26       -6.469      11.66      16.42
  27       -6.452      7.461      11.78
  28       -6.435      8.144      11.22
  29       -6.429      6.968      10.15
  30       -6.371      7.703      12.39
  31       -6.327      9.212      13.28
  32       -6.313      10.98      15.21
  33       -6.296      8.908      12.99
  34       -6.257      9.613      14.82
  35       -6.251      11.09      15.73
  36       -6.249      8.185      12.51
  37       -6.216      4.826      9.154
  38       -6.148      9.027      12.94
  39       -6.124       7.99      13.23
  40        -6.11      10.76      15.57
  41       -6.086       7.74      10.79
  42       -6.076      8.367       12.4
  43       -6.034      7.488      10.61
  44       -6.017      9.053      13.44
  45       -5.945      9.207      12.86
  46        -5.94      3.114      6.808
  47       -5.911      10.19      15.17
  48       -5.902      7.386       10.4
  49       -5.898      8.515       11.4
  50       -5.856      4.139      8.569

