AutoDock Vina v1.2.7
#################################################################
# If you used AutoDock Vina in your work, please cite:          #
#                                                               #
# J. Eberhardt, D. Santos-Martins, A. F. Tillack, and S. Forli  #
# AutoDock Vina 1.2.0: New Docking Methods, Expanded Force      #
# Field, and Python Bindings, J. Chem. Inf. Model. (2021)       #
# DOI 10.1021/acs.jcim.1c00203                                  #
#                                                               #
# O. Trott, A. J. Olson,                                        #
# AutoDock Vina: improving the speed and accuracy of docking    #
# with a new scoring function, efficient optimization and       #
# multithreading, J. Comp. Chem. (2010)                         #
# DOI 10.1002/jcc.21334                                         #
#                                                               #
# Please see https://github.com/ccsb-scripps/AutoDock-Vina for  #
# more information.                                             #
#################################################################

Scoring function : vina
Rigid receptor: /Users/user/Desktop/Projet_long/docking/work/receptors/pdbqt/slco1c1_zebrafish.pdbqt
Ligand: /Users/user/Desktop/Projet_long/docking/work/ligands/pdbqt/aeruginosin98A.pdbqt
Grid center: X -4.396 Y -3.059 Z 7.483
Grid size  : X 30 Y 30 Z 30
Grid space : 0.375
Exhaustiveness: 16
CPU: 1
Verbosity: 1

Computing Vina grid ... done.
Performing docking (random seed: -914160860) ... 
0%   10   20   30   40   50   60   70   80   90   100%
|----|----|----|----|----|----|----|----|----|----|
***************************************************

mode |   affinity | dist from best mode
     | (kcal/mol) | rmsd l.b.| rmsd u.b.
-----+------------+----------+----------
   1       -8.597          0          0
   2        -8.59      3.729      6.714
   3       -8.557      4.058      7.631
   4       -8.509       3.62      6.508
   5       -8.464       2.49      5.818
   6       -8.452      3.612      5.865
   7       -8.387      3.229      5.756
   8       -8.339      2.978      6.213
   9       -8.338      4.059      6.771
  10       -8.335      3.069       6.16
  11       -8.204      3.652      7.445
  12         -8.2      3.497      7.035
  13       -8.195      3.515      7.618
  14       -8.191      2.081      3.169
  15       -8.179      3.008      7.946
  16       -8.159      3.405       5.87
  17       -8.115      3.693      6.842
  18       -8.104      3.513      6.282
  19       -8.087      3.039      6.988
  20        -8.08      3.882      7.218
  21       -8.066      2.924      4.402
  22       -8.035      3.303      7.026
  23       -8.008      3.398      6.817
  24       -8.006      3.306      6.066
  25       -7.974      2.903      6.041
  26       -7.962      2.402      5.153
  27       -7.936      3.251      7.387
  28       -7.851      3.718      7.242
  29        -7.85      3.931      7.195
  30       -7.843      3.527      7.375
  31       -7.806      4.048      8.228
  32       -7.804      3.799      5.742
  33       -7.784       4.48      8.044
  34       -7.766      3.195      6.904
  35       -7.761      4.045      7.723
  36       -7.745      4.055      6.605
  37       -7.745       4.29      7.954
  38       -7.739      4.116      7.118
  39       -7.733      3.584      7.653
  40       -7.727      2.718      7.108
  41       -7.713      3.426      7.525
  42       -7.681      4.575      7.575
  43       -7.666      3.761      6.956
  44       -7.603      3.824      8.134
  45       -7.556       2.97        6.2
  46       -7.545      2.412      3.521
  47       -7.536      3.059       5.31
  48       -7.491      2.783      5.287
  49       -7.484      4.082      8.148
  50       -7.475      3.158      6.961

