AutoDock Vina v1.2.7
#################################################################
# If you used AutoDock Vina in your work, please cite:          #
#                                                               #
# J. Eberhardt, D. Santos-Martins, A. F. Tillack, and S. Forli  #
# AutoDock Vina 1.2.0: New Docking Methods, Expanded Force      #
# Field, and Python Bindings, J. Chem. Inf. Model. (2021)       #
# DOI 10.1021/acs.jcim.1c00203                                  #
#                                                               #
# O. Trott, A. J. Olson,                                        #
# AutoDock Vina: improving the speed and accuracy of docking    #
# with a new scoring function, efficient optimization and       #
# multithreading, J. Comp. Chem. (2010)                         #
# DOI 10.1002/jcc.21334                                         #
#                                                               #
# Please see https://github.com/ccsb-scripps/AutoDock-Vina for  #
# more information.                                             #
#################################################################

Scoring function : vina
Rigid receptor: /Users/user/Desktop/Projet_long/docking/work/receptors/pdbqt/abcg4_daphnia.pdbqt
Ligand: /Users/user/Desktop/Projet_long/docking/work/ligands/pdbqt/aeruginosin98A.pdbqt
Grid center: X -1.084 Y 0.476 Z 5.341
Grid size  : X 30 Y 30 Z 30
Grid space : 0.375
Exhaustiveness: 16
CPU: 1
Verbosity: 1

Computing Vina grid ... done.
Performing docking (random seed: -1562543806) ... 
0%   10   20   30   40   50   60   70   80   90   100%
|----|----|----|----|----|----|----|----|----|----|
***************************************************

mode |   affinity | dist from best mode
     | (kcal/mol) | rmsd l.b.| rmsd u.b.
-----+------------+----------+----------
   1       -8.015          0          0
   2       -7.804      5.689      9.933
   3       -7.675      7.496      11.95
   4       -7.652      4.342      7.042
   5       -7.623      5.186      8.222
   6        -7.61      5.285      9.745
   7       -7.563      3.892      7.186
   8       -7.365      14.43      17.67
   9        -7.19      6.367      11.97
  10       -7.187      7.377      12.05
  11       -7.174      6.427      10.49
  12       -7.167      14.46      17.85
  13       -7.149      8.443      12.04
  14        -7.09      6.888      10.26
  15       -7.074      15.28      18.63
  16       -7.063      4.117      7.303
  17        -7.06      5.171      9.836
  18       -7.039      6.588      10.88
  19        -7.03      8.541         11
  20       -6.973      15.46      20.08
  21        -6.97      14.81      17.95
  22       -6.963      8.108      11.54
  23       -6.941      14.31      17.26
  24       -6.892      5.862      9.557
  25       -6.875      6.509      10.83
  26       -6.852      5.616      8.889
  27       -6.815      8.184      13.73
  28       -6.779      13.45      16.85
  29       -6.767      14.34      17.25
  30       -6.756      5.811      9.602
  31       -6.748      6.662      10.29
  32       -6.738       5.31      10.89
  33       -6.722      15.36      19.33
  34       -6.705      8.634      13.82
  35       -6.682      10.56       15.1
  36        -6.65       13.6      17.08
  37       -6.569      14.57      18.35
  38       -6.563      4.462      7.444
  39       -6.562      5.538      10.77
  40       -6.509      5.318       10.9
  41       -6.482      15.56      20.26
  42       -6.479      12.46      15.53
  43       -6.444       12.9      16.08
  44       -6.425      5.402      10.12
  45        -6.41      11.15      14.87
  46       -6.406      6.211      9.992
  47       -6.406      4.791      7.701
  48       -6.396      13.83      16.76
  49        -6.37       12.8       16.1
  50       -6.352      6.354      9.827

