AutoDock Vina v1.2.7
#################################################################
# If you used AutoDock Vina in your work, please cite:          #
#                                                               #
# J. Eberhardt, D. Santos-Martins, A. F. Tillack, and S. Forli  #
# AutoDock Vina 1.2.0: New Docking Methods, Expanded Force      #
# Field, and Python Bindings, J. Chem. Inf. Model. (2021)       #
# DOI 10.1021/acs.jcim.1c00203                                  #
#                                                               #
# O. Trott, A. J. Olson,                                        #
# AutoDock Vina: improving the speed and accuracy of docking    #
# with a new scoring function, efficient optimization and       #
# multithreading, J. Comp. Chem. (2010)                         #
# DOI 10.1002/jcc.21334                                         #
#                                                               #
# Please see https://github.com/ccsb-scripps/AutoDock-Vina for  #
# more information.                                             #
#################################################################

Scoring function : vina
Rigid receptor: /Users/user/Desktop/Projet_long/docking/work/receptors/pdbqt/abcc3_rattus.pdbqt
Ligand: /Users/user/Desktop/Projet_long/docking/work/ligands/pdbqt/aeruginosin98A.pdbqt
Grid center: X 1.815 Y 2.536 Z 0.977
Grid size  : X 30 Y 30 Z 30
Grid space : 0.375
Exhaustiveness: 16
CPU: 1
Verbosity: 1

Computing Vina grid ... done.
Performing docking (random seed: 456236297) ... 
0%   10   20   30   40   50   60   70   80   90   100%
|----|----|----|----|----|----|----|----|----|----|
***************************************************

mode |   affinity | dist from best mode
     | (kcal/mol) | rmsd l.b.| rmsd u.b.
-----+------------+----------+----------
   1       -6.752          0          0
   2       -6.598      1.691      2.265
   3       -6.568      1.553      1.943
   4       -6.532      3.646      9.003
   5       -6.454      1.617      2.099
   6       -6.452      4.046      8.901
   7       -6.355       11.1      15.45
   8       -6.284       3.73      7.601
   9       -6.276      13.77      17.29
  10        -6.21      2.326      3.151
  11       -6.206      4.175      8.842
  12       -6.197      4.245      9.144
  13       -6.187      3.814      8.209
  14       -6.137      4.044      9.049
  15       -6.107      12.11      17.57
  16       -6.093      1.523       2.11
  17       -6.086      13.08       16.6
  18       -6.055          4      9.199
  19       -6.054      1.661      2.231
  20       -6.047      5.207      8.501
  21       -5.961      3.165      6.906
  22       -5.938      2.936      4.273
  23       -5.927      3.479      6.507
  24       -5.922      10.43      15.81
  25        -5.92      13.84      18.04
  26       -5.873      3.694      8.656
  27       -5.812      4.322      7.606
  28        -5.77      8.909      12.32
  29        -5.77       3.67      9.169
  30       -5.742      3.268      7.692
  31       -5.723      3.741      8.625
  32       -5.688      20.35      23.96
  33       -5.685      10.16      15.57
  34       -5.631       8.78      13.61
  35        -5.63      4.886      7.979
  36       -5.611      2.451      3.787
  37       -5.599      11.27      15.64
  38       -5.598      11.23      15.48
  39       -5.586      17.92      22.03
  40       -5.576      19.68      23.55
  41       -5.573      4.505      7.812
  42       -5.554      3.895       8.03
  43       -5.545      3.286      7.226
  44       -5.524      3.706      8.042
  45       -5.504      4.321      8.435
  46       -5.492      10.28      14.62
  47       -5.486      4.319      8.347
  48       -5.475      17.35      20.74
  49       -5.433      16.37      19.81
  50       -5.368      3.974       8.09

