AutoDock Vina v1.2.7
#################################################################
# If you used AutoDock Vina in your work, please cite:          #
#                                                               #
# J. Eberhardt, D. Santos-Martins, A. F. Tillack, and S. Forli  #
# AutoDock Vina 1.2.0: New Docking Methods, Expanded Force      #
# Field, and Python Bindings, J. Chem. Inf. Model. (2021)       #
# DOI 10.1021/acs.jcim.1c00203                                  #
#                                                               #
# O. Trott, A. J. Olson,                                        #
# AutoDock Vina: improving the speed and accuracy of docking    #
# with a new scoring function, efficient optimization and       #
# multithreading, J. Comp. Chem. (2010)                         #
# DOI 10.1002/jcc.21334                                         #
#                                                               #
# Please see https://github.com/ccsb-scripps/AutoDock-Vina for  #
# more information.                                             #
#################################################################

Scoring function : vina
Rigid receptor: /Users/user/Desktop/Projet_long/docking/work/receptors/pdbqt/cftr_xenope.pdbqt
Ligand: /Users/user/Desktop/Projet_long/docking/work/ligands/pdbqt/aeruginosin98A.pdbqt
Grid center: X -9.71 Y 4.731 Z -1.038
Grid size  : X 30 Y 30 Z 30
Grid space : 0.375
Exhaustiveness: 16
CPU: 1
Verbosity: 1

Computing Vina grid ... done.
Performing docking (random seed: -1057943469) ... 
0%   10   20   30   40   50   60   70   80   90   100%
|----|----|----|----|----|----|----|----|----|----|
***************************************************

mode |   affinity | dist from best mode
     | (kcal/mol) | rmsd l.b.| rmsd u.b.
-----+------------+----------+----------
   1       -7.742          0          0
   2       -7.669      3.305      7.291
   3       -7.538      2.953      7.322
   4       -7.481      3.053      6.981
   5       -7.317      2.983      6.313
   6       -7.247      3.294      7.249
   7       -7.236      3.246      4.427
   8        -7.16      3.752      7.578
   9       -7.097      2.789      6.957
  10       -7.012      4.018       7.79
  11       -6.965      2.905      6.192
  12       -6.951      3.477        7.4
  13       -6.949      2.321      5.371
  14       -6.922      3.516      6.547
  15       -6.906      4.046      6.163
  16       -6.896      3.458      7.691
  17       -6.807      3.149      6.659
  18       -6.794      2.827      5.626
  19       -6.794      3.138      6.635
  20       -6.783      3.702      7.791
  21       -6.752      2.854      4.324
  22       -6.696      3.222      5.987
  23       -6.681      2.273      3.539
  24       -6.659      3.502        7.4
  25       -6.627      3.746      7.377
  26       -6.605      3.494       7.74
  27       -6.595      3.893      8.064
  28       -6.569      3.765       8.03
  29       -6.546      3.697       8.13
  30       -6.498      3.614      8.102
  31       -6.486      3.686      7.352
  32       -6.466      3.797      7.309
  33       -6.464      2.543      5.207
  34       -6.452      3.321      7.218
  35       -6.439      3.555      6.892
  36       -6.421      3.847      7.971
  37       -6.398      4.865      8.606
  38       -6.391      4.047      7.419
  39       -6.374      3.015      6.531
  40       -6.369      3.043      6.014
  41       -6.368      2.817      5.907
  42       -6.354      3.327      6.039
  43       -6.349      4.383      8.234
  44       -6.327      3.536      7.468
  45       -6.327      3.837      8.021
  46       -6.307      5.614      9.198
  47       -6.304      3.767      7.409
  48       -6.286      4.617      7.886
  49       -6.103      4.604      8.606
  50        -6.02      4.398      7.419

