AutoDock Vina v1.2.7
#################################################################
# If you used AutoDock Vina in your work, please cite:          #
#                                                               #
# J. Eberhardt, D. Santos-Martins, A. F. Tillack, and S. Forli  #
# AutoDock Vina 1.2.0: New Docking Methods, Expanded Force      #
# Field, and Python Bindings, J. Chem. Inf. Model. (2021)       #
# DOI 10.1021/acs.jcim.1c00203                                  #
#                                                               #
# O. Trott, A. J. Olson,                                        #
# AutoDock Vina: improving the speed and accuracy of docking    #
# with a new scoring function, efficient optimization and       #
# multithreading, J. Comp. Chem. (2010)                         #
# DOI 10.1002/jcc.21334                                         #
#                                                               #
# Please see https://github.com/ccsb-scripps/AutoDock-Vina for  #
# more information.                                             #
#################################################################

Scoring function : vina
Rigid receptor: /Users/user/Desktop/Projet_long/docking/work/receptors/pdbqt/cftr_rattus.pdbqt
Ligand: /Users/user/Desktop/Projet_long/docking/work/ligands/pdbqt/microcystineLR.pdbqt
Grid center: X -0.262 Y -1.772 Z 4.17
Grid size  : X 30 Y 30 Z 30
Grid space : 0.375
Exhaustiveness: 16
CPU: 1
Verbosity: 1

Computing Vina grid ... done.
Performing docking (random seed: 1462041601) ... 
0%   10   20   30   40   50   60   70   80   90   100%
|----|----|----|----|----|----|----|----|----|----|
***************************************************

mode |   affinity | dist from best mode
     | (kcal/mol) | rmsd l.b.| rmsd u.b.
-----+------------+----------+----------
   1       -7.244          0          0
   2       -6.989      4.615       9.13
   3       -6.978      4.417      9.613
   4       -6.975      4.056      6.312
   5       -6.814      4.574      11.32
   6       -6.791      4.448      9.982
   7       -6.747       4.71      8.461
   8       -6.737      3.496      5.632
   9       -6.681       1.74      2.472
  10       -6.671      4.151      11.48
  11       -6.602      7.417      13.33
  12       -6.519      3.083      3.752
  13        -6.51      4.815      10.35
  14       -6.471      5.026      12.37
  15       -6.467      5.005      11.53
  16       -6.462      4.506      9.662
  17       -6.458      7.712      14.99
  18       -6.443      4.869      9.134
  19       -6.432      6.018      11.99
  20       -6.416      4.644      12.28
  21       -6.405      4.094      5.722
  22        -6.38      5.001      9.417
  23       -6.365      7.329      14.08
  24       -6.326      3.973      5.507
  25       -6.277      7.246      13.24
  26       -6.275      4.437      8.816
  27       -6.267       15.1      19.34
  28       -6.256      7.774      13.73
  29       -6.237      7.756      13.32
  30       -6.218       4.57      6.838
  31       -6.208      5.418      12.64
  32       -6.206      7.368      13.34
  33       -6.102       4.02      9.895
  34       -6.029      5.741      9.335
  35        -6.02      4.157      6.564
  36       -5.988      5.145      9.618
  37       -5.963      3.975      5.162
  38       -5.961      4.234      9.843
  39       -5.947      8.045      13.71
  40       -5.886      5.128      12.61
  41       -5.814      14.94      19.92
  42       -5.792      16.18      21.16
  43       -5.792      5.165      12.73
  44        -5.79      7.307      14.56
  45       -5.786      8.555      14.85
  46       -5.786      7.108      14.11
  47       -5.782      5.078       9.73
  48       -5.726      3.791      6.093
  49       -5.704       13.8      19.14
  50       -5.702      4.668      7.519

