AutoDock Vina v1.2.7
#################################################################
# If you used AutoDock Vina in your work, please cite:          #
#                                                               #
# J. Eberhardt, D. Santos-Martins, A. F. Tillack, and S. Forli  #
# AutoDock Vina 1.2.0: New Docking Methods, Expanded Force      #
# Field, and Python Bindings, J. Chem. Inf. Model. (2021)       #
# DOI 10.1021/acs.jcim.1c00203                                  #
#                                                               #
# O. Trott, A. J. Olson,                                        #
# AutoDock Vina: improving the speed and accuracy of docking    #
# with a new scoring function, efficient optimization and       #
# multithreading, J. Comp. Chem. (2010)                         #
# DOI 10.1002/jcc.21334                                         #
#                                                               #
# Please see https://github.com/ccsb-scripps/AutoDock-Vina for  #
# more information.                                             #
#################################################################

Scoring function : vina
Rigid receptor: /Users/user/Desktop/Projet_long/docking/work/receptors/pdbqt/ppp5c_moule.pdbqt
Ligand: /Users/user/Desktop/Projet_long/docking/work/ligands/pdbqt/microgininFR1.pdbqt
Grid center: X 3.812 Y -1.248 Z -2.074
Grid size  : X 30 Y 30 Z 30
Grid space : 0.375
Exhaustiveness: 16
CPU: 1
Verbosity: 1

Computing Vina grid ... done.
Performing docking (random seed: -1707673555) ... 
0%   10   20   30   40   50   60   70   80   90   100%
|----|----|----|----|----|----|----|----|----|----|
***************************************************

mode |   affinity | dist from best mode
     | (kcal/mol) | rmsd l.b.| rmsd u.b.
-----+------------+----------+----------
   1       -8.297          0          0
   2       -8.043      2.259      5.702
   3       -7.965      1.465      2.329
   4       -7.945      3.026      7.667
   5       -7.758      1.846      3.158
   6       -7.595      2.482      5.818
   7       -7.576      1.874      2.849
   8       -7.567      17.85      22.85
   9       -7.566      2.319      6.908
  10       -7.543      1.916      4.736
  11       -7.524      2.306      5.517
  12       -7.503      2.311      6.547
  13        -7.49      2.005      4.226
  14       -7.466      2.205      4.685
  15       -7.464      17.11      22.65
  16       -7.456      2.291      5.747
  17       -7.439      16.15      22.92
  18       -7.424      2.558      9.146
  19       -7.211      3.029      8.607
  20       -7.203      2.304       9.51
  21       -7.159      2.216      5.448
  22       -7.133      2.282      4.533
  23        -7.09      3.013      9.299
  24       -7.055      2.232       10.3
  25       -7.019       1.97      3.388
  26       -6.993      2.199      9.289
  27        -6.95      2.432      5.737
  28       -6.944       2.43      8.593
  29       -6.924      2.683      10.43
  30        -6.91      2.441      8.857
  31       -6.902      17.29      23.59
  32         -6.9      17.71      24.32
  33       -6.849      2.453      9.776
  34       -6.813      2.542       5.04
  35       -6.788       16.5      23.62
  36       -6.707      2.479      9.206
  37       -6.682       3.17      8.964
  38       -6.625      2.167      4.697
  39       -6.621      17.47      23.59
  40       -6.616      1.886      4.304
  41       -6.615      2.447      9.742
  42       -6.577       18.4      24.37
  43       -6.573      18.38      24.72
  44       -6.567      2.296       9.14
  45       -6.562      1.548      2.197
  46       -6.538      2.796      9.954
  47       -6.521       2.35      4.704
  48       -6.515      17.42      25.19
  49       -6.452      17.08       24.4
  50       -6.413      17.83      24.48

