AutoDock Vina v1.2.7
#################################################################
# If you used AutoDock Vina in your work, please cite:          #
#                                                               #
# J. Eberhardt, D. Santos-Martins, A. F. Tillack, and S. Forli  #
# AutoDock Vina 1.2.0: New Docking Methods, Expanded Force      #
# Field, and Python Bindings, J. Chem. Inf. Model. (2021)       #
# DOI 10.1021/acs.jcim.1c00203                                  #
#                                                               #
# O. Trott, A. J. Olson,                                        #
# AutoDock Vina: improving the speed and accuracy of docking    #
# with a new scoring function, efficient optimization and       #
# multithreading, J. Comp. Chem. (2010)                         #
# DOI 10.1002/jcc.21334                                         #
#                                                               #
# Please see https://github.com/ccsb-scripps/AutoDock-Vina for  #
# more information.                                             #
#################################################################

Scoring function : vina
Rigid receptor: /Users/user/Desktop/Projet_long/docking/work/receptors/pdbqt/abcc8_rattus.pdbqt
Ligand: /Users/user/Desktop/Projet_long/docking/work/ligands/pdbqt/microgininFR1.pdbqt
Grid center: X -7.337 Y 3.046 Z 2.134
Grid size  : X 30 Y 30 Z 30
Grid space : 0.375
Exhaustiveness: 16
CPU: 1
Verbosity: 1

Computing Vina grid ... done.
Performing docking (random seed: 1523284548) ... 
0%   10   20   30   40   50   60   70   80   90   100%
|----|----|----|----|----|----|----|----|----|----|
***************************************************

mode |   affinity | dist from best mode
     | (kcal/mol) | rmsd l.b.| rmsd u.b.
-----+------------+----------+----------
   1       -6.637          0          0
   2       -6.553      2.527      8.199
   3       -6.503      2.475       8.49
   4        -6.47      2.407       7.89
   5       -6.459        2.5      7.295
   6       -6.446      2.172      3.801
   7       -6.439      2.683      6.874
   8       -6.434      3.845      8.593
   9        -6.41      3.351      8.991
  10       -6.393      3.157      8.719
  11       -6.393      2.424      7.818
  12        -6.36      2.094      6.643
  13       -6.337      1.758      6.485
  14       -6.325       2.35      7.144
  15       -6.314      2.529      6.344
  16       -6.305      2.617      6.678
  17       -6.277      2.498       6.66
  18       -6.276      3.453      7.408
  19       -6.252      3.716      8.325
  20        -6.25      2.239      7.372
  21       -6.235      3.765      7.071
  22         -6.2      5.028      9.346
  23       -6.171      3.204      7.251
  24       -6.165      2.448      7.948
  25       -6.164       2.84       7.66
  26       -6.161      2.599      8.268
  27       -6.158      2.289      7.819
  28       -6.155      3.591      8.629
  29       -6.145      3.268      7.293
  30       -6.144      3.991      9.476
  31       -6.131      3.025      7.957
  32        -6.12      3.552       9.25
  33       -6.118      2.097      8.033
  34       -6.102      4.013      8.466
  35       -6.098      3.766      8.066
  36       -6.096      2.606      7.915
  37        -6.07      3.453      8.781
  38       -6.059      3.476      8.052
  39       -6.055      3.428      8.719
  40       -6.038      3.227       9.38
  41       -6.021      3.077       9.27
  42       -6.014      2.534      7.782
  43       -6.011      3.456      6.967
  44           -6      2.652      8.273
  45        -5.98      2.884       6.64
  46       -5.977      2.234      7.068
  47       -5.929      3.577      8.747
  48       -5.926       2.61      8.044
  49       -5.899      2.872      7.702
  50        -5.89      4.015      9.161

