AutoDock Vina v1.2.7
#################################################################
# If you used AutoDock Vina in your work, please cite:          #
#                                                               #
# J. Eberhardt, D. Santos-Martins, A. F. Tillack, and S. Forli  #
# AutoDock Vina 1.2.0: New Docking Methods, Expanded Force      #
# Field, and Python Bindings, J. Chem. Inf. Model. (2021)       #
# DOI 10.1021/acs.jcim.1c00203                                  #
#                                                               #
# O. Trott, A. J. Olson,                                        #
# AutoDock Vina: improving the speed and accuracy of docking    #
# with a new scoring function, efficient optimization and       #
# multithreading, J. Comp. Chem. (2010)                         #
# DOI 10.1002/jcc.21334                                         #
#                                                               #
# Please see https://github.com/ccsb-scripps/AutoDock-Vina for  #
# more information.                                             #
#################################################################

Scoring function : vina
Rigid receptor: /Users/user/Desktop/Projet_long/docking/work/receptors/pdbqt/slco1c1_rattus.pdbqt
Ligand: /Users/user/Desktop/Projet_long/docking/work/ligands/pdbqt/aeruginosin98A.pdbqt
Grid center: X -8.855 Y 0.868 Z 1.607
Grid size  : X 30 Y 30 Z 30
Grid space : 0.375
Exhaustiveness: 16
CPU: 1
Verbosity: 1

Computing Vina grid ... done.
Performing docking (random seed: 1419428273) ... 
0%   10   20   30   40   50   60   70   80   90   100%
|----|----|----|----|----|----|----|----|----|----|
***************************************************

mode |   affinity | dist from best mode
     | (kcal/mol) | rmsd l.b.| rmsd u.b.
-----+------------+----------+----------
   1       -7.655          0          0
   2       -7.602      4.579      8.433
   3       -7.531      4.547      8.585
   4       -7.519      4.804       9.25
   5       -7.492      5.158      8.902
   6       -7.482      1.871      2.251
   7       -7.435      5.042      10.34
   8       -7.335      5.159      7.427
   9        -7.31      5.476      10.24
  10       -7.261      3.357      6.822
  11       -7.257      3.821      7.023
  12       -7.203      6.329      10.76
  13       -7.164      2.693      3.645
  14       -7.147      3.883      6.559
  15       -7.111      3.177      5.356
  16       -7.064      3.703       6.44
  17       -7.023      4.539      7.587
  18       -7.008      2.407      3.362
  19       -6.997       2.88      3.997
  20       -6.955      3.425      6.521
  21       -6.947      4.308      8.664
  22       -6.882      2.892      5.128
  23       -6.875      5.222      8.638
  24       -6.859      3.987       8.29
  25       -6.859      4.158      7.172
  26       -6.853      1.404      1.723
  27       -6.845      3.378      6.856
  28       -6.818      3.026      6.615
  29       -6.818      3.438      6.841
  30       -6.799      3.148      5.719
  31        -6.74      3.318       5.98
  32       -6.732      4.413      8.242
  33       -6.727      4.824      8.813
  34       -6.659       2.99      6.428
  35       -6.614      3.764       7.33
  36       -6.611      4.428      6.936
  37       -6.608      3.636      6.573
  38       -6.594      4.242      7.596
  39        -6.59      3.203      5.774
  40       -6.584      3.543      6.116
  41       -6.561      3.662      7.676
  42       -6.539      3.606      7.836
  43       -6.532      4.247       7.62
  44       -6.529      3.411      6.678
  45        -6.51          4      7.737
  46       -6.508      3.436      4.458
  47         -6.5      3.957       6.53
  48       -6.488      3.811      6.698
  49       -6.486      3.228      6.137
  50        -6.41      4.628      9.732

