AutoDock Vina v1.2.7
#################################################################
# If you used AutoDock Vina in your work, please cite:          #
#                                                               #
# J. Eberhardt, D. Santos-Martins, A. F. Tillack, and S. Forli  #
# AutoDock Vina 1.2.0: New Docking Methods, Expanded Force      #
# Field, and Python Bindings, J. Chem. Inf. Model. (2021)       #
# DOI 10.1021/acs.jcim.1c00203                                  #
#                                                               #
# O. Trott, A. J. Olson,                                        #
# AutoDock Vina: improving the speed and accuracy of docking    #
# with a new scoring function, efficient optimization and       #
# multithreading, J. Comp. Chem. (2010)                         #
# DOI 10.1002/jcc.21334                                         #
#                                                               #
# Please see https://github.com/ccsb-scripps/AutoDock-Vina for  #
# more information.                                             #
#################################################################

Scoring function : vina
Rigid receptor: /Users/user/Desktop/Projet_long/docking/work/receptors/pdbqt/abcc1_rattus.pdbqt
Ligand: /Users/user/Desktop/Projet_long/docking/work/ligands/pdbqt/cyanopeptolinA.pdbqt
Grid center: X -4.244 Y 3.992 Z -2.379
Grid size  : X 30 Y 30 Z 30
Grid space : 0.375
Exhaustiveness: 16
CPU: 1
Verbosity: 1

Computing Vina grid ... done.
Performing docking (random seed: 648985948) ... 
0%   10   20   30   40   50   60   70   80   90   100%
|----|----|----|----|----|----|----|----|----|----|
***************************************************

mode |   affinity | dist from best mode
     | (kcal/mol) | rmsd l.b.| rmsd u.b.
-----+------------+----------+----------
   1       -6.905          0          0
   2       -6.845      2.625       5.09
   3       -6.839      2.856      5.417
   4       -6.697      2.648      5.001
   5       -6.676      3.435      13.97
   6       -6.654       2.81      5.527
   7       -6.589      2.504      4.435
   8       -6.584      7.096      11.06
   9       -6.577      1.776      2.288
  10       -6.551      3.705      13.11
  11        -6.47      2.808      4.798
  12       -6.457      5.002      7.877
  13       -6.301      3.609      6.683
  14       -6.297       6.17      9.733
  15       -6.295      6.292      10.64
  16       -6.241      7.018      10.25
  17        -6.24      2.781      5.044
  18       -6.232      4.361      7.864
  19       -6.188      6.721      12.81
  20       -6.144       6.01      9.641
  21        -6.14      6.122      13.01
  22       -6.095      7.917      13.17
  23       -6.089      4.159      5.912
  24        -6.07      2.814      5.214
  25       -6.037      4.477      8.519
  26       -6.019       2.89      14.08
  27       -6.016      5.458      8.309
  28       -6.013      6.067      9.183
  29       -5.976      5.734      9.332
  30       -5.915      4.786      14.07
  31       -5.891      4.813      8.129
  32       -5.834      3.467      14.24
  33        -5.82      6.851      9.861
  34       -5.807      4.697      8.482
  35       -5.784      6.896      10.16
  36       -5.767      7.163      11.28
  37       -5.735      5.313      8.864
  38       -5.729      3.367      6.389
  39        -5.71      4.329      6.808
  40       -5.681      7.545      13.07
  41       -5.679      5.929      12.13
  42        -5.66      7.589      12.56
  43       -5.658      6.274      10.75
  44       -5.646      8.071      12.23
  45       -5.642      5.501      12.77
  46       -5.639      7.794      11.76
  47       -5.636       4.06      7.304
  48       -5.608      6.652      11.53
  49       -5.605      6.001      12.47
  50       -5.584      8.725      15.16

