AutoDock Vina v1.2.7
#################################################################
# If you used AutoDock Vina in your work, please cite:          #
#                                                               #
# J. Eberhardt, D. Santos-Martins, A. F. Tillack, and S. Forli  #
# AutoDock Vina 1.2.0: New Docking Methods, Expanded Force      #
# Field, and Python Bindings, J. Chem. Inf. Model. (2021)       #
# DOI 10.1021/acs.jcim.1c00203                                  #
#                                                               #
# O. Trott, A. J. Olson,                                        #
# AutoDock Vina: improving the speed and accuracy of docking    #
# with a new scoring function, efficient optimization and       #
# multithreading, J. Comp. Chem. (2010)                         #
# DOI 10.1002/jcc.21334                                         #
#                                                               #
# Please see https://github.com/ccsb-scripps/AutoDock-Vina for  #
# more information.                                             #
#################################################################

Scoring function : vina
Rigid receptor: /Users/user/Desktop/Projet_long/docking/work/receptors/pdbqt/cftr_zebrafish.pdbqt
Ligand: /Users/user/Desktop/Projet_long/docking/work/ligands/pdbqt/aerucyclamideA_3D.pdbqt
Grid center: X -7.493 Y 3.014 Z -2.18
Grid size  : X 30 Y 30 Z 30
Grid space : 0.375
Exhaustiveness: 16
CPU: 1
Verbosity: 1

Computing Vina grid ... done.
Performing docking (random seed: 1247544233) ... 
0%   10   20   30   40   50   60   70   80   90   100%
|----|----|----|----|----|----|----|----|----|----|
***************************************************

mode |   affinity | dist from best mode
     | (kcal/mol) | rmsd l.b.| rmsd u.b.
-----+------------+----------+----------
   1       -6.938          0          0
   2       -6.904      3.689      6.646
   3       -6.804      3.539      6.068
   4       -6.743      2.977      7.157
   5       -6.741      8.076      10.78
   6        -6.73      2.701      3.724
   7       -6.684      2.077      6.793
   8       -6.643      6.467      10.48
   9       -6.625      2.125       2.92
  10       -6.584      3.475      7.166
  11       -6.579      2.308      7.667
  12       -6.534      2.607      6.291
  13       -6.514      4.648      6.498
  14       -6.456      5.261      10.02
  15       -6.453      4.761      8.551
  16       -6.392      8.018         13
  17       -6.388      3.107      9.096
  18       -6.382       4.94      8.478
  19       -6.377      2.216      5.857
  20       -6.306      4.553      7.858
  21       -6.299      3.215      7.226
  22        -6.29      2.756      8.265
  23       -6.259      2.575      6.478
  24       -6.154      5.682       9.83
  25       -6.134      5.781      10.01
  26       -6.107      2.511      5.693
  27       -6.103      7.405      10.02
  28       -5.992      6.617      10.96
  29       -5.905      8.221      12.01
  30        -5.83      8.169      12.45
  31       -5.829      4.318      9.311
  32       -5.779      3.929      7.378
  33       -5.765      3.294      6.569
  34       -5.759      5.299      7.944
  35       -5.722      2.979      6.234
  36       -5.689      6.681      10.61
  37       -5.665      6.013      11.11
  38       -5.655      9.473      14.26
  39       -5.655      5.231       10.4
  40        -5.61      7.896      11.33
  41       -5.592      2.499      8.378
  42       -5.582      2.127      5.462
  43       -5.567      2.691      7.817
  44       -5.513      6.095      11.18
  45       -5.501      7.428      11.56
  46       -5.356      8.243      12.06
  47       -5.187      7.273      12.28
  48       -5.175      9.434      13.03
  49       -5.118      7.875      11.82
  50        -4.93      2.638      8.329

