AutoDock Vina v1.2.7
#################################################################
# If you used AutoDock Vina in your work, please cite:          #
#                                                               #
# J. Eberhardt, D. Santos-Martins, A. F. Tillack, and S. Forli  #
# AutoDock Vina 1.2.0: New Docking Methods, Expanded Force      #
# Field, and Python Bindings, J. Chem. Inf. Model. (2021)       #
# DOI 10.1021/acs.jcim.1c00203                                  #
#                                                               #
# O. Trott, A. J. Olson,                                        #
# AutoDock Vina: improving the speed and accuracy of docking    #
# with a new scoring function, efficient optimization and       #
# multithreading, J. Comp. Chem. (2010)                         #
# DOI 10.1002/jcc.21334                                         #
#                                                               #
# Please see https://github.com/ccsb-scripps/AutoDock-Vina for  #
# more information.                                             #
#################################################################

Scoring function : vina
Rigid receptor: /Users/user/Desktop/Projet_long/docking/work/receptors/pdbqt/abcc3_zebrafish.pdbqt
Ligand: /Users/user/Desktop/Projet_long/docking/work/ligands/pdbqt/aeruginosin98A.pdbqt
Grid center: X -0.693 Y -0.376 Z -0.885
Grid size  : X 30 Y 30 Z 30
Grid space : 0.375
Exhaustiveness: 16
CPU: 1
Verbosity: 1

Computing Vina grid ... done.
Performing docking (random seed: -1600102507) ... 
0%   10   20   30   40   50   60   70   80   90   100%
|----|----|----|----|----|----|----|----|----|----|
***************************************************

mode |   affinity | dist from best mode
     | (kcal/mol) | rmsd l.b.| rmsd u.b.
-----+------------+----------+----------
   1       -7.135          0          0
   2       -7.062      3.627      7.949
   3       -7.019      2.932      4.606
   4       -7.003      3.667      8.726
   5        -6.94      3.053      5.796
   6       -6.939      3.877      8.388
   7        -6.93      3.355      7.401
   8       -6.837      2.881      5.163
   9       -6.813      3.214      4.267
  10       -6.803      2.013       2.74
  11       -6.782      2.517      3.476
  12       -6.774      2.888      5.652
  13       -6.769      16.78      20.85
  14       -6.754      3.955      8.655
  15       -6.569      20.17       24.5
  16       -6.552      2.675      5.214
  17        -6.54      3.425      5.426
  18       -6.485      4.634      7.942
  19       -6.468      3.404      4.885
  20       -6.422      5.631      9.787
  21        -6.42      3.631      7.219
  22       -6.402      7.021      10.02
  23       -6.367      4.479      8.043
  24       -6.356      5.958      8.588
  25        -6.35      2.685      4.246
  26       -6.316      2.773      4.501
  27         -6.3      19.97      24.65
  28       -6.291      3.457      7.942
  29       -6.284      18.81      22.79
  30       -6.282      3.078      8.275
  31        -6.25        2.7      4.516
  32        -6.24      3.508      8.106
  33       -6.199      4.491      9.736
  34       -6.197      2.836      6.348
  35       -6.186       3.26      7.133
  36        -6.14      17.56      21.67
  37       -6.109      3.225       7.13
  38        -6.06      19.24      24.05
  39       -6.045      18.96      22.61
  40       -5.984      3.387      6.389
  41       -5.976      18.44      21.34
  42       -5.961      3.383      8.278
  43        -5.93      17.68      20.77
  44       -5.918      18.54      21.73
  45       -5.895       2.92      4.694
  46       -5.849      20.89      24.53
  47       -5.819      2.796       4.24
  48       -5.806      4.026      6.616
  49       -5.806      3.038       6.46
  50       -5.687      4.024      8.502

