AutoDock Vina v1.2.7
#################################################################
# If you used AutoDock Vina in your work, please cite:          #
#                                                               #
# J. Eberhardt, D. Santos-Martins, A. F. Tillack, and S. Forli  #
# AutoDock Vina 1.2.0: New Docking Methods, Expanded Force      #
# Field, and Python Bindings, J. Chem. Inf. Model. (2021)       #
# DOI 10.1021/acs.jcim.1c00203                                  #
#                                                               #
# O. Trott, A. J. Olson,                                        #
# AutoDock Vina: improving the speed and accuracy of docking    #
# with a new scoring function, efficient optimization and       #
# multithreading, J. Comp. Chem. (2010)                         #
# DOI 10.1002/jcc.21334                                         #
#                                                               #
# Please see https://github.com/ccsb-scripps/AutoDock-Vina for  #
# more information.                                             #
#################################################################

Scoring function : vina
Rigid receptor: /Users/user/Desktop/Projet_long/docking/work/receptors/pdbqt/abcc8_zebrafish.pdbqt
Ligand: /Users/user/Desktop/Projet_long/docking/work/ligands/pdbqt/microgininFR1.pdbqt
Grid center: X -6.537 Y 2.389 Z 0.616
Grid size  : X 30 Y 30 Z 30
Grid space : 0.375
Exhaustiveness: 16
CPU: 1
Verbosity: 1

Computing Vina grid ... done.
Performing docking (random seed: -694910437) ... 
0%   10   20   30   40   50   60   70   80   90   100%
|----|----|----|----|----|----|----|----|----|----|
***************************************************

mode |   affinity | dist from best mode
     | (kcal/mol) | rmsd l.b.| rmsd u.b.
-----+------------+----------+----------
   1       -7.091          0          0
   2       -7.035      2.846      8.564
   3       -6.679      3.764      10.56
   4       -6.662      3.001      6.606
   5       -6.649      3.526       7.32
   6       -6.639       6.25      12.28
   7       -6.636      2.267      3.342
   8       -6.634      5.094      12.23
   9        -6.55      4.741      12.05
  10       -6.513      2.589      7.843
  11       -6.479      2.544      6.203
  12       -6.442      6.817      10.74
  13       -6.421      3.531      6.731
  14       -6.406      5.351      12.32
  15       -6.398      4.022      8.017
  16       -6.397      5.836      11.56
  17       -6.392      3.239      9.665
  18       -6.381       2.15      3.459
  19       -6.365      6.867      12.42
  20       -6.361      4.207      11.09
  21       -6.346      2.803      6.324
  22       -6.335       3.23      5.059
  23       -6.327      3.397       4.98
  24       -6.314       3.28      10.51
  25       -6.309      3.857      11.32
  26       -6.292      4.367      11.79
  27       -6.286      3.516      8.545
  28       -6.284      3.157      5.138
  29       -6.265      2.742      5.776
  30       -6.262      2.221      4.878
  31       -6.257      3.223      6.581
  32       -6.247      3.101      6.431
  33       -6.234       2.63         10
  34       -6.198      8.063      12.61
  35       -6.195      3.841      6.952
  36       -6.193      2.414      9.674
  37       -6.165      7.221      11.89
  38       -6.163      7.576      12.37
  39       -6.162      3.981      7.529
  40       -6.159       7.94      12.64
  41       -6.142       3.92      6.463
  42       -6.107      2.387      8.377
  43       -6.094       4.06      7.805
  44       -6.089      4.068      11.85
  45       -6.083      2.861      5.943
  46       -6.076      3.178      4.977
  47       -6.071      3.599      7.558
  48        -6.06      2.555       11.2
  49       -6.058      3.271       10.6
  50       -6.051      6.575       12.1

