AutoDock Vina v1.2.7
#################################################################
# If you used AutoDock Vina in your work, please cite:          #
#                                                               #
# J. Eberhardt, D. Santos-Martins, A. F. Tillack, and S. Forli  #
# AutoDock Vina 1.2.0: New Docking Methods, Expanded Force      #
# Field, and Python Bindings, J. Chem. Inf. Model. (2021)       #
# DOI 10.1021/acs.jcim.1c00203                                  #
#                                                               #
# O. Trott, A. J. Olson,                                        #
# AutoDock Vina: improving the speed and accuracy of docking    #
# with a new scoring function, efficient optimization and       #
# multithreading, J. Comp. Chem. (2010)                         #
# DOI 10.1002/jcc.21334                                         #
#                                                               #
# Please see https://github.com/ccsb-scripps/AutoDock-Vina for  #
# more information.                                             #
#################################################################

Scoring function : vina
Rigid receptor: /Users/user/Desktop/Projet_long/docking/work/receptors/pdbqt/ace_moule.pdbqt
Ligand: /Users/user/Desktop/Projet_long/docking/work/ligands/pdbqt/microgininFR1.pdbqt
Grid center: X 2.654 Y -4.975 Z -2.281
Grid size  : X 30 Y 30 Z 30
Grid space : 0.375
Exhaustiveness: 16
CPU: 1
Verbosity: 1

Computing Vina grid ... done.
Performing docking (random seed: -661920277) ... 
0%   10   20   30   40   50   60   70   80   90   100%
|----|----|----|----|----|----|----|----|----|----|
***************************************************

mode |   affinity | dist from best mode
     | (kcal/mol) | rmsd l.b.| rmsd u.b.
-----+------------+----------+----------
   1       -8.803          0          0
   2       -8.762      3.237      5.129
   3       -8.715      3.461      7.632
   4       -8.219      2.884      6.449
   5       -8.164      3.598      6.088
   6       -8.141      2.375      8.923
   7       -8.105       2.28      9.075
   8       -7.928      2.025       3.11
   9       -7.825      2.731      9.675
  10       -7.824      3.976      6.259
  11        -7.79      2.991      10.39
  12       -7.777      2.447      8.389
  13       -7.672      2.544      3.822
  14       -7.606      3.593      8.636
  15       -7.593      2.645      9.643
  16       -7.533      7.685       11.9
  17       -7.468       3.63      8.554
  18       -7.467      2.591      9.557
  19       -7.435       2.59      9.593
  20       -7.404      8.715      13.08
  21       -7.372      3.396      7.807
  22       -7.362      2.641      9.436
  23       -7.335      8.866      12.81
  24       -7.257      14.87      20.18
  25       -7.179      2.765      8.629
  26       -7.167      5.641      10.83
  27       -7.148      7.453       12.4
  28       -7.066      14.23      18.89
  29       -7.051      2.617      6.686
  30       -7.006      2.456      9.835
  31       -6.962      2.456      8.666
  32       -6.959      14.99      20.28
  33       -6.952       11.4      16.76
  34       -6.943      10.54      15.66
  35       -6.931      3.263      8.149
  36       -6.926      2.947      9.718
  37       -6.923      14.12      18.95
  38       -6.893      8.068      11.83
  39       -6.861      3.812      8.689
  40       -6.856      13.89      18.78
  41       -6.846      14.83      19.35
  42       -6.844      6.189      11.49
  43        -6.82      11.56      16.95
  44       -6.816      12.97      18.24
  45       -6.784      14.58      19.79
  46       -6.766      3.628      6.823
  47       -6.732      2.687      9.476
  48       -6.725      8.261      13.26
  49       -6.708      9.325      13.34
  50       -6.703      14.47       18.9

