AutoDock Vina v1.2.7
#################################################################
# If you used AutoDock Vina in your work, please cite:          #
#                                                               #
# J. Eberhardt, D. Santos-Martins, A. F. Tillack, and S. Forli  #
# AutoDock Vina 1.2.0: New Docking Methods, Expanded Force      #
# Field, and Python Bindings, J. Chem. Inf. Model. (2021)       #
# DOI 10.1021/acs.jcim.1c00203                                  #
#                                                               #
# O. Trott, A. J. Olson,                                        #
# AutoDock Vina: improving the speed and accuracy of docking    #
# with a new scoring function, efficient optimization and       #
# multithreading, J. Comp. Chem. (2010)                         #
# DOI 10.1002/jcc.21334                                         #
#                                                               #
# Please see https://github.com/ccsb-scripps/AutoDock-Vina for  #
# more information.                                             #
#################################################################

Scoring function : vina
Rigid receptor: /Users/user/Desktop/Projet_long/docking/work/receptors/pdbqt/slco1c1_rattus.pdbqt
Ligand: /Users/user/Desktop/Projet_long/docking/work/ligands/pdbqt/cyanopeptolinA.pdbqt
Grid center: X -8.855 Y 0.868 Z 1.607
Grid size  : X 30 Y 30 Z 30
Grid space : 0.375
Exhaustiveness: 16
CPU: 1
Verbosity: 1

Computing Vina grid ... done.
Performing docking (random seed: -293440706) ... 
0%   10   20   30   40   50   60   70   80   90   100%
|----|----|----|----|----|----|----|----|----|----|
***************************************************

mode |   affinity | dist from best mode
     | (kcal/mol) | rmsd l.b.| rmsd u.b.
-----+------------+----------+----------
   1       -8.132          0          0
   2       -7.815      1.565      2.556
   3       -7.659      4.479      9.861
   4       -7.551      3.457      10.89
   5       -7.523      3.453      12.04
   6       -7.425      3.973       10.7
   7       -7.398      3.653      11.45
   8       -7.385      4.176      11.17
   9       -7.345      4.766      10.28
  10       -7.281      3.716      11.82
  11       -7.278      1.821      3.121
  12       -7.235      4.021       7.49
  13       -7.186      3.427       12.2
  14       -7.145      3.851      12.37
  15       -7.138      3.743      7.531
  16       -7.063      3.491      7.173
  17        -7.03      3.857       7.41
  18       -7.024      4.104      11.76
  19       -7.011      4.053      7.429
  20       -7.007      3.505      11.06
  21       -6.972      4.128      7.583
  22       -6.965      4.567      10.68
  23       -6.959      3.559      11.34
  24       -6.954      3.795      12.03
  25       -6.933      3.799      10.98
  26       -6.922      3.939      10.52
  27       -6.915      4.155      8.099
  28       -6.858      3.459      11.39
  29       -6.857      1.781      2.681
  30       -6.835      4.123      10.01
  31       -6.821      3.354      11.45
  32       -6.794       3.76      6.932
  33       -6.777      4.919      10.62
  34       -6.771      3.873      11.34
  35       -6.756      4.309      7.476
  36       -6.755      3.453      7.553
  37       -6.713      4.348      10.47
  38       -6.694      3.982      7.255
  39       -6.674      4.545      10.74
  40       -6.647      3.832      11.72
  41       -6.617      3.699      12.07
  42       -6.582      3.631      11.82
  43       -6.566      3.841      11.27
  44       -6.563      3.891      11.81
  45       -6.503      3.727      11.15
  46       -6.487       2.53      3.385
  47       -6.476      4.782      8.539
  48       -6.443      4.211      7.877
  49       -6.433       3.77      7.303
  50       -6.263      2.171      4.429

