AutoDock Vina v1.2.7
#################################################################
# If you used AutoDock Vina in your work, please cite:          #
#                                                               #
# J. Eberhardt, D. Santos-Martins, A. F. Tillack, and S. Forli  #
# AutoDock Vina 1.2.0: New Docking Methods, Expanded Force      #
# Field, and Python Bindings, J. Chem. Inf. Model. (2021)       #
# DOI 10.1021/acs.jcim.1c00203                                  #
#                                                               #
# O. Trott, A. J. Olson,                                        #
# AutoDock Vina: improving the speed and accuracy of docking    #
# with a new scoring function, efficient optimization and       #
# multithreading, J. Comp. Chem. (2010)                         #
# DOI 10.1002/jcc.21334                                         #
#                                                               #
# Please see https://github.com/ccsb-scripps/AutoDock-Vina for  #
# more information.                                             #
#################################################################

Scoring function : vina
Rigid receptor: /Users/user/Desktop/Projet_long/docking/work/receptors/pdbqt/abcc9_xenope.pdbqt
Ligand: /Users/user/Desktop/Projet_long/docking/work/ligands/pdbqt/microgininFR1.pdbqt
Grid center: X -0.795 Y -3.569 Z 2.026
Grid size  : X 30 Y 30 Z 30
Grid space : 0.375
Exhaustiveness: 16
CPU: 1
Verbosity: 1

Computing Vina grid ... done.
Performing docking (random seed: -854875462) ... 
0%   10   20   30   40   50   60   70   80   90   100%
|----|----|----|----|----|----|----|----|----|----|
***************************************************

mode |   affinity | dist from best mode
     | (kcal/mol) | rmsd l.b.| rmsd u.b.
-----+------------+----------+----------
   1       -6.374          0          0
   2       -6.328      1.957      3.507
   3       -6.107      2.261      7.621
   4       -6.094      15.07      20.36
   5       -6.081       1.87      2.849
   6       -6.073      15.88      21.09
   7        -6.03      2.256       3.19
   8       -6.023      2.417      7.702
   9       -5.903       2.33       7.95
  10       -5.885      2.378      7.153
  11       -5.854      14.53      19.89
  12       -5.852      2.438      7.871
  13       -5.848      2.362      9.424
  14       -5.844      1.551      2.469
  15       -5.831      14.75      18.04
  16        -5.79      13.39      18.28
  17       -5.764      2.791      8.439
  18        -5.76      2.204      8.508
  19       -5.749      2.476      8.973
  20       -5.743      15.32      20.07
  21       -5.688      15.02      18.15
  22       -5.677      3.084      7.893
  23       -5.659      14.25      20.62
  24       -5.647      2.385      7.764
  25       -5.646      13.77       18.9
  26       -5.628      15.55      20.71
  27       -5.622      2.609      6.688
  28       -5.609      11.37      17.73
  29       -5.595      15.36      21.91
  30        -5.59      9.165      15.17
  31        -5.55       2.45      8.737
  32       -5.544       2.46       7.71
  33       -5.538      2.519      9.193
  34        -5.52      9.299      14.83
  35       -5.506      10.82      17.31
  36       -5.503      3.407      8.313
  37       -5.494      10.48      16.06
  38       -5.473       16.6      23.01
  39       -5.465      14.92      21.21
  40       -5.459      2.609      6.501
  41       -5.451      15.93      19.95
  42       -5.428      5.001      9.363
  43       -5.416      2.291      8.157
  44       -5.389      15.57      20.59
  45       -5.343      16.17      21.48
  46       -5.327      3.267      10.02
  47        -5.29      14.71      17.84
  48        -5.28      4.761      10.41
  49        -5.27       14.7       18.3
  50         9.02      15.39      19.26

