AutoDock Vina v1.2.7
#################################################################
# If you used AutoDock Vina in your work, please cite:          #
#                                                               #
# J. Eberhardt, D. Santos-Martins, A. F. Tillack, and S. Forli  #
# AutoDock Vina 1.2.0: New Docking Methods, Expanded Force      #
# Field, and Python Bindings, J. Chem. Inf. Model. (2021)       #
# DOI 10.1021/acs.jcim.1c00203                                  #
#                                                               #
# O. Trott, A. J. Olson,                                        #
# AutoDock Vina: improving the speed and accuracy of docking    #
# with a new scoring function, efficient optimization and       #
# multithreading, J. Comp. Chem. (2010)                         #
# DOI 10.1002/jcc.21334                                         #
#                                                               #
# Please see https://github.com/ccsb-scripps/AutoDock-Vina for  #
# more information.                                             #
#################################################################

Scoring function : vina
Rigid receptor: /Users/user/Desktop/Projet_long/docking/work/receptors/pdbqt/slco1c1_xenope.pdbqt
Ligand: /Users/user/Desktop/Projet_long/docking/work/ligands/pdbqt/microcyclamide7806B_3D.pdbqt
Grid center: X -2.872 Y -0.807 Z 5.078
Grid size  : X 30 Y 30 Z 30
Grid space : 0.375
Exhaustiveness: 16
CPU: 1
Verbosity: 1

Computing Vina grid ... done.
Performing docking (random seed: -1318254191) ... 
0%   10   20   30   40   50   60   70   80   90   100%
|----|----|----|----|----|----|----|----|----|----|
***************************************************

mode |   affinity | dist from best mode
     | (kcal/mol) | rmsd l.b.| rmsd u.b.
-----+------------+----------+----------
   1       -6.944          0          0
   2       -6.684      3.929      6.733
   3        -6.26      1.453       1.85
   4       -6.136      2.518      6.855
   5       -6.049      3.702      6.235
   6       -5.957      2.809      3.635
   7       -5.893      2.446       3.31
   8       -5.717       3.91      6.775
   9       -5.714      4.209      7.172
  10       -5.685      4.294      6.937
  11       -5.473      2.642      6.415
  12       -5.469      2.712      6.919
  13        -5.45       3.75      7.617
  14       -5.434      3.476      7.327
  15       -5.429      5.508      8.386
  16       -5.427      2.601      6.756
  17       -5.396      2.654      5.666
  18       -5.394      5.907      8.196
  19        -5.38      3.358      6.895
  20       -5.333      4.849      8.142
  21       -5.268      3.019      6.695
  22       -5.235       4.03      7.133
  23       -5.235      2.765      6.902
  24       -5.227      3.911      6.855
  25       -5.217      4.666      6.815
  26        -5.16      4.191      7.408
  27       -5.114      3.954      7.245
  28       -5.091      3.315       5.95
  29       -5.072      5.022       7.76
  30       -5.063      4.006      7.284
  31        -5.03      4.431      7.532
  32       -5.004      3.183      6.973
  33       -4.978      4.289      7.833
  34       -4.977      6.225      8.259
  35       -4.945      4.029      4.967
  36       -4.939      5.665      8.328
  37       -4.927      4.448      9.023
  38         -4.9      5.272      8.698
  39       -4.887      3.324      7.083
  40       -4.873      3.272      6.407
  41       -4.817      5.826       8.15
  42       -4.784      6.101      9.435
  43       -4.784      4.939      8.421
  44       -4.777      4.887       7.75
  45         -4.7      3.687       6.39
  46        -4.68      4.477      7.708
  47       -4.679      5.616      7.956
  48       -4.651      3.507      8.296
  49       -4.634      4.847      8.265
  50       -4.596      4.545      7.255

