AutoDock Vina v1.2.7
#################################################################
# If you used AutoDock Vina in your work, please cite:          #
#                                                               #
# J. Eberhardt, D. Santos-Martins, A. F. Tillack, and S. Forli  #
# AutoDock Vina 1.2.0: New Docking Methods, Expanded Force      #
# Field, and Python Bindings, J. Chem. Inf. Model. (2021)       #
# DOI 10.1021/acs.jcim.1c00203                                  #
#                                                               #
# O. Trott, A. J. Olson,                                        #
# AutoDock Vina: improving the speed and accuracy of docking    #
# with a new scoring function, efficient optimization and       #
# multithreading, J. Comp. Chem. (2010)                         #
# DOI 10.1002/jcc.21334                                         #
#                                                               #
# Please see https://github.com/ccsb-scripps/AutoDock-Vina for  #
# more information.                                             #
#################################################################

Scoring function : vina
Rigid receptor: /Users/user/Desktop/Projet_long/docking/work/receptors/pdbqt/abcc5_xenope.pdbqt
Ligand: /Users/user/Desktop/Projet_long/docking/work/ligands/pdbqt/cyanopeptolinA.pdbqt
Grid center: X -0.754 Y 0.214 Z 5.909
Grid size  : X 30 Y 30 Z 30
Grid space : 0.375
Exhaustiveness: 16
CPU: 1
Verbosity: 1

Computing Vina grid ... done.
Performing docking (random seed: 1321270749) ... 
0%   10   20   30   40   50   60   70   80   90   100%
|----|----|----|----|----|----|----|----|----|----|
***************************************************

mode |   affinity | dist from best mode
     | (kcal/mol) | rmsd l.b.| rmsd u.b.
-----+------------+----------+----------
   1       -6.236          0          0
   2       -6.228      5.153      10.97
   3       -6.087      2.747      5.755
   4       -6.032      4.504      12.66
   5       -6.012      8.486       12.5
   6       -5.926      4.642       12.5
   7         -5.9      8.246      11.83
   8       -5.899      2.816      6.367
   9       -5.871      2.661      6.067
  10       -5.867      4.548      7.975
  11        -5.83      5.334      9.102
  12       -5.803      4.533      8.766
  13       -5.802      3.783      11.35
  14        -5.78      7.525      11.35
  15        -5.77      1.695      2.598
  16       -5.751      2.762       3.84
  17       -5.751      6.479      10.88
  18       -5.724      6.877      12.26
  19       -5.716      2.536      5.644
  20       -5.691       8.25       13.4
  21       -5.643      5.341      8.649
  22       -5.623      5.392       12.8
  23       -5.618       4.67      12.28
  24       -5.613      6.965      12.61
  25       -5.568      4.838      9.804
  26       -5.551      6.035      11.44
  27       -5.547      6.012      11.04
  28       -5.489      5.694         12
  29       -5.476       4.88      9.114
  30       -5.464      5.558      11.54
  31       -5.462      4.632      12.73
  32       -5.459      2.851      12.65
  33       -5.457      7.239      11.62
  34       -5.456      5.404      9.506
  35       -5.437      5.733      10.09
  36       -5.422      6.577      11.73
  37       -5.409      5.926      10.43
  38       -5.388      6.267      10.57
  39       -5.386      6.854      10.97
  40       -5.376      6.533      10.46
  41       -5.376      6.029      9.489
  42       -5.349      2.707      6.706
  43       -5.342      6.056      10.38
  44       -5.332       4.32      11.57
  45       -5.288      7.396      12.75
  46       -5.271      5.626      9.663
  47       -5.259      4.225      8.921
  48       -5.248      2.847      12.53
  49       -5.234      5.869      11.56
  50       -5.221      4.435      12.32

