AutoDock Vina v1.2.7
#################################################################
# If you used AutoDock Vina in your work, please cite:          #
#                                                               #
# J. Eberhardt, D. Santos-Martins, A. F. Tillack, and S. Forli  #
# AutoDock Vina 1.2.0: New Docking Methods, Expanded Force      #
# Field, and Python Bindings, J. Chem. Inf. Model. (2021)       #
# DOI 10.1021/acs.jcim.1c00203                                  #
#                                                               #
# O. Trott, A. J. Olson,                                        #
# AutoDock Vina: improving the speed and accuracy of docking    #
# with a new scoring function, efficient optimization and       #
# multithreading, J. Comp. Chem. (2010)                         #
# DOI 10.1002/jcc.21334                                         #
#                                                               #
# Please see https://github.com/ccsb-scripps/AutoDock-Vina for  #
# more information.                                             #
#################################################################

Scoring function : vina
Rigid receptor: /Users/user/Desktop/Projet_long/docking/work/receptors/pdbqt/abcc1_rattus.pdbqt
Ligand: /Users/user/Desktop/Projet_long/docking/work/ligands/pdbqt/aeruginosin98A.pdbqt
Grid center: X -4.244 Y 3.992 Z -2.379
Grid size  : X 30 Y 30 Z 30
Grid space : 0.375
Exhaustiveness: 16
CPU: 1
Verbosity: 1

Computing Vina grid ... done.
Performing docking (random seed: -1152266370) ... 
0%   10   20   30   40   50   60   70   80   90   100%
|----|----|----|----|----|----|----|----|----|----|
***************************************************

mode |   affinity | dist from best mode
     | (kcal/mol) | rmsd l.b.| rmsd u.b.
-----+------------+----------+----------
   1       -8.008          0          0
   2       -7.861      4.046       8.09
   3       -7.502      4.851      8.773
   4       -7.388      4.397      8.223
   5       -7.365      8.247      11.11
   6       -7.332      4.773      8.009
   7         -7.3      4.238      7.998
   8       -7.223      9.013      12.02
   9       -7.221      3.984       7.32
  10       -7.204      3.766      7.795
  11       -7.151      4.573      8.464
  12       -7.114      4.062      7.825
  13       -7.057      4.317      7.798
  14       -7.042      2.803      5.614
  15       -6.993      4.063      8.038
  16       -6.928      8.096      10.97
  17       -6.921      4.654      8.689
  18       -6.914       4.81       8.84
  19       -6.878       4.05      8.077
  20       -6.868      7.086      11.12
  21       -6.864      4.408      7.861
  22       -6.842      6.028      9.499
  23       -6.828      5.075      9.119
  24       -6.796      3.908      8.512
  25       -6.791      6.475      11.85
  26       -6.791      3.589      7.467
  27       -6.757      3.995      7.285
  28       -6.742      4.086      7.483
  29       -6.733      3.908      7.719
  30        -6.73      5.983      9.194
  31       -6.715      6.578      9.942
  32       -6.686      3.798      8.041
  33       -6.645      6.074      9.314
  34       -6.637       2.72      5.621
  35       -6.581      8.993      13.16
  36       -6.565      4.403      9.294
  37       -6.559      6.175      10.69
  38       -6.551       7.19      10.72
  39        -6.53      7.354      10.18
  40       -6.522      3.265      5.051
  41       -6.522      4.806      8.515
  42       -6.504      5.066      8.876
  43       -6.467      7.433      10.88
  44       -6.443      7.145      11.38
  45       -6.442      7.878      10.91
  46       -6.403      7.028      11.83
  47       -6.331      5.123      9.079
  48       -6.325      8.672      11.49
  49       -6.296      8.978      12.09
  50       -6.266      8.845      12.24

