AutoDock Vina v1.2.7
#################################################################
# If you used AutoDock Vina in your work, please cite:          #
#                                                               #
# J. Eberhardt, D. Santos-Martins, A. F. Tillack, and S. Forli  #
# AutoDock Vina 1.2.0: New Docking Methods, Expanded Force      #
# Field, and Python Bindings, J. Chem. Inf. Model. (2021)       #
# DOI 10.1021/acs.jcim.1c00203                                  #
#                                                               #
# O. Trott, A. J. Olson,                                        #
# AutoDock Vina: improving the speed and accuracy of docking    #
# with a new scoring function, efficient optimization and       #
# multithreading, J. Comp. Chem. (2010)                         #
# DOI 10.1002/jcc.21334                                         #
#                                                               #
# Please see https://github.com/ccsb-scripps/AutoDock-Vina for  #
# more information.                                             #
#################################################################

Scoring function : vina
Rigid receptor: /Users/user/Desktop/Projet_long/docking/work/receptors/pdbqt/abcb6_xenope.pdbqt
Ligand: /Users/user/Desktop/Projet_long/docking/work/ligands/pdbqt/microgininFR1.pdbqt
Grid center: X -2.239 Y 0.893 Z -6.298
Grid size  : X 30 Y 30 Z 30
Grid space : 0.375
Exhaustiveness: 16
CPU: 1
Verbosity: 1

Computing Vina grid ... done.
Performing docking (random seed: 1316534966) ... 
0%   10   20   30   40   50   60   70   80   90   100%
|----|----|----|----|----|----|----|----|----|----|
***************************************************

mode |   affinity | dist from best mode
     | (kcal/mol) | rmsd l.b.| rmsd u.b.
-----+------------+----------+----------
   1       -6.061          0          0
   2       -6.061      1.624      2.896
   3       -6.059      2.441      5.906
   4       -6.052       2.61      5.487
   5       -5.995       2.36      4.302
   6       -5.984          2      3.247
   7       -5.964      3.367      7.221
   8       -5.962      3.432      7.679
   9       -5.926      3.876       6.45
  10       -5.888      2.512      7.527
  11       -5.885      2.484      6.998
  12        -5.86      2.328      7.528
  13       -5.827       2.88      7.073
  14       -5.811      3.453      8.119
  15       -5.757      3.543      7.957
  16       -5.739      2.733       7.04
  17       -5.728       2.64      6.008
  18       -5.724      2.706      5.418
  19       -5.674      4.957      10.89
  20       -5.631      2.842      7.478
  21       -5.602      7.493      13.56
  22       -5.599      3.286      7.343
  23       -5.585      2.706      5.829
  24        -5.54      5.038      9.426
  25       -5.515      3.281      7.568
  26       -5.501       2.22      6.496
  27         -5.5      3.465      7.024
  28        -5.47      5.365      11.39
  29       -5.457      2.466      5.448
  30       -5.454      2.083       6.19
  31       -5.443      3.548      7.615
  32       -5.441      5.495      11.41
  33        -5.43      2.943      8.615
  34       -5.428      2.807      7.164
  35       -5.421      3.057      8.591
  36       -5.418      5.427      9.598
  37        -5.39      2.333       6.18
  38        -5.39      3.303      7.469
  39       -5.389      3.034      6.753
  40       -5.387      2.485      5.989
  41       -5.368       2.98      6.503
  42       -5.356      3.627      6.341
  43       -5.345      4.607      6.897
  44       -5.331      4.688      9.872
  45       -5.314       3.93      9.267
  46       -5.302      2.678      6.718
  47       -5.297      6.061      11.74
  48       -5.263      4.001      9.066
  49       -5.252      2.395      6.241
  50       -5.251      4.192      10.43

