AutoDock Vina v1.2.7
#################################################################
# If you used AutoDock Vina in your work, please cite:          #
#                                                               #
# J. Eberhardt, D. Santos-Martins, A. F. Tillack, and S. Forli  #
# AutoDock Vina 1.2.0: New Docking Methods, Expanded Force      #
# Field, and Python Bindings, J. Chem. Inf. Model. (2021)       #
# DOI 10.1021/acs.jcim.1c00203                                  #
#                                                               #
# O. Trott, A. J. Olson,                                        #
# AutoDock Vina: improving the speed and accuracy of docking    #
# with a new scoring function, efficient optimization and       #
# multithreading, J. Comp. Chem. (2010)                         #
# DOI 10.1002/jcc.21334                                         #
#                                                               #
# Please see https://github.com/ccsb-scripps/AutoDock-Vina for  #
# more information.                                             #
#################################################################

Scoring function : vina
Rigid receptor: /Users/user/Desktop/Projet_long/docking/work/receptors/pdbqt/abcc8_zebrafish.pdbqt
Ligand: /Users/user/Desktop/Projet_long/docking/work/ligands/pdbqt/aeruginosin98A.pdbqt
Grid center: X -6.537 Y 2.389 Z 0.616
Grid size  : X 30 Y 30 Z 30
Grid space : 0.375
Exhaustiveness: 16
CPU: 1
Verbosity: 1

Computing Vina grid ... done.
Performing docking (random seed: 732419400) ... 
0%   10   20   30   40   50   60   70   80   90   100%
|----|----|----|----|----|----|----|----|----|----|
***************************************************

mode |   affinity | dist from best mode
     | (kcal/mol) | rmsd l.b.| rmsd u.b.
-----+------------+----------+----------
   1       -8.065          0          0
   2       -7.519      1.974      2.742
   3        -7.46      4.467      10.13
   4       -7.225      2.991      6.406
   5       -7.145      1.914      2.791
   6       -7.144      2.947       5.49
   7       -7.056      3.036      5.627
   8       -6.984      4.819       8.28
   9       -6.977      3.909      6.536
  10       -6.938      3.298      7.935
  11       -6.886      2.132      3.179
  12       -6.857      12.67      16.19
  13       -6.831      4.768      10.29
  14       -6.826      5.148      10.45
  15       -6.823      5.237      8.077
  16       -6.819      5.046      7.928
  17       -6.741      5.364      8.699
  18       -6.694      5.217       8.58
  19       -6.673      12.53      16.32
  20       -6.629       4.76       8.07
  21       -6.614      2.046      2.695
  22       -6.585      3.882      7.043
  23       -6.565      11.33      15.05
  24       -6.553       5.24      7.853
  25       -6.544      4.727      9.791
  26       -6.519      4.313      9.277
  27        -6.45      5.075      8.073
  28       -6.438      5.685      9.471
  29       -6.431      4.793      9.785
  30       -6.397      4.499      7.604
  31       -6.393      6.153      8.844
  32       -6.385        1.8      2.682
  33       -6.385      12.02      15.04
  34       -6.355      3.835       6.33
  35       -6.341      2.999      5.454
  36       -6.314      8.994      12.47
  37       -6.306      4.412      6.952
  38       -6.293      4.537      9.694
  39        -6.29      7.317       10.4
  40       -6.282      10.92      14.51
  41       -6.263      7.629      10.87
  42       -6.243      8.565      12.67
  43       -6.241       9.25       13.5
  44       -6.215       3.07      5.498
  45       -6.181       7.07        9.6
  46       -6.129       13.8      17.19
  47       -6.119      7.057      10.31
  48       -6.098       10.3      13.11
  49       -6.054      5.381      8.258
  50       -6.047      5.173      8.079

