AutoDock Vina v1.2.7
#################################################################
# If you used AutoDock Vina in your work, please cite:          #
#                                                               #
# J. Eberhardt, D. Santos-Martins, A. F. Tillack, and S. Forli  #
# AutoDock Vina 1.2.0: New Docking Methods, Expanded Force      #
# Field, and Python Bindings, J. Chem. Inf. Model. (2021)       #
# DOI 10.1021/acs.jcim.1c00203                                  #
#                                                               #
# O. Trott, A. J. Olson,                                        #
# AutoDock Vina: improving the speed and accuracy of docking    #
# with a new scoring function, efficient optimization and       #
# multithreading, J. Comp. Chem. (2010)                         #
# DOI 10.1002/jcc.21334                                         #
#                                                               #
# Please see https://github.com/ccsb-scripps/AutoDock-Vina for  #
# more information.                                             #
#################################################################

Scoring function : vina
Rigid receptor: /Users/user/Desktop/Projet_long/docking/work/receptors/pdbqt/tmprss2_xenope.pdbqt
Ligand: /Users/user/Desktop/Projet_long/docking/work/ligands/pdbqt/microcystineLR.pdbqt
Grid center: X -0.355 Y -9.71 Z 7.276
Grid size  : X 30 Y 30 Z 30
Grid space : 0.375
Exhaustiveness: 16
CPU: 1
Verbosity: 1

Computing Vina grid ... done.
Performing docking (random seed: 1668084892) ... 
0%   10   20   30   40   50   60   70   80   90   100%
|----|----|----|----|----|----|----|----|----|----|
***************************************************

mode |   affinity | dist from best mode
     | (kcal/mol) | rmsd l.b.| rmsd u.b.
-----+------------+----------+----------
   1       -7.985          0          0
   2       -7.971      7.121      12.33
   3       -7.802      6.537      11.38
   4       -7.771      6.356      11.54
   5       -7.755      7.116      12.29
   6       -7.634      2.175      3.696
   7       -7.633       1.84      3.007
   8        -7.62      6.154      10.97
   9       -7.606      6.348      11.24
  10       -7.573      1.825      3.022
  11       -7.572      6.877      12.12
  12       -7.528      3.559      13.57
  13       -7.522      6.865      12.11
  14       -7.502      5.378      12.48
  15       -7.487      2.389      4.203
  16       -7.461      3.389      13.39
  17       -7.452      5.488      10.14
  18       -7.447      3.481       13.3
  19       -7.386      2.546      4.175
  20       -7.318      5.037      10.87
  21       -7.315      4.689      10.92
  22        -7.31       6.01      11.79
  23       -7.306       6.93      12.38
  24       -7.299      3.728      13.28
  25       -7.279      3.367      13.22
  26       -7.254      5.591      10.73
  27       -7.252      5.616      12.59
  28       -7.238      4.801      10.68
  29       -7.227      3.905      8.756
  30       -7.208      2.384      3.543
  31       -7.207       4.83      11.54
  32       -7.199      5.925      13.04
  33       -7.197      6.955      11.84
  34       -7.194      7.102      11.89
  35       -7.184      4.981      9.929
  36       -7.172      4.244      14.13
  37       -7.162      5.761      11.24
  38       -7.158      4.148      13.49
  39       -7.151      6.684      11.92
  40       -7.147      2.386      4.157
  41       -7.144      3.654      13.92
  42       -7.138       5.04      10.42
  43       -7.138      7.888       11.9
  44       -7.126      2.167      4.034
  45       -7.121      3.263      13.45
  46       -7.111      5.532      10.61
  47       -7.036      3.652      9.131
  48       -7.032      6.224       11.4
  49       -7.027      5.462       10.2
  50       -6.993      6.497      11.31

