AutoDock Vina v1.2.7
#################################################################
# If you used AutoDock Vina in your work, please cite:          #
#                                                               #
# J. Eberhardt, D. Santos-Martins, A. F. Tillack, and S. Forli  #
# AutoDock Vina 1.2.0: New Docking Methods, Expanded Force      #
# Field, and Python Bindings, J. Chem. Inf. Model. (2021)       #
# DOI 10.1021/acs.jcim.1c00203                                  #
#                                                               #
# O. Trott, A. J. Olson,                                        #
# AutoDock Vina: improving the speed and accuracy of docking    #
# with a new scoring function, efficient optimization and       #
# multithreading, J. Comp. Chem. (2010)                         #
# DOI 10.1002/jcc.21334                                         #
#                                                               #
# Please see https://github.com/ccsb-scripps/AutoDock-Vina for  #
# more information.                                             #
#################################################################

Scoring function : vina
Rigid receptor: /Users/user/Desktop/Projet_long/docking/work/receptors/pdbqt/abcb11_rattus.pdbqt
Ligand: /Users/user/Desktop/Projet_long/docking/work/ligands/pdbqt/microcystineLR.pdbqt
Grid center: X -6.695 Y 2.031 Z -3.702
Grid size  : X 30 Y 30 Z 30
Grid space : 0.375
Exhaustiveness: 16
CPU: 1
Verbosity: 1

Computing Vina grid ... done.
Performing docking (random seed: -431516385) ... 
0%   10   20   30   40   50   60   70   80   90   100%
|----|----|----|----|----|----|----|----|----|----|
***************************************************

mode |   affinity | dist from best mode
     | (kcal/mol) | rmsd l.b.| rmsd u.b.
-----+------------+----------+----------
   1       -6.866          0          0
   2       -6.826      2.949      12.62
   3       -6.823      12.83      21.16
   4       -6.746      12.72       19.1
   5       -6.722      8.815      15.28
   6        -6.66      12.76      18.97
   7       -6.646      9.616      16.26
   8       -6.598      11.67      17.93
   9       -6.586         13      18.94
  10       -6.557      12.56      16.31
  11       -6.511      1.814      3.518
  12       -6.508      12.17      19.41
  13       -6.502      2.144       3.55
  14       -6.461      5.166      12.15
  15       -6.458        3.2      12.43
  16       -6.443      14.62      20.48
  17       -6.434      13.29      18.06
  18       -6.412      13.35      19.26
  19        -6.41      12.66       18.6
  20       -6.393      13.52      19.43
  21       -6.385      10.38      16.05
  22       -6.384      11.88      16.85
  23       -6.378      15.55      20.78
  24       -6.377      12.43      15.81
  25       -6.368      9.045      13.66
  26        -6.35       12.1      15.92
  27       -6.335      5.548       10.8
  28       -6.329      10.43      17.25
  29       -6.323      3.361       5.07
  30       -6.272      3.464      11.41
  31        -6.27      14.78      20.17
  32       -6.265      3.256      11.85
  33       -6.264      8.891      14.21
  34       -6.259      9.544         16
  35       -6.255      8.629      13.36
  36       -6.224      12.45      20.72
  37       -6.219      11.91      18.74
  38       -6.202      12.51      15.93
  39       -6.201      12.74      17.09
  40       -6.194      12.32      18.78
  41       -6.193      14.95      20.17
  42       -6.154      13.78      18.37
  43       -6.147      9.176      14.47
  44       -6.141      11.76      18.69
  45       -6.138      12.82      18.94
  46       -6.136      13.09      17.36
  47       -6.097      12.24      19.41
  48        -6.09      9.853      14.01
  49       -6.053      8.641       12.5
  50       -6.016      8.926      14.94

