AutoDock Vina v1.2.7
#################################################################
# If you used AutoDock Vina in your work, please cite:          #
#                                                               #
# J. Eberhardt, D. Santos-Martins, A. F. Tillack, and S. Forli  #
# AutoDock Vina 1.2.0: New Docking Methods, Expanded Force      #
# Field, and Python Bindings, J. Chem. Inf. Model. (2021)       #
# DOI 10.1021/acs.jcim.1c00203                                  #
#                                                               #
# O. Trott, A. J. Olson,                                        #
# AutoDock Vina: improving the speed and accuracy of docking    #
# with a new scoring function, efficient optimization and       #
# multithreading, J. Comp. Chem. (2010)                         #
# DOI 10.1002/jcc.21334                                         #
#                                                               #
# Please see https://github.com/ccsb-scripps/AutoDock-Vina for  #
# more information.                                             #
#################################################################

Scoring function : vina
Rigid receptor: /Users/user/Desktop/Projet_long/docking/work/receptors/pdbqt/abca5_rattus.pdbqt
Ligand: /Users/user/Desktop/Projet_long/docking/work/ligands/pdbqt/microcystineLR.pdbqt
Grid center: X 5.617 Y -3.088 Z -2.964
Grid size  : X 30 Y 30 Z 30
Grid space : 0.375
Exhaustiveness: 16
CPU: 1
Verbosity: 1

Computing Vina grid ... done.
Performing docking (random seed: -626025306) ... 
0%   10   20   30   40   50   60   70   80   90   100%
|----|----|----|----|----|----|----|----|----|----|
***************************************************

mode |   affinity | dist from best mode
     | (kcal/mol) | rmsd l.b.| rmsd u.b.
-----+------------+----------+----------
   1       -5.407          0          0
   2       -5.321      2.167       3.55
   3       -5.315      3.594      5.685
   4       -5.176      3.214      5.344
   5       -5.105      3.451      6.238
   6       -5.025      3.441      6.864
   7       -4.938      10.75      16.23
   8       -4.928      13.35      17.31
   9       -4.904      9.781      15.76
  10       -4.889      11.32      16.78
  11        -4.88      5.119      8.893
  12       -4.873      11.06      16.82
  13       -4.867      11.67      16.46
  14       -4.861      13.33      17.36
  15        -4.84       7.87      16.71
  16       -4.822      2.238      4.048
  17       -4.811      11.64      16.17
  18       -4.799      12.22      16.08
  19       -4.781      11.57      16.38
  20       -4.781      5.952      14.75
  21       -4.765      8.457      14.97
  22       -4.753      16.13      21.86
  23       -4.751      12.38      17.07
  24       -4.744       8.43      14.32
  25       -4.733       12.6      16.65
  26       -4.728      12.29      17.95
  27       -4.723      11.58      16.35
  28       -4.703      11.95       16.8
  29       -4.701      10.96      16.31
  30       -4.696      11.38      15.61
  31        -4.69      12.55       16.8
  32       -4.688      9.704         17
  33       -4.679      13.13      16.83
  34       -4.676      4.639      10.51
  35       -4.648      5.521      14.87
  36       -4.626       18.7      24.08
  37       -4.618      8.734      15.96
  38       -4.616      5.272      14.85
  39       -4.612      12.94      19.35
  40       -4.582      9.074      16.17
  41       -4.578      11.02      16.85
  42       -4.563      11.42      16.44
  43        -4.55      10.01      17.68
  44        -4.55      11.22      16.58
  45       -4.524      11.28      16.61
  46       -4.503      5.958      15.06
  47         -4.5      7.984      14.28
  48       -4.482      19.96      25.51
  49       -4.474       12.3      17.27
  50       -4.403      12.09      17.01

