AutoDock Vina v1.2.7
#################################################################
# If you used AutoDock Vina in your work, please cite:          #
#                                                               #
# J. Eberhardt, D. Santos-Martins, A. F. Tillack, and S. Forli  #
# AutoDock Vina 1.2.0: New Docking Methods, Expanded Force      #
# Field, and Python Bindings, J. Chem. Inf. Model. (2021)       #
# DOI 10.1021/acs.jcim.1c00203                                  #
#                                                               #
# O. Trott, A. J. Olson,                                        #
# AutoDock Vina: improving the speed and accuracy of docking    #
# with a new scoring function, efficient optimization and       #
# multithreading, J. Comp. Chem. (2010)                         #
# DOI 10.1002/jcc.21334                                         #
#                                                               #
# Please see https://github.com/ccsb-scripps/AutoDock-Vina for  #
# more information.                                             #
#################################################################

Scoring function : vina
Rigid receptor: /Users/user/Desktop/Projet_long/docking/work/receptors/pdbqt/slco1c1_zebrafish.pdbqt
Ligand: /Users/user/Desktop/Projet_long/docking/work/ligands/pdbqt/microcyclamide7806B_3D.pdbqt
Grid center: X -4.396 Y -3.059 Z 7.483
Grid size  : X 30 Y 30 Z 30
Grid space : 0.375
Exhaustiveness: 16
CPU: 1
Verbosity: 1

Computing Vina grid ... done.
Performing docking (random seed: -1083210062) ... 
0%   10   20   30   40   50   60   70   80   90   100%
|----|----|----|----|----|----|----|----|----|----|
***************************************************

mode |   affinity | dist from best mode
     | (kcal/mol) | rmsd l.b.| rmsd u.b.
-----+------------+----------+----------
   1       -6.723          0          0
   2       -6.325      1.703       2.11
   3        -6.29      2.024      3.013
   4       -6.289      3.924      6.337
   5       -6.166      2.777      6.765
   6       -6.101      2.387      6.808
   7       -6.039      1.813      2.488
   8       -6.034      4.666      6.969
   9       -6.026      1.766      2.052
  10       -5.955      2.346      6.756
  11       -5.899      3.946      6.661
  12       -5.789      3.874      6.569
  13        -5.72      3.088      4.988
  14       -5.652      3.834      4.846
  15       -5.618      2.768      6.971
  16       -5.604       2.21      3.147
  17       -5.549      2.613      6.914
  18       -5.521       4.02      6.268
  19        -5.51      2.246      5.777
  20       -5.464      3.538      6.326
  21       -5.426       3.44      7.274
  22       -5.389      4.071      7.233
  23       -5.358      2.438       2.92
  24       -5.355      4.395      7.952
  25       -5.346      2.557      3.533
  26       -5.244      2.637      3.111
  27       -5.238      2.606      3.888
  28       -5.222      4.581      7.091
  29       -5.052      4.019      6.379
  30       -5.021      3.943      7.553
  31       -5.013      4.311      6.399
  32       -4.966      2.446      3.055
  33       -4.943      3.848      6.694
  34       -4.941      2.575      5.858
  35       -4.939      1.703      2.072
  36       -4.937      4.753      8.477
  37       -4.891      3.275      7.414
  38       -4.866      2.134      2.467
  39       -4.862      3.965      6.785
  40       -4.821      6.992      10.03
  41       -4.765      3.171      6.798
  42       -4.753      3.945      6.827
  43       -4.752      3.531      7.049
  44       -4.746      3.035      6.448
  45        -4.71       5.16      6.798
  46       -4.697      2.072      3.339
  47       -4.676      4.497      8.056
  48       -4.661      5.047      7.617
  49       -4.592      3.612      6.609
  50        -4.52      4.408      7.294

