AutoDock Vina v1.2.7
#################################################################
# If you used AutoDock Vina in your work, please cite:          #
#                                                               #
# J. Eberhardt, D. Santos-Martins, A. F. Tillack, and S. Forli  #
# AutoDock Vina 1.2.0: New Docking Methods, Expanded Force      #
# Field, and Python Bindings, J. Chem. Inf. Model. (2021)       #
# DOI 10.1021/acs.jcim.1c00203                                  #
#                                                               #
# O. Trott, A. J. Olson,                                        #
# AutoDock Vina: improving the speed and accuracy of docking    #
# with a new scoring function, efficient optimization and       #
# multithreading, J. Comp. Chem. (2010)                         #
# DOI 10.1002/jcc.21334                                         #
#                                                               #
# Please see https://github.com/ccsb-scripps/AutoDock-Vina for  #
# more information.                                             #
#################################################################

Scoring function : vina
Rigid receptor: /Users/user/Desktop/Projet_long/docking/work/receptors/pdbqt/abcg8_daphnia.pdbqt
Ligand: /Users/user/Desktop/Projet_long/docking/work/ligands/pdbqt/microcyclamide7806B_3D.pdbqt
Grid center: X -4.73 Y -5.286 Z 2.897
Grid size  : X 30 Y 30 Z 30
Grid space : 0.375
Exhaustiveness: 16
CPU: 1
Verbosity: 1

Computing Vina grid ... done.
Performing docking (random seed: -2137204239) ... 
0%   10   20   30   40   50   60   70   80   90   100%
|----|----|----|----|----|----|----|----|----|----|
***************************************************

mode |   affinity | dist from best mode
     | (kcal/mol) | rmsd l.b.| rmsd u.b.
-----+------------+----------+----------
   1       -6.609          0          0
   2       -6.486      3.057      6.534
   3       -6.167      2.661       6.36
   4       -5.877       4.66      6.099
   5       -5.785      4.191      7.607
   6       -5.486      3.675      5.621
   7       -5.448      2.208      3.219
   8       -5.434       4.59      8.336
   9       -5.112      7.389      10.38
  10       -5.075      3.965      7.688
  11       -5.048      4.451      7.367
  12       -5.037      1.763      2.235
  13       -4.942      12.83      15.97
  14        -4.94      3.117      6.888
  15       -4.931      13.06      15.48
  16       -4.931      12.18      15.97
  17       -4.894      13.61      15.84
  18       -4.865      4.086      7.629
  19       -4.822      11.91         16
  20       -4.818      4.349       6.97
  21       -4.804      4.271       8.55
  22       -4.772      5.815      8.969
  23       -4.737      3.489       8.72
  24       -4.718      3.993      6.997
  25       -4.694      3.443      7.219
  26       -4.654      12.11      15.27
  27       -4.648      13.74      16.91
  28       -4.628      3.159      6.499
  29       -4.556      20.47      23.65
  30       -4.509         14      16.71
  31       -4.497      21.24       23.5
  32       -4.488      12.91      14.89
  33       -4.478      21.98      24.13
  34       -4.444      15.77      17.93
  35       -4.439      12.72      16.14
  36        -4.35       22.2      25.55
  37       -4.341      3.515      4.797
  38        -4.27      4.806       9.13
  39       -4.265      6.125      9.075
  40       -4.263      13.49       16.1
  41       -4.243      4.646       8.39
  42       -4.227      3.615      6.423
  43       -4.201      11.75      14.89
  44       -4.182      22.31      25.04
  45       -4.104      21.12       23.4
  46       -4.069      15.56      17.81
  47        -4.05      3.613      7.909
  48       -3.889      13.08      15.02
  49        -3.86      13.78      16.93
  50        -3.79      14.38      17.51

