AutoDock Vina v1.2.7
#################################################################
# If you used AutoDock Vina in your work, please cite:          #
#                                                               #
# J. Eberhardt, D. Santos-Martins, A. F. Tillack, and S. Forli  #
# AutoDock Vina 1.2.0: New Docking Methods, Expanded Force      #
# Field, and Python Bindings, J. Chem. Inf. Model. (2021)       #
# DOI 10.1021/acs.jcim.1c00203                                  #
#                                                               #
# O. Trott, A. J. Olson,                                        #
# AutoDock Vina: improving the speed and accuracy of docking    #
# with a new scoring function, efficient optimization and       #
# multithreading, J. Comp. Chem. (2010)                         #
# DOI 10.1002/jcc.21334                                         #
#                                                               #
# Please see https://github.com/ccsb-scripps/AutoDock-Vina for  #
# more information.                                             #
#################################################################

Scoring function : vina
Rigid receptor: /Users/user/Desktop/Projet_long/docking/work/receptors/pdbqt/cftr_zebrafish.pdbqt
Ligand: /Users/user/Desktop/Projet_long/docking/work/ligands/pdbqt/microcyclamide7806B_3D.pdbqt
Grid center: X -7.493 Y 3.014 Z -2.18
Grid size  : X 30 Y 30 Z 30
Grid space : 0.375
Exhaustiveness: 16
CPU: 1
Verbosity: 1

Computing Vina grid ... done.
Performing docking (random seed: -434331309) ... 
0%   10   20   30   40   50   60   70   80   90   100%
|----|----|----|----|----|----|----|----|----|----|
***************************************************

mode |   affinity | dist from best mode
     | (kcal/mol) | rmsd l.b.| rmsd u.b.
-----+------------+----------+----------
   1       -6.885          0          0
   2       -6.789      3.559      6.951
   3        -6.71      3.159      6.522
   4       -6.637      2.625      6.989
   5       -6.617      3.858      8.564
   6       -6.532      3.037      6.019
   7       -6.508      4.611      7.431
   8       -6.478      4.136      8.921
   9       -6.474      3.143        7.4
  10        -6.46      2.715      6.073
  11       -6.357      3.748      9.063
  12       -6.335      3.369      7.646
  13       -6.328      2.473      4.981
  14       -6.296       3.22      6.824
  15       -6.288      2.353      6.777
  16       -6.286      4.194       7.83
  17       -6.217      2.824      6.028
  18       -6.203      2.498      6.678
  19       -6.177      3.799      7.673
  20       -6.161      3.752      7.211
  21       -6.145      4.444      9.615
  22       -6.136      4.101      6.486
  23       -6.118      5.777      8.807
  24       -6.115      3.646      5.338
  25       -6.084      3.921      7.621
  26        -6.01        3.4      7.725
  27       -5.998      4.821      9.797
  28       -5.967      2.677      6.412
  29       -5.934      4.456      8.338
  30       -5.918      3.545      7.191
  31       -5.899      4.353      8.722
  32        -5.88      4.765      9.279
  33        -5.88       4.57      9.293
  34       -5.863       3.89      6.906
  35       -5.851      3.137      7.712
  36       -5.841      3.576      8.867
  37       -5.826      4.214       8.13
  38       -5.735      2.863      8.233
  39        -5.72      3.845       7.19
  40       -5.691      2.553      5.558
  41       -5.682      3.607      8.574
  42       -5.621      5.046      10.14
  43       -5.577      7.611      10.91
  44       -5.572      3.879      7.951
  45       -5.532      3.904      7.421
  46       -5.344      4.149      8.437
  47       -5.339        2.5       7.12
  48       -5.327      3.167      7.106
  49       -5.292      3.651      8.208
  50       -5.177      3.513      8.165

