AutoDock Vina v1.2.7
#################################################################
# If you used AutoDock Vina in your work, please cite:          #
#                                                               #
# J. Eberhardt, D. Santos-Martins, A. F. Tillack, and S. Forli  #
# AutoDock Vina 1.2.0: New Docking Methods, Expanded Force      #
# Field, and Python Bindings, J. Chem. Inf. Model. (2021)       #
# DOI 10.1021/acs.jcim.1c00203                                  #
#                                                               #
# O. Trott, A. J. Olson,                                        #
# AutoDock Vina: improving the speed and accuracy of docking    #
# with a new scoring function, efficient optimization and       #
# multithreading, J. Comp. Chem. (2010)                         #
# DOI 10.1002/jcc.21334                                         #
#                                                               #
# Please see https://github.com/ccsb-scripps/AutoDock-Vina for  #
# more information.                                             #
#################################################################

Scoring function : vina
Rigid receptor: /Users/user/Desktop/Projet_long/docking/work/receptors/pdbqt/slco1c1_xenope.pdbqt
Ligand: /Users/user/Desktop/Projet_long/docking/work/ligands/pdbqt/microgininFR1.pdbqt
Grid center: X -2.872 Y -0.807 Z 5.078
Grid size  : X 30 Y 30 Z 30
Grid space : 0.375
Exhaustiveness: 16
CPU: 1
Verbosity: 1

Computing Vina grid ... done.
Performing docking (random seed: -1923375452) ... 
0%   10   20   30   40   50   60   70   80   90   100%
|----|----|----|----|----|----|----|----|----|----|
***************************************************

mode |   affinity | dist from best mode
     | (kcal/mol) | rmsd l.b.| rmsd u.b.
-----+------------+----------+----------
   1       -7.957          0          0
   2       -7.788      2.586      8.444
   3       -7.754      2.427      8.037
   4       -7.712      2.497      3.944
   5       -7.613      2.533      7.261
   6         -7.6      2.402      5.978
   7       -7.557      2.872      4.353
   8       -7.554      2.288      7.437
   9       -7.509      2.391      3.443
  10        -7.47      2.451       7.63
  11        -7.43      2.149      3.508
  12       -7.426      2.406      8.641
  13       -7.404      2.349      6.294
  14       -7.393      2.557      7.283
  15       -7.376      2.598       8.25
  16       -7.359       2.53      8.173
  17       -7.358      2.833       7.49
  18       -7.352       2.58      7.445
  19       -7.335      2.534      5.912
  20       -7.331      3.823       8.53
  21       -7.323       2.46        8.7
  22       -7.297      2.662      7.265
  23       -7.291      1.316       1.99
  24       -7.286      2.738      7.119
  25       -7.276      3.475        8.3
  26       -7.275      2.668      8.025
  27       -7.266      2.364      4.454
  28       -7.254      3.199      6.457
  29       -7.228      2.471      7.573
  30       -7.204      3.738      7.895
  31       -7.182      2.656       7.77
  32       -7.174      2.713      7.492
  33       -7.153      3.054      6.419
  34        -7.14      2.711      8.187
  35       -7.079      2.651      8.338
  36       -7.071      2.579      8.386
  37       -7.067      2.299      5.769
  38       -7.024      2.514      6.445
  39       -6.985      2.645      7.124
  40       -6.959      3.188       6.31
  41       -6.951      2.986      7.536
  42       -6.936      2.824      6.456
  43       -6.921      3.096      8.749
  44       -6.914       2.38      5.816
  45       -6.886      4.482      7.327
  46       -6.816      2.282      7.123
  47       -6.815      4.428      8.856
  48       -6.793      3.293      8.473
  49       -6.785        2.8      8.331
  50        -6.76      2.791      7.373

