AutoDock Vina v1.2.7
#################################################################
# If you used AutoDock Vina in your work, please cite:          #
#                                                               #
# J. Eberhardt, D. Santos-Martins, A. F. Tillack, and S. Forli  #
# AutoDock Vina 1.2.0: New Docking Methods, Expanded Force      #
# Field, and Python Bindings, J. Chem. Inf. Model. (2021)       #
# DOI 10.1021/acs.jcim.1c00203                                  #
#                                                               #
# O. Trott, A. J. Olson,                                        #
# AutoDock Vina: improving the speed and accuracy of docking    #
# with a new scoring function, efficient optimization and       #
# multithreading, J. Comp. Chem. (2010)                         #
# DOI 10.1002/jcc.21334                                         #
#                                                               #
# Please see https://github.com/ccsb-scripps/AutoDock-Vina for  #
# more information.                                             #
#################################################################

Scoring function : vina
Rigid receptor: /Users/user/Desktop/Projet_long/docking/work/receptors/pdbqt/abcb6_daphnia.pdbqt
Ligand: /Users/user/Desktop/Projet_long/docking/work/ligands/pdbqt/cyanopeptolinA.pdbqt
Grid center: X -0.055 Y 3.466 Z -3.201
Grid size  : X 30 Y 30 Z 30
Grid space : 0.375
Exhaustiveness: 4
CPU: 1
Verbosity: 1

Computing Vina grid ... done.
Performing docking (random seed: -1594074740) ... 
0%   10   20   30   40   50   60   70   80   90   100%
|----|----|----|----|----|----|----|----|----|----|
***************************************************

mode |   affinity | dist from best mode
     | (kcal/mol) | rmsd l.b.| rmsd u.b.
-----+------------+----------+----------
   1       -5.892          0          0
   2       -5.436      6.333      13.73
   3       -5.338      2.861      5.162
   4       -5.335      6.557      13.57
   5       -5.325      3.331      6.231
   6       -5.235      5.797      12.96
   7       -5.143       3.17      5.967
   8       -5.086      2.595       4.49
   9       -5.053      6.182      12.77
  10       -4.991      1.681      2.539

