AutoDock Vina v1.2.7
#################################################################
# If you used AutoDock Vina in your work, please cite:          #
#                                                               #
# J. Eberhardt, D. Santos-Martins, A. F. Tillack, and S. Forli  #
# AutoDock Vina 1.2.0: New Docking Methods, Expanded Force      #
# Field, and Python Bindings, J. Chem. Inf. Model. (2021)       #
# DOI 10.1021/acs.jcim.1c00203                                  #
#                                                               #
# O. Trott, A. J. Olson,                                        #
# AutoDock Vina: improving the speed and accuracy of docking    #
# with a new scoring function, efficient optimization and       #
# multithreading, J. Comp. Chem. (2010)                         #
# DOI 10.1002/jcc.21334                                         #
#                                                               #
# Please see https://github.com/ccsb-scripps/AutoDock-Vina for  #
# more information.                                             #
#################################################################

Scoring function : vina
Rigid receptor: /Users/user/Desktop/Projet_long/docking/work/receptors/pdbqt/abcc1_zebrafish.pdbqt
Ligand: /Users/user/Desktop/Projet_long/docking/work/ligands/pdbqt/microcystineLR.pdbqt
Grid center: X -4.413 Y 2.871 Z -0.886
Grid size  : X 30 Y 30 Z 30
Grid space : 0.375
Exhaustiveness: 16
CPU: 1
Verbosity: 1

Computing Vina grid ... done.
Performing docking (random seed: 568492625) ... 
0%   10   20   30   40   50   60   70   80   90   100%
|----|----|----|----|----|----|----|----|----|----|
***************************************************

mode |   affinity | dist from best mode
     | (kcal/mol) | rmsd l.b.| rmsd u.b.
-----+------------+----------+----------
   1       -7.133          0          0
   2       -6.875      4.718      9.965
   3       -6.789      3.784      9.246
   4       -6.685      5.704       13.9
   5       -6.677      4.277      13.49
   6        -6.67      5.306      12.47
   7       -6.641      5.914       16.1
   8       -6.633      3.895      12.68
   9       -6.617      6.272      11.34
  10        -6.61      4.912       11.9
  11       -6.598      5.788      10.56
  12       -6.593      5.413      13.67
  13       -6.577      4.303      13.78
  14       -6.561      6.437      16.25
  15        -6.56      3.099      7.719
  16       -6.558      6.379      16.38
  17       -6.549       6.21      16.44
  18       -6.545      5.051      10.62
  19       -6.526      5.462      13.22
  20       -6.501      8.189      17.16
  21       -6.479      6.063      11.61
  22       -6.475      7.126      12.52
  23       -6.453      5.194      11.45
  24       -6.432      6.051      13.68
  25       -6.421      5.083      9.958
  26       -6.385      5.931      9.869
  27       -6.382      5.522      10.89
  28        -6.38      6.572      11.09
  29       -6.379      4.705      9.962
  30       -6.376      4.983      9.925
  31       -6.362       2.62       4.08
  32       -6.357      7.407      13.72
  33       -6.345      6.044      10.41
  34       -6.344      4.475      11.89
  35       -6.339      5.994       16.2
  36       -6.328       4.82      9.999
  37       -6.317      5.751       11.4
  38       -6.306      5.688       11.6
  39       -6.302      5.801         14
  40         -6.3       4.46      8.783
  41       -6.298      4.342      11.63
  42       -6.295      4.551      9.549
  43       -6.293      8.698      15.39
  44        -6.28      7.016      13.75
  45       -6.262      5.557      16.02
  46       -6.253      5.385      10.59
  47       -6.224      8.377      17.18
  48         -6.2      5.412      14.23
  49       -6.186      5.059        9.8
  50       -6.141      6.842       17.2

