AutoDock Vina v1.2.7
#################################################################
# If you used AutoDock Vina in your work, please cite:          #
#                                                               #
# J. Eberhardt, D. Santos-Martins, A. F. Tillack, and S. Forli  #
# AutoDock Vina 1.2.0: New Docking Methods, Expanded Force      #
# Field, and Python Bindings, J. Chem. Inf. Model. (2021)       #
# DOI 10.1021/acs.jcim.1c00203                                  #
#                                                               #
# O. Trott, A. J. Olson,                                        #
# AutoDock Vina: improving the speed and accuracy of docking    #
# with a new scoring function, efficient optimization and       #
# multithreading, J. Comp. Chem. (2010)                         #
# DOI 10.1002/jcc.21334                                         #
#                                                               #
# Please see https://github.com/ccsb-scripps/AutoDock-Vina for  #
# more information.                                             #
#################################################################

Scoring function : vina
Rigid receptor: /Users/user/Desktop/Projet_long/docking/work/receptors/pdbqt/mrp2_homo.pdbqt
Ligand: /Users/user/Desktop/Projet_long/docking/work/ligands/pdbqt/microcystineLR.pdbqt
Grid center: X -3.393 Y 1.451 Z -0.868
Grid size  : X 30 Y 30 Z 30
Grid space : 0.375
Exhaustiveness: 16
CPU: 0
Verbosity: 1

Computing Vina grid ... done.
Performing docking (random seed: 215424641) ... 
0%   10   20   30   40   50   60   70   80   90   100%
|----|----|----|----|----|----|----|----|----|----|
***************************************************

mode |   affinity | dist from best mode
     | (kcal/mol) | rmsd l.b.| rmsd u.b.
-----+------------+----------+----------
   1       -7.831          0          0
   2       -7.733      3.266       12.1
   3        -7.73      3.198      11.23
   4        -7.72      2.208      2.884
   5       -7.707      3.578       12.6
   6       -7.705      2.463      4.402
   7       -7.662      2.955      12.26
   8       -7.599      3.064      12.28
   9       -7.574      3.345      12.25
  10        -7.49      2.651      4.809
  11       -7.484      2.715      11.74
  12       -7.479      3.153       6.99
  13       -7.439      3.054      6.928
  14       -7.415      3.984       12.6
  15       -7.415      3.331      11.88
  16       -7.375      3.608      13.44
  17       -7.348      2.446      11.49
  18       -7.274      2.967      11.94
  19       -7.273       2.98      4.469
  20       -7.259      2.945      12.24
  21       -7.191       7.48      13.21
  22       -7.153      10.06      16.29
  23       -7.148      4.127      8.402
  24       -7.139      3.018      13.04
  25       -7.127       3.46      7.639
  26       -7.125       3.13      7.017
  27       -7.115      6.285      12.43
  28       -7.113      3.313      12.81
  29       -7.093      3.421      7.543
  30       -7.085      4.736      13.46
  31       -7.078      9.993       15.8
  32       -7.075      3.122      6.874
  33       -7.057      3.693      13.21
  34       -7.053      3.737      8.512
  35       -7.048      3.358      11.94
  36       -7.045        2.9      4.367
  37        -7.04      2.756      12.88
  38       -6.996      3.568      7.743
  39       -6.973      3.575      8.127
  40       -6.967      3.814      8.281
  41       -6.963      3.568      8.612
  42       -6.948       5.08      11.11
  43       -6.942      3.405      7.964
  44       -6.941      4.326      9.076
  45       -6.935      3.712      13.44
  46       -6.921      3.787      6.916
  47       -6.911      4.099      9.185
  48       -6.897      2.987      11.41
  49       -6.845      4.026      13.12
  50       -6.811      3.386         13

