AutoDock Vina v1.2.7
#################################################################
# If you used AutoDock Vina in your work, please cite:          #
#                                                               #
# J. Eberhardt, D. Santos-Martins, A. F. Tillack, and S. Forli  #
# AutoDock Vina 1.2.0: New Docking Methods, Expanded Force      #
# Field, and Python Bindings, J. Chem. Inf. Model. (2021)       #
# DOI 10.1021/acs.jcim.1c00203                                  #
#                                                               #
# O. Trott, A. J. Olson,                                        #
# AutoDock Vina: improving the speed and accuracy of docking    #
# with a new scoring function, efficient optimization and       #
# multithreading, J. Comp. Chem. (2010)                         #
# DOI 10.1002/jcc.21334                                         #
#                                                               #
# Please see https://github.com/ccsb-scripps/AutoDock-Vina for  #
# more information.                                             #
#################################################################

Scoring function : vina
Rigid receptor: /Users/user/Desktop/Projet_long/docking/work/receptors/pdbqt/abcc1_zebrafish.pdbqt
Ligand: /Users/user/Desktop/Projet_long/docking/work/ligands/pdbqt/cyanopeptolinA.pdbqt
Grid center: X -4.413 Y 2.871 Z -0.886
Grid size  : X 30 Y 30 Z 30
Grid space : 0.375
Exhaustiveness: 16
CPU: 1
Verbosity: 1

Computing Vina grid ... done.
Performing docking (random seed: -2034711954) ... 
0%   10   20   30   40   50   60   70   80   90   100%
|----|----|----|----|----|----|----|----|----|----|
***************************************************

mode |   affinity | dist from best mode
     | (kcal/mol) | rmsd l.b.| rmsd u.b.
-----+------------+----------+----------
   1       -6.447          0          0
   2       -6.377      1.822      3.444
   3       -6.348      7.479      13.86
   4       -6.341       2.79      5.531
   5       -6.319      3.022      4.557
   6       -6.224      8.715      13.11
   7         -6.2      4.234      6.988
   8        -6.19      7.958       16.2
   9       -6.176      1.726      2.185
  10       -6.168      2.964      4.913
  11       -6.161      2.855      12.88
  12       -6.148      8.277      15.74
  13       -6.112          2      3.315
  14       -6.072       5.79       14.3
  15       -6.053      2.394      3.646
  16       -6.016       4.99      7.203
  17       -5.972      2.672       5.53
  18       -5.935      2.456      3.274
  19       -5.906      8.148      14.25
  20       -5.891      8.588      16.01
  21       -5.889      2.424      3.917
  22       -5.869      5.667      9.012
  23       -5.855      8.485      12.78
  24        -5.85        6.1      9.773
  25       -5.816      8.999      13.35
  26       -5.813      7.747      11.84
  27       -5.745       5.19       7.04
  28       -5.704      7.435      11.76
  29       -5.697      3.938      8.551
  30       -5.683      5.015      14.56
  31       -5.683      4.274      7.475
  32       -5.634      5.554      13.63
  33       -5.596      7.606       11.4
  34       -5.593      7.919       16.1
  35       -5.589      7.341      10.55
  36       -5.581      4.204      6.739
  37       -5.559      3.699      8.609
  38       -5.518      4.407      7.282
  39       -5.466      6.348      15.18
  40       -5.458      4.955         14
  41       -5.456      7.407      10.91
  42       -5.449      4.859      7.828
  43       -5.448      5.758       7.81
  44       -5.373      5.957      14.97
  45       -5.365      5.695      14.52
  46       -5.344      5.481      14.26
  47       -5.334      8.635      13.89
  48       -5.329      8.526      12.56
  49       -5.261      7.863      13.32
  50       -5.252      3.063      5.979

