AutoDock Vina v1.2.7
#################################################################
# If you used AutoDock Vina in your work, please cite:          #
#                                                               #
# J. Eberhardt, D. Santos-Martins, A. F. Tillack, and S. Forli  #
# AutoDock Vina 1.2.0: New Docking Methods, Expanded Force      #
# Field, and Python Bindings, J. Chem. Inf. Model. (2021)       #
# DOI 10.1021/acs.jcim.1c00203                                  #
#                                                               #
# O. Trott, A. J. Olson,                                        #
# AutoDock Vina: improving the speed and accuracy of docking    #
# with a new scoring function, efficient optimization and       #
# multithreading, J. Comp. Chem. (2010)                         #
# DOI 10.1002/jcc.21334                                         #
#                                                               #
# Please see https://github.com/ccsb-scripps/AutoDock-Vina for  #
# more information.                                             #
#################################################################

Scoring function : vina
Rigid receptor: /Users/user/Desktop/Projet_long/docking/work/receptors/pdbqt/abcc3_xenope.pdbqt
Ligand: /Users/user/Desktop/Projet_long/docking/work/ligands/pdbqt/aeruginosin98A.pdbqt
Grid center: X -0.27 Y -2.477 Z -1.801
Grid size  : X 30 Y 30 Z 30
Grid space : 0.375
Exhaustiveness: 16
CPU: 1
Verbosity: 1

Computing Vina grid ... done.
Performing docking (random seed: 927024144) ... 
0%   10   20   30   40   50   60   70   80   90   100%
|----|----|----|----|----|----|----|----|----|----|
***************************************************

mode |   affinity | dist from best mode
     | (kcal/mol) | rmsd l.b.| rmsd u.b.
-----+------------+----------+----------
   1       -6.553          0          0
   2       -6.547      4.711      8.864
   3        -6.43      3.867      7.397
   4       -6.398       12.2      16.09
   5        -6.39      5.465      10.09
   6       -6.338      12.95       16.2
   7       -6.298      4.319      7.317
   8        -6.28      3.691      8.607
   9       -6.246      12.39      16.43
  10       -6.182      5.212      9.979
  11       -6.133      4.125      8.024
  12       -6.099      13.89      17.39
  13       -6.026      16.58      19.91
  14       -5.972      5.367      9.861
  15       -5.956      4.013       8.73
  16       -5.927      3.962      8.024
  17       -5.926      12.03       15.2
  18       -5.896      5.757      9.577
  19       -5.891      5.998      9.942
  20       -5.847      3.218      4.771
  21       -5.827      3.639      8.052
  22       -5.817      5.138       8.94
  23       -5.772      4.637      8.209
  24        -5.76      9.602      12.96
  25       -5.757      7.149      10.78
  26       -5.695      13.91      18.08
  27       -5.689      3.586      8.483
  28       -5.688      4.687       7.64
  29       -5.684      12.73      16.21
  30       -5.674      12.48      16.08
  31       -5.665      2.711      4.232
  32       -5.665      4.542      7.895
  33       -5.664      3.767      8.605
  34       -5.639      10.47      13.94
  35       -5.632      3.592      6.941
  36       -5.624      4.677       9.64
  37       -5.612       8.03      11.21
  38        -5.59        2.6      3.865
  39        -5.54      11.97      16.11
  40        -5.53      3.467      8.736
  41       -5.529      3.654      7.719
  42       -5.504      5.796      9.188
  43        -5.46      12.26      15.97
  44       -5.436      7.859      11.01
  45       -5.389      4.834      8.788
  46       -5.387      3.838      8.252
  47       -5.373      10.77      14.04
  48       -5.368      11.11      13.95
  49       -5.338      4.136      6.947
  50       -5.314      4.126      7.504

