AutoDock Vina v1.2.7
#################################################################
# If you used AutoDock Vina in your work, please cite:          #
#                                                               #
# J. Eberhardt, D. Santos-Martins, A. F. Tillack, and S. Forli  #
# AutoDock Vina 1.2.0: New Docking Methods, Expanded Force      #
# Field, and Python Bindings, J. Chem. Inf. Model. (2021)       #
# DOI 10.1021/acs.jcim.1c00203                                  #
#                                                               #
# O. Trott, A. J. Olson,                                        #
# AutoDock Vina: improving the speed and accuracy of docking    #
# with a new scoring function, efficient optimization and       #
# multithreading, J. Comp. Chem. (2010)                         #
# DOI 10.1002/jcc.21334                                         #
#                                                               #
# Please see https://github.com/ccsb-scripps/AutoDock-Vina for  #
# more information.                                             #
#################################################################

Scoring function : vina
Rigid receptor: /Users/user/Desktop/Projet_long/docking/work/receptors/pdbqt/abcg8_xenope.pdbqt
Ligand: /Users/user/Desktop/Projet_long/docking/work/ligands/pdbqt/aeruginosin98A.pdbqt
Grid center: X 0.832 Y 2.726 Z -0.371
Grid size  : X 30 Y 30 Z 30
Grid space : 0.375
Exhaustiveness: 16
CPU: 1
Verbosity: 1

Computing Vina grid ... done.
Performing docking (random seed: -1483357350) ... 
0%   10   20   30   40   50   60   70   80   90   100%
|----|----|----|----|----|----|----|----|----|----|
***************************************************

mode |   affinity | dist from best mode
     | (kcal/mol) | rmsd l.b.| rmsd u.b.
-----+------------+----------+----------
   1       -7.011          0          0
   2       -6.858      2.632      5.865
   3       -6.817      13.27      16.65
   4       -6.798      13.11      16.52
   5       -6.791      2.541      5.947
   6       -6.755      3.019      5.753
   7       -6.701      7.307       9.95
   8         -6.7       13.2      16.47
   9       -6.651      3.014      5.994
  10       -6.612        2.1      2.961
  11       -6.606      2.874      6.127
  12       -6.573      12.39      16.06
  13       -6.496       13.5      16.72
  14       -6.496      13.31      17.04
  15       -6.481      10.41      12.76
  16        -6.44      12.34      15.53
  17       -6.409      12.23      14.97
  18        -6.37      14.34      18.17
  19       -6.295      14.23       18.3
  20       -6.276       3.06      7.669
  21       -6.222      13.82      17.39
  22       -6.214      10.27      13.39
  23       -6.204      14.12      17.86
  24       -6.195       14.8      18.11
  25       -6.183      12.45      15.79
  26       -6.181      12.59      16.05
  27       -6.117      10.28      13.27
  28       -6.113      13.22         17
  29       -6.069      13.91      17.57
  30        -6.06      10.05      13.38
  31       -6.032      3.864      8.165
  32       -6.015      3.803      7.064
  33       -6.011      2.992      7.572
  34       -6.008      2.797      6.203
  35       -6.004      10.54      14.02
  36       -5.989      12.82      16.93
  37       -5.921      11.51      14.11
  38       -5.917      9.707      13.42
  39       -5.912      15.02      18.71
  40       -5.908      11.38       14.2
  41       -5.896       11.9      15.29
  42       -5.865      4.005      7.005
  43       -5.859       3.13      6.192
  44       -5.846      3.302      6.572
  45       -5.814       11.3      14.75
  46       -5.766      11.24      13.37
  47       -5.763      11.84      15.17
  48       -5.748      9.093       12.5
  49       -5.737      11.91      15.38
  50       -5.712      14.71       18.1

