AutoDock Vina v1.2.7
#################################################################
# If you used AutoDock Vina in your work, please cite:          #
#                                                               #
# J. Eberhardt, D. Santos-Martins, A. F. Tillack, and S. Forli  #
# AutoDock Vina 1.2.0: New Docking Methods, Expanded Force      #
# Field, and Python Bindings, J. Chem. Inf. Model. (2021)       #
# DOI 10.1021/acs.jcim.1c00203                                  #
#                                                               #
# O. Trott, A. J. Olson,                                        #
# AutoDock Vina: improving the speed and accuracy of docking    #
# with a new scoring function, efficient optimization and       #
# multithreading, J. Comp. Chem. (2010)                         #
# DOI 10.1002/jcc.21334                                         #
#                                                               #
# Please see https://github.com/ccsb-scripps/AutoDock-Vina for  #
# more information.                                             #
#################################################################

Scoring function : vina
Rigid receptor: /Users/user/Desktop/Projet_long/docking/work/receptors/pdbqt/abca5_zebrafish.pdbqt
Ligand: /Users/user/Desktop/Projet_long/docking/work/ligands/pdbqt/microcystineLR.pdbqt
Grid center: X 2.726 Y 2.808 Z -1.166
Grid size  : X 30 Y 30 Z 30
Grid space : 0.375
Exhaustiveness: 16
CPU: 1
Verbosity: 1

Computing Vina grid ... done.
Performing docking (random seed: 373150117) ... 
0%   10   20   30   40   50   60   70   80   90   100%
|----|----|----|----|----|----|----|----|----|----|
***************************************************

mode |   affinity | dist from best mode
     | (kcal/mol) | rmsd l.b.| rmsd u.b.
-----+------------+----------+----------
   1       -7.772          0          0
   2        -7.39      1.727      2.387
   3       -7.376      5.047      11.53
   4       -7.236      3.626       11.7
   5       -7.142      4.081      7.775
   6       -7.035      4.586       11.8
   7       -7.015      8.495      14.44
   8       -7.008      3.673      11.91
   9       -6.998      5.534      13.59
  10       -6.956      4.068      6.488
  11        -6.95      4.272      7.126
  12       -6.927      4.657      10.53
  13        -6.88      5.109      12.63
  14       -6.875      5.492      13.78
  15       -6.859      5.665      13.74
  16       -6.856      8.568      15.23
  17       -6.834      8.693      13.35
  18       -6.823       6.94      14.15
  19       -6.821      5.844      13.63
  20       -6.811      3.621      5.782
  21       -6.803      5.153      12.88
  22       -6.791      8.008      13.69
  23        -6.76      5.351      13.33
  24       -6.731      4.368      11.35
  25       -6.719      4.758      10.63
  26       -6.704      6.715      13.59
  27       -6.695      7.413      13.85
  28       -6.685      5.057      11.22
  29       -6.624      5.707       10.4
  30       -6.598      5.708      13.28
  31       -6.587      9.719      15.94
  32       -6.579      8.819      13.92
  33       -6.561      8.726      12.64
  34       -6.549      6.978      14.62
  35       -6.549      5.795      13.65
  36       -6.505      5.434      9.336
  37       -6.498      5.095      12.39
  38        -6.46      9.976      15.25
  39       -6.455      5.081      10.93
  40       -6.453      7.809      14.93
  41       -6.436      6.413      10.85
  42       -6.405      6.155      11.43
  43       -6.395      12.38      18.21
  44       -6.375      6.908      14.91
  45       -6.372      4.345       11.1
  46       -6.364       6.99      12.31
  47       -6.319      5.943      9.757
  48       -6.293      5.031      8.012
  49       -6.283      4.504      11.76
  50       -6.273      8.124      12.32

