AutoDock Vina v1.2.7
#################################################################
# If you used AutoDock Vina in your work, please cite:          #
#                                                               #
# J. Eberhardt, D. Santos-Martins, A. F. Tillack, and S. Forli  #
# AutoDock Vina 1.2.0: New Docking Methods, Expanded Force      #
# Field, and Python Bindings, J. Chem. Inf. Model. (2021)       #
# DOI 10.1021/acs.jcim.1c00203                                  #
#                                                               #
# O. Trott, A. J. Olson,                                        #
# AutoDock Vina: improving the speed and accuracy of docking    #
# with a new scoring function, efficient optimization and       #
# multithreading, J. Comp. Chem. (2010)                         #
# DOI 10.1002/jcc.21334                                         #
#                                                               #
# Please see https://github.com/ccsb-scripps/AutoDock-Vina for  #
# more information.                                             #
#################################################################

Scoring function : vina
Rigid receptor: /Users/user/Desktop/Projet_long/docking/work/receptors/pdbqt/abcc3_zebrafish.pdbqt
Ligand: /Users/user/Desktop/Projet_long/docking/work/ligands/pdbqt/microgininFR1.pdbqt
Grid center: X -0.693 Y -0.376 Z -0.885
Grid size  : X 30 Y 30 Z 30
Grid space : 0.375
Exhaustiveness: 16
CPU: 1
Verbosity: 1

Computing Vina grid ... done.
Performing docking (random seed: -643478582) ... 
0%   10   20   30   40   50   60   70   80   90   100%
|----|----|----|----|----|----|----|----|----|----|
***************************************************

mode |   affinity | dist from best mode
     | (kcal/mol) | rmsd l.b.| rmsd u.b.
-----+------------+----------+----------
   1       -6.809          0          0
   2        -6.79      2.218      4.683
   3       -6.699      2.388      8.191
   4       -6.631      2.083      2.877
   5        -6.59      1.601      2.864
   6       -6.443      1.562      2.213
   7       -6.418      2.343      9.316
   8       -6.333      2.068      3.848
   9       -6.318      2.932      5.459
  10       -6.313       2.27      8.917
  11       -6.283      2.398      8.855
  12       -6.269       3.66      6.998
  13       -6.262      2.189      9.628
  14        -6.26       2.54      7.578
  15       -6.251      1.767      3.121
  16       -6.249      2.464      7.663
  17        -6.23      2.168      10.01
  18       -6.217      2.954      10.12
  19       -6.196      2.073      5.154
  20       -6.183      2.407      10.02
  21       -6.173      2.063      4.161
  22       -6.166      2.614      8.074
  23       -6.163      2.398      8.956
  24       -6.149      2.063      9.318
  25       -6.116      2.029      10.08
  26         -6.1      2.035      3.377
  27       -6.098      3.064      10.35
  28       -6.079      2.198      4.331
  29       -6.065      3.474      7.085
  30       -6.063      2.235        5.2
  31       -6.059      2.577      7.279
  32           -6      2.381      5.873
  33       -5.969      2.234      5.496
  34       -5.964      2.288      10.12
  35       -5.948      2.142      5.468
  36       -5.916      2.217      7.152
  37        -5.91      2.095      9.153
  38       -5.893      2.643      8.915
  39       -5.868      14.26      19.65
  40       -5.864      1.936      4.922
  41        -5.84      3.744       10.6
  42       -5.838      2.278      9.093
  43       -5.818      2.267      9.366
  44       -5.814      2.546      9.178
  45       -5.781       2.06       5.03
  46       -5.778      2.517      9.402
  47       -5.773      2.258      8.137
  48       -5.768       2.63      8.123
  49       -5.767      2.157      7.706
  50       -5.733      2.678      6.588

