AutoDock Vina v1.2.7
#################################################################
# If you used AutoDock Vina in your work, please cite:          #
#                                                               #
# J. Eberhardt, D. Santos-Martins, A. F. Tillack, and S. Forli  #
# AutoDock Vina 1.2.0: New Docking Methods, Expanded Force      #
# Field, and Python Bindings, J. Chem. Inf. Model. (2021)       #
# DOI 10.1021/acs.jcim.1c00203                                  #
#                                                               #
# O. Trott, A. J. Olson,                                        #
# AutoDock Vina: improving the speed and accuracy of docking    #
# with a new scoring function, efficient optimization and       #
# multithreading, J. Comp. Chem. (2010)                         #
# DOI 10.1002/jcc.21334                                         #
#                                                               #
# Please see https://github.com/ccsb-scripps/AutoDock-Vina for  #
# more information.                                             #
#################################################################

Scoring function : vina
Rigid receptor: /Users/user/Desktop/Projet_long/docking/work/receptors/pdbqt/abcc3_rattus.pdbqt
Ligand: /Users/user/Desktop/Projet_long/docking/work/ligands/pdbqt/microgininFR1.pdbqt
Grid center: X 1.815 Y 2.536 Z 0.977
Grid size  : X 30 Y 30 Z 30
Grid space : 0.375
Exhaustiveness: 16
CPU: 1
Verbosity: 1

Computing Vina grid ... done.
Performing docking (random seed: 1296064260) ... 
0%   10   20   30   40   50   60   70   80   90   100%
|----|----|----|----|----|----|----|----|----|----|
***************************************************

mode |   affinity | dist from best mode
     | (kcal/mol) | rmsd l.b.| rmsd u.b.
-----+------------+----------+----------
   1       -6.739          0          0
   2       -6.711      2.686      8.341
   3       -6.704      2.809      10.81
   4       -6.658      2.756      10.84
   5       -6.607      2.594      7.405
   6       -6.605      11.65       15.6
   7         -6.6       2.61      8.031
   8       -6.544      2.662      10.68
   9       -6.449      2.195      5.076
  10       -6.439      2.564      5.622
  11       -6.416      2.072       9.69
  12       -6.413      11.47      16.34
  13       -6.355      2.546      7.478
  14       -6.324      2.508      7.368
  15       -6.318      2.339      9.551
  16       -6.316      3.312       7.92
  17       -6.304      13.41      17.76
  18       -6.292      2.782      7.815
  19       -6.265      2.891       7.12
  20       -6.264      2.743      7.387
  21       -6.248      2.306       8.69
  22       -6.217      2.879      6.387
  23       -6.191      2.123      9.084
  24       -6.181      2.309      7.432
  25       -6.151      2.282      5.127
  26       -6.147      2.654      5.729
  27       -6.142      2.703      10.73
  28       -6.122      2.736      7.446
  29       -6.117      2.316      8.459
  30       -6.105      2.459      9.976
  31       -6.091       3.12      7.267
  32       -6.082      2.909      10.51
  33       -6.069      2.947      7.916
  34        -6.04      2.734      8.404
  35       -6.034      2.258       8.74
  36       -6.003      2.569      10.53
  37           -6      2.847      5.076
  38       -5.998      2.655      8.414
  39       -5.982      2.757      5.981
  40       -5.947      2.419      9.861
  41       -5.946       2.52      8.427
  42       -5.944      3.377      8.261
  43       -5.925      2.495      7.866
  44       -5.908      4.606      9.368
  45       -5.893      2.492      6.034
  46       -5.881      2.034      6.544
  47       -5.863       2.75       10.6
  48        -5.86      3.003      6.852
  49       -5.859      14.85      19.21
  50       -5.798      2.219      7.966

