AutoDock Vina v1.2.7
#################################################################
# If you used AutoDock Vina in your work, please cite:          #
#                                                               #
# J. Eberhardt, D. Santos-Martins, A. F. Tillack, and S. Forli  #
# AutoDock Vina 1.2.0: New Docking Methods, Expanded Force      #
# Field, and Python Bindings, J. Chem. Inf. Model. (2021)       #
# DOI 10.1021/acs.jcim.1c00203                                  #
#                                                               #
# O. Trott, A. J. Olson,                                        #
# AutoDock Vina: improving the speed and accuracy of docking    #
# with a new scoring function, efficient optimization and       #
# multithreading, J. Comp. Chem. (2010)                         #
# DOI 10.1002/jcc.21334                                         #
#                                                               #
# Please see https://github.com/ccsb-scripps/AutoDock-Vina for  #
# more information.                                             #
#################################################################

Scoring function : vina
Rigid receptor: /Users/user/Desktop/Projet_long/docking/work/receptors/pdbqt/abcc5_xenope.pdbqt
Ligand: /Users/user/Desktop/Projet_long/docking/work/ligands/pdbqt/microcystineLR.pdbqt
Grid center: X -0.754 Y 0.214 Z 5.909
Grid size  : X 30 Y 30 Z 30
Grid space : 0.375
Exhaustiveness: 16
CPU: 1
Verbosity: 1

Computing Vina grid ... done.
Performing docking (random seed: -1163466925) ... 
0%   10   20   30   40   50   60   70   80   90   100%
|----|----|----|----|----|----|----|----|----|----|
***************************************************

mode |   affinity | dist from best mode
     | (kcal/mol) | rmsd l.b.| rmsd u.b.
-----+------------+----------+----------
   1        -7.09          0          0
   2       -6.966      4.217      9.001
   3       -6.916      5.302       13.4
   4       -6.882      2.116      3.415
   5       -6.873       3.62      12.08
   6       -6.813      5.429      8.947
   7       -6.791      2.914      11.49
   8       -6.788      5.025      14.15
   9       -6.778      3.809      6.206
  10       -6.772      3.021      11.58
  11       -6.732      5.473      9.029
  12       -6.726      5.279          8
  13       -6.707      5.471       15.1
  14       -6.689      4.168      10.68
  15        -6.67      4.552      10.57
  16       -6.657      4.293      11.88
  17       -6.641      3.329      11.83
  18       -6.612      4.064      6.688
  19       -6.601      6.548      11.92
  20        -6.53      4.042      6.785
  21       -6.521      4.234      7.603
  22       -6.517      6.127       12.5
  23       -6.516      5.584      13.54
  24       -6.511       4.32      10.91
  25       -6.491      5.326      8.495
  26        -6.49      4.487      8.047
  27       -6.459      3.738      8.282
  28       -6.459      3.023      12.77
  29       -6.457      4.568      8.274
  30       -6.445      4.531      10.33
  31       -6.443      4.926      12.32
  32       -6.429      3.921      7.807
  33       -6.396      4.097      8.163
  34       -6.391      4.576      8.437
  35       -6.317      4.676      8.982
  36       -6.313      4.483      12.95
  37       -6.308      4.327      6.694
  38       -6.307      6.486      12.76
  39       -6.284      3.352      7.821
  40       -6.274      4.506      8.489
  41        -6.27      6.181      9.648
  42       -6.243      5.995      12.04
  43       -6.221       4.61      10.68
  44       -6.219      3.825      8.812
  45       -6.215      5.142       9.05
  46       -6.209      3.709      8.424
  47       -6.193      4.918      10.58
  48       -6.185      3.281       12.7
  49       -6.159      3.559      6.322
  50       -6.019      5.438       11.7

