AutoDock Vina v1.2.7
#################################################################
# If you used AutoDock Vina in your work, please cite:          #
#                                                               #
# J. Eberhardt, D. Santos-Martins, A. F. Tillack, and S. Forli  #
# AutoDock Vina 1.2.0: New Docking Methods, Expanded Force      #
# Field, and Python Bindings, J. Chem. Inf. Model. (2021)       #
# DOI 10.1021/acs.jcim.1c00203                                  #
#                                                               #
# O. Trott, A. J. Olson,                                        #
# AutoDock Vina: improving the speed and accuracy of docking    #
# with a new scoring function, efficient optimization and       #
# multithreading, J. Comp. Chem. (2010)                         #
# DOI 10.1002/jcc.21334                                         #
#                                                               #
# Please see https://github.com/ccsb-scripps/AutoDock-Vina for  #
# more information.                                             #
#################################################################

Scoring function : vina
Rigid receptor: /Users/user/Desktop/Projet_long/docking/work/receptors/pdbqt/abcg4_zebrafish.pdbqt
Ligand: /Users/user/Desktop/Projet_long/docking/work/ligands/pdbqt/microgininFR1.pdbqt
Grid center: X 3.23 Y 3.297 Z -1.274
Grid size  : X 30 Y 30 Z 30
Grid space : 0.375
Exhaustiveness: 16
CPU: 1
Verbosity: 1

Computing Vina grid ... done.
Performing docking (random seed: -1986388184) ... 
0%   10   20   30   40   50   60   70   80   90   100%
|----|----|----|----|----|----|----|----|----|----|
***************************************************

mode |   affinity | dist from best mode
     | (kcal/mol) | rmsd l.b.| rmsd u.b.
-----+------------+----------+----------
   1       -6.461          0          0
   2       -6.459      2.955      5.776
   3       -6.404      2.615      9.181
   4       -6.384      2.783      11.32
   5       -6.374       2.53      6.797
   6       -6.373      2.738      11.68
   7       -6.361      1.489      2.928
   8       -6.354      2.739       6.74
   9       -6.253      2.801      11.68
  10       -6.247      1.663       2.79
  11       -6.224       3.33      11.86
  12       -6.203       4.74      9.984
  13       -6.177      2.894       11.9
  14        -6.17      2.438      8.942
  15       -6.149      3.246      7.719
  16       -6.133       2.66      11.06
  17       -6.132      2.576       5.68
  18       -6.128      2.985      12.46
  19       -6.127      2.309      5.319
  20       -6.118      3.437      6.575
  21       -6.115      2.812      6.661
  22       -6.103       2.85      5.825
  23         -6.1      2.249      9.242
  24       -6.088      3.064      10.65
  25       -6.087      2.545      6.213
  26       -6.071      2.538      11.84
  27       -6.046      2.789      12.23
  28       -6.045      2.403      5.722
  29       -6.041      2.925      11.22
  30       -6.033      3.839       8.96
  31       -6.004      2.771      6.556
  32       -6.001      3.264      5.291
  33        -5.98      2.166      4.962
  34       -5.962       4.16      11.35
  35       -5.956      2.544      4.308
  36       -5.944      3.294      11.89
  37        -5.94      2.674      11.33
  38       -5.911      3.266      10.15
  39       -5.902      2.738      12.03
  40       -5.898      4.401      10.93
  41       -5.892      2.387      4.276
  42       -5.888      2.594      4.549
  43       -5.885      3.553      6.338
  44       -5.863      2.468      4.381
  45       -5.862      4.783      11.73
  46       -5.827        2.8      12.86
  47       -5.818      2.822      12.12
  48       -5.785      2.741      6.751
  49       -5.709      3.226      5.839
  50        -5.65      2.688       12.5

