AutoDock Vina v1.2.7
#################################################################
# If you used AutoDock Vina in your work, please cite:          #
#                                                               #
# J. Eberhardt, D. Santos-Martins, A. F. Tillack, and S. Forli  #
# AutoDock Vina 1.2.0: New Docking Methods, Expanded Force      #
# Field, and Python Bindings, J. Chem. Inf. Model. (2021)       #
# DOI 10.1021/acs.jcim.1c00203                                  #
#                                                               #
# O. Trott, A. J. Olson,                                        #
# AutoDock Vina: improving the speed and accuracy of docking    #
# with a new scoring function, efficient optimization and       #
# multithreading, J. Comp. Chem. (2010)                         #
# DOI 10.1002/jcc.21334                                         #
#                                                               #
# Please see https://github.com/ccsb-scripps/AutoDock-Vina for  #
# more information.                                             #
#################################################################

Scoring function : vina
Rigid receptor: /Users/user/Desktop/Projet_long/docking/work/receptors/pdbqt/abcb6_xenope.pdbqt
Ligand: /Users/user/Desktop/Projet_long/docking/work/ligands/pdbqt/microcystineLR.pdbqt
Grid center: X -2.239 Y 0.893 Z -6.298
Grid size  : X 30 Y 30 Z 30
Grid space : 0.375
Exhaustiveness: 16
CPU: 1
Verbosity: 1

Computing Vina grid ... done.
Performing docking (random seed: -2057823028) ... 
0%   10   20   30   40   50   60   70   80   90   100%
|----|----|----|----|----|----|----|----|----|----|
***************************************************

mode |   affinity | dist from best mode
     | (kcal/mol) | rmsd l.b.| rmsd u.b.
-----+------------+----------+----------
   1       -6.569          0          0
   2       -6.448      4.987      12.06
   3       -6.423      3.955      10.72
   4       -6.403       1.86      3.167
   5       -6.402      5.099      11.68
   6       -6.337      3.064      8.632
   7       -6.306      3.084      8.682
   8       -6.275      3.342      9.017
   9       -6.251      2.791      11.29
  10       -6.161       5.14      12.05
  11       -6.151      3.554      11.34
  12       -6.127      4.891       11.5
  13       -6.124      2.979      8.319
  14       -6.037      2.743      11.78
  15       -6.035       5.01      11.26
  16       -6.029      3.106      8.174
  17       -6.028      4.327      12.09
  18       -6.023      2.788      11.74
  19       -5.967      4.615      11.69
  20       -5.947       3.93      11.51
  21       -5.945      5.148      11.22
  22       -5.938      4.906       11.6
  23       -5.919      2.888      7.981
  24       -5.918       3.13      8.163
  25       -5.885      3.861      13.57
  26       -5.872      6.614      11.02
  27        -5.87      3.825      11.28
  28       -5.868      3.916      11.45
  29       -5.846       3.33      11.62
  30       -5.838      3.841      8.711
  31       -5.829      3.809      12.52
  32       -5.821      3.048      10.84
  33       -5.816      5.732      12.11
  34       -5.811       5.28      12.79
  35       -5.808      3.294      7.759
  36       -5.804      3.758      12.52
  37       -5.795      3.976      13.87
  38       -5.779       5.48      11.55
  39        -5.77      3.182      8.334
  40       -5.767      5.173      12.12
  41       -5.713      5.646      12.53
  42       -5.673      4.973      11.11
  43       -5.669      6.786      12.47
  44       -5.636      5.696      12.07
  45       -5.625      5.205      11.56
  46       -5.625      2.991      8.075
  47        -5.62      3.283      10.74
  48       -5.573      4.615      9.089
  49       -5.567      3.204      12.72
  50       -5.543      3.347      10.63

