AutoDock Vina v1.2.7
#################################################################
# If you used AutoDock Vina in your work, please cite:          #
#                                                               #
# J. Eberhardt, D. Santos-Martins, A. F. Tillack, and S. Forli  #
# AutoDock Vina 1.2.0: New Docking Methods, Expanded Force      #
# Field, and Python Bindings, J. Chem. Inf. Model. (2021)       #
# DOI 10.1021/acs.jcim.1c00203                                  #
#                                                               #
# O. Trott, A. J. Olson,                                        #
# AutoDock Vina: improving the speed and accuracy of docking    #
# with a new scoring function, efficient optimization and       #
# multithreading, J. Comp. Chem. (2010)                         #
# DOI 10.1002/jcc.21334                                         #
#                                                               #
# Please see https://github.com/ccsb-scripps/AutoDock-Vina for  #
# more information.                                             #
#################################################################

Scoring function : vina
Rigid receptor: /Users/user/Desktop/Projet_long/docking/work/receptors/pdbqt/cftr_rattus.pdbqt
Ligand: /Users/user/Desktop/Projet_long/docking/work/ligands/pdbqt/aeruginosin98A.pdbqt
Grid center: X -0.262 Y -1.772 Z 4.17
Grid size  : X 30 Y 30 Z 30
Grid space : 0.375
Exhaustiveness: 16
CPU: 1
Verbosity: 1

Computing Vina grid ... done.
Performing docking (random seed: 2004759562) ... 
0%   10   20   30   40   50   60   70   80   90   100%
|----|----|----|----|----|----|----|----|----|----|
***************************************************

mode |   affinity | dist from best mode
     | (kcal/mol) | rmsd l.b.| rmsd u.b.
-----+------------+----------+----------
   1       -6.604          0          0
   2       -6.461      2.844      5.493
   3       -6.265       3.22      6.164
   4       -6.137      3.603      7.036
   5       -5.984      3.382      6.296
   6       -5.971       3.37       6.21
   7       -5.942      3.854      7.195
   8       -5.843      3.469      6.662
   9       -5.766      3.687      7.609
  10       -5.741      2.927      6.539
  11       -5.642      3.383      6.126
  12       -5.587       4.21      7.474
  13       -5.585       3.61      6.412
  14       -5.572      3.425      6.551
  15        -5.56      2.819      6.451
  16       -5.507      3.341      7.294
  17       -5.456      15.69       18.4
  18       -5.435      3.732      5.844
  19       -5.359      3.338      8.222
  20       -5.281      4.963      8.274
  21       -5.227      3.238      8.424
  22       -5.226      5.636      11.16
  23       -5.198       4.09      7.373
  24       -5.192      16.72      19.62
  25       -5.188      16.48      19.45
  26       -5.173      3.915      8.102
  27       -5.145      3.334       7.64
  28       -5.144      3.897      7.584
  29       -5.144      4.253      7.394
  30        -5.14      3.973      7.674
  31        -5.14      2.918      6.468
  32       -5.131      5.488      10.14
  33       -5.114      16.03      18.96
  34         -5.1      16.03      18.76
  35       -5.097      16.52      19.22
  36       -5.075       16.3      18.65
  37        -5.07      15.95      18.87
  38        -5.07      3.292       8.01
  39       -5.041       16.3       18.7
  40       -4.997      4.902      10.48
  41       -4.994      15.21      18.19
  42        -4.98      4.098      8.358
  43       -4.959      3.485      8.218
  44       -4.927      2.876      6.413
  45       -4.926      3.635      7.644
  46       -4.912      13.48      16.22
  47       -4.901      7.887      11.91
  48       -4.811      5.051       10.3
  49       -4.782      3.823      8.572
  50       -4.771      14.98      17.21

