AutoDock Vina v1.2.7
#################################################################
# If you used AutoDock Vina in your work, please cite:          #
#                                                               #
# J. Eberhardt, D. Santos-Martins, A. F. Tillack, and S. Forli  #
# AutoDock Vina 1.2.0: New Docking Methods, Expanded Force      #
# Field, and Python Bindings, J. Chem. Inf. Model. (2021)       #
# DOI 10.1021/acs.jcim.1c00203                                  #
#                                                               #
# O. Trott, A. J. Olson,                                        #
# AutoDock Vina: improving the speed and accuracy of docking    #
# with a new scoring function, efficient optimization and       #
# multithreading, J. Comp. Chem. (2010)                         #
# DOI 10.1002/jcc.21334                                         #
#                                                               #
# Please see https://github.com/ccsb-scripps/AutoDock-Vina for  #
# more information.                                             #
#################################################################

Scoring function : vina
Rigid receptor: /Users/user/Desktop/Projet_long/docking/work/receptors/pdbqt/abcg4_rattus.pdbqt
Ligand: /Users/user/Desktop/Projet_long/docking/work/ligands/pdbqt/microgininFR1.pdbqt
Grid center: X -0.101 Y -0.348 Z 3.37
Grid size  : X 30 Y 30 Z 30
Grid space : 0.375
Exhaustiveness: 16
CPU: 1
Verbosity: 1

Computing Vina grid ... done.
Performing docking (random seed: 1614414856) ... 
0%   10   20   30   40   50   60   70   80   90   100%
|----|----|----|----|----|----|----|----|----|----|
***************************************************

mode |   affinity | dist from best mode
     | (kcal/mol) | rmsd l.b.| rmsd u.b.
-----+------------+----------+----------
   1       -7.379          0          0
   2       -7.252      1.545      2.863
   3       -7.223      1.311      4.932
   4       -6.945      1.179       2.06
   5       -6.859      1.716      3.192
   6       -6.832      1.841      6.012
   7       -6.706      2.196      4.146
   8       -6.637      4.292      7.893
   9       -6.618      2.077      6.085
  10       -6.593      3.103      6.774
  11        -6.58      2.302      7.335
  12       -6.498      2.162      8.145
  13       -6.444      1.898      3.178
  14       -6.442      5.464      12.66
  15       -6.438      2.562      6.411
  16       -6.353      2.095      5.562
  17       -6.353      1.885      3.057
  18       -6.325       2.91      9.176
  19       -6.309      2.872       8.44
  20       -6.254      2.779      7.749
  21        -6.25       2.18      4.032
  22        -6.21      2.651       8.74
  23       -6.194      6.785      11.68
  24       -6.179      3.699       7.67
  25       -6.178      3.217      7.636
  26       -6.159       4.09      9.897
  27       -6.157      5.666      12.58
  28       -6.138      3.835      8.252
  29       -6.088      5.035      9.057
  30       -6.082      4.706      8.679
  31       -6.052      7.426      11.82
  32        -6.05      3.378      9.622
  33       -6.048      5.239      9.462
  34       -6.045      14.11      19.33
  35       -6.026      2.082       5.66
  36       -6.019        3.1      9.222
  37       -5.996      2.853      8.882
  38       -5.987      7.775      12.32
  39       -5.984      3.071      8.894
  40       -5.962      3.827      8.579
  41       -5.951      3.509      8.551
  42       -5.926      3.583      8.927
  43       -5.918      6.124      12.76
  44       -5.872      4.866      8.976
  45       -5.866      3.426      7.887
  46       -5.852      12.09      16.84
  47        -5.85      4.124      8.636
  48       -5.821      2.485      8.294
  49       -5.816      3.336      8.528
  50       -5.771       2.81      8.377

