AutoDock Vina v1.2.7
#################################################################
# If you used AutoDock Vina in your work, please cite:          #
#                                                               #
# J. Eberhardt, D. Santos-Martins, A. F. Tillack, and S. Forli  #
# AutoDock Vina 1.2.0: New Docking Methods, Expanded Force      #
# Field, and Python Bindings, J. Chem. Inf. Model. (2021)       #
# DOI 10.1021/acs.jcim.1c00203                                  #
#                                                               #
# O. Trott, A. J. Olson,                                        #
# AutoDock Vina: improving the speed and accuracy of docking    #
# with a new scoring function, efficient optimization and       #
# multithreading, J. Comp. Chem. (2010)                         #
# DOI 10.1002/jcc.21334                                         #
#                                                               #
# Please see https://github.com/ccsb-scripps/AutoDock-Vina for  #
# more information.                                             #
#################################################################

Scoring function : vina
Rigid receptor: /Users/user/Desktop/Projet_long/docking/work/receptors/pdbqt/abcc1_xenope.pdbqt
Ligand: /Users/user/Desktop/Projet_long/docking/work/ligands/pdbqt/microgininFR1.pdbqt
Grid center: X -0.179 Y -3.45 Z 3.575
Grid size  : X 30 Y 30 Z 30
Grid space : 0.375
Exhaustiveness: 16
CPU: 1
Verbosity: 1

Computing Vina grid ... done.
Performing docking (random seed: -445046062) ... 
0%   10   20   30   40   50   60   70   80   90   100%
|----|----|----|----|----|----|----|----|----|----|
***************************************************

mode |   affinity | dist from best mode
     | (kcal/mol) | rmsd l.b.| rmsd u.b.
-----+------------+----------+----------
   1        -7.16          0          0
   2        -6.97      2.032      6.072
   3       -6.961      2.083      6.019
   4       -6.922      2.437      7.182
   5        -6.92      2.986      8.077
   6       -6.886      2.558      6.616
   7       -6.849      4.005      11.52
   8       -6.847       2.95      7.907
   9         -6.8      2.558      5.425
  10       -6.726      3.006       7.04
  11       -6.725      2.608      4.787
  12       -6.724      3.924      10.38
  13       -6.692      2.709      6.415
  14       -6.691      3.608      8.432
  15       -6.649      2.407      6.313
  16       -6.624      7.893      13.12
  17       -6.597      4.669      12.32
  18       -6.569      3.335      6.128
  19       -6.562      2.432      6.987
  20       -6.556       3.29      5.531
  21       -6.548      3.393      5.369
  22       -6.495      2.982       7.21
  23       -6.466      5.083      12.96
  24       -6.464      3.538      10.54
  25       -6.452      3.783      9.894
  26       -6.429      2.822      5.632
  27       -6.425      2.455       6.91
  28       -6.387      3.723      9.729
  29       -6.358      2.385      6.745
  30       -6.353      3.048      7.432
  31       -6.299       3.06      6.982
  32       -6.276      3.256       10.1
  33       -6.265      2.731      7.214
  34       -6.245      6.346      9.709
  35       -6.243      3.733      11.03
  36        -6.24      3.168      5.914
  37       -6.236      6.769      13.53
  38       -6.214      3.228      7.168
  39       -6.193      2.674      8.597
  40       -6.193      4.025      10.37
  41       -6.178      2.967      9.258
  42       -6.172      3.121      9.447
  43       -6.168      8.139      13.98
  44       -6.148      2.385      7.133
  45       -6.119      2.141      4.459
  46       -6.106      3.317       11.2
  47       -6.102      3.333       8.03
  48       -6.085      5.339      9.653
  49       -6.073      2.709      10.27
  50       -6.034      2.609       9.87

