AutoDock Vina v1.2.7
#################################################################
# If you used AutoDock Vina in your work, please cite:          #
#                                                               #
# J. Eberhardt, D. Santos-Martins, A. F. Tillack, and S. Forli  #
# AutoDock Vina 1.2.0: New Docking Methods, Expanded Force      #
# Field, and Python Bindings, J. Chem. Inf. Model. (2021)       #
# DOI 10.1021/acs.jcim.1c00203                                  #
#                                                               #
# O. Trott, A. J. Olson,                                        #
# AutoDock Vina: improving the speed and accuracy of docking    #
# with a new scoring function, efficient optimization and       #
# multithreading, J. Comp. Chem. (2010)                         #
# DOI 10.1002/jcc.21334                                         #
#                                                               #
# Please see https://github.com/ccsb-scripps/AutoDock-Vina for  #
# more information.                                             #
#################################################################

Scoring function : vina
Rigid receptor: /Users/user/Desktop/Projet_long/docking/work/receptors/pdbqt/abcb6_xenope.pdbqt
Ligand: /Users/user/Desktop/Projet_long/docking/work/ligands/pdbqt/aeruginosin98A.pdbqt
Grid center: X -2.239 Y 0.893 Z -6.298
Grid size  : X 30 Y 30 Z 30
Grid space : 0.375
Exhaustiveness: 16
CPU: 1
Verbosity: 1

Computing Vina grid ... done.
Performing docking (random seed: -187964965) ... 
0%   10   20   30   40   50   60   70   80   90   100%
|----|----|----|----|----|----|----|----|----|----|
***************************************************

mode |   affinity | dist from best mode
     | (kcal/mol) | rmsd l.b.| rmsd u.b.
-----+------------+----------+----------
   1       -7.417          0          0
   2       -7.062      3.467      6.381
   3       -7.043      3.937      5.952
   4       -6.831      2.194      3.411
   5       -6.818      3.599      7.312
   6       -6.795      3.454      5.744
   7       -6.771      3.744      8.609
   8       -6.732      2.485      4.466
   9       -6.672      2.301      3.431
  10       -6.613      3.635      6.774
  11       -6.588      4.818       7.89
  12       -6.544      4.026      7.142
  13       -6.534      2.937      6.158
  14       -6.525      4.139      8.256
  15       -6.466      1.629      2.029
  16       -6.441      3.144      7.372
  17       -6.438      3.576      6.076
  18       -6.385      3.841      6.128
  19       -6.356      3.607      7.241
  20       -6.331      1.965      2.662
  21       -6.253      3.288      6.146
  22       -6.249      1.242      2.087
  23        -6.24      3.308      6.455
  24         -6.2      2.825      4.955
  25       -6.191       2.76      4.948
  26       -6.156      4.783      8.379
  27       -6.132      3.814      7.445
  28       -6.132       3.95      8.351
  29       -6.113      2.999      7.132
  30       -6.102       3.73      5.972
  31       -6.056      3.063      4.281
  32       -6.042      3.238      7.634
  33       -6.002      3.034      6.515
  34        -5.95      3.028      5.233
  35       -5.949      3.641      7.866
  36       -5.923      4.698      9.093
  37        -5.92      8.221      13.95
  38        -5.92      3.293      6.074
  39       -5.909      3.922      8.676
  40       -5.893      3.663      6.034
  41       -5.887      2.896      4.689
  42       -5.884       4.48      7.173
  43       -5.808      5.272      8.497
  44        -5.78      5.508      10.15
  45       -5.761      6.612      12.03
  46       -5.736      13.44       16.5
  47       -5.716      13.86      18.74
  48       -5.645      3.451      6.895
  49       -5.639      3.264       6.35
  50       -5.605      4.648      7.469

