AutoDock Vina v1.2.7
#################################################################
# If you used AutoDock Vina in your work, please cite:          #
#                                                               #
# J. Eberhardt, D. Santos-Martins, A. F. Tillack, and S. Forli  #
# AutoDock Vina 1.2.0: New Docking Methods, Expanded Force      #
# Field, and Python Bindings, J. Chem. Inf. Model. (2021)       #
# DOI 10.1021/acs.jcim.1c00203                                  #
#                                                               #
# O. Trott, A. J. Olson,                                        #
# AutoDock Vina: improving the speed and accuracy of docking    #
# with a new scoring function, efficient optimization and       #
# multithreading, J. Comp. Chem. (2010)                         #
# DOI 10.1002/jcc.21334                                         #
#                                                               #
# Please see https://github.com/ccsb-scripps/AutoDock-Vina for  #
# more information.                                             #
#################################################################

Scoring function : vina
Rigid receptor: /Users/user/Desktop/Projet_long/docking/work/receptors/pdbqt/abcb11_rattus.pdbqt
Ligand: /Users/user/Desktop/Projet_long/docking/work/ligands/pdbqt/microgininFR1.pdbqt
Grid center: X -6.695 Y 2.031 Z -3.702
Grid size  : X 30 Y 30 Z 30
Grid space : 0.375
Exhaustiveness: 16
CPU: 1
Verbosity: 1

Computing Vina grid ... done.
Performing docking (random seed: -2007118788) ... 
0%   10   20   30   40   50   60   70   80   90   100%
|----|----|----|----|----|----|----|----|----|----|
***************************************************

mode |   affinity | dist from best mode
     | (kcal/mol) | rmsd l.b.| rmsd u.b.
-----+------------+----------+----------
   1       -6.438          0          0
   2       -6.359      1.742      3.335
   3       -6.266      14.85      19.11
   4       -6.034      11.78      15.56
   5       -5.867      12.84       18.3
   6       -5.849      14.19      18.98
   7       -5.842      1.245      2.089
   8       -5.826      13.69      17.87
   9       -5.823      12.04      16.23
  10        -5.82      12.08      16.57
  11        -5.81      2.186      4.587
  12       -5.803      2.182      6.603
  13       -5.737      12.85      17.87
  14       -5.707      11.79      15.88
  15       -5.705      13.68      18.69
  16       -5.678      12.63      16.96
  17       -5.666      13.86      18.93
  18       -5.653      2.096      7.607
  19       -5.645      10.93      15.18
  20       -5.616      2.282      6.154
  21       -5.615      9.655      15.08
  22       -5.615      13.72       18.3
  23       -5.612      12.62      17.66
  24       -5.608      13.14      17.82
  25       -5.604      13.24      17.57
  26       -5.572      13.28      19.16
  27       -5.571      1.759      3.017
  28        -5.54      13.15      16.75
  29       -5.538      1.519      2.204
  30       -5.533      12.91      18.34
  31       -5.531      11.23      15.82
  32        -5.53      13.12      17.28
  33       -5.521      2.309      8.163
  34       -5.487      15.64      20.82
  35       -5.487      12.95      17.81
  36       -5.476      1.944      2.881
  37       -5.472      2.191      4.381
  38       -5.456      2.122      4.776
  39       -5.442      2.464      4.687
  40       -5.361      2.376          8
  41       -5.339      2.543      5.062
  42       -5.321      3.004      6.817
  43       -5.308       12.8       17.5
  44       -5.298       10.7      15.83
  45       -5.285      2.075       5.76
  46       -5.271      12.87      17.32
  47       -5.234      14.31      19.12
  48       -5.192      3.098      6.798
  49        -5.19      2.118      4.419
  50       -5.154      2.438      8.357

