AutoDock Vina v1.2.7
#################################################################
# If you used AutoDock Vina in your work, please cite:          #
#                                                               #
# J. Eberhardt, D. Santos-Martins, A. F. Tillack, and S. Forli  #
# AutoDock Vina 1.2.0: New Docking Methods, Expanded Force      #
# Field, and Python Bindings, J. Chem. Inf. Model. (2021)       #
# DOI 10.1021/acs.jcim.1c00203                                  #
#                                                               #
# O. Trott, A. J. Olson,                                        #
# AutoDock Vina: improving the speed and accuracy of docking    #
# with a new scoring function, efficient optimization and       #
# multithreading, J. Comp. Chem. (2010)                         #
# DOI 10.1002/jcc.21334                                         #
#                                                               #
# Please see https://github.com/ccsb-scripps/AutoDock-Vina for  #
# more information.                                             #
#################################################################

Scoring function : vina
Rigid receptor: /Users/user/Desktop/Projet_long/docking/work/receptors/pdbqt/abcg8_rattus.pdbqt
Ligand: /Users/user/Desktop/Projet_long/docking/work/ligands/pdbqt/microcystineLR.pdbqt
Grid center: X -7.889 Y 2.355 Z -1.228
Grid size  : X 30 Y 30 Z 30
Grid space : 0.375
Exhaustiveness: 16
CPU: 1
Verbosity: 1

Computing Vina grid ... done.
Performing docking (random seed: 1664704237) ... 
0%   10   20   30   40   50   60   70   80   90   100%
|----|----|----|----|----|----|----|----|----|----|
***************************************************

mode |   affinity | dist from best mode
     | (kcal/mol) | rmsd l.b.| rmsd u.b.
-----+------------+----------+----------
   1       -7.956          0          0
   2       -7.652      1.377      2.451
   3       -7.579      5.471       11.1
   4       -7.504      3.201      11.91
   5       -7.498      2.528      4.721
   6       -7.484      5.598      11.52
   7       -7.484       5.77      11.71
   8       -7.478      2.768       12.7
   9       -7.471      1.986      4.057
  10       -7.464      3.245      12.33
  11       -7.419      5.299      11.68
  12       -7.391      4.917      12.01
  13       -7.336      2.421      3.818
  14       -7.219      2.295      3.407
  15       -7.197      3.168      12.39
  16       -7.172       3.15      11.32
  17       -7.166      3.972      12.94
  18       -7.114      4.817      12.09
  19       -7.111      2.078      3.846
  20       -7.086      2.057      3.831
  21       -7.082          2      3.484
  22       -7.068      2.014      3.222
  23       -7.019      2.675      13.13
  24       -6.995      2.428      3.921
  25       -6.902      2.801      11.93
  26       -6.886       2.57      12.49
  27       -6.863      2.226      3.205
  28       -6.849      2.553      11.74
  29       -6.828       2.75       5.72
  30       -6.809       4.17      13.09
  31       -6.773      4.239      12.75
  32       -6.772      3.265      12.08
  33       -6.668      3.386      12.78
  34       -6.668       2.46      4.206
  35       -6.634      2.895       13.5
  36        -6.61       2.73      12.92
  37        -6.61      3.205       12.2
  38       -6.536      4.388      13.27
  39       -6.507      5.441      11.01
  40       -6.471      2.929      5.706
  41       -6.457      2.961       12.6
  42        -6.44      2.956      13.14
  43       -6.437      2.613      13.18
  44       -6.424      4.078      8.329
  45       -6.385      4.128      13.57
  46       -6.384       4.86      13.54
  47        -6.34      2.529      13.37
  48       -6.338      3.039      5.712
  49       -6.322      5.391      11.08
  50       -6.296      4.576      9.842

