AutoDock Vina v1.2.7
#################################################################
# If you used AutoDock Vina in your work, please cite:          #
#                                                               #
# J. Eberhardt, D. Santos-Martins, A. F. Tillack, and S. Forli  #
# AutoDock Vina 1.2.0: New Docking Methods, Expanded Force      #
# Field, and Python Bindings, J. Chem. Inf. Model. (2021)       #
# DOI 10.1021/acs.jcim.1c00203                                  #
#                                                               #
# O. Trott, A. J. Olson,                                        #
# AutoDock Vina: improving the speed and accuracy of docking    #
# with a new scoring function, efficient optimization and       #
# multithreading, J. Comp. Chem. (2010)                         #
# DOI 10.1002/jcc.21334                                         #
#                                                               #
# Please see https://github.com/ccsb-scripps/AutoDock-Vina for  #
# more information.                                             #
#################################################################

Scoring function : vina
Rigid receptor: /Users/user/Desktop/Projet_long/docking/work/receptors/pdbqt/abcg2_zebrafish.pdbqt
Ligand: /Users/user/Desktop/Projet_long/docking/work/ligands/pdbqt/microcystineLR.pdbqt
Grid center: X -0.229 Y -1.069 Z 1.027
Grid size  : X 30 Y 30 Z 30
Grid space : 0.375
Exhaustiveness: 16
CPU: 1
Verbosity: 1

Computing Vina grid ... done.
Performing docking (random seed: 1972383501) ... 
0%   10   20   30   40   50   60   70   80   90   100%
|----|----|----|----|----|----|----|----|----|----|
***************************************************

mode |   affinity | dist from best mode
     | (kcal/mol) | rmsd l.b.| rmsd u.b.
-----+------------+----------+----------
   1       -6.576          0          0
   2       -6.443       2.15      2.785
   3       -6.113      2.322       11.4
   4        -6.08      4.241      11.74
   5       -6.077      2.381      11.33
   6       -6.048      2.076      3.242
   7        -6.01      4.734      7.331
   8       -6.007       2.74      3.848
   9        -5.98      3.152      12.07
  10       -5.974       1.94      3.508
  11       -5.956       2.85      11.92
  12       -5.907      4.495      7.438
  13       -5.897       2.65      12.06
  14       -5.897       4.61      7.034
  15       -5.851      2.243         11
  16       -5.829      2.905      7.026
  17       -5.818      2.109      3.036
  18       -5.805      2.694      12.63
  19       -5.758      2.586      3.929
  20        -5.72      4.657      7.603
  21       -5.686      2.728       11.9
  22       -5.664      11.18      15.45
  23       -5.653      3.147      7.024
  24       -5.645      2.826      11.47
  25       -5.509      2.628      11.64
  26       -5.501      4.884      8.567
  27       -5.488      4.056      12.67
  28       -5.426      12.22      15.95
  29       -5.424      3.332      6.743
  30       -5.392      3.169      7.423
  31       -5.371      4.464      7.106
  32       -5.359      11.62       17.5
  33       -5.344      5.985       9.61
  34       -5.292      11.19      15.51
  35       -5.287      2.626      5.726
  36        -5.25      4.585      7.549
  37       -5.229      4.474      6.885
  38       -5.215      5.466      13.41
  39       -5.185      4.024      12.68
  40       -5.177       4.09      6.483
  41       -5.167      3.662      9.775
  42       -5.156      5.006      10.38
  43        -5.15      11.69      16.03
  44       -5.128      2.285      11.16
  45       -5.016      3.858      5.142
  46       -5.008      5.731      13.46
  47       -5.007      4.104      12.24
  48       -5.005      2.559        4.1
  49       -4.996      12.15      16.39
  50       -4.951      3.971      12.78

