AutoDock Vina v1.2.7
#################################################################
# If you used AutoDock Vina in your work, please cite:          #
#                                                               #
# J. Eberhardt, D. Santos-Martins, A. F. Tillack, and S. Forli  #
# AutoDock Vina 1.2.0: New Docking Methods, Expanded Force      #
# Field, and Python Bindings, J. Chem. Inf. Model. (2021)       #
# DOI 10.1021/acs.jcim.1c00203                                  #
#                                                               #
# O. Trott, A. J. Olson,                                        #
# AutoDock Vina: improving the speed and accuracy of docking    #
# with a new scoring function, efficient optimization and       #
# multithreading, J. Comp. Chem. (2010)                         #
# DOI 10.1002/jcc.21334                                         #
#                                                               #
# Please see https://github.com/ccsb-scripps/AutoDock-Vina for  #
# more information.                                             #
#################################################################

Scoring function : vina
Rigid receptor: /Users/user/Desktop/Projet_long/docking/work/receptors/pdbqt/ace_daphnia.pdbqt
Ligand: /Users/user/Desktop/Projet_long/docking/work/ligands/pdbqt/microcystineLR.pdbqt
Grid center: X 0.432 Y 0.165 Z -0.13
Grid size  : X 30 Y 30 Z 30
Grid space : 0.375
Exhaustiveness: 16
CPU: 1
Verbosity: 1

Computing Vina grid ... done.
Performing docking (random seed: 748316858) ... 
0%   10   20   30   40   50   60   70   80   90   100%
|----|----|----|----|----|----|----|----|----|----|
***************************************************

mode |   affinity | dist from best mode
     | (kcal/mol) | rmsd l.b.| rmsd u.b.
-----+------------+----------+----------
   1       -8.279          0          0
   2       -8.149      1.529      2.003
   3       -8.061      2.047      3.461
   4       -7.956      1.806       2.34
   5       -7.824      2.612       4.29
   6       -7.695      3.462      12.86
   7       -7.619      2.968      12.83
   8       -7.576      3.098      7.196
   9       -7.552      3.084      5.235
  10       -7.546      4.204      8.889
  11       -7.537      1.899      2.509
  12       -7.524      3.023      12.67
  13       -7.497      2.071      2.982
  14       -7.449      5.084      14.04
  15       -7.408      3.234      12.81
  16       -7.407      5.603      10.79
  17       -7.393       3.73      7.953
  18       -7.389      5.621      10.56
  19       -7.384      6.229      14.96
  20       -7.356      3.024      5.319
  21        -7.33      3.613       7.85
  22       -7.324      2.612       5.15
  23       -7.302      5.351      10.01
  24       -7.299      2.859      5.383
  25       -7.293       5.73       10.8
  26       -7.269      3.306      7.035
  27       -7.249      2.386      4.093
  28       -7.237      4.518      9.783
  29       -7.221      5.246       15.1
  30       -7.209      5.618      10.43
  31        -7.19      3.805      8.513
  32       -7.176        6.2      14.78
  33       -7.166      3.002      7.531
  34       -7.153      3.649      7.463
  35       -7.153      2.841      12.09
  36       -7.126      3.439      7.258
  37       -7.112      2.706      4.417
  38       -7.067      2.729      12.39
  39       -7.046      3.257      6.987
  40        -7.03      2.964       5.46
  41       -6.992      5.996       10.2
  42       -6.989      6.169      10.32
  43       -6.984       3.61      8.158
  44       -6.965      3.544      13.57
  45       -6.942      3.163      6.594
  46       -6.927      3.801      8.944
  47       -6.903       5.78      14.27
  48       -6.903      4.093      7.459
  49       -6.878      2.426       3.52
  50       -6.785      3.994      8.517

