AutoDock Vina v1.2.7
#################################################################
# If you used AutoDock Vina in your work, please cite:          #
#                                                               #
# J. Eberhardt, D. Santos-Martins, A. F. Tillack, and S. Forli  #
# AutoDock Vina 1.2.0: New Docking Methods, Expanded Force      #
# Field, and Python Bindings, J. Chem. Inf. Model. (2021)       #
# DOI 10.1021/acs.jcim.1c00203                                  #
#                                                               #
# O. Trott, A. J. Olson,                                        #
# AutoDock Vina: improving the speed and accuracy of docking    #
# with a new scoring function, efficient optimization and       #
# multithreading, J. Comp. Chem. (2010)                         #
# DOI 10.1002/jcc.21334                                         #
#                                                               #
# Please see https://github.com/ccsb-scripps/AutoDock-Vina for  #
# more information.                                             #
#################################################################

Scoring function : vina
Rigid receptor: /Users/user/Desktop/Projet_long/docking/work/receptors/pdbqt/abcc1_zebrafish.pdbqt
Ligand: /Users/user/Desktop/Projet_long/docking/work/ligands/pdbqt/aeruginosin98A.pdbqt
Grid center: X -4.413 Y 2.871 Z -0.886
Grid size  : X 30 Y 30 Z 30
Grid space : 0.375
Exhaustiveness: 16
CPU: 1
Verbosity: 1

Computing Vina grid ... done.
Performing docking (random seed: 1194013649) ... 
0%   10   20   30   40   50   60   70   80   90   100%
|----|----|----|----|----|----|----|----|----|----|
***************************************************

mode |   affinity | dist from best mode
     | (kcal/mol) | rmsd l.b.| rmsd u.b.
-----+------------+----------+----------
   1       -7.296          0          0
   2       -7.042      4.193      8.552
   3       -7.025      13.02      17.19
   4       -6.999      13.85      17.87
   5       -6.983      13.93      17.96
   6        -6.98      9.752       14.3
   7       -6.974      12.13      16.09
   8       -6.953      3.507      6.843
   9       -6.935      10.13      14.68
  10       -6.871      3.754      7.401
  11       -6.842      11.86      16.04
  12       -6.798      4.155      8.496
  13       -6.798       13.5      17.48
  14       -6.752       8.56      12.69
  15       -6.732      12.73      16.78
  16       -6.725      13.48       17.8
  17       -6.682      3.562      7.025
  18       -6.661      11.52      15.06
  19        -6.65      4.787      8.587
  20       -6.645      3.745      7.533
  21       -6.624      5.153       9.48
  22       -6.624      8.318      12.49
  23       -6.614      12.29      17.13
  24       -6.593       11.6      16.22
  25       -6.585      8.115      11.57
  26       -6.576      13.22      17.94
  27       -6.553      3.703      7.985
  28       -6.542         13      17.03
  29       -6.541      10.51      15.08
  30       -6.536       10.3      14.77
  31       -6.507       9.76      12.99
  32       -6.494        3.3      7.569
  33       -6.465      13.53      16.53
  34       -6.464      4.802      8.777
  35       -6.455      10.54      14.57
  36       -6.423      11.21      15.09
  37       -6.412      8.623      13.66
  38       -6.396      10.93      15.78
  39       -6.393      12.93      16.52
  40       -6.382      12.51      17.06
  41       -6.375      11.12      15.38
  42       -6.355      10.89      15.59
  43       -6.335      12.05      16.04
  44       -6.312      8.663      12.35
  45       -6.291      7.995      11.92
  46       -6.286       11.7      15.37
  47       -6.285      3.678      7.239
  48       -6.285      10.91       15.3
  49       -6.268      9.861      13.77
  50       -6.217      11.45         16

