AutoDock Vina v1.2.7
#################################################################
# If you used AutoDock Vina in your work, please cite:          #
#                                                               #
# J. Eberhardt, D. Santos-Martins, A. F. Tillack, and S. Forli  #
# AutoDock Vina 1.2.0: New Docking Methods, Expanded Force      #
# Field, and Python Bindings, J. Chem. Inf. Model. (2021)       #
# DOI 10.1021/acs.jcim.1c00203                                  #
#                                                               #
# O. Trott, A. J. Olson,                                        #
# AutoDock Vina: improving the speed and accuracy of docking    #
# with a new scoring function, efficient optimization and       #
# multithreading, J. Comp. Chem. (2010)                         #
# DOI 10.1002/jcc.21334                                         #
#                                                               #
# Please see https://github.com/ccsb-scripps/AutoDock-Vina for  #
# more information.                                             #
#################################################################

Scoring function : vina
Rigid receptor: /Users/user/Desktop/Projet_long/docking/work/receptors/pdbqt/abcg2_rattus.pdbqt
Ligand: /Users/user/Desktop/Projet_long/docking/work/ligands/pdbqt/microgininFR1.pdbqt
Grid center: X 1.749 Y 1.463 Z 2.795
Grid size  : X 30 Y 30 Z 30
Grid space : 0.375
Exhaustiveness: 16
CPU: 1
Verbosity: 1

Computing Vina grid ... done.
Performing docking (random seed: 60532136) ... 
0%   10   20   30   40   50   60   70   80   90   100%
|----|----|----|----|----|----|----|----|----|----|
***************************************************

mode |   affinity | dist from best mode
     | (kcal/mol) | rmsd l.b.| rmsd u.b.
-----+------------+----------+----------
   1       -7.777          0          0
   2       -7.743      1.691       2.54
   3        -7.72      4.987       8.85
   4       -7.475      2.626      10.11
   5        -7.41      2.348      11.42
   6       -7.408      1.425      2.138
   7       -7.385      2.464      11.84
   8       -7.382      1.828      2.749
   9       -7.373      4.611      11.23
  10       -7.357      3.954      9.761
  11       -7.292      12.63      17.67
  12       -7.271      2.405      11.37
  13       -7.266      2.909      9.762
  14       -7.243      3.416      11.04
  15       -7.239      2.624      11.05
  16        -7.22      5.255      11.27
  17       -7.217      6.243       10.6
  18       -7.202      1.672      2.279
  19        -7.17       1.85      3.347
  20       -7.137      3.181      9.701
  21       -7.133      4.598      10.87
  22       -7.128      2.564      9.474
  23        -7.05       5.47      10.06
  24        -7.05      5.478      10.51
  25       -7.047      3.502      10.36
  26       -7.045      2.629      10.64
  27       -7.025        4.8      8.483
  28       -7.016      4.785      11.05
  29       -6.975       5.83      11.14
  30       -6.958      6.492      12.08
  31       -6.957      3.855      7.663
  32       -6.953       2.41      3.701
  33       -6.943      5.562      9.676
  34       -6.935      2.382       11.3
  35       -6.933      12.65       17.3
  36       -6.927      14.75      20.63
  37       -6.922       3.82      10.61
  38         -6.9       2.28       3.51
  39       -6.893      2.517      10.69
  40        -6.89      1.857      3.721
  41       -6.881      4.973      9.433
  42       -6.861      7.006      10.07
  43       -6.844      3.925      7.574
  44       -6.813      4.509      11.03
  45       -6.809      3.623      7.522
  46       -6.806       3.06      11.21
  47       -6.804      4.533       9.12
  48       -6.783      4.789      8.938
  49       -6.733      3.337      10.35
  50        -6.72      6.771      10.77

