AutoDock Vina v1.2.7
#################################################################
# If you used AutoDock Vina in your work, please cite:          #
#                                                               #
# J. Eberhardt, D. Santos-Martins, A. F. Tillack, and S. Forli  #
# AutoDock Vina 1.2.0: New Docking Methods, Expanded Force      #
# Field, and Python Bindings, J. Chem. Inf. Model. (2021)       #
# DOI 10.1021/acs.jcim.1c00203                                  #
#                                                               #
# O. Trott, A. J. Olson,                                        #
# AutoDock Vina: improving the speed and accuracy of docking    #
# with a new scoring function, efficient optimization and       #
# multithreading, J. Comp. Chem. (2010)                         #
# DOI 10.1002/jcc.21334                                         #
#                                                               #
# Please see https://github.com/ccsb-scripps/AutoDock-Vina for  #
# more information.                                             #
#################################################################

Scoring function : vina
Rigid receptor: /Users/user/Desktop/Projet_long/docking/work/receptors/pdbqt/ace_daphnia.pdbqt
Ligand: /Users/user/Desktop/Projet_long/docking/work/ligands/pdbqt/microgininFR1.pdbqt
Grid center: X 0.432 Y 0.165 Z -0.13
Grid size  : X 30 Y 30 Z 30
Grid space : 0.375
Exhaustiveness: 16
CPU: 1
Verbosity: 1

Computing Vina grid ... done.
Performing docking (random seed: 1153982746) ... 
0%   10   20   30   40   50   60   70   80   90   100%
|----|----|----|----|----|----|----|----|----|----|
***************************************************

mode |   affinity | dist from best mode
     | (kcal/mol) | rmsd l.b.| rmsd u.b.
-----+------------+----------+----------
   1       -8.853          0          0
   2       -8.794      2.043      2.969
   3       -8.757      4.231      7.734
   4       -8.667      1.194      2.071
   5       -8.657      1.882      2.399
   6       -8.318      1.547      2.821
   7       -8.293       1.44       2.36
   8       -8.288      4.484      9.445
   9       -8.201      2.054      2.911
  10       -8.144      1.829       2.49
  11       -8.131      4.504      9.519
  12       -8.041      4.047       7.34
  13       -8.022      4.223      8.394
  14       -7.998      5.028      8.054
  15       -7.992      3.401      5.697
  16       -7.969      4.405      9.769
  17       -7.942      2.143      3.018
  18       -7.902      2.147      3.404
  19       -7.895      2.213      3.353
  20       -7.894      3.989      6.842
  21       -7.797      2.609      4.295
  22       -7.786      3.832      6.639
  23       -7.774      4.132      7.382
  24       -7.774      4.506      7.996
  25       -7.743      2.074      3.237
  26       -7.735      2.475      4.009
  27        -7.57      4.583      10.37
  28       -7.566      2.657      5.804
  29       -7.552      4.132      7.299
  30        -7.54      2.298      4.997
  31       -7.537      3.301      7.527
  32        -7.49      3.667      10.67
  33       -7.423      2.413      5.474
  34       -7.421      3.521      9.015
  35       -7.406      4.846      7.752
  36       -7.388       3.24      7.709
  37       -7.355      6.192      11.11
  38       -7.354      3.075      6.496
  39       -7.345      4.457       8.98
  40       -7.339      1.909      5.807
  41       -7.303      2.683      5.097
  42       -7.269      2.453      5.071
  43       -7.267      4.919      10.69
  44       -7.256      3.991      10.29
  45       -7.187      3.559      7.818
  46       -7.183       5.67      11.35
  47       -7.176       4.31      11.24
  48       -7.168      3.879       8.67
  49       -7.149      3.386      6.977
  50       -7.099      3.811      9.888

