AutoDock Vina v1.2.7
#################################################################
# If you used AutoDock Vina in your work, please cite:          #
#                                                               #
# J. Eberhardt, D. Santos-Martins, A. F. Tillack, and S. Forli  #
# AutoDock Vina 1.2.0: New Docking Methods, Expanded Force      #
# Field, and Python Bindings, J. Chem. Inf. Model. (2021)       #
# DOI 10.1021/acs.jcim.1c00203                                  #
#                                                               #
# O. Trott, A. J. Olson,                                        #
# AutoDock Vina: improving the speed and accuracy of docking    #
# with a new scoring function, efficient optimization and       #
# multithreading, J. Comp. Chem. (2010)                         #
# DOI 10.1002/jcc.21334                                         #
#                                                               #
# Please see https://github.com/ccsb-scripps/AutoDock-Vina for  #
# more information.                                             #
#################################################################

Scoring function : vina
Rigid receptor: /Users/user/Desktop/Projet_long/docking/work/receptors/pdbqt/cftr_zebrafish.pdbqt
Ligand: /Users/user/Desktop/Projet_long/docking/work/ligands/pdbqt/aeruginosin98A.pdbqt
Grid center: X -7.493 Y 3.014 Z -2.18
Grid size  : X 30 Y 30 Z 30
Grid space : 0.375
Exhaustiveness: 16
CPU: 1
Verbosity: 1

Computing Vina grid ... done.
Performing docking (random seed: -660356078) ... 
0%   10   20   30   40   50   60   70   80   90   100%
|----|----|----|----|----|----|----|----|----|----|
***************************************************

mode |   affinity | dist from best mode
     | (kcal/mol) | rmsd l.b.| rmsd u.b.
-----+------------+----------+----------
   1       -8.315          0          0
   2       -8.204      3.049      6.091
   3       -7.881       4.02      6.569
   4       -7.856      3.143      6.463
   5       -7.834      2.497      3.091
   6       -7.834       3.77      7.284
   7       -7.824      3.689      6.364
   8       -7.777      3.012      5.149
   9        -7.77      3.312       6.32
  10       -7.728      7.137      12.01
  11        -7.68       3.11      8.042
  12       -7.649      5.301      9.226
  13       -7.615      4.002      8.936
  14       -7.567      4.684      9.293
  15       -7.558      2.636      6.355
  16       -7.538      4.816      9.356
  17       -7.493      6.655      10.91
  18       -7.465      4.049      10.15
  19       -7.439      3.794      7.211
  20       -7.427       3.25      7.185
  21       -7.409      4.706      8.491
  22       -7.399      7.051      11.75
  23       -7.389      5.166      8.265
  24       -7.384      3.712      9.068
  25        -7.38      6.249      10.89
  26       -7.343      6.182       10.4
  27       -7.325      4.261      9.635
  28       -7.319      9.352      13.38
  29       -7.319      4.884      10.31
  30       -7.282      4.415       8.98
  31       -7.259      3.086      6.692
  32       -7.258      4.849      8.676
  33       -7.242      4.397      7.918
  34       -7.221      3.402      9.304
  35       -7.217      4.205      9.292
  36       -7.216      7.414      11.47
  37       -7.211      4.459      10.74
  38       -7.208      6.964       10.5
  39       -7.187      4.189        7.2
  40       -7.186      3.153      6.374
  41       -7.145      5.007      9.743
  42       -7.143      13.55      16.23
  43       -7.124      4.835      9.545
  44       -7.061      8.832      13.02
  45       -7.051      4.314      7.767
  46       -7.044      4.186      9.942
  47       -7.016      3.402      5.694
  48       -6.963      5.002      9.896
  49       -6.897      5.727      10.71
  50       -6.877      6.778       11.6

