AutoDock Vina v1.2.7
#################################################################
# If you used AutoDock Vina in your work, please cite:          #
#                                                               #
# J. Eberhardt, D. Santos-Martins, A. F. Tillack, and S. Forli  #
# AutoDock Vina 1.2.0: New Docking Methods, Expanded Force      #
# Field, and Python Bindings, J. Chem. Inf. Model. (2021)       #
# DOI 10.1021/acs.jcim.1c00203                                  #
#                                                               #
# O. Trott, A. J. Olson,                                        #
# AutoDock Vina: improving the speed and accuracy of docking    #
# with a new scoring function, efficient optimization and       #
# multithreading, J. Comp. Chem. (2010)                         #
# DOI 10.1002/jcc.21334                                         #
#                                                               #
# Please see https://github.com/ccsb-scripps/AutoDock-Vina for  #
# more information.                                             #
#################################################################

Scoring function : vina
Rigid receptor: /Users/user/Desktop/Projet_long/docking/work/receptors/pdbqt/slco1c1_zebrafish.pdbqt
Ligand: /Users/user/Desktop/Projet_long/docking/work/ligands/pdbqt/microcystineLR.pdbqt
Grid center: X -4.396 Y -3.059 Z 7.483
Grid size  : X 30 Y 30 Z 30
Grid space : 0.375
Exhaustiveness: 16
CPU: 1
Verbosity: 1

Computing Vina grid ... done.
Performing docking (random seed: 164994643) ... 
0%   10   20   30   40   50   60   70   80   90   100%
|----|----|----|----|----|----|----|----|----|----|
***************************************************

mode |   affinity | dist from best mode
     | (kcal/mol) | rmsd l.b.| rmsd u.b.
-----+------------+----------+----------
   1       -7.374          0          0
   2       -7.319      4.777      10.35
   3       -7.301      4.795      11.34
   4       -7.256      4.405      11.26
   5       -7.179      4.382      10.88
   6       -7.146      5.197      12.93
   7       -7.146      4.699      11.01
   8       -7.121      3.997      10.71
   9       -7.118      4.293      8.171
  10       -7.105      4.697      10.72
  11       -7.085      4.714      10.65
  12       -7.077      4.583      11.62
  13       -7.074      4.064       11.7
  14       -7.028      5.495      11.77
  15       -7.014      3.968      10.79
  16       -7.009      3.973       10.7
  17       -7.009      4.818      11.74
  18        -6.99      4.648      10.58
  19       -6.952      4.211       10.5
  20       -6.951      4.492       11.5
  21       -6.935       4.91      11.27
  22       -6.924      4.077      10.24
  23       -6.921      4.239      10.52
  24       -6.903      4.593      11.24
  25       -6.903       4.43       10.7
  26       -6.891      4.747      8.727
  27       -6.881       4.29      10.31
  28       -6.865       4.43      11.03
  29       -6.856      3.824      10.38
  30       -6.841      4.576      9.965
  31       -6.836      5.255       11.4
  32       -6.834      4.608      10.94
  33       -6.829       4.52      9.866
  34       -6.822      4.138      11.03
  35       -6.805      4.643      10.93
  36         -6.8      4.496      10.52
  37       -6.791      4.807      9.502
  38       -6.788      5.202      11.41
  39       -6.785      4.584      9.262
  40       -6.764      4.843      11.25
  41       -6.757      5.869      9.994
  42       -6.721      4.422      8.967
  43       -6.697      6.029      9.932
  44       -6.683      4.878      10.93
  45       -6.671      6.145      10.13
  46       -6.656      4.709      8.881
  47       -6.653      6.289      10.66
  48       -6.643      4.937      12.73
  49       -6.636      4.833      11.12
  50       -6.561      5.107      9.031

