AutoDock Vina v1.2.7
#################################################################
# If you used AutoDock Vina in your work, please cite:          #
#                                                               #
# J. Eberhardt, D. Santos-Martins, A. F. Tillack, and S. Forli  #
# AutoDock Vina 1.2.0: New Docking Methods, Expanded Force      #
# Field, and Python Bindings, J. Chem. Inf. Model. (2021)       #
# DOI 10.1021/acs.jcim.1c00203                                  #
#                                                               #
# O. Trott, A. J. Olson,                                        #
# AutoDock Vina: improving the speed and accuracy of docking    #
# with a new scoring function, efficient optimization and       #
# multithreading, J. Comp. Chem. (2010)                         #
# DOI 10.1002/jcc.21334                                         #
#                                                               #
# Please see https://github.com/ccsb-scripps/AutoDock-Vina for  #
# more information.                                             #
#################################################################

Scoring function : vina
Rigid receptor: /Users/user/Desktop/Projet_long/docking/work/receptors/pdbqt/tmprss2_rattus.pdbqt
Ligand: /Users/user/Desktop/Projet_long/docking/work/ligands/pdbqt/aeruginosin98A.pdbqt
Grid center: X 6.238 Y -0.925 Z 6.632
Grid size  : X 30 Y 30 Z 30
Grid space : 0.375
Exhaustiveness: 16
CPU: 1
Verbosity: 1

Computing Vina grid ... done.
Performing docking (random seed: -736302008) ... 
0%   10   20   30   40   50   60   70   80   90   100%
|----|----|----|----|----|----|----|----|----|----|
***************************************************

mode |   affinity | dist from best mode
     | (kcal/mol) | rmsd l.b.| rmsd u.b.
-----+------------+----------+----------
   1        -8.06          0          0
   2       -8.015      2.227      3.883
   3       -8.009      2.214      4.176
   4       -7.997      3.294      6.109
   5       -7.939      3.184      5.871
   6       -7.884      17.05      20.26
   7       -7.849       16.7      20.39
   8       -7.818      2.788      4.288
   9       -7.804       15.6      18.52
  10       -7.802      16.49      20.75
  11       -7.789      16.63      19.94
  12       -7.709      17.88      21.72
  13       -7.646      16.69      21.27
  14       -7.644      2.374      3.825
  15       -7.638      16.63         20
  16       -7.625      16.51      20.06
  17       -7.592       16.5       20.7
  18       -7.589       15.8       20.5
  19       -7.541      16.97      21.13
  20         -7.5      2.855       5.21
  21       -7.451      17.19      21.12
  22       -7.381      3.587       6.24
  23       -7.378      15.65      19.24
  24       -7.376      17.41      21.44
  25       -7.373      17.01      21.42
  26       -7.366      17.04      21.22
  27       -7.361      17.51      21.45
  28        -7.36      17.02      21.14
  29       -7.339      16.13      19.45
  30       -7.294      15.82       20.5
  31       -7.293      17.29      20.95
  32       -7.288      16.97      20.39
  33       -7.259      2.897      5.527
  34       -7.251      2.725      5.365
  35       -7.233      18.22      22.34
  36         -7.2      18.01      21.96
  37       -7.168       2.76       4.61
  38       -7.168      16.61      20.24
  39       -7.122      17.28      20.67
  40       -7.119       2.42      4.211
  41       -7.091       17.2      21.81
  42       -7.077      17.46       20.8
  43       -7.065      16.47      20.95
  44       -7.059       17.1      20.48
  45       -7.007      18.07      21.89
  46       -7.006      4.933      9.779
  47       -6.956       18.5      22.21
  48       -6.914      17.09      21.07
  49       -6.914      15.77      19.62
  50       -6.867      17.17      21.72

