AutoDock Vina v1.2.7
#################################################################
# If you used AutoDock Vina in your work, please cite:          #
#                                                               #
# J. Eberhardt, D. Santos-Martins, A. F. Tillack, and S. Forli  #
# AutoDock Vina 1.2.0: New Docking Methods, Expanded Force      #
# Field, and Python Bindings, J. Chem. Inf. Model. (2021)       #
# DOI 10.1021/acs.jcim.1c00203                                  #
#                                                               #
# O. Trott, A. J. Olson,                                        #
# AutoDock Vina: improving the speed and accuracy of docking    #
# with a new scoring function, efficient optimization and       #
# multithreading, J. Comp. Chem. (2010)                         #
# DOI 10.1002/jcc.21334                                         #
#                                                               #
# Please see https://github.com/ccsb-scripps/AutoDock-Vina for  #
# more information.                                             #
#################################################################

Scoring function : vina
Rigid receptor: /Users/user/Desktop/Projet_long/docking/work/receptors/pdbqt/ace_homo.pdbqt
Ligand: /Users/user/Desktop/Projet_long/docking/work/ligands/pdbqt/microgininFR1.pdbqt
Grid center: X 40.479 Y 37.397 Z 43.502
Grid size  : X 24 Y 24 Z 24
Grid space : 0.375
Exhaustiveness: 16
CPU: 0
Verbosity: 1

Computing Vina grid ... done.
Performing docking (random seed: -822070752) ... 
0%   10   20   30   40   50   60   70   80   90   100%
|----|----|----|----|----|----|----|----|----|----|
***************************************************

mode |   affinity | dist from best mode
     | (kcal/mol) | rmsd l.b.| rmsd u.b.
-----+------------+----------+----------
   1       -9.782          0          0
   2       -9.766      1.692      2.671
   3       -9.433      1.495      2.154
   4       -9.367      1.751      2.872
   5       -9.182      1.141      1.503
   6       -9.125      2.131      6.139
   7       -9.079      1.892       5.42
   8       -9.079       1.85      2.445
   9       -9.022      2.006       3.08
  10       -8.922      1.707      5.018
  11        -8.92      2.439      5.951
  12       -8.887      2.254      3.189
  13       -8.774      2.312      10.76
  14       -8.708      2.623      10.88
  15       -8.413      2.788      12.26
  16       -8.367      1.838      2.681
  17       -8.362      4.638      14.46
  18       -8.357      1.684      2.434
  19         -8.2      2.769      11.11
  20        -8.11      6.212      15.49
  21       -8.086      1.757      5.858
  22       -8.053      2.023      6.231
  23       -8.042      2.674         11
  24       -8.037       5.37      14.68
  25        -8.03      2.514      6.426
  26       -8.013      4.137      10.88
  27       -7.977      2.635      11.26
  28       -7.941      1.946      6.173
  29       -7.911      6.312      15.33
  30       -7.908      7.632      15.97
  31       -7.884      2.433      3.909
  32       -7.802      1.816      5.981
  33       -7.797      2.543      11.06
  34       -7.729      3.257      10.93
  35       -7.688      2.665      11.38
  36       -7.687      5.154      14.37
  37        -7.68       9.58      14.47
  38       -7.626      2.508      11.13
  39       -7.566      5.646      14.99
  40       -7.558      2.064      6.078
  41       -7.521      9.142      14.96
  42       -7.515      3.481      11.18
  43       -7.506      11.11       15.6
  44       -7.414      1.966      3.418
  45       -7.375      10.52      15.93
  46       -7.358      5.761      14.52
  47        -7.35      6.098       15.3
  48         -7.3      6.784      15.91
  49       -7.266      6.759      16.07
  50       -7.215      6.767      16.16

