AutoDock Vina v1.2.7
#################################################################
# If you used AutoDock Vina in your work, please cite:          #
#                                                               #
# J. Eberhardt, D. Santos-Martins, A. F. Tillack, and S. Forli  #
# AutoDock Vina 1.2.0: New Docking Methods, Expanded Force      #
# Field, and Python Bindings, J. Chem. Inf. Model. (2021)       #
# DOI 10.1021/acs.jcim.1c00203                                  #
#                                                               #
# O. Trott, A. J. Olson,                                        #
# AutoDock Vina: improving the speed and accuracy of docking    #
# with a new scoring function, efficient optimization and       #
# multithreading, J. Comp. Chem. (2010)                         #
# DOI 10.1002/jcc.21334                                         #
#                                                               #
# Please see https://github.com/ccsb-scripps/AutoDock-Vina for  #
# more information.                                             #
#################################################################

Scoring function : vina
Rigid receptor: /Users/user/Desktop/Projet_long/docking/work/receptors/pdbqt/abcg8_rattus.pdbqt
Ligand: /Users/user/Desktop/Projet_long/docking/work/ligands/pdbqt/aerucyclamideA_3D.pdbqt
Grid center: X -7.889 Y 2.355 Z -1.228
Grid size  : X 30 Y 30 Z 30
Grid space : 0.375
Exhaustiveness: 16
CPU: 1
Verbosity: 1

Computing Vina grid ... done.
Performing docking (random seed: 1338291285) ... 
0%   10   20   30   40   50   60   70   80   90   100%
|----|----|----|----|----|----|----|----|----|----|
***************************************************

mode |   affinity | dist from best mode
     | (kcal/mol) | rmsd l.b.| rmsd u.b.
-----+------------+----------+----------
   1       -6.068          0          0
   2       -5.653      1.243      1.425
   3       -5.464      2.345      6.066
   4       -5.443      2.729      6.473
   5       -5.437      5.759      8.895
   6       -5.347      4.795      8.909
   7       -5.216      2.812      6.115
   8       -5.211      3.089      6.391
   9       -5.198      4.172      5.972
  10       -5.197      2.386      6.596
  11       -5.157      2.737      6.609
  12       -5.153      2.933       7.87
  13       -5.106       2.23      5.412
  14       -5.097      2.438      5.191
  15       -5.087      2.287      6.736
  16       -5.042      2.799      6.415
  17       -5.035      3.199      6.789
  18       -5.017      23.04       26.5
  19       -5.014      4.894      8.685
  20       -4.976      2.718      6.509
  21       -4.948      2.585      6.578
  22       -4.934      5.254      7.295
  23       -4.877      2.098       6.51
  24       -4.752      2.398      6.591
  25       -4.728      2.402      6.544
  26        -4.64       3.09      5.292
  27        -4.63      2.609      7.023
  28       -4.613      2.768      7.509
  29       -4.488      2.354      3.022
  30       -4.471      2.956      5.754
  31       -4.467       2.93      6.921
  32       -4.456      2.292      6.435
  33       -4.429       2.77      7.019
  34       -4.421      2.902      6.183
  35        -4.37      3.583      7.262
  36       -4.346      2.606      7.164
  37       -4.332      2.552      5.329
  38       -4.305      2.921       7.29
  39       -4.227      3.628       8.81
  40       -4.174      3.915      7.092
  41       -4.132      5.226      8.504
  42       -4.119      23.37      26.51
  43       -4.114       3.03      6.861
  44         -4.1      4.753      8.365
  45        -4.09      2.672        5.1
  46       -4.031      2.892      6.362
  47       -4.018      4.952      7.698
  48       -3.967      3.051      7.518
  49         -3.9      4.462      7.866
  50       -3.799      23.49      26.68

