AutoDock Vina v1.2.7
#################################################################
# If you used AutoDock Vina in your work, please cite:          #
#                                                               #
# J. Eberhardt, D. Santos-Martins, A. F. Tillack, and S. Forli  #
# AutoDock Vina 1.2.0: New Docking Methods, Expanded Force      #
# Field, and Python Bindings, J. Chem. Inf. Model. (2021)       #
# DOI 10.1021/acs.jcim.1c00203                                  #
#                                                               #
# O. Trott, A. J. Olson,                                        #
# AutoDock Vina: improving the speed and accuracy of docking    #
# with a new scoring function, efficient optimization and       #
# multithreading, J. Comp. Chem. (2010)                         #
# DOI 10.1002/jcc.21334                                         #
#                                                               #
# Please see https://github.com/ccsb-scripps/AutoDock-Vina for  #
# more information.                                             #
#################################################################

Scoring function : vina
Rigid receptor: /Users/user/Desktop/Projet_long/docking/work/receptors/pdbqt/ppp5c_moule.pdbqt
Ligand: /Users/user/Desktop/Projet_long/docking/work/ligands/pdbqt/aeruginosin98A.pdbqt
Grid center: X 3.812 Y -1.248 Z -2.074
Grid size  : X 30 Y 30 Z 30
Grid space : 0.375
Exhaustiveness: 16
CPU: 1
Verbosity: 1

Computing Vina grid ... done.
Performing docking (random seed: 602580978) ... 
0%   10   20   30   40   50   60   70   80   90   100%
|----|----|----|----|----|----|----|----|----|----|
***************************************************

mode |   affinity | dist from best mode
     | (kcal/mol) | rmsd l.b.| rmsd u.b.
-----+------------+----------+----------
   1       -9.781          0          0
   2       -9.431      1.623       2.04
   3       -8.172      16.46      20.77
   4        -8.14      2.873      4.275
   5       -8.077      4.161      7.671
   6       -8.043      3.995       9.95
   7       -8.039      4.289      9.065
   8       -7.863      2.552      3.513
   9       -7.853      16.75      21.25
  10       -7.832      4.074      6.718
  11       -7.831      5.631      9.813
  12        -7.82      16.43      20.96
  13       -7.807      3.587      7.047
  14        -7.77      3.416      7.145
  15       -7.751      3.862      7.691
  16       -7.727      5.464      9.385
  17       -7.727      4.429      9.156
  18       -7.713      3.776      7.222
  19       -7.675      3.386      6.748
  20       -7.646      3.828      7.373
  21       -7.593      4.514      9.192
  22       -7.589      4.156      8.914
  23       -7.525      4.435       7.28
  24        -7.52      4.182      9.697
  25       -7.513      16.91      21.65
  26        -7.51      15.44      22.38
  27       -7.505      4.262      7.186
  28         -7.5      4.304      9.174
  29       -7.497      16.29      22.62
  30       -7.497      3.917      7.524
  31       -7.473      4.043      8.164
  32        -7.46      4.036      5.942
  33       -7.395      16.16      22.36
  34       -7.375      3.666      6.336
  35       -7.361      16.96      22.51
  36        -7.34      3.816      6.205
  37       -7.321      3.991      7.716
  38        -7.32      3.975      7.475
  39       -7.305      16.97      22.92
  40       -7.299       16.7      21.26
  41       -7.256      18.79      23.59
  42       -7.256      16.43       23.2
  43       -7.255      3.514      7.271
  44       -7.252       3.32      6.522
  45       -7.217      4.262      6.985
  46       -7.208       3.57      5.274
  47       -7.176      4.703      8.858
  48       -7.169      13.87      20.88
  49        -7.15      16.13      22.09
  50       -7.111      5.232       9.39

