AutoDock Vina v1.2.7
#################################################################
# If you used AutoDock Vina in your work, please cite:          #
#                                                               #
# J. Eberhardt, D. Santos-Martins, A. F. Tillack, and S. Forli  #
# AutoDock Vina 1.2.0: New Docking Methods, Expanded Force      #
# Field, and Python Bindings, J. Chem. Inf. Model. (2021)       #
# DOI 10.1021/acs.jcim.1c00203                                  #
#                                                               #
# O. Trott, A. J. Olson,                                        #
# AutoDock Vina: improving the speed and accuracy of docking    #
# with a new scoring function, efficient optimization and       #
# multithreading, J. Comp. Chem. (2010)                         #
# DOI 10.1002/jcc.21334                                         #
#                                                               #
# Please see https://github.com/ccsb-scripps/AutoDock-Vina for  #
# more information.                                             #
#################################################################

Scoring function : vina
Rigid receptor: /Users/user/Desktop/Projet_long/docking/work/receptors/pdbqt/ace_daphnia.pdbqt
Ligand: /Users/user/Desktop/Projet_long/docking/work/ligands/pdbqt/aeruginosin98A.pdbqt
Grid center: X 0.432 Y 0.165 Z -0.13
Grid size  : X 30 Y 30 Z 30
Grid space : 0.375
Exhaustiveness: 16
CPU: 1
Verbosity: 1

Computing Vina grid ... done.
Performing docking (random seed: -652182665) ... 
0%   10   20   30   40   50   60   70   80   90   100%
|----|----|----|----|----|----|----|----|----|----|
***************************************************

mode |   affinity | dist from best mode
     | (kcal/mol) | rmsd l.b.| rmsd u.b.
-----+------------+----------+----------
   1       -8.707          0          0
   2        -8.14      4.593      7.262
   3       -8.118       3.59      7.214
   4       -7.918      3.255      6.667
   5       -7.885       3.52       5.24
   6        -7.75      2.647      5.269
   7       -7.743      3.728      7.378
   8       -7.729      4.127      7.223
   9       -7.664      3.207      8.487
  10       -7.643      3.639      6.926
  11        -7.59      4.436       6.86
  12       -7.583      4.327      8.809
  13       -7.546      3.449      8.453
  14       -7.515      3.858      7.418
  15       -7.506      4.856      7.931
  16       -7.466      3.163      6.546
  17       -7.461      3.477      6.348
  18       -7.451      3.644       7.32
  19       -7.425      3.762      6.377
  20       -7.424      4.496      7.171
  21       -7.409      4.578      8.167
  22       -7.343      4.575      7.937
  23       -7.334      3.954      7.408
  24       -7.331      3.264      7.823
  25       -7.328      2.778      5.886
  26       -7.303      4.311      8.374
  27       -7.256      3.873      6.588
  28       -7.232      2.809      5.749
  29       -7.189      4.324      8.102
  30       -7.158      4.204      6.957
  31       -7.157       3.77      6.336
  32       -7.143      3.981      6.885
  33       -7.119      4.381      9.287
  34       -7.113      3.526      6.768
  35       -7.096       3.88      8.517
  36       -7.075      3.947      7.229
  37       -7.047      4.234      7.433
  38       -7.023      4.151        8.4
  39       -7.012      4.389      8.422
  40        -7.01      2.836       5.08
  41       -6.981      3.568      8.555
  42       -6.954      3.748      8.339
  43       -6.934      3.714       7.88
  44       -6.884      3.437       5.65
  45       -6.881      4.546      8.432
  46       -6.834      4.376      8.903
  47       -6.823      3.522      8.823
  48       -6.799      3.338      8.178
  49       -6.756      3.976      9.371
  50       -6.734      3.519      6.094

