AutoDock Vina v1.2.7
#################################################################
# If you used AutoDock Vina in your work, please cite:          #
#                                                               #
# J. Eberhardt, D. Santos-Martins, A. F. Tillack, and S. Forli  #
# AutoDock Vina 1.2.0: New Docking Methods, Expanded Force      #
# Field, and Python Bindings, J. Chem. Inf. Model. (2021)       #
# DOI 10.1021/acs.jcim.1c00203                                  #
#                                                               #
# O. Trott, A. J. Olson,                                        #
# AutoDock Vina: improving the speed and accuracy of docking    #
# with a new scoring function, efficient optimization and       #
# multithreading, J. Comp. Chem. (2010)                         #
# DOI 10.1002/jcc.21334                                         #
#                                                               #
# Please see https://github.com/ccsb-scripps/AutoDock-Vina for  #
# more information.                                             #
#################################################################

Scoring function : vina
Rigid receptor: /Users/user/Desktop/Projet_long/docking/work/receptors/pdbqt/abcg4_daphnia.pdbqt
Ligand: /Users/user/Desktop/Projet_long/docking/work/ligands/pdbqt/microgininFR1.pdbqt
Grid center: X -1.084 Y 0.476 Z 5.341
Grid size  : X 30 Y 30 Z 30
Grid space : 0.375
Exhaustiveness: 16
CPU: 1
Verbosity: 1

Computing Vina grid ... done.
Performing docking (random seed: -1325641793) ... 
0%   10   20   30   40   50   60   70   80   90   100%
|----|----|----|----|----|----|----|----|----|----|
***************************************************

mode |   affinity | dist from best mode
     | (kcal/mol) | rmsd l.b.| rmsd u.b.
-----+------------+----------+----------
   1       -7.594          0          0
   2       -7.586      2.084      3.749
   3       -7.549       2.89      6.286
   4       -7.408      2.536      6.533
   5       -7.398      4.411      8.188
   6       -7.258      3.439      7.545
   7       -7.239      3.956      7.617
   8       -7.217      4.062      6.025
   9       -7.102      3.471      6.651
  10        -7.06      3.545      6.331
  11       -6.923      1.674      2.801
  12       -6.907      5.142      8.687
  13       -6.853      3.123      11.19
  14       -6.842      3.785      12.35
  15       -6.811      5.748      14.33
  16       -6.784      3.859      12.92
  17       -6.771      3.271      12.66
  18       -6.725      3.856      12.95
  19       -6.724      4.593      10.27
  20       -6.712      3.197      11.32
  21       -6.651      2.974      8.052
  22       -6.635      3.906      7.835
  23       -6.614      3.792      12.09
  24       -6.563       6.31      13.93
  25       -6.508      3.793      11.61
  26       -6.485      2.932      4.994
  27        -6.42      3.835      7.089
  28        -6.41      3.362      5.674
  29       -6.398      7.401      13.53
  30       -6.384      4.292      10.27
  31       -6.378      7.534      13.02
  32       -6.376      3.561      11.48
  33       -6.367      6.508      13.18
  34       -6.354      3.721      12.36
  35       -6.291      12.32      17.18
  36       -6.281      3.837      8.465
  37       -6.275      5.555      14.59
  38       -6.269       3.52      12.87
  39       -6.257       3.52      11.48
  40       -6.242      5.381      12.04
  41       -6.226      8.119      13.15
  42       -6.223      12.11      16.33
  43       -6.192       7.55      13.21
  44       -6.168      3.969      11.71
  45       -6.164       4.03      12.74
  46       -6.145      4.501       14.8
  47        -6.14      10.71      16.99
  48       -6.087      12.88      17.33
  49        -6.07      6.785      12.98
  50       -6.069      12.52      17.31

