AutoDock Vina v1.2.7
#################################################################
# If you used AutoDock Vina in your work, please cite:          #
#                                                               #
# J. Eberhardt, D. Santos-Martins, A. F. Tillack, and S. Forli  #
# AutoDock Vina 1.2.0: New Docking Methods, Expanded Force      #
# Field, and Python Bindings, J. Chem. Inf. Model. (2021)       #
# DOI 10.1021/acs.jcim.1c00203                                  #
#                                                               #
# O. Trott, A. J. Olson,                                        #
# AutoDock Vina: improving the speed and accuracy of docking    #
# with a new scoring function, efficient optimization and       #
# multithreading, J. Comp. Chem. (2010)                         #
# DOI 10.1002/jcc.21334                                         #
#                                                               #
# Please see https://github.com/ccsb-scripps/AutoDock-Vina for  #
# more information.                                             #
#################################################################

Scoring function : vina
Rigid receptor: /Users/user/Desktop/Projet_long/docking/work/receptors/pdbqt/abca5_zebrafish.pdbqt
Ligand: /Users/user/Desktop/Projet_long/docking/work/ligands/pdbqt/aeruginosin98A.pdbqt
Grid center: X 2.726 Y 2.808 Z -1.166
Grid size  : X 30 Y 30 Z 30
Grid space : 0.375
Exhaustiveness: 16
CPU: 1
Verbosity: 1

Computing Vina grid ... done.
Performing docking (random seed: -1552867414) ... 
0%   10   20   30   40   50   60   70   80   90   100%
|----|----|----|----|----|----|----|----|----|----|
***************************************************

mode |   affinity | dist from best mode
     | (kcal/mol) | rmsd l.b.| rmsd u.b.
-----+------------+----------+----------
   1       -8.091          0          0
   2       -7.932      2.187      3.417
   3        -7.74      2.866      4.003
   4       -7.714      2.299      3.394
   5       -7.688      3.555      8.425
   6       -7.683      1.823      2.895
   7       -7.642      2.538      3.667
   8       -7.627       4.24      8.689
   9       -7.582      3.185      4.863
  10        -7.55      4.493      9.808
  11       -7.485       2.95      5.621
  12       -7.404      4.478      9.478
  13       -7.354      2.682      4.786
  14       -7.131      8.005      12.03
  15        -7.13      8.261      13.17
  16       -7.089      8.934       13.7
  17       -7.049      4.631      9.456
  18       -7.026       9.11      12.97
  19       -7.006      7.236       11.9
  20       -6.999      8.737      13.56
  21       -6.974      9.777      14.31
  22       -6.917      3.804      8.853
  23       -6.895      5.043      9.115
  24       -6.858      4.943      9.207
  25       -6.839      2.768      4.766
  26       -6.805      11.33      13.68
  27       -6.804      11.17       14.7
  28       -6.791       4.59      9.901
  29       -6.755      4.974      9.421
  30       -6.754      7.694      11.08
  31        -6.75      9.022      12.72
  32        -6.74      7.281      10.87
  33        -6.74      12.81      16.59
  34       -6.731      15.83      18.91
  35       -6.725      4.843      9.925
  36       -6.725      4.879      9.486
  37       -6.711      7.699      12.78
  38       -6.682      9.145      13.32
  39       -6.664      4.643      9.881
  40       -6.578      4.958      8.239
  41       -6.563      9.851      12.62
  42       -6.545      15.59      18.66
  43       -6.544      11.98      15.38
  44       -6.543       4.93      10.57
  45       -6.513      8.523      12.43
  46       -6.506      14.97      18.21
  47       -6.467       4.71      8.958
  48       -6.382      4.562      7.808
  49       -6.368      9.504      13.67
  50       -6.312      4.239      5.965

