AutoDock Vina v1.2.7
#################################################################
# If you used AutoDock Vina in your work, please cite:          #
#                                                               #
# J. Eberhardt, D. Santos-Martins, A. F. Tillack, and S. Forli  #
# AutoDock Vina 1.2.0: New Docking Methods, Expanded Force      #
# Field, and Python Bindings, J. Chem. Inf. Model. (2021)       #
# DOI 10.1021/acs.jcim.1c00203                                  #
#                                                               #
# O. Trott, A. J. Olson,                                        #
# AutoDock Vina: improving the speed and accuracy of docking    #
# with a new scoring function, efficient optimization and       #
# multithreading, J. Comp. Chem. (2010)                         #
# DOI 10.1002/jcc.21334                                         #
#                                                               #
# Please see https://github.com/ccsb-scripps/AutoDock-Vina for  #
# more information.                                             #
#################################################################

Scoring function : vina
Rigid receptor: /Users/user/Desktop/Projet_long/docking/work/receptors/pdbqt/abcg8_zebrafish.pdbqt
Ligand: /Users/user/Desktop/Projet_long/docking/work/ligands/pdbqt/microcyclamide7806B_3D.pdbqt
Grid center: X -6.723 Y 1.93 Z 1.272
Grid size  : X 30 Y 30 Z 30
Grid space : 0.375
Exhaustiveness: 16
CPU: 1
Verbosity: 1

Computing Vina grid ... done.
Performing docking (random seed: 1398612639) ... 
0%   10   20   30   40   50   60   70   80   90   100%
|----|----|----|----|----|----|----|----|----|----|
***************************************************

mode |   affinity | dist from best mode
     | (kcal/mol) | rmsd l.b.| rmsd u.b.
-----+------------+----------+----------
   1        -6.52          0          0
   2        -6.25     0.9428      1.119
   3       -6.131      2.489      7.361
   4       -5.949      2.379      6.607
   5       -5.804      1.314      1.639
   6       -5.672      2.528      5.664
   7       -5.669      2.194      3.379
   8         -5.6      2.634      7.007
   9       -5.591      2.736      6.348
  10       -5.419      2.802      7.206
  11       -5.375      1.835      2.586
  12       -5.336      2.636      7.085
  13       -5.125      2.864      7.449
  14       -4.953       1.93      2.335
  15       -4.765      2.525      6.937
  16       -4.679      15.27       19.6
  17       -4.668      16.53      20.21
  18       -4.614      2.355      6.324
  19       -4.536      22.22      24.33
  20       -4.513      1.972      2.777
  21       -4.501      5.295      9.363
  22       -4.392      3.542       7.31
  23       -4.328      2.342      2.993
  24       -4.197      3.608      8.115
  25       -4.145      2.228      4.073
  26        -4.09      2.646      7.023
  27       -4.055      15.83      19.03
  28       -4.007       14.6      18.34
  29       -3.966      9.164      12.89
  30       -3.874      2.175      2.779
  31        -3.86      2.856      7.214
  32       -3.843      2.641      7.203
  33       -3.808      2.553       3.12
  34       -3.758      3.272      7.494
  35       -3.522       23.2      25.25
  36        -3.47      14.87      18.54
  37       -3.416      16.71      20.21
  38       -3.408      2.324       2.88
  39       -3.367      3.514      7.675
  40       -3.366      22.04      24.19
  41       -3.343      5.456        9.9
  42       -3.243      23.46      25.43
  43       -3.186      16.85      20.99
  44       -3.113      17.34      20.68
  45       -3.012      2.793      4.382
  46       -2.981      15.44      18.99
  47       -2.965      16.92      20.61
  48       -2.868      23.42      25.91
  49       -2.792      4.194      8.473
  50       -2.689      15.34      18.74

