AutoDock Vina v1.2.7
#################################################################
# If you used AutoDock Vina in your work, please cite:          #
#                                                               #
# J. Eberhardt, D. Santos-Martins, A. F. Tillack, and S. Forli  #
# AutoDock Vina 1.2.0: New Docking Methods, Expanded Force      #
# Field, and Python Bindings, J. Chem. Inf. Model. (2021)       #
# DOI 10.1021/acs.jcim.1c00203                                  #
#                                                               #
# O. Trott, A. J. Olson,                                        #
# AutoDock Vina: improving the speed and accuracy of docking    #
# with a new scoring function, efficient optimization and       #
# multithreading, J. Comp. Chem. (2010)                         #
# DOI 10.1002/jcc.21334                                         #
#                                                               #
# Please see https://github.com/ccsb-scripps/AutoDock-Vina for  #
# more information.                                             #
#################################################################

Scoring function : vina
Rigid receptor: /Users/user/Desktop/Projet_long/docking/work/receptors/pdbqt/abcc9_zebrafish.pdbqt
Ligand: /Users/user/Desktop/Projet_long/docking/work/ligands/pdbqt/microcystineLR.pdbqt
Grid center: X -7.079 Y 5.063 Z -0.597
Grid size  : X 30 Y 30 Z 30
Grid space : 0.375
Exhaustiveness: 16
CPU: 1
Verbosity: 1

Computing Vina grid ... done.
Performing docking (random seed: 837997882) ... 
0%   10   20   30   40   50   60   70   80   90   100%
|----|----|----|----|----|----|----|----|----|----|
***************************************************

mode |   affinity | dist from best mode
     | (kcal/mol) | rmsd l.b.| rmsd u.b.
-----+------------+----------+----------
   1       -6.729          0          0
   2        -6.57      4.934      8.311
   3       -6.567       4.84       9.74
   4       -6.551      3.632      5.849
   5        -6.53      3.289      8.874
   6       -6.466      4.722      10.01
   7       -6.447      4.267      10.25
   8       -6.443      3.374      12.24
   9       -6.436      3.865      6.511
  10       -6.427      4.147      12.44
  11       -6.377      8.952      14.67
  12        -6.34      4.329      8.185
  13       -6.328      2.787      5.462
  14       -6.304       3.53      12.29
  15       -6.289      5.266      12.07
  16       -6.279      3.041      5.602
  17       -6.265      9.502      15.58
  18       -6.246      9.702      14.92
  19       -6.237      4.361      7.669
  20       -6.211      1.584      2.573
  21       -6.203      6.331      14.36
  22       -6.202      3.921      8.415
  23       -6.201      8.807       14.6
  24       -6.185      3.061      5.258
  25       -6.184       3.47      12.07
  26       -6.178      4.906      7.883
  27       -6.171      3.203      11.14
  28       -6.167      6.347      10.92
  29       -6.164      2.989      5.451
  30        -6.16       4.95      10.93
  31       -6.147      4.325       12.7
  32       -6.131      4.014      11.97
  33       -6.129      4.725      12.94
  34       -6.124      7.689      14.33
  35       -6.095      3.682      11.28
  36        -6.09      4.942      13.24
  37       -6.049       4.01       8.75
  38       -6.033      3.284      5.933
  39       -6.023      3.402      12.17
  40       -6.023      4.015      8.378
  41       -6.021      3.946      10.34
  42       -6.012      4.819       12.6
  43       -5.991      3.997      11.49
  44       -5.974      5.643      13.54
  45       -5.964      7.444      12.08
  46       -5.957      3.001      10.96
  47       -5.956      4.569      12.59
  48       -5.943      10.05      16.29
  49        -5.94      3.712      8.927
  50       -5.939      8.393       13.5

