AutoDock Vina v1.2.7
#################################################################
# If you used AutoDock Vina in your work, please cite:          #
#                                                               #
# J. Eberhardt, D. Santos-Martins, A. F. Tillack, and S. Forli  #
# AutoDock Vina 1.2.0: New Docking Methods, Expanded Force      #
# Field, and Python Bindings, J. Chem. Inf. Model. (2021)       #
# DOI 10.1021/acs.jcim.1c00203                                  #
#                                                               #
# O. Trott, A. J. Olson,                                        #
# AutoDock Vina: improving the speed and accuracy of docking    #
# with a new scoring function, efficient optimization and       #
# multithreading, J. Comp. Chem. (2010)                         #
# DOI 10.1002/jcc.21334                                         #
#                                                               #
# Please see https://github.com/ccsb-scripps/AutoDock-Vina for  #
# more information.                                             #
#################################################################

Scoring function : vina
Rigid receptor: /Users/user/Desktop/Projet_long/docking/work/receptors/pdbqt/abcg8_daphnia.pdbqt
Ligand: /Users/user/Desktop/Projet_long/docking/work/ligands/pdbqt/microgininFR1.pdbqt
Grid center: X -4.73 Y -5.286 Z 2.897
Grid size  : X 30 Y 30 Z 30
Grid space : 0.375
Exhaustiveness: 16
CPU: 1
Verbosity: 1

Computing Vina grid ... done.
Performing docking (random seed: 225084599) ... 
0%   10   20   30   40   50   60   70   80   90   100%
|----|----|----|----|----|----|----|----|----|----|
***************************************************

mode |   affinity | dist from best mode
     | (kcal/mol) | rmsd l.b.| rmsd u.b.
-----+------------+----------+----------
   1       -7.912          0          0
   2       -7.596       2.43      5.674
   3       -7.566      3.961      9.766
   4       -7.549      3.357      8.807
   5        -7.52      3.792      10.12
   6       -7.478      2.358      6.845
   7       -7.472      2.287       6.67
   8       -7.389      4.215      8.442
   9       -7.378      2.608      7.313
  10       -7.377      3.528      8.487
  11       -7.347      2.559      6.759
  12       -7.296      2.252      8.348
  13       -7.292      3.067      8.563
  14       -7.276      2.352      6.767
  15       -7.236      4.224      8.811
  16       -7.224      3.181      8.042
  17       -7.224      3.842       8.86
  18       -7.212      3.777      8.993
  19       -7.211      3.897      9.219
  20       -7.208      3.789      7.914
  21         -7.2      2.769      4.986
  22       -7.195      3.588      8.504
  23       -7.136      3.798      8.794
  24       -7.114      3.908      9.162
  25         -7.1      3.153      8.257
  26         -7.1       2.51      6.434
  27       -7.084      3.326      8.001
  28       -7.053      3.641      7.998
  29       -7.053      2.426       9.03
  30       -7.049       2.42      7.922
  31       -7.026      3.747      8.322
  32       -7.009          3      7.689
  33       -7.006      3.701      9.407
  34       -6.991      3.662      8.128
  35       -6.952      2.659      9.064
  36       -6.912      3.456      8.467
  37       -6.872      2.597      6.887
  38       -6.871      2.393      7.576
  39       -6.864      2.741      6.466
  40       -6.859      2.697      8.748
  41       -6.844      2.523        7.6
  42       -6.812       2.53      5.868
  43       -6.812      2.454      6.702
  44       -6.751      3.877      8.168
  45       -6.736      4.056      8.997
  46       -6.698      3.068      4.962
  47       -6.696      2.829       6.79
  48       -6.687      3.958      7.759
  49       -6.603      3.097      7.619
  50       -6.558      2.725      9.197

