AutoDock Vina v1.2.7
#################################################################
# If you used AutoDock Vina in your work, please cite:          #
#                                                               #
# J. Eberhardt, D. Santos-Martins, A. F. Tillack, and S. Forli  #
# AutoDock Vina 1.2.0: New Docking Methods, Expanded Force      #
# Field, and Python Bindings, J. Chem. Inf. Model. (2021)       #
# DOI 10.1021/acs.jcim.1c00203                                  #
#                                                               #
# O. Trott, A. J. Olson,                                        #
# AutoDock Vina: improving the speed and accuracy of docking    #
# with a new scoring function, efficient optimization and       #
# multithreading, J. Comp. Chem. (2010)                         #
# DOI 10.1002/jcc.21334                                         #
#                                                               #
# Please see https://github.com/ccsb-scripps/AutoDock-Vina for  #
# more information.                                             #
#################################################################

Scoring function : vina
Rigid receptor: /Users/user/Desktop/Projet_long/docking/work/receptors/pdbqt/abcg8_zebrafish.pdbqt
Ligand: /Users/user/Desktop/Projet_long/docking/work/ligands/pdbqt/microgininFR1.pdbqt
Grid center: X -6.723 Y 1.93 Z 1.272
Grid size  : X 30 Y 30 Z 30
Grid space : 0.375
Exhaustiveness: 16
CPU: 1
Verbosity: 1

Computing Vina grid ... done.
Performing docking (random seed: -1553919175) ... 
0%   10   20   30   40   50   60   70   80   90   100%
|----|----|----|----|----|----|----|----|----|----|
***************************************************

mode |   affinity | dist from best mode
     | (kcal/mol) | rmsd l.b.| rmsd u.b.
-----+------------+----------+----------
   1       -7.209          0          0
   2       -7.117      2.223      8.133
   3       -7.017      1.908      8.636
   4           -7      2.094      7.646
   5       -6.993      2.465      8.217
   6       -6.989      2.254      7.376
   7        -6.96      2.187      8.501
   8       -6.937      1.832      3.045
   9       -6.794      2.061      8.211
  10       -6.752      2.265      6.673
  11       -6.722      2.364      6.687
  12       -6.685      1.961      8.174
  13       -6.566      2.409      8.176
  14       -6.518      2.416      8.631
  15       -6.481      2.231      9.055
  16       -6.474      2.199      8.131
  17       -6.472      2.252      6.682
  18       -6.466      2.209      3.415
  19       -6.456      2.152      7.599
  20       -6.452      2.544      8.624
  21        -6.38      2.211      8.139
  22       -6.324      2.402      7.786
  23       -6.281      2.519      6.517
  24        -6.26      13.84      17.92
  25       -6.229       1.96      6.831
  26       -6.196      2.416      9.457
  27       -6.193      2.182      8.303
  28       -6.158      14.01      19.09
  29       -6.157      14.83      18.81
  30        -6.15      2.557      7.226
  31       -6.126      14.52      20.46
  32       -6.112      15.36      20.95
  33       -6.092      20.27      23.57
  34       -6.089      20.04      23.24
  35       -6.085      8.086      13.48
  36       -6.069      2.188      7.617
  37       -6.061      2.998      8.244
  38       -6.034      6.379      12.42
  39       -5.985      2.476      8.522
  40       -5.982      1.784      2.733
  41       -5.971      14.31      18.58
  42       -5.934      13.84      18.89
  43       -5.923      2.642      8.603
  44       -5.877         15      20.36
  45       -5.865       6.24      12.75
  46       -5.845      2.379      7.057
  47        -5.83      2.687      6.869
  48       -5.814      2.189      8.766
  49       -5.742      2.298      5.499
  50       -5.729      14.73      18.82

