AutoDock Vina v1.2.7
#################################################################
# If you used AutoDock Vina in your work, please cite:          #
#                                                               #
# J. Eberhardt, D. Santos-Martins, A. F. Tillack, and S. Forli  #
# AutoDock Vina 1.2.0: New Docking Methods, Expanded Force      #
# Field, and Python Bindings, J. Chem. Inf. Model. (2021)       #
# DOI 10.1021/acs.jcim.1c00203                                  #
#                                                               #
# O. Trott, A. J. Olson,                                        #
# AutoDock Vina: improving the speed and accuracy of docking    #
# with a new scoring function, efficient optimization and       #
# multithreading, J. Comp. Chem. (2010)                         #
# DOI 10.1002/jcc.21334                                         #
#                                                               #
# Please see https://github.com/ccsb-scripps/AutoDock-Vina for  #
# more information.                                             #
#################################################################

Scoring function : vina
Rigid receptor: /Users/user/Desktop/Projet_long/docking/work/receptors/pdbqt/abcg4_rattus.pdbqt
Ligand: /Users/user/Desktop/Projet_long/docking/work/ligands/pdbqt/microcystineLR.pdbqt
Grid center: X -0.101 Y -0.348 Z 3.37
Grid size  : X 30 Y 30 Z 30
Grid space : 0.375
Exhaustiveness: 16
CPU: 1
Verbosity: 1

Computing Vina grid ... done.
Performing docking (random seed: -1450110421) ... 
0%   10   20   30   40   50   60   70   80   90   100%
|----|----|----|----|----|----|----|----|----|----|
***************************************************

mode |   affinity | dist from best mode
     | (kcal/mol) | rmsd l.b.| rmsd u.b.
-----+------------+----------+----------
   1       -5.881          0          0
   2       -5.787      1.612      2.813
   3       -5.757      6.099      9.951
   4       -5.658      3.123      12.48
   5       -5.655      1.753      2.864
   6        -5.64      4.374      12.85
   7        -5.59      6.028      9.697
   8        -5.56      1.506      2.045
   9       -5.554      3.463      12.29
  10       -5.548      6.007      11.35
  11       -5.534      4.684         13
  12       -5.495      2.287      3.897
  13       -5.479          4      6.507
  14       -5.451      2.133      3.674
  15       -5.448      1.589      2.035
  16       -5.425      3.236      12.33
  17       -5.348      1.937      3.784
  18       -5.329      6.256      10.65
  19       -5.326      14.08      17.24
  20       -5.312      3.974      6.248
  21       -5.306      5.938      8.539
  22       -5.284      1.681       3.52
  23       -5.276      3.208      11.79
  24       -5.273      3.656      6.265
  25       -5.272      14.73      17.81
  26       -5.231      3.796      6.335
  27       -5.221      5.509      9.119
  28       -5.205      6.242      10.75
  29       -5.146      6.284      10.83
  30       -5.143      1.838      3.151
  31       -5.141      4.407      12.61
  32       -5.135      7.123      11.43
  33       -5.095      3.462      11.82
  34        -5.09      15.36      18.29
  35       -5.061      3.957      8.656
  36       -5.027      10.93       15.7
  37       -5.019      6.376      10.72
  38       -4.988      12.29      16.27
  39       -4.984      3.265         13
  40       -4.982      12.95      17.26
  41        -4.98      6.533      12.49
  42       -4.973      6.381       12.1
  43       -4.969      2.678      5.775
  44       -4.945      4.374      8.114
  45       -4.941      3.977      6.816
  46       -4.939      14.11       17.1
  47       -4.924      1.922      2.848
  48       -4.918       10.3       15.5
  49       -4.892      10.05      14.85
  50        -4.86      3.708      11.28

