AutoDock Vina v1.2.7
#################################################################
# If you used AutoDock Vina in your work, please cite:          #
#                                                               #
# J. Eberhardt, D. Santos-Martins, A. F. Tillack, and S. Forli  #
# AutoDock Vina 1.2.0: New Docking Methods, Expanded Force      #
# Field, and Python Bindings, J. Chem. Inf. Model. (2021)       #
# DOI 10.1021/acs.jcim.1c00203                                  #
#                                                               #
# O. Trott, A. J. Olson,                                        #
# AutoDock Vina: improving the speed and accuracy of docking    #
# with a new scoring function, efficient optimization and       #
# multithreading, J. Comp. Chem. (2010)                         #
# DOI 10.1002/jcc.21334                                         #
#                                                               #
# Please see https://github.com/ccsb-scripps/AutoDock-Vina for  #
# more information.                                             #
#################################################################

Scoring function : vina
Rigid receptor: /Users/user/Desktop/Projet_long/docking/work/receptors/pdbqt/abcg4_daphnia.pdbqt
Ligand: /Users/user/Desktop/Projet_long/docking/work/ligands/pdbqt/microcystineLR.pdbqt
Grid center: X -1.084 Y 0.476 Z 5.341
Grid size  : X 30 Y 30 Z 30
Grid space : 0.375
Exhaustiveness: 16
CPU: 1
Verbosity: 1

Computing Vina grid ... done.
Performing docking (random seed: -357851713) ... 
0%   10   20   30   40   50   60   70   80   90   100%
|----|----|----|----|----|----|----|----|----|----|
***************************************************

mode |   affinity | dist from best mode
     | (kcal/mol) | rmsd l.b.| rmsd u.b.
-----+------------+----------+----------
   1       -6.853          0          0
   2       -6.789      4.482      12.28
   3       -6.786      4.682      8.666
   4       -6.736      4.954      8.793
   5       -6.648      4.281      8.147
   6       -6.598       4.33      8.603
   7       -6.562      4.205      11.31
   8       -6.524      2.447      11.99
   9       -6.514      2.722      5.019
  10        -6.47      3.418      13.94
  11        -6.45      4.495      12.56
  12       -6.449      5.271      8.398
  13       -6.449       1.83      3.495
  14       -6.445      6.233      12.05
  15       -6.425      4.062       13.4
  16       -6.414       5.44      10.83
  17       -6.397      5.229      8.975
  18       -6.368      2.326      11.59
  19       -6.346      5.173      8.278
  20       -6.342      4.142      12.22
  21       -6.298      2.165      12.02
  22       -6.277      4.803      9.974
  23       -6.244      4.869      9.866
  24       -6.195      5.557      9.356
  25       -6.177      3.849      11.55
  26       -6.136      4.651      11.24
  27       -6.122      5.429      10.09
  28       -6.121      3.951      9.249
  29       -6.097      4.446      10.92
  30        -6.09      4.689       9.36
  31       -6.079      4.253      9.524
  32       -6.078      6.299      11.41
  33       -6.067      3.917      14.74
  34       -6.067      4.188      11.55
  35       -6.052      4.673      14.59
  36       -6.047      5.963      13.87
  37       -6.042      3.818      14.74
  38       -6.037      5.469      9.941
  39       -6.034      5.108      11.62
  40       -6.018      4.395       11.7
  41       -6.004      3.999      9.364
  42       -5.998      4.639      11.28
  43       -5.988      4.258      11.66
  44       -5.987      5.057      8.735
  45       -5.954      6.634      17.38
  46       -5.948      4.584      10.18
  47       -5.942      4.759      11.96
  48       -5.904      3.665      9.233
  49       -5.902      4.536      10.18
  50       -5.865      4.611      11.64

