AutoDock Vina v1.2.7
#################################################################
# If you used AutoDock Vina in your work, please cite:          #
#                                                               #
# J. Eberhardt, D. Santos-Martins, A. F. Tillack, and S. Forli  #
# AutoDock Vina 1.2.0: New Docking Methods, Expanded Force      #
# Field, and Python Bindings, J. Chem. Inf. Model. (2021)       #
# DOI 10.1021/acs.jcim.1c00203                                  #
#                                                               #
# O. Trott, A. J. Olson,                                        #
# AutoDock Vina: improving the speed and accuracy of docking    #
# with a new scoring function, efficient optimization and       #
# multithreading, J. Comp. Chem. (2010)                         #
# DOI 10.1002/jcc.21334                                         #
#                                                               #
# Please see https://github.com/ccsb-scripps/AutoDock-Vina for  #
# more information.                                             #
#################################################################

Scoring function : vina
Rigid receptor: /Users/user/Desktop/Projet_long/docking/work/receptors/pdbqt/abcg8_xenope.pdbqt
Ligand: /Users/user/Desktop/Projet_long/docking/work/ligands/pdbqt/microgininFR1.pdbqt
Grid center: X 0.832 Y 2.726 Z -0.371
Grid size  : X 30 Y 30 Z 30
Grid space : 0.375
Exhaustiveness: 16
CPU: 1
Verbosity: 1

Computing Vina grid ... done.
Performing docking (random seed: 2031269757) ... 
0%   10   20   30   40   50   60   70   80   90   100%
|----|----|----|----|----|----|----|----|----|----|
***************************************************

mode |   affinity | dist from best mode
     | (kcal/mol) | rmsd l.b.| rmsd u.b.
-----+------------+----------+----------
   1       -7.597          0          0
   2       -7.537      4.776      8.575
   3       -7.434      3.693      8.025
   4        -7.43      2.507       3.73
   5       -7.415      2.609       3.75
   6       -7.395       2.84      4.901
   7        -7.37      4.605      10.79
   8       -7.366      4.013      11.46
   9       -7.314      5.275      11.07
  10       -7.306      11.76      15.34
  11       -7.305      11.49      15.74
  12       -7.289      4.549      9.977
  13       -7.264      3.375       8.61
  14       -7.261      5.121      10.38
  15       -7.245      3.444      9.536
  16       -7.236      3.678      10.53
  17       -7.209      3.375      9.209
  18       -7.176      12.04      17.66
  19       -7.176      13.82      17.67
  20       -7.154      4.275      11.42
  21       -7.122       4.35      11.04
  22       -7.107      10.79      15.22
  23       -7.103      4.576      9.995
  24       -7.089      5.368       8.99
  25       -7.076       2.98      6.331
  26       -7.075      3.879      9.094
  27       -7.036       12.1      16.94
  28       -7.036      4.356      7.798
  29       -6.998      3.749       9.95
  30        -6.97      12.28      17.84
  31       -6.955       13.9       17.8
  32       -6.924       5.84      12.57
  33       -6.916      13.15      17.21
  34         -6.9      4.265      10.26
  35       -6.885      4.994      10.29
  36       -6.882      12.01      17.64
  37       -6.881      2.991      7.534
  38       -6.872      6.184      9.774
  39       -6.858      13.52      17.61
  40       -6.835      2.884      9.092
  41       -6.831      14.57      18.76
  42       -6.804       12.6      15.85
  43       -6.756      2.624       9.09
  44       -6.739      3.562      11.93
  45       -6.707       3.24      9.379
  46       -6.699      4.312       11.4
  47       -6.665      3.078      6.099
  48       -6.656      2.267       5.75
  49       -6.646      4.673      7.618
  50       -6.603      14.63       20.5

