AutoDock Vina v1.2.7
#################################################################
# If you used AutoDock Vina in your work, please cite:          #
#                                                               #
# J. Eberhardt, D. Santos-Martins, A. F. Tillack, and S. Forli  #
# AutoDock Vina 1.2.0: New Docking Methods, Expanded Force      #
# Field, and Python Bindings, J. Chem. Inf. Model. (2021)       #
# DOI 10.1021/acs.jcim.1c00203                                  #
#                                                               #
# O. Trott, A. J. Olson,                                        #
# AutoDock Vina: improving the speed and accuracy of docking    #
# with a new scoring function, efficient optimization and       #
# multithreading, J. Comp. Chem. (2010)                         #
# DOI 10.1002/jcc.21334                                         #
#                                                               #
# Please see https://github.com/ccsb-scripps/AutoDock-Vina for  #
# more information.                                             #
#################################################################

Scoring function : vina
Rigid receptor: /Users/user/Desktop/Projet_long/docking/work/receptors/pdbqt/corin_rattus.pdbqt
Ligand: /Users/user/Desktop/Projet_long/docking/work/ligands/pdbqt/aeruginosin98A.pdbqt
Grid center: X -2.818 Y 1.828 Z -9.42
Grid size  : X 30 Y 30 Z 30
Grid space : 0.375
Exhaustiveness: 16
CPU: 1
Verbosity: 1

Computing Vina grid ... done.
Performing docking (random seed: -425585241) ... 
0%   10   20   30   40   50   60   70   80   90   100%
|----|----|----|----|----|----|----|----|----|----|
***************************************************

mode |   affinity | dist from best mode
     | (kcal/mol) | rmsd l.b.| rmsd u.b.
-----+------------+----------+----------
   1       -7.926          0          0
   2        -7.75      2.697      5.454
   3       -7.622      2.765      5.229
   4       -7.579      16.34      19.47
   5       -7.552      16.62      19.84
   6       -7.499      2.576      4.505
   7       -7.427      3.584      8.799
   8       -7.402      2.598      4.856
   9       -7.299      3.009      5.525
  10       -7.265      17.16      20.39
  11       -7.229      2.719      4.768
  12       -7.196      2.927      4.649
  13       -7.182      17.17      20.04
  14        -7.18      16.14      19.29
  15       -7.112      17.34      20.62
  16       -7.107      3.121      5.346
  17       -7.089       4.05      8.824
  18       -7.074      17.02      20.29
  19       -7.055      3.107      5.225
  20       -7.041      15.29      18.52
  21           -7      14.87      18.47
  22       -6.988      4.937      8.661
  23       -6.939      17.46      20.81
  24       -6.931      16.84         20
  25       -6.891      3.167      5.111
  26        -6.88      18.09       20.9
  27       -6.872      3.559      8.199
  28       -6.821      15.37      18.84
  29       -6.817      19.35      22.17
  30       -6.793      16.38      19.71
  31       -6.791      14.63       17.7
  32       -6.775      16.69      19.74
  33       -6.757      3.849      7.357
  34       -6.751      15.48      18.75
  35       -6.727      16.88      19.91
  36       -6.727      18.19      21.22
  37       -6.717      18.25      21.45
  38       -6.701      17.41      20.69
  39       -6.686      15.08      18.45
  40        -6.64      1.874      2.531
  41       -6.621      14.34       18.5
  42       -6.617       15.6      19.35
  43       -6.603      15.67      18.98
  44       -6.581      13.98      17.13
  45       -6.526      3.749      8.065
  46       -6.525      16.71      20.11
  47       -6.492      14.92      17.88
  48       -6.477      16.38      19.59
  49         -6.4      14.95      18.18
  50       -6.382      16.62      19.86

