AutoDock Vina v1.2.7
#################################################################
# If you used AutoDock Vina in your work, please cite:          #
#                                                               #
# J. Eberhardt, D. Santos-Martins, A. F. Tillack, and S. Forli  #
# AutoDock Vina 1.2.0: New Docking Methods, Expanded Force      #
# Field, and Python Bindings, J. Chem. Inf. Model. (2021)       #
# DOI 10.1021/acs.jcim.1c00203                                  #
#                                                               #
# O. Trott, A. J. Olson,                                        #
# AutoDock Vina: improving the speed and accuracy of docking    #
# with a new scoring function, efficient optimization and       #
# multithreading, J. Comp. Chem. (2010)                         #
# DOI 10.1002/jcc.21334                                         #
#                                                               #
# Please see https://github.com/ccsb-scripps/AutoDock-Vina for  #
# more information.                                             #
#################################################################

Scoring function : vina
Rigid receptor: /Users/user/Desktop/Projet_long/docking/work/receptors/pdbqt/abcc9_zebrafish.pdbqt
Ligand: /Users/user/Desktop/Projet_long/docking/work/ligands/pdbqt/aeruginosin98A.pdbqt
Grid center: X -7.079 Y 5.063 Z -0.597
Grid size  : X 30 Y 30 Z 30
Grid space : 0.375
Exhaustiveness: 16
CPU: 1
Verbosity: 1

Computing Vina grid ... done.
Performing docking (random seed: -1458595770) ... 
0%   10   20   30   40   50   60   70   80   90   100%
|----|----|----|----|----|----|----|----|----|----|
***************************************************

mode |   affinity | dist from best mode
     | (kcal/mol) | rmsd l.b.| rmsd u.b.
-----+------------+----------+----------
   1       -7.241          0          0
   2       -7.006      1.457      1.948
   3       -6.809      2.926       4.28
   4       -6.804      3.864      7.102
   5       -6.755      15.41      17.98
   6       -6.711      1.834      2.489
   7       -6.683      5.417      8.425
   8       -6.643      2.275      3.361
   9       -6.562      3.331      5.976
  10        -6.49      3.187      5.546
  11       -6.455      4.351      9.084
  12       -6.422      14.73      18.64
  13       -6.404      4.169      7.307
  14       -6.358      7.192      10.88
  15       -6.357      6.169      10.54
  16       -6.341      15.71      18.35
  17       -6.326      7.043      11.06
  18       -6.324      3.596      6.687
  19       -6.309      4.793      9.212
  20       -6.262      4.954      8.316
  21       -6.221      4.793      9.107
  22       -6.212      16.21      20.84
  23       -6.196      7.378      10.68
  24       -6.182      4.717       9.96
  25       -6.176      6.567      10.17
  26       -6.161       13.3      18.17
  27       -6.158      3.585      8.191
  28       -6.151      4.617      8.582
  29       -6.143      6.117      9.765
  30       -6.137      4.729      10.16
  31        -6.13      3.911      7.348
  32       -6.129      3.096       5.28
  33       -6.124       2.79      4.082
  34       -6.119      12.49      16.11
  35       -6.109      6.427      9.689
  36       -6.084      2.874      6.357
  37       -6.083      14.35      17.74
  38       -6.071      12.13      16.06
  39        -6.06      12.02      15.83
  40        -6.04      16.93      20.58
  41        -6.02      3.865      7.099
  42       -6.009      10.12      13.96
  43       -6.005      5.424      8.674
  44       -6.003      1.671      2.255
  45       -5.977      4.825      9.719
  46       -5.975      17.75      20.81
  47       -5.972      7.387      10.62
  48       -5.881      11.55      15.62
  49       -5.871      6.653      9.812
  50       -5.838      5.069       8.32

