AutoDock Vina v1.2.7
#################################################################
# If you used AutoDock Vina in your work, please cite:          #
#                                                               #
# J. Eberhardt, D. Santos-Martins, A. F. Tillack, and S. Forli  #
# AutoDock Vina 1.2.0: New Docking Methods, Expanded Force      #
# Field, and Python Bindings, J. Chem. Inf. Model. (2021)       #
# DOI 10.1021/acs.jcim.1c00203                                  #
#                                                               #
# O. Trott, A. J. Olson,                                        #
# AutoDock Vina: improving the speed and accuracy of docking    #
# with a new scoring function, efficient optimization and       #
# multithreading, J. Comp. Chem. (2010)                         #
# DOI 10.1002/jcc.21334                                         #
#                                                               #
# Please see https://github.com/ccsb-scripps/AutoDock-Vina for  #
# more information.                                             #
#################################################################

Scoring function : vina
Rigid receptor: /Users/user/Desktop/Projet_long/docking/work/receptors/pdbqt/slco1c1_zebrafish.pdbqt
Ligand: /Users/user/Desktop/Projet_long/docking/work/ligands/pdbqt/cyanopeptolinA.pdbqt
Grid center: X -4.396 Y -3.059 Z 7.483
Grid size  : X 30 Y 30 Z 30
Grid space : 0.375
Exhaustiveness: 16
CPU: 1
Verbosity: 1

Computing Vina grid ... done.
Performing docking (random seed: 2099134546) ... 
0%   10   20   30   40   50   60   70   80   90   100%
|----|----|----|----|----|----|----|----|----|----|
***************************************************

mode |   affinity | dist from best mode
     | (kcal/mol) | rmsd l.b.| rmsd u.b.
-----+------------+----------+----------
   1       -6.625          0          0
   2       -6.552       1.33      2.645
   3       -6.505      2.505      6.254
   4       -6.499      2.831       6.02
   5       -6.443      3.961      11.17
   6        -6.44      2.829      7.928
   7       -6.401      2.201       3.76
   8       -6.395      2.441      8.411
   9       -6.379       2.05      3.623
  10       -6.353      2.882      9.953
  11       -6.353      3.429      6.278
  12       -6.329       2.65      8.158
  13       -6.311      1.693      2.646
  14       -6.299      2.878      7.027
  15       -6.249      1.984      2.804
  16       -6.233      2.927      8.699
  17       -6.174      2.935      9.367
  18       -6.154      2.568      6.525
  19       -6.141      3.269      8.031
  20       -6.137      2.647       8.98
  21       -6.136       2.88      8.481
  22       -6.123      2.959      10.16
  23       -6.112      2.604       6.35
  24       -6.039      2.769      9.579
  25       -6.036      2.637      9.022
  26       -6.017      2.934      9.108
  27       -6.003      3.061      7.277
  28       -5.961      2.788      9.814
  29       -5.938      2.867      7.893
  30       -5.922      2.951      6.188
  31       -5.912      3.305      9.736
  32       -5.893      2.273      4.045
  33        -5.88      2.525      6.135
  34       -5.845      2.983      5.391
  35       -5.845      3.032      5.483
  36       -5.835      2.692       5.52
  37       -5.829      2.282      5.541
  38       -5.822      3.618      7.867
  39       -5.818       3.21      8.143
  40       -5.771      1.878      3.256
  41        -5.77        2.3      5.625
  42       -5.739       4.06      6.894
  43       -5.712       3.74      6.639
  44       -5.655      2.708      6.134
  45       -5.622      2.533      8.811
  46       -5.607      2.253      5.745
  47        -5.59      2.537      5.303
  48       -5.548      2.693      10.53
  49         -5.5      3.736      10.86
  50        -5.45       4.18      10.85

