AutoDock Vina v1.2.7
#################################################################
# If you used AutoDock Vina in your work, please cite:          #
#                                                               #
# J. Eberhardt, D. Santos-Martins, A. F. Tillack, and S. Forli  #
# AutoDock Vina 1.2.0: New Docking Methods, Expanded Force      #
# Field, and Python Bindings, J. Chem. Inf. Model. (2021)       #
# DOI 10.1021/acs.jcim.1c00203                                  #
#                                                               #
# O. Trott, A. J. Olson,                                        #
# AutoDock Vina: improving the speed and accuracy of docking    #
# with a new scoring function, efficient optimization and       #
# multithreading, J. Comp. Chem. (2010)                         #
# DOI 10.1002/jcc.21334                                         #
#                                                               #
# Please see https://github.com/ccsb-scripps/AutoDock-Vina for  #
# more information.                                             #
#################################################################

Scoring function : vina
Rigid receptor: /Users/user/Desktop/Projet_long/docking/work/receptors/pdbqt/abcb11_zebrafish.pdbqt
Ligand: /Users/user/Desktop/Projet_long/docking/work/ligands/pdbqt/aeruginosin98A.pdbqt
Grid center: X -5.058 Y 2.648 Z -1.372
Grid size  : X 30 Y 30 Z 30
Grid space : 0.375
Exhaustiveness: 16
CPU: 1
Verbosity: 1

Computing Vina grid ... done.
Performing docking (random seed: 1430865490) ... 
0%   10   20   30   40   50   60   70   80   90   100%
|----|----|----|----|----|----|----|----|----|----|
***************************************************

mode |   affinity | dist from best mode
     | (kcal/mol) | rmsd l.b.| rmsd u.b.
-----+------------+----------+----------
   1       -7.184          0          0
   2       -6.921      4.037      9.574
   3       -6.741      16.82      20.54
   4       -6.689      15.62      20.56
   5       -6.681      3.874      9.087
   6        -6.65      15.43      20.46
   7       -6.615      3.918      9.841
   8       -6.602      15.79       20.5
   9        -6.59      4.089      9.648
  10       -6.501      18.82      22.89
  11       -6.468      4.217      9.504
  12       -6.453      16.02      20.35
  13       -6.453      3.069      6.057
  14       -6.451      2.877      5.813
  15       -6.414      3.977      8.468
  16       -6.394      15.01      19.25
  17       -6.389      3.381      8.829
  18       -6.379      3.554      8.842
  19       -6.378       16.4      20.25
  20       -6.375      3.743      8.233
  21        -6.37      3.173      5.372
  22       -6.314      4.235      10.03
  23       -6.306      3.913      8.719
  24       -6.297      11.41      15.22
  25       -6.292      15.18      19.54
  26       -6.239      16.67      21.13
  27       -6.226      15.88      19.95
  28       -6.191      2.874      4.167
  29       -6.182       3.01      4.094
  30       -6.172      3.942      7.089
  31       -6.147      12.87      15.97
  32       -6.144      17.05      21.66
  33       -6.102      4.339      9.929
  34       -6.097      15.25      20.26
  35       -6.088      1.951      2.738
  36       -6.065      3.739      5.999
  37       -6.053       3.34      5.183
  38       -6.033      4.019      9.813
  39       -6.021      16.02      20.05
  40       -6.011      21.73      24.43
  41       -6.009      17.23      21.34
  42       -5.999      15.86      20.19
  43       -5.977      4.385       9.51
  44       -5.975      13.85      17.65
  45       -5.958      16.28      20.14
  46       -5.945      18.12      22.49
  47       -5.932      14.86      19.89
  48       -5.931       15.4      20.38
  49       -5.904      17.98      21.64
  50       -5.845      3.692       8.46

