AutoDock Vina v1.2.7
#################################################################
# If you used AutoDock Vina in your work, please cite:          #
#                                                               #
# J. Eberhardt, D. Santos-Martins, A. F. Tillack, and S. Forli  #
# AutoDock Vina 1.2.0: New Docking Methods, Expanded Force      #
# Field, and Python Bindings, J. Chem. Inf. Model. (2021)       #
# DOI 10.1021/acs.jcim.1c00203                                  #
#                                                               #
# O. Trott, A. J. Olson,                                        #
# AutoDock Vina: improving the speed and accuracy of docking    #
# with a new scoring function, efficient optimization and       #
# multithreading, J. Comp. Chem. (2010)                         #
# DOI 10.1002/jcc.21334                                         #
#                                                               #
# Please see https://github.com/ccsb-scripps/AutoDock-Vina for  #
# more information.                                             #
#################################################################

Scoring function : vina
Rigid receptor: /Users/user/Desktop/Projet_long/docking/work/receptors/pdbqt/abcc8_zebrafish.pdbqt
Ligand: /Users/user/Desktop/Projet_long/docking/work/ligands/pdbqt/microcystineLR.pdbqt
Grid center: X -6.537 Y 2.389 Z 0.616
Grid size  : X 30 Y 30 Z 30
Grid space : 0.375
Exhaustiveness: 16
CPU: 1
Verbosity: 1

Computing Vina grid ... done.
Performing docking (random seed: 2129834025) ... 
0%   10   20   30   40   50   60   70   80   90   100%
|----|----|----|----|----|----|----|----|----|----|
***************************************************

mode |   affinity | dist from best mode
     | (kcal/mol) | rmsd l.b.| rmsd u.b.
-----+------------+----------+----------
   1       -7.573          0          0
   2       -7.352      1.917      2.731
   3       -7.282      4.543      11.66
   4       -7.263      2.311      10.99
   5       -7.222      2.543      11.19
   6       -7.216      2.249      11.54
   7       -7.134      1.479      2.421
   8        -7.13      2.589      11.42
   9       -7.125      4.452      11.74
  10       -7.113      4.798      10.77
  11       -7.032      2.367      10.85
  12       -7.023      3.147      12.09
  13       -7.017      4.699      11.81
  14       -7.011      4.262      9.614
  15       -6.986      3.836      12.62
  16       -6.978      4.676      12.98
  17       -6.977      3.765      13.45
  18       -6.933      3.887      9.565
  19       -6.913       2.55      10.93
  20       -6.901      5.193       9.87
  21       -6.857      4.328      9.595
  22       -6.844      4.163      9.643
  23       -6.842      4.695      10.81
  24       -6.837      2.677      11.33
  25       -6.834      3.151      5.927
  26       -6.812      4.959      14.43
  27       -6.811      5.193      9.566
  28       -6.773      3.286      8.512
  29       -6.759       2.58      5.466
  30        -6.75      4.079      10.29
  31       -6.744      4.509      9.333
  32       -6.739        2.5      4.858
  33       -6.735      2.624      4.766
  34       -6.702      4.466      9.593
  35       -6.661      4.607      8.948
  36       -6.644      3.992      11.51
  37       -6.632      3.779      8.695
  38       -6.612      4.175      8.718
  39       -6.604      3.745      6.538
  40       -6.602      4.083      10.62
  41       -6.599      4.701      10.37
  42       -6.596      4.117      10.38
  43        -6.55      3.856      10.27
  44       -6.543      4.126      10.93
  45       -6.524      4.148      10.24
  46       -6.504      4.586      10.27
  47       -6.494       5.27      14.12
  48       -6.477      3.228      11.91
  49       -6.475      3.762      10.53
  50       -6.399      3.875       10.6

