AutoDock Vina v1.2.7
#################################################################
# If you used AutoDock Vina in your work, please cite:          #
#                                                               #
# J. Eberhardt, D. Santos-Martins, A. F. Tillack, and S. Forli  #
# AutoDock Vina 1.2.0: New Docking Methods, Expanded Force      #
# Field, and Python Bindings, J. Chem. Inf. Model. (2021)       #
# DOI 10.1021/acs.jcim.1c00203                                  #
#                                                               #
# O. Trott, A. J. Olson,                                        #
# AutoDock Vina: improving the speed and accuracy of docking    #
# with a new scoring function, efficient optimization and       #
# multithreading, J. Comp. Chem. (2010)                         #
# DOI 10.1002/jcc.21334                                         #
#                                                               #
# Please see https://github.com/ccsb-scripps/AutoDock-Vina for  #
# more information.                                             #
#################################################################

Scoring function : vina
Rigid receptor: /Users/user/Desktop/Projet_long/docking/work/receptors/pdbqt/slco1c1_zebrafish.pdbqt
Ligand: /Users/user/Desktop/Projet_long/docking/work/ligands/pdbqt/microgininFR1.pdbqt
Grid center: X -4.396 Y -3.059 Z 7.483
Grid size  : X 30 Y 30 Z 30
Grid space : 0.375
Exhaustiveness: 16
CPU: 1
Verbosity: 1

Computing Vina grid ... done.
Performing docking (random seed: 1105920324) ... 
0%   10   20   30   40   50   60   70   80   90   100%
|----|----|----|----|----|----|----|----|----|----|
***************************************************

mode |   affinity | dist from best mode
     | (kcal/mol) | rmsd l.b.| rmsd u.b.
-----+------------+----------+----------
   1       -7.012          0          0
   2       -6.866      2.867      4.727
   3       -6.812       1.12      2.012
   4       -6.673      2.362      5.161
   5       -6.614      2.262      3.948
   6       -6.611      1.962      5.616
   7       -6.609      2.529       4.67
   8       -6.492      2.447      3.849
   9       -6.478      2.777      5.646
  10       -6.459      2.127      4.027
  11       -6.407      2.265      4.795
  12       -6.406      2.543      4.329
  13       -6.383      2.514      6.709
  14       -6.377      2.554       4.74
  15       -6.353      2.592      4.824
  16       -6.276      2.164      6.007
  17       -6.259      2.416       6.92
  18       -6.229      2.505       3.57
  19       -6.216      1.314      2.038
  20       -6.191      2.198      5.813
  21       -6.174      2.411      5.641
  22       -6.152      2.594      8.193
  23       -6.146      2.376      6.963
  24       -6.144      2.591       5.28
  25       -6.131      2.953      6.747
  26       -6.129      2.455      6.609
  27        -6.05      2.121      6.311
  28       -6.039      2.204      2.921
  29       -6.016      3.499      5.398
  30       -5.999      2.374      7.279
  31       -5.999      1.761      2.729
  32       -5.997      2.213      5.644
  33       -5.993      3.218      6.229
  34       -5.941       2.51      6.581
  35       -5.929      3.223      4.724
  36       -5.896      2.615      6.253
  37       -5.892      2.198      5.061
  38       -5.849       2.27      4.232
  39        -5.84        2.4      6.962
  40        -5.83       2.28      6.157
  41       -5.805      2.648      4.987
  42       -5.792      2.915      6.366
  43       -5.749      2.267      6.251
  44       -5.736      2.098      5.913
  45       -5.726       2.54       6.61
  46       -5.679      2.508      8.135
  47       -5.673      2.479      7.935
  48       -5.644      2.585      6.562
  49       -5.641      2.439      4.845
  50       -5.617      2.088      6.854

