AutoDock Vina v1.2.7
#################################################################
# If you used AutoDock Vina in your work, please cite:          #
#                                                               #
# J. Eberhardt, D. Santos-Martins, A. F. Tillack, and S. Forli  #
# AutoDock Vina 1.2.0: New Docking Methods, Expanded Force      #
# Field, and Python Bindings, J. Chem. Inf. Model. (2021)       #
# DOI 10.1021/acs.jcim.1c00203                                  #
#                                                               #
# O. Trott, A. J. Olson,                                        #
# AutoDock Vina: improving the speed and accuracy of docking    #
# with a new scoring function, efficient optimization and       #
# multithreading, J. Comp. Chem. (2010)                         #
# DOI 10.1002/jcc.21334                                         #
#                                                               #
# Please see https://github.com/ccsb-scripps/AutoDock-Vina for  #
# more information.                                             #
#################################################################

Scoring function : vina
Rigid receptor: /Users/user/Desktop/Projet_long/docking/work/receptors/pdbqt/tmprss2_zebrafish.pdbqt
Ligand: /Users/user/Desktop/Projet_long/docking/work/ligands/pdbqt/aeruginosin98A.pdbqt
Grid center: X -5.008 Y 9.209 Z -0.456
Grid size  : X 30 Y 30 Z 30
Grid space : 0.375
Exhaustiveness: 16
CPU: 1
Verbosity: 1

Computing Vina grid ... done.
Performing docking (random seed: -267929118) ... 
0%   10   20   30   40   50   60   70   80   90   100%
|----|----|----|----|----|----|----|----|----|----|
***************************************************

mode |   affinity | dist from best mode
     | (kcal/mol) | rmsd l.b.| rmsd u.b.
-----+------------+----------+----------
   1       -7.406          0          0
   2       -7.388      3.005      6.259
   3        -7.38      2.574      5.367
   4        -7.32      2.859       8.02
   5       -7.288      3.387      7.504
   6       -7.207      3.547      8.375
   7       -7.201       2.93       6.73
   8       -7.195      3.236      6.593
   9       -7.185       3.19      7.611
  10       -7.147      3.677      7.749
  11       -7.112      3.226       7.39
  12       -7.092      3.986      8.141
  13       -7.073      3.617      7.703
  14       -7.042      3.539      6.747
  15       -7.011       2.77      6.511
  16       -7.008      3.457      8.064
  17       -6.957      3.913      8.557
  18       -6.939      3.548      7.976
  19       -6.937      3.248       6.92
  20       -6.872      3.232      7.161
  21       -6.821      3.384      7.829
  22       -6.794      3.701      8.625
  23       -6.791       3.48      7.283
  24       -6.765      3.429      7.683
  25        -6.75      3.757      8.396
  26       -6.743      2.905      7.871
  27        -6.72      3.475        6.8
  28       -6.699      3.843      7.874
  29       -6.698      3.596      8.026
  30       -6.686      3.584      8.386
  31       -6.678      3.013       6.71
  32       -6.659      3.491      6.982
  33       -6.648      3.193      7.828
  34       -6.622      3.396      8.304
  35       -6.559      3.275      7.723
  36       -6.558      4.112      8.583
  37       -6.546      3.416      7.584
  38        -6.54       3.31      8.477
  39       -6.452      3.494      8.361
  40       -6.439      3.623      7.843
  41       -6.389      3.573      7.619
  42       -6.367       3.75      8.246
  43       -6.339      4.044      8.726
  44       -6.308      4.061      8.241
  45       -6.262      3.403      7.651
  46       -6.254       3.63      6.161
  47       -6.246      3.928      7.942
  48       -6.199      3.857      8.854
  49       -6.189       2.96      7.038
  50       -6.177      3.714       7.24

