AutoDock Vina v1.2.7
#################################################################
# If you used AutoDock Vina in your work, please cite:          #
#                                                               #
# J. Eberhardt, D. Santos-Martins, A. F. Tillack, and S. Forli  #
# AutoDock Vina 1.2.0: New Docking Methods, Expanded Force      #
# Field, and Python Bindings, J. Chem. Inf. Model. (2021)       #
# DOI 10.1021/acs.jcim.1c00203                                  #
#                                                               #
# O. Trott, A. J. Olson,                                        #
# AutoDock Vina: improving the speed and accuracy of docking    #
# with a new scoring function, efficient optimization and       #
# multithreading, J. Comp. Chem. (2010)                         #
# DOI 10.1002/jcc.21334                                         #
#                                                               #
# Please see https://github.com/ccsb-scripps/AutoDock-Vina for  #
# more information.                                             #
#################################################################

Scoring function : vina
Rigid receptor: /Users/user/Desktop/Projet_long/docking/work/receptors/pdbqt/abca5_zebrafish.pdbqt
Ligand: /Users/user/Desktop/Projet_long/docking/work/ligands/pdbqt/cyanopeptolinA.pdbqt
Grid center: X 2.726 Y 2.808 Z -1.166
Grid size  : X 30 Y 30 Z 30
Grid space : 0.375
Exhaustiveness: 16
CPU: 1
Verbosity: 1

Computing Vina grid ... done.
Performing docking (random seed: -1597913969) ... 
0%   10   20   30   40   50   60   70   80   90   100%
|----|----|----|----|----|----|----|----|----|----|
***************************************************

mode |   affinity | dist from best mode
     | (kcal/mol) | rmsd l.b.| rmsd u.b.
-----+------------+----------+----------
   1       -6.521          0          0
   2       -6.511      1.899      2.898
   3       -6.412      1.517      2.471
   4       -6.362      10.36      18.89
   5       -6.352      10.33       16.2
   6       -6.183      10.25      16.25
   7       -6.064       1.89      2.932
   8       -6.032      1.956      3.073
   9       -6.002      12.13      15.75
  10        -5.85      10.71       16.9
  11       -5.711      10.98      16.95
  12       -5.605      12.33      17.07
  13       -5.555      11.66      15.19
  14       -5.503        2.5      3.903
  15         -5.5      11.83         16
  16       -5.469      11.34      15.39
  17       -5.431      9.874      14.31
  18       -5.287      15.79      19.66
  19       -5.274      11.76      17.19
  20       -5.259      11.92      15.94
  21       -5.173      13.18      15.65
  22       -5.157      8.418      13.68
  23       -5.123      11.87      17.08
  24       -5.115      2.192       3.64
  25       -5.109      14.72      17.51
  26       -5.093      9.683      15.12
  27       -5.093      10.91      16.61
  28       -5.076      10.33      15.31
  29       -5.069       9.72      14.34
  30       -5.068      12.42      17.91
  31       -5.065      14.35      17.13
  32       -5.065      13.39       18.4
  33       -5.016      15.38      19.17
  34       -5.011      8.993      14.88
  35       -4.984      10.58      15.02
  36        -4.98      11.19      16.47
  37       -4.929      12.04      17.57
  38       -4.918      11.76      15.98
  39       -4.906      10.53         14
  40       -4.901       12.6      18.84
  41       -4.864      10.58      15.06
  42       -4.836         11      16.71
  43       -4.836      12.82       16.6
  44       -4.734      11.83      17.29
  45         -4.7      11.01      16.76
  46       -4.663       11.3      16.81
  47       -4.613      15.87      19.52
  48       -4.611      11.57       18.3
  49        -4.61      13.47      17.26
  50       -4.589      15.02      18.78

