AutoDock Vina v1.2.7
#################################################################
# If you used AutoDock Vina in your work, please cite:          #
#                                                               #
# J. Eberhardt, D. Santos-Martins, A. F. Tillack, and S. Forli  #
# AutoDock Vina 1.2.0: New Docking Methods, Expanded Force      #
# Field, and Python Bindings, J. Chem. Inf. Model. (2021)       #
# DOI 10.1021/acs.jcim.1c00203                                  #
#                                                               #
# O. Trott, A. J. Olson,                                        #
# AutoDock Vina: improving the speed and accuracy of docking    #
# with a new scoring function, efficient optimization and       #
# multithreading, J. Comp. Chem. (2010)                         #
# DOI 10.1002/jcc.21334                                         #
#                                                               #
# Please see https://github.com/ccsb-scripps/AutoDock-Vina for  #
# more information.                                             #
#################################################################

Scoring function : vina
Rigid receptor: /Users/user/Desktop/Projet_long/docking/work/receptors/pdbqt/abcc9_rattus.pdbqt
Ligand: /Users/user/Desktop/Projet_long/docking/work/ligands/pdbqt/microcystineLR.pdbqt
Grid center: X -5.964 Y 4.137 Z 0.631
Grid size  : X 30 Y 30 Z 30
Grid space : 0.375
Exhaustiveness: 16
CPU: 1
Verbosity: 1

Computing Vina grid ... done.
Performing docking (random seed: 1636783575) ... 
0%   10   20   30   40   50   60   70   80   90   100%
|----|----|----|----|----|----|----|----|----|----|
***************************************************

mode |   affinity | dist from best mode
     | (kcal/mol) | rmsd l.b.| rmsd u.b.
-----+------------+----------+----------
   1       -7.225          0          0
   2       -6.777      4.702      12.77
   3       -6.647      2.592      11.16
   4       -6.565      4.136      13.19
   5       -6.536      4.709      7.967
   6       -6.509      5.152       8.36
   7       -6.471      4.382      13.27
   8       -6.463      3.496      10.91
   9       -6.436      2.265      2.699
  10        -6.41      7.407      15.06
  11       -6.405      1.652      2.218
  12       -6.293      3.894      13.13
  13       -6.271      2.921      11.66
  14       -6.268      6.178       10.6
  15       -6.241      2.857      11.36
  16       -6.227      3.606      11.54
  17       -6.202      6.952      11.69
  18       -6.191      9.033      17.42
  19       -6.173      4.021      13.21
  20       -6.163      5.382      10.07
  21       -6.159      6.704      11.46
  22       -6.154      18.63      23.98
  23       -6.139      11.02      17.99
  24       -6.138      6.911      11.67
  25       -6.111      3.267       11.4
  26       -6.101      5.821      14.55
  27       -6.097      7.231      13.27
  28       -6.083      4.046      8.452
  29       -6.022      3.028      11.33
  30       -6.003      4.305      13.68
  31       -6.003      6.286      11.82
  32       -6.002      3.518      11.62
  33       -5.969      5.574      10.71
  34       -5.962      5.893      10.48
  35       -5.962      5.111       12.1
  36       -5.918      19.24      24.54
  37       -5.896      16.51      23.61
  38       -5.892      16.86      22.39
  39       -5.892      3.252      11.71
  40       -5.876      3.568      11.56
  41       -5.876      9.036      14.91
  42       -5.861      6.719      11.73
  43       -5.846       4.34      13.74
  44       -5.829      10.26      18.18
  45       -5.808      11.13      18.27
  46       -5.804      5.816      12.44
  47       -5.802      16.24      23.44
  48       -5.799       4.58      11.66
  49       -5.727      4.384      13.83
  50       -5.707      7.428      16.62

