AutoDock Vina v1.2.7
#################################################################
# If you used AutoDock Vina in your work, please cite:          #
#                                                               #
# J. Eberhardt, D. Santos-Martins, A. F. Tillack, and S. Forli  #
# AutoDock Vina 1.2.0: New Docking Methods, Expanded Force      #
# Field, and Python Bindings, J. Chem. Inf. Model. (2021)       #
# DOI 10.1021/acs.jcim.1c00203                                  #
#                                                               #
# O. Trott, A. J. Olson,                                        #
# AutoDock Vina: improving the speed and accuracy of docking    #
# with a new scoring function, efficient optimization and       #
# multithreading, J. Comp. Chem. (2010)                         #
# DOI 10.1002/jcc.21334                                         #
#                                                               #
# Please see https://github.com/ccsb-scripps/AutoDock-Vina for  #
# more information.                                             #
#################################################################

Scoring function : vina
Rigid receptor: /Users/user/Desktop/Projet_long/docking/work/receptors/pdbqt/abcb6_daphnia.pdbqt
Ligand: /Users/user/Desktop/Projet_long/docking/work/ligands/pdbqt/microcystineLR.pdbqt
Grid center: X -0.055 Y 3.466 Z -3.201
Grid size  : X 30 Y 30 Z 30
Grid space : 0.375
Exhaustiveness: 16
CPU: 1
Verbosity: 1

Computing Vina grid ... done.
Performing docking (random seed: -752477621) ... 
0%   10   20   30   40   50   60   70   80   90   100%
|----|----|----|----|----|----|----|----|----|----|
***************************************************

mode |   affinity | dist from best mode
     | (kcal/mol) | rmsd l.b.| rmsd u.b.
-----+------------+----------+----------
   1        -7.08          0          0
   2       -6.918        1.9      2.349
   3       -6.893      5.483      8.964
   4       -6.847       6.03      13.41
   5        -6.77      5.316      12.15
   6       -6.647       5.48       12.9
   7       -6.628      6.289      13.33
   8       -6.622      5.563      13.07
   9       -6.596      5.615      13.87
  10       -6.595      5.604      13.83
  11       -6.575      5.737      12.85
  12       -6.573      3.706      8.159
  13       -6.571      2.174      4.117
  14       -6.566      5.422      13.28
  15       -6.555      5.789      10.52
  16       -6.466      4.761       13.3
  17        -6.45      8.027      12.27
  18       -6.447      7.905      11.37
  19       -6.421      1.871      2.741
  20       -6.414      8.268      16.59
  21         -6.4      4.307      12.97
  22        -6.38      5.178      8.921
  23       -6.351      6.163      10.76
  24       -6.345      8.029      13.14
  25       -6.344       7.95      16.19
  26       -6.289      8.163      11.85
  27       -6.279      8.026      14.91
  28       -6.277        3.9      13.73
  29       -6.229      5.911      9.888
  30       -6.221      5.912      9.397
  31       -6.196      4.607      9.299
  32        -6.19      4.469       10.9
  33       -6.187      7.149      16.38
  34       -6.123      5.392      10.31
  35       -6.116      8.027      16.12
  36       -6.113      1.551       2.57
  37       -6.111      2.008      3.128
  38       -6.098      8.033      16.31
  39       -6.096      7.834      16.17
  40       -6.094      7.761      14.77
  41        -6.09      7.636      15.91
  42       -6.078       9.75      12.82
  43        -6.06      8.945      12.23
  44       -6.054      7.536       11.9
  45       -6.037      7.506       12.4
  46       -6.031      7.536      12.18
  47       -6.025      8.375      12.25
  48       -5.948      5.347      9.581
  49       -5.942      7.597      11.92
  50       -5.922      4.663      13.41

