AutoDock Vina v1.2.7
#################################################################
# If you used AutoDock Vina in your work, please cite:          #
#                                                               #
# J. Eberhardt, D. Santos-Martins, A. F. Tillack, and S. Forli  #
# AutoDock Vina 1.2.0: New Docking Methods, Expanded Force      #
# Field, and Python Bindings, J. Chem. Inf. Model. (2021)       #
# DOI 10.1021/acs.jcim.1c00203                                  #
#                                                               #
# O. Trott, A. J. Olson,                                        #
# AutoDock Vina: improving the speed and accuracy of docking    #
# with a new scoring function, efficient optimization and       #
# multithreading, J. Comp. Chem. (2010)                         #
# DOI 10.1002/jcc.21334                                         #
#                                                               #
# Please see https://github.com/ccsb-scripps/AutoDock-Vina for  #
# more information.                                             #
#################################################################

Scoring function : vina
Rigid receptor: /Users/user/Desktop/Projet_long/docking/work/receptors/pdbqt/slco1c1_xenope.pdbqt
Ligand: /Users/user/Desktop/Projet_long/docking/work/ligands/pdbqt/cyanopeptolinA.pdbqt
Grid center: X -2.872 Y -0.807 Z 5.078
Grid size  : X 30 Y 30 Z 30
Grid space : 0.375
Exhaustiveness: 16
CPU: 1
Verbosity: 1

Computing Vina grid ... done.
Performing docking (random seed: -1397510099) ... 
0%   10   20   30   40   50   60   70   80   90   100%
|----|----|----|----|----|----|----|----|----|----|
***************************************************

mode |   affinity | dist from best mode
     | (kcal/mol) | rmsd l.b.| rmsd u.b.
-----+------------+----------+----------
   1       -6.616          0          0
   2       -6.571      2.473       8.33
   3       -6.468      2.208      5.318
   4       -6.425      3.188      8.745
   5        -6.41      2.534       8.39
   6       -6.403      2.584      5.057
   7       -6.402      2.786      7.701
   8       -6.368      2.502      7.814
   9       -6.297      2.853      7.416
  10       -6.264      2.598      8.802
  11       -6.207      3.796      7.516
  12       -6.198      2.629      8.566
  13        -6.19      2.613      7.001
  14       -6.134      2.584      5.631
  15       -6.089      2.592      5.369
  16       -6.084       2.96       9.07
  17       -6.082      2.754      5.585
  18       -6.057      2.265      6.514
  19       -6.021      3.237      9.361
  20       -6.011      2.978      8.305
  21       -5.981      2.667      5.337
  22       -5.974      2.888      5.787
  23       -5.966       3.83      6.557
  24       -5.944      2.925      9.247
  25       -5.927      2.527      5.193
  26       -5.919      3.058      8.794
  27       -5.908      2.972      5.503
  28       -5.903       2.89      8.255
  29       -5.883      2.528       7.43
  30       -5.858      3.003      6.635
  31       -5.846      1.523       2.07
  32         -5.8      2.699      5.834
  33       -5.796      2.811       6.91
  34       -5.747      2.834      5.704
  35       -5.743       3.26      9.206
  36       -5.713      2.838      7.395
  37       -5.691      2.879      5.902
  38       -5.683      3.073      8.141
  39       -5.676       2.57      6.632
  40       -5.657      2.881      6.399
  41       -5.651      3.083      5.953
  42        -5.64      3.599       6.64
  43       -5.605      2.926      6.257
  44         -5.6      3.024      8.106
  45       -5.582      3.273      9.228
  46       -5.519      3.498      9.717
  47        -5.49      3.247      8.522
  48       -5.484       3.61      8.555
  49       -5.426       3.15      8.488
  50       -5.378      3.035      7.588

