AutoDock Vina v1.2.7
#################################################################
# If you used AutoDock Vina in your work, please cite:          #
#                                                               #
# J. Eberhardt, D. Santos-Martins, A. F. Tillack, and S. Forli  #
# AutoDock Vina 1.2.0: New Docking Methods, Expanded Force      #
# Field, and Python Bindings, J. Chem. Inf. Model. (2021)       #
# DOI 10.1021/acs.jcim.1c00203                                  #
#                                                               #
# O. Trott, A. J. Olson,                                        #
# AutoDock Vina: improving the speed and accuracy of docking    #
# with a new scoring function, efficient optimization and       #
# multithreading, J. Comp. Chem. (2010)                         #
# DOI 10.1002/jcc.21334                                         #
#                                                               #
# Please see https://github.com/ccsb-scripps/AutoDock-Vina for  #
# more information.                                             #
#################################################################

Scoring function : vina
Rigid receptor: /Users/user/Desktop/Projet_long/docking/work/receptors/pdbqt/abcg4_rattus.pdbqt
Ligand: /Users/user/Desktop/Projet_long/docking/work/ligands/pdbqt/microcyclamide7806B_3D.pdbqt
Grid center: X -0.101 Y -0.348 Z 3.37
Grid size  : X 30 Y 30 Z 30
Grid space : 0.375
Exhaustiveness: 4
CPU: 1
Verbosity: 1

Computing Vina grid ... done.
Performing docking (random seed: 712832395) ... 
0%   10   20   30   40   50   60   70   80   90   100%
|----|----|----|----|----|----|----|----|----|----|
***************************************************

mode |   affinity | dist from best mode
     | (kcal/mol) | rmsd l.b.| rmsd u.b.
-----+------------+----------+----------
   1       -4.922          0          0
   2       -4.567      6.257       11.5
   3       -4.479      5.349      7.861
   4       -4.254      10.75      12.87
   5       -4.111      10.49      13.72
   6       -3.707      11.65      15.16
   7       -3.642      12.53       15.3
   8       -3.641      10.95      14.81
   9       -3.601      4.933      7.624
  10       -3.561      14.63      17.32

