AutoDock Vina v1.2.7
#################################################################
# If you used AutoDock Vina in your work, please cite:          #
#                                                               #
# J. Eberhardt, D. Santos-Martins, A. F. Tillack, and S. Forli  #
# AutoDock Vina 1.2.0: New Docking Methods, Expanded Force      #
# Field, and Python Bindings, J. Chem. Inf. Model. (2021)       #
# DOI 10.1021/acs.jcim.1c00203                                  #
#                                                               #
# O. Trott, A. J. Olson,                                        #
# AutoDock Vina: improving the speed and accuracy of docking    #
# with a new scoring function, efficient optimization and       #
# multithreading, J. Comp. Chem. (2010)                         #
# DOI 10.1002/jcc.21334                                         #
#                                                               #
# Please see https://github.com/ccsb-scripps/AutoDock-Vina for  #
# more information.                                             #
#################################################################

Scoring function : vina
Rigid receptor: /Users/user/Desktop/Projet_long/docking/work/receptors/pdbqt/abcb6_moule.pdbqt
Ligand: /Users/user/Desktop/Projet_long/docking/work/ligands/pdbqt/microcystineLR.pdbqt
Grid center: X -0.227 Y 3.918 Z -4.814
Grid size  : X 30 Y 30 Z 30
Grid space : 0.375
Exhaustiveness: 16
CPU: 1
Verbosity: 1

Computing Vina grid ... done.
Performing docking (random seed: 829215310) ... 
0%   10   20   30   40   50   60   70   80   90   100%
|----|----|----|----|----|----|----|----|----|----|
***************************************************

mode |   affinity | dist from best mode
     | (kcal/mol) | rmsd l.b.| rmsd u.b.
-----+------------+----------+----------
   1       -6.802          0          0
   2       -6.621      2.498      12.45
   3       -6.548      4.096      10.95
   4       -6.545      2.796      12.21
   5        -6.43      2.606      12.39
   6       -6.375      2.568      12.18
   7       -6.371      2.532      4.285
   8       -6.334      2.366      4.316
   9       -6.327      3.016       4.69
  10        -6.32      2.487      12.55
  11       -6.315      2.179      2.712
  12        -6.31      2.321      11.65
  13       -6.257      2.771      12.24
  14        -6.19      4.184      10.37
  15        -6.19      2.702      4.476
  16        -6.18      4.512      9.961
  17       -6.178      2.138      4.378
  18       -6.175      3.367      7.762
  19       -6.171      2.767      4.254
  20       -6.119      2.946      5.029
  21       -6.096      3.066      12.02
  22       -6.086      4.228       11.6
  23       -6.086      2.457      11.85
  24       -6.076      3.471      10.95
  25       -6.075      3.575      12.12
  26       -6.073      2.688      12.24
  27       -6.058      4.035      11.72
  28       -6.042      4.454      12.42
  29       -6.028       2.74      4.997
  30       -6.024       4.59      9.899
  31       -6.007      2.949      10.82
  32       -5.994      3.971      12.47
  33       -5.991      2.255      12.46
  34       -5.986      2.515      3.977
  35       -5.985      2.455      12.86
  36       -5.982      3.154      11.55
  37       -5.971      2.809      4.441
  38       -5.942      4.026      12.92
  39        -5.94       2.99      3.963
  40       -5.927      2.886      5.279
  41       -5.925      3.469      7.483
  42       -5.913      2.701      4.891
  43       -5.904      3.625      11.89
  44       -5.874      2.627      4.956
  45       -5.855      3.414      11.42
  46       -5.829      4.263      8.114
  47       -5.824        3.8      8.054
  48       -5.772      2.961       11.8
  49       -5.762      4.347      7.601
  50       -5.724      3.471      12.48

