AutoDock Vina v1.2.7
#################################################################
# If you used AutoDock Vina in your work, please cite:          #
#                                                               #
# J. Eberhardt, D. Santos-Martins, A. F. Tillack, and S. Forli  #
# AutoDock Vina 1.2.0: New Docking Methods, Expanded Force      #
# Field, and Python Bindings, J. Chem. Inf. Model. (2021)       #
# DOI 10.1021/acs.jcim.1c00203                                  #
#                                                               #
# O. Trott, A. J. Olson,                                        #
# AutoDock Vina: improving the speed and accuracy of docking    #
# with a new scoring function, efficient optimization and       #
# multithreading, J. Comp. Chem. (2010)                         #
# DOI 10.1002/jcc.21334                                         #
#                                                               #
# Please see https://github.com/ccsb-scripps/AutoDock-Vina for  #
# more information.                                             #
#################################################################

Scoring function : vina
Rigid receptor: /Users/user/Desktop/Projet_long/docking/work/receptors/pdbqt/cftr_xenope.pdbqt
Ligand: /Users/user/Desktop/Projet_long/docking/work/ligands/pdbqt/microcyclamide7806B_3D.pdbqt
Grid center: X -9.71 Y 4.731 Z -1.038
Grid size  : X 30 Y 30 Z 30
Grid space : 0.375
Exhaustiveness: 16
CPU: 1
Verbosity: 1

Computing Vina grid ... done.
Performing docking (random seed: 1626999477) ... 
0%   10   20   30   40   50   60   70   80   90   100%
|----|----|----|----|----|----|----|----|----|----|
***************************************************

mode |   affinity | dist from best mode
     | (kcal/mol) | rmsd l.b.| rmsd u.b.
-----+------------+----------+----------
   1       -6.105          0          0
   2       -6.037      4.701      9.802
   3       -5.953      3.718      8.284
   4       -5.932       4.41      7.311
   5       -5.885      4.043       8.86
   6       -5.836      3.837      7.881
   7       -5.697      2.845      3.787
   8       -5.665       3.69      8.628
   9       -5.561      3.416      8.501
  10       -5.439      5.598      9.331
  11       -5.394      3.302      8.801
  12       -5.359       3.17      8.772
  13       -5.319      3.492      7.554
  14       -5.309      3.895      8.483
  15       -5.295      3.072      6.589
  16        -5.29      6.864      10.81
  17       -5.234      2.061      2.829
  18       -5.186      4.899      8.061
  19       -5.131       4.18      9.469
  20        -5.03      2.768      4.627
  21       -5.006      3.084      7.194
  22        -4.96      6.359      9.029
  23       -4.953      1.796       2.16
  24       -4.891       2.55      6.707
  25       -4.798      3.398      4.993
  26       -4.707       6.34      10.31
  27       -4.672      3.348      7.704
  28        -4.67      3.747      9.181
  29       -4.655      5.766      9.551
  30       -4.639      6.368      10.05
  31       -4.617      2.959        7.3
  32       -4.594       7.28       10.7
  33       -4.583      2.717      3.544
  34       -4.577      3.934       8.22
  35       -4.561      4.016      7.904
  36       -4.532      3.623      7.341
  37       -4.499      11.95      14.25
  38        -4.46      5.523       8.34
  39       -4.394      5.383      10.11
  40       -4.374      7.204      10.31
  41       -4.294      6.016       8.26
  42       -4.253      6.682      9.841
  43       -4.243      4.169      8.491
  44       -4.221      5.272      9.756
  45        -4.21      8.444      12.25
  46       -4.194      7.421      10.38
  47       -4.181      9.344      13.77
  48       -4.124      7.433      12.48
  49       -4.115      10.12      15.59
  50       -4.114      7.455      12.36

