AutoDock Vina v1.2.7
#################################################################
# If you used AutoDock Vina in your work, please cite:          #
#                                                               #
# J. Eberhardt, D. Santos-Martins, A. F. Tillack, and S. Forli  #
# AutoDock Vina 1.2.0: New Docking Methods, Expanded Force      #
# Field, and Python Bindings, J. Chem. Inf. Model. (2021)       #
# DOI 10.1021/acs.jcim.1c00203                                  #
#                                                               #
# O. Trott, A. J. Olson,                                        #
# AutoDock Vina: improving the speed and accuracy of docking    #
# with a new scoring function, efficient optimization and       #
# multithreading, J. Comp. Chem. (2010)                         #
# DOI 10.1002/jcc.21334                                         #
#                                                               #
# Please see https://github.com/ccsb-scripps/AutoDock-Vina for  #
# more information.                                             #
#################################################################

Scoring function : vina
Rigid receptor: /Users/user/Desktop/Projet_long/docking/work/receptors/pdbqt/abcg4_zebrafish.pdbqt
Ligand: /Users/user/Desktop/Projet_long/docking/work/ligands/pdbqt/aeruginosin98A.pdbqt
Grid center: X 3.23 Y 3.297 Z -1.274
Grid size  : X 30 Y 30 Z 30
Grid space : 0.375
Exhaustiveness: 16
CPU: 1
Verbosity: 1

Computing Vina grid ... done.
Performing docking (random seed: 1401598028) ... 
0%   10   20   30   40   50   60   70   80   90   100%
|----|----|----|----|----|----|----|----|----|----|
***************************************************

mode |   affinity | dist from best mode
     | (kcal/mol) | rmsd l.b.| rmsd u.b.
-----+------------+----------+----------
   1       -6.505          0          0
   2        -6.24      1.797      3.136
   3       -6.007      3.591      4.866
   4       -5.938      3.094       4.56
   5       -5.935      3.956      8.585
   6       -5.853      4.705      10.48
   7       -5.852      4.348      6.019
   8       -5.849      3.293      4.345
   9       -5.807       3.53      6.874
  10       -5.806      2.971      5.101
  11       -5.799       2.05      2.484
  12       -5.786      4.047      8.937
  13       -5.773      3.385      5.414
  14       -5.724      4.789      8.966
  15       -5.719      3.519       5.31
  16       -5.707      5.193      8.384
  17       -5.698      5.906      9.548
  18       -5.684      3.948      6.038
  19       -5.643      2.786       4.48
  20       -5.562      3.711       5.42
  21        -5.55      4.926      8.446
  22       -5.543      3.602      8.937
  23       -5.534      3.988       7.55
  24       -5.527      4.107      6.989
  25       -5.516      4.473      9.705
  26       -5.452       4.91      10.74
  27       -5.445      3.475      5.111
  28        -5.43      2.715      4.729
  29       -5.385      3.773      9.454
  30       -5.385      3.172      5.261
  31        -5.38      3.632      5.332
  32       -5.341      4.144      10.03
  33       -5.336      2.927      5.296
  34       -5.329      5.332      10.46
  35       -5.316      3.537      5.156
  36       -5.316      4.241      9.363
  37       -5.265      3.801      5.932
  38       -5.247      2.877          5
  39        -5.24      4.495      6.725
  40       -5.215      3.764      5.309
  41       -5.198      4.146       5.92
  42       -5.156      4.601      9.255
  43       -5.089      3.214      5.281
  44       -5.087      4.237      6.087
  45       -5.078      12.38      17.04
  46       -5.059      5.076       9.67
  47       -5.028      9.768      12.73
  48       -4.998      4.385      5.967
  49       -4.995      4.281      7.444
  50       -4.976      3.334      5.554

