AutoDock Vina v1.2.7
#################################################################
# If you used AutoDock Vina in your work, please cite:          #
#                                                               #
# J. Eberhardt, D. Santos-Martins, A. F. Tillack, and S. Forli  #
# AutoDock Vina 1.2.0: New Docking Methods, Expanded Force      #
# Field, and Python Bindings, J. Chem. Inf. Model. (2021)       #
# DOI 10.1021/acs.jcim.1c00203                                  #
#                                                               #
# O. Trott, A. J. Olson,                                        #
# AutoDock Vina: improving the speed and accuracy of docking    #
# with a new scoring function, efficient optimization and       #
# multithreading, J. Comp. Chem. (2010)                         #
# DOI 10.1002/jcc.21334                                         #
#                                                               #
# Please see https://github.com/ccsb-scripps/AutoDock-Vina for  #
# more information.                                             #
#################################################################

Scoring function : vina
Rigid receptor: /Users/user/Desktop/Projet_long/docking/work/receptors/pdbqt/abcg2_xenope.pdbqt
Ligand: /Users/user/Desktop/Projet_long/docking/work/ligands/pdbqt/microcystineLR.pdbqt
Grid center: X 0.769 Y 0.645 Z 1.929
Grid size  : X 30 Y 30 Z 30
Grid space : 0.375
Exhaustiveness: 16
CPU: 1
Verbosity: 1

Computing Vina grid ... done.
Performing docking (random seed: -1810489945) ... 
0%   10   20   30   40   50   60   70   80   90   100%
|----|----|----|----|----|----|----|----|----|----|
***************************************************

mode |   affinity | dist from best mode
     | (kcal/mol) | rmsd l.b.| rmsd u.b.
-----+------------+----------+----------
   1       -7.436          0          0
   2       -7.243       1.73      2.566
   3       -7.107      1.466      2.454
   4       -6.977      3.262      12.61
   5       -6.858       2.06      2.911
   6       -6.818      2.632      3.931
   7       -6.647      2.826      12.18
   8       -6.611      11.62      15.18
   9       -6.415      14.53       18.9
  10       -6.305      14.92      17.94
  11       -6.271      11.79      15.05
  12       -6.249      2.243      3.783
  13       -6.243      11.84      15.78
  14       -6.199      14.03      18.03
  15       -6.178      2.426      3.208
  16        -6.14      5.489      11.75
  17       -6.139      10.65      18.19
  18       -6.125      12.75      16.25
  19       -6.099      14.74      19.17
  20       -6.097      3.177      4.398
  21       -6.094      13.25      16.48
  22       -6.067       11.9      19.37
  23       -6.051      14.69      21.98
  24       -6.046       12.2      15.28
  25       -6.026      14.22      17.77
  26       -6.024      14.42      21.67
  27       -6.013      13.98      16.89
  28       -5.999      14.49      17.07
  29       -5.998      12.08      15.78
  30       -5.994      7.414       13.1
  31       -5.986      6.135       11.4
  32       -5.967      14.17      18.51
  33       -5.943      14.32      18.38
  34       -5.924       15.4       19.4
  35       -5.922      10.88      18.63
  36        -5.92      15.27      23.02
  37       -5.881      14.63      21.83
  38        -5.87      11.04      19.22
  39       -5.851      14.35      21.78
  40       -5.803      3.369      4.602
  41       -5.798      10.75      17.13
  42       -5.771      3.232      4.391
  43       -5.765      12.31      15.42
  44       -5.761      10.91      17.27
  45       -5.755      14.92      18.77
  46       -5.736      15.04      22.33
  47        -5.73      14.37       20.9
  48       -5.719      15.17      22.35
  49         -5.7      3.605      5.005
  50       -5.694      15.88      19.27

