AutoDock Vina v1.2.7
#################################################################
# If you used AutoDock Vina in your work, please cite:          #
#                                                               #
# J. Eberhardt, D. Santos-Martins, A. F. Tillack, and S. Forli  #
# AutoDock Vina 1.2.0: New Docking Methods, Expanded Force      #
# Field, and Python Bindings, J. Chem. Inf. Model. (2021)       #
# DOI 10.1021/acs.jcim.1c00203                                  #
#                                                               #
# O. Trott, A. J. Olson,                                        #
# AutoDock Vina: improving the speed and accuracy of docking    #
# with a new scoring function, efficient optimization and       #
# multithreading, J. Comp. Chem. (2010)                         #
# DOI 10.1002/jcc.21334                                         #
#                                                               #
# Please see https://github.com/ccsb-scripps/AutoDock-Vina for  #
# more information.                                             #
#################################################################

Scoring function : vina
Rigid receptor: /Users/user/Desktop/Projet_long/docking/work/receptors/pdbqt/abcc5_zebrafish.pdbqt
Ligand: /Users/user/Desktop/Projet_long/docking/work/ligands/pdbqt/cyanopeptolinA.pdbqt
Grid center: X 5.908 Y -1.389 Z 0.449
Grid size  : X 30 Y 30 Z 30
Grid space : 0.375
Exhaustiveness: 16
CPU: 1
Verbosity: 1

Computing Vina grid ... done.
Performing docking (random seed: 1121817578) ... 
0%   10   20   30   40   50   60   70   80   90   100%
|----|----|----|----|----|----|----|----|----|----|
***************************************************

mode |   affinity | dist from best mode
     | (kcal/mol) | rmsd l.b.| rmsd u.b.
-----+------------+----------+----------
   1       -5.948          0          0
   2       -5.853      5.609      9.278
   3       -5.812      3.362      5.967
   4        -5.81      7.519      10.63
   5       -5.799      3.499      5.762
   6       -5.713      11.52      14.17
   7       -5.707      3.046      5.502
   8       -5.701      3.091      5.196
   9       -5.684      3.169      6.314
  10        -5.61      3.707      12.36
  11       -5.601      3.666      5.927
  12       -5.599       11.2      13.87
  13       -5.583      2.392      3.919
  14       -5.536      8.751       13.9
  15       -5.512      3.575      14.61
  16       -5.499      3.344      7.065
  17       -5.456      5.864      13.38
  18       -5.432      2.486      4.862
  19       -5.419      3.113      4.756
  20       -5.408      2.351      3.931
  21       -5.395      8.036      14.14
  22       -5.393      3.662      6.067
  23       -5.382      8.673      14.18
  24       -5.364      3.881      5.547
  25        -5.35      4.086      6.278
  26       -5.337      7.159      10.44
  27       -5.327      8.007       11.5
  28       -5.287       5.78      13.22
  29       -5.242      11.47      14.08
  30       -5.232      3.806      14.67
  31       -5.228      3.936      13.01
  32       -5.225      3.241      11.18
  33       -5.225      2.695      4.159
  34       -5.213      3.663      6.335
  35       -5.204      2.747      4.859
  36       -5.173       7.69      10.74
  37       -5.163      3.234      13.98
  38        -5.16      11.14      13.73
  39       -5.153      2.988      12.36
  40       -5.137      4.623      13.11
  41       -5.074      3.291      6.577
  42       -5.049      3.886      15.08
  43       -5.041      11.62      14.26
  44       -5.022         12      14.57
  45       -4.978      3.745      6.664
  46       -4.919      11.02       13.7
  47       -4.897      10.99      14.93
  48       -4.897       4.72      14.44
  49       -4.882      3.456      5.286
  50       -4.875      4.356      6.239

