AutoDock Vina v1.2.7
#################################################################
# If you used AutoDock Vina in your work, please cite:          #
#                                                               #
# J. Eberhardt, D. Santos-Martins, A. F. Tillack, and S. Forli  #
# AutoDock Vina 1.2.0: New Docking Methods, Expanded Force      #
# Field, and Python Bindings, J. Chem. Inf. Model. (2021)       #
# DOI 10.1021/acs.jcim.1c00203                                  #
#                                                               #
# O. Trott, A. J. Olson,                                        #
# AutoDock Vina: improving the speed and accuracy of docking    #
# with a new scoring function, efficient optimization and       #
# multithreading, J. Comp. Chem. (2010)                         #
# DOI 10.1002/jcc.21334                                         #
#                                                               #
# Please see https://github.com/ccsb-scripps/AutoDock-Vina for  #
# more information.                                             #
#################################################################

Scoring function : vina
Rigid receptor: /Users/user/Desktop/Projet_long/docking/work/receptors/pdbqt/abca5_zebrafish.pdbqt
Ligand: /Users/user/Desktop/Projet_long/docking/work/ligands/pdbqt/microgininFR1.pdbqt
Grid center: X 2.726 Y 2.808 Z -1.166
Grid size  : X 30 Y 30 Z 30
Grid space : 0.375
Exhaustiveness: 16
CPU: 1
Verbosity: 1

Computing Vina grid ... done.
Performing docking (random seed: 1187921239) ... 
0%   10   20   30   40   50   60   70   80   90   100%
|----|----|----|----|----|----|----|----|----|----|
***************************************************

mode |   affinity | dist from best mode
     | (kcal/mol) | rmsd l.b.| rmsd u.b.
-----+------------+----------+----------
   1       -7.918          0          0
   2        -7.45      2.147      3.529
   3       -7.126      4.057      7.993
   4        -7.07      9.241      14.99
   5       -6.987      6.346      11.79
   6       -6.968      5.815      11.47
   7       -6.861      8.659      14.79
   8       -6.828      9.684      15.92
   9        -6.71      4.958      8.449
  10       -6.653      4.539      7.796
  11       -6.641       8.91      15.37
  12       -6.592      10.68      16.61
  13       -6.551      11.52      15.43
  14       -6.541      9.699       16.4
  15       -6.516      11.31      16.57
  16       -6.446      12.26      17.24
  17       -6.431      15.99      20.81
  18       -6.359      12.41      16.82
  19       -6.347      9.254      15.78
  20       -6.306      14.74      19.88
  21        -6.29      11.66      16.78
  22       -6.287       8.39      13.39
  23       -6.286       18.3      22.19
  24       -6.278       12.8      17.83
  25       -6.263      13.45      17.82
  26        -6.26      11.72      17.22
  27       -6.256      12.44      16.63
  28       -6.253      13.43      18.06
  29       -6.226      10.01      15.76
  30         -6.2      11.71      15.74
  31       -6.178      14.94      20.62
  32        -6.13      15.61      20.68
  33       -6.126      14.98      20.65
  34       -6.116      15.35      20.32
  35       -6.088      8.847      14.38
  36       -6.073      2.937      8.781
  37       -6.067      11.72      15.83
  38       -6.041      14.75      19.92
  39       -6.032      12.35      17.65
  40       -6.018      11.93      17.38
  41       -6.006      14.06      19.26
  42       -6.001       8.58       15.5
  43       -5.977      14.14      19.28
  44       -5.968      12.45      17.17
  45       -5.967      12.75      17.77
  46       -5.963      11.46       16.7
  47       -5.926      12.31      17.48
  48       -5.925      14.95      20.16
  49       -5.923       14.4      19.55
  50       -5.889       13.1      17.28

