AutoDock Vina v1.2.7
#################################################################
# If you used AutoDock Vina in your work, please cite:          #
#                                                               #
# J. Eberhardt, D. Santos-Martins, A. F. Tillack, and S. Forli  #
# AutoDock Vina 1.2.0: New Docking Methods, Expanded Force      #
# Field, and Python Bindings, J. Chem. Inf. Model. (2021)       #
# DOI 10.1021/acs.jcim.1c00203                                  #
#                                                               #
# O. Trott, A. J. Olson,                                        #
# AutoDock Vina: improving the speed and accuracy of docking    #
# with a new scoring function, efficient optimization and       #
# multithreading, J. Comp. Chem. (2010)                         #
# DOI 10.1002/jcc.21334                                         #
#                                                               #
# Please see https://github.com/ccsb-scripps/AutoDock-Vina for  #
# more information.                                             #
#################################################################

Scoring function : vina
Rigid receptor: /Users/user/Desktop/Projet_long/docking/work/receptors/pdbqt/abcg2_rattus.pdbqt
Ligand: /Users/user/Desktop/Projet_long/docking/work/ligands/pdbqt/microcystineLR.pdbqt
Grid center: X 1.749 Y 1.463 Z 2.795
Grid size  : X 30 Y 30 Z 30
Grid space : 0.375
Exhaustiveness: 16
CPU: 1
Verbosity: 1

Computing Vina grid ... done.
Performing docking (random seed: -1097213317) ... 
0%   10   20   30   40   50   60   70   80   90   100%
|----|----|----|----|----|----|----|----|----|----|
***************************************************

mode |   affinity | dist from best mode
     | (kcal/mol) | rmsd l.b.| rmsd u.b.
-----+------------+----------+----------
   1       -7.675          0          0
   2       -7.402      2.661      12.12
   3       -7.099      2.659      5.031
   4       -7.046      2.982      11.22
   5       -7.042      2.838      5.068
   6       -7.027      2.582       11.9
   7       -7.026      2.482       12.1
   8           -7      3.667      12.43
   9        -6.98      3.437      12.52
  10       -6.954      2.636      5.859
  11       -6.874      3.166      12.41
  12       -6.871      5.311      11.43
  13       -6.863      2.795       5.93
  14       -6.834       2.44      12.43
  15       -6.821      2.667      12.41
  16       -6.817      2.743       5.05
  17        -6.79      3.198      12.39
  18       -6.768      2.879      6.673
  19       -6.753      3.412      11.95
  20       -6.752      1.354      2.434
  21       -6.731      3.085      7.402
  22       -6.718      5.004      11.68
  23       -6.689      3.021      12.14
  24        -6.66      3.762      6.997
  25       -6.635      3.058      13.15
  26       -6.569      4.473      11.43
  27       -6.569      2.759      12.55
  28       -6.555      4.109      7.912
  29       -6.551      5.446      11.82
  30       -6.538      3.547      7.824
  31       -6.517      4.594      12.71
  32       -6.494      5.584      12.18
  33       -6.486      5.362      11.27
  34       -6.477      3.659      6.921
  35       -6.461      3.765      7.598
  36        -6.46      3.411      8.248
  37       -6.423      8.904      14.74
  38       -6.415      5.585      11.96
  39       -6.402      5.668      11.49
  40       -6.391       4.58      11.29
  41       -6.378      7.528      11.92
  42       -6.352      8.141       12.6
  43       -6.349      3.904      7.048
  44       -6.347      4.738      9.215
  45       -6.337      9.955      16.26
  46       -6.294      5.795      11.73
  47       -6.294      7.108      11.52
  48       -6.292       10.4       16.2
  49       -6.288      3.978      7.795
  50       -6.272      4.479      8.076

