AutoDock Vina v1.2.7
#################################################################
# If you used AutoDock Vina in your work, please cite:          #
#                                                               #
# J. Eberhardt, D. Santos-Martins, A. F. Tillack, and S. Forli  #
# AutoDock Vina 1.2.0: New Docking Methods, Expanded Force      #
# Field, and Python Bindings, J. Chem. Inf. Model. (2021)       #
# DOI 10.1021/acs.jcim.1c00203                                  #
#                                                               #
# O. Trott, A. J. Olson,                                        #
# AutoDock Vina: improving the speed and accuracy of docking    #
# with a new scoring function, efficient optimization and       #
# multithreading, J. Comp. Chem. (2010)                         #
# DOI 10.1002/jcc.21334                                         #
#                                                               #
# Please see https://github.com/ccsb-scripps/AutoDock-Vina for  #
# more information.                                             #
#################################################################

Scoring function : vina
Rigid receptor: /Users/user/Desktop/Projet_long/docking/work/receptors/pdbqt/abcg8_xenope.pdbqt
Ligand: /Users/user/Desktop/Projet_long/docking/work/ligands/pdbqt/microcystineLR.pdbqt
Grid center: X 0.832 Y 2.726 Z -0.371
Grid size  : X 30 Y 30 Z 30
Grid space : 0.375
Exhaustiveness: 16
CPU: 1
Verbosity: 1

Computing Vina grid ... done.
Performing docking (random seed: -441758065) ... 
0%   10   20   30   40   50   60   70   80   90   100%
|----|----|----|----|----|----|----|----|----|----|
***************************************************

mode |   affinity | dist from best mode
     | (kcal/mol) | rmsd l.b.| rmsd u.b.
-----+------------+----------+----------
   1       -7.589          0          0
   2       -7.234      4.185      13.81
   3       -7.221      1.378      2.328
   4       -7.193      2.476      4.428
   5       -7.185      2.033      3.255
   6       -7.183      4.249      14.09
   7       -7.149      2.626      4.586
   8       -7.043      2.306      4.691
   9       -7.022      5.534      9.982
  10        -7.01      2.464      3.665
  11       -6.907      4.792      12.83
  12       -6.884      5.101      12.92
  13        -6.86      2.102      3.055
  14       -6.853      5.094      10.41
  15       -6.807      2.419       4.48
  16       -6.807      5.287      10.46
  17       -6.795      5.305      11.29
  18       -6.746      2.858      11.64
  19        -6.64      5.281      10.75
  20       -6.507      2.033       2.64
  21       -6.485      4.689      12.97
  22       -6.479      2.413      3.762
  23       -6.472      5.057      9.631
  24       -6.457      4.719      12.55
  25       -6.418      4.888      13.03
  26       -6.373      5.705       11.4
  27       -6.357       2.88      5.335
  28       -6.353      2.365      4.609
  29       -6.278      2.677      4.645
  30        -6.24      4.021      11.97
  31        -6.23      2.288      4.176
  32       -6.185      5.596      10.71
  33       -6.176      2.977      5.053
  34       -6.147      3.284      5.684
  35        -6.13       5.66      11.35
  36       -6.128      2.281       4.25
  37       -6.126      3.951      11.96
  38       -6.119      4.738      8.987
  39       -6.044      4.588      10.03
  40       -6.044      5.799      9.987
  41       -6.037      5.145      11.01
  42       -6.026      6.035      10.93
  43       -6.017      5.807      9.343
  44       -5.909      3.666      11.43
  45       -5.874      3.809      12.07
  46       -5.837      7.291      12.18
  47       -5.767      6.557      10.38
  48       -5.764      6.712      11.79
  49       -5.758      2.499      4.486
  50       -5.713      2.621      4.651

