AutoDock Vina v1.2.7
#################################################################
# If you used AutoDock Vina in your work, please cite:          #
#                                                               #
# J. Eberhardt, D. Santos-Martins, A. F. Tillack, and S. Forli  #
# AutoDock Vina 1.2.0: New Docking Methods, Expanded Force      #
# Field, and Python Bindings, J. Chem. Inf. Model. (2021)       #
# DOI 10.1021/acs.jcim.1c00203                                  #
#                                                               #
# O. Trott, A. J. Olson,                                        #
# AutoDock Vina: improving the speed and accuracy of docking    #
# with a new scoring function, efficient optimization and       #
# multithreading, J. Comp. Chem. (2010)                         #
# DOI 10.1002/jcc.21334                                         #
#                                                               #
# Please see https://github.com/ccsb-scripps/AutoDock-Vina for  #
# more information.                                             #
#################################################################

Scoring function : vina
Rigid receptor: /Users/user/Desktop/Projet_long/docking/work/receptors/pdbqt/abcc9_xenope.pdbqt
Ligand: /Users/user/Desktop/Projet_long/docking/work/ligands/pdbqt/microgininFR1.pdbqt
Grid center: X -0.795 Y -3.569 Z 2.026
Grid size  : X 30 Y 30 Z 30
Grid space : 0.375
Exhaustiveness: 4
CPU: 1
Verbosity: 1

Computing Vina grid ... done.
Performing docking (random seed: -814554284) ... 
0%   10   20   30   40   50   60   70   80   90   100%
|----|----|----|----|----|----|----|----|----|----|
***************************************************

mode |   affinity | dist from best mode
     | (kcal/mol) | rmsd l.b.| rmsd u.b.
-----+------------+----------+----------
   1       -6.232          0          0
   2       -5.986      14.98      20.07
   3       -5.882      1.955      3.714
   4        -5.87      3.317      5.581
   5       -5.848      1.568      2.601
   6       -5.766      15.75      22.03
   7       -5.632      2.474      4.831
   8        -5.62      15.17      19.53
   9       -5.606       13.4      19.42
  10       -5.488      4.048      6.456

