AutoDock Vina v1.2.7
#################################################################
# If you used AutoDock Vina in your work, please cite:          #
#                                                               #
# J. Eberhardt, D. Santos-Martins, A. F. Tillack, and S. Forli  #
# AutoDock Vina 1.2.0: New Docking Methods, Expanded Force      #
# Field, and Python Bindings, J. Chem. Inf. Model. (2021)       #
# DOI 10.1021/acs.jcim.1c00203                                  #
#                                                               #
# O. Trott, A. J. Olson,                                        #
# AutoDock Vina: improving the speed and accuracy of docking    #
# with a new scoring function, efficient optimization and       #
# multithreading, J. Comp. Chem. (2010)                         #
# DOI 10.1002/jcc.21334                                         #
#                                                               #
# Please see https://github.com/ccsb-scripps/AutoDock-Vina for  #
# more information.                                             #
#################################################################

Scoring function : vina
Rigid receptor: /Users/user/Desktop/Projet_long/docking/work/receptors/pdbqt/abcc9_zebrafish.pdbqt
Ligand: /Users/user/Desktop/Projet_long/docking/work/ligands/pdbqt/microgininFR1.pdbqt
Grid center: X -7.079 Y 5.063 Z -0.597
Grid size  : X 30 Y 30 Z 30
Grid space : 0.375
Exhaustiveness: 16
CPU: 1
Verbosity: 1

Computing Vina grid ... done.
Performing docking (random seed: -1102993245) ... 
0%   10   20   30   40   50   60   70   80   90   100%
|----|----|----|----|----|----|----|----|----|----|
***************************************************

mode |   affinity | dist from best mode
     | (kcal/mol) | rmsd l.b.| rmsd u.b.
-----+------------+----------+----------
   1       -6.767          0          0
   2       -6.767      10.15      15.88
   3       -6.757      16.35       22.1
   4       -6.735      5.121      7.788
   5       -6.731      3.029      7.011
   6       -6.644      11.24       17.2
   7       -6.633       10.9      16.87
   8        -6.62      9.061      14.75
   9       -6.607      13.16      17.09
  10       -6.606      14.21      19.46
  11       -6.599      7.448      12.29
  12       -6.589       3.79      9.999
  13       -6.587      10.22      17.28
  14       -6.586      10.03      15.11
  15       -6.546      2.592      6.418
  16       -6.524      9.546      15.15
  17        -6.51      12.72      18.46
  18       -6.487      3.864      8.444
  19       -6.468      8.922      13.99
  20       -6.455      11.87      17.26
  21       -6.442      12.14      16.76
  22       -6.399       9.34      12.63
  23       -6.388      13.48      18.65
  24       -6.378      17.27      22.45
  25       -6.378       10.2      14.55
  26       -6.378      10.44      14.86
  27       -6.364      10.58      15.06
  28       -6.361      3.943      9.437
  29       -6.359      9.615      14.49
  30       -6.347      12.07      18.36
  31       -6.281      5.106      10.19
  32       -6.261      15.14      19.13
  33       -6.242       13.6      17.77
  34       -6.241      13.38      18.06
  35        -6.24      15.15      18.38
  36       -6.239       14.5      18.75
  37       -6.233      2.151      5.869
  38       -6.185      11.83      19.35
  39       -6.178      10.31      17.89
  40       -6.156      7.852      13.75
  41       -6.136      11.19       14.7
  42        -6.12      5.032      10.04
  43       -6.079      2.523      6.081
  44       -6.059      10.75      15.93
  45       -6.044      10.24      14.03
  46       -6.025      12.93      16.82
  47       -6.007      4.245      9.645
  48           -6      10.59      15.05
  49       -5.991       8.35      15.72
  50       -5.978      2.954      6.225

