AutoDock Vina v1.2.7
#################################################################
# If you used AutoDock Vina in your work, please cite:          #
#                                                               #
# J. Eberhardt, D. Santos-Martins, A. F. Tillack, and S. Forli  #
# AutoDock Vina 1.2.0: New Docking Methods, Expanded Force      #
# Field, and Python Bindings, J. Chem. Inf. Model. (2021)       #
# DOI 10.1021/acs.jcim.1c00203                                  #
#                                                               #
# O. Trott, A. J. Olson,                                        #
# AutoDock Vina: improving the speed and accuracy of docking    #
# with a new scoring function, efficient optimization and       #
# multithreading, J. Comp. Chem. (2010)                         #
# DOI 10.1002/jcc.21334                                         #
#                                                               #
# Please see https://github.com/ccsb-scripps/AutoDock-Vina for  #
# more information.                                             #
#################################################################

Scoring function : vina
Rigid receptor: /Users/user/Desktop/Projet_long/docking/work/receptors/pdbqt/cftr_xenope.pdbqt
Ligand: /Users/user/Desktop/Projet_long/docking/work/ligands/pdbqt/microgininFR1.pdbqt
Grid center: X -9.71 Y 4.731 Z -1.038
Grid size  : X 30 Y 30 Z 30
Grid space : 0.375
Exhaustiveness: 16
CPU: 1
Verbosity: 1

Computing Vina grid ... done.
Performing docking (random seed: -1303536782) ... 
0%   10   20   30   40   50   60   70   80   90   100%
|----|----|----|----|----|----|----|----|----|----|
***************************************************

mode |   affinity | dist from best mode
     | (kcal/mol) | rmsd l.b.| rmsd u.b.
-----+------------+----------+----------
   1       -7.603          0          0
   2       -7.592      1.666      3.564
   3       -7.446      1.867      4.952
   4       -7.376      2.073      5.246
   5       -7.364       2.36      5.289
   6       -7.349      2.229      4.951
   7       -7.243      2.632      8.948
   8       -7.232      1.999      6.691
   9        -7.23        2.8      7.622
  10       -7.219      4.529      8.885
  11       -7.215      2.281        5.9
  12       -7.215      4.651       8.99
  13        -7.21      4.627      8.516
  14       -7.187      1.888       4.42
  15       -7.115      4.503      7.138
  16       -7.091      4.522      10.12
  17       -7.083      2.857      6.321
  18       -7.074      2.107      9.707
  19       -7.007      4.313      8.251
  20       -6.959       4.23      9.649
  21       -6.882       4.34      8.231
  22       -6.861      7.553      15.18
  23       -6.851      3.498      7.481
  24       -6.817      14.15         18
  25       -6.811      4.219      10.11
  26       -6.773      2.811      8.907
  27       -6.739      3.334      8.307
  28       -6.736      4.005      8.932
  29       -6.727      3.871      11.69
  30       -6.715      3.321      7.886
  31       -6.692      2.514      9.471
  32       -6.658       4.54      7.483
  33        -6.65      2.107       6.19
  34       -6.624       4.23      11.06
  35       -6.599      2.397      6.041
  36       -6.598      4.057      11.42
  37       -6.563      4.007        8.6
  38       -6.528      8.383      13.52
  39       -6.522      6.866      14.82
  40       -6.509      5.703      10.77
  41       -6.493      4.342      10.39
  42        -6.49      2.303      5.139
  43       -6.451      7.384      13.79
  44       -6.442      11.02      16.99
  45       -6.439      2.687      9.665
  46       -6.411      5.294      13.28
  47       -6.376      14.14      18.09
  48       -6.352      4.084      10.14
  49        -6.35       3.43      10.33
  50       -6.329      7.687       15.2

