AutoDock Vina v1.2.7
#################################################################
# If you used AutoDock Vina in your work, please cite:          #
#                                                               #
# J. Eberhardt, D. Santos-Martins, A. F. Tillack, and S. Forli  #
# AutoDock Vina 1.2.0: New Docking Methods, Expanded Force      #
# Field, and Python Bindings, J. Chem. Inf. Model. (2021)       #
# DOI 10.1021/acs.jcim.1c00203                                  #
#                                                               #
# O. Trott, A. J. Olson,                                        #
# AutoDock Vina: improving the speed and accuracy of docking    #
# with a new scoring function, efficient optimization and       #
# multithreading, J. Comp. Chem. (2010)                         #
# DOI 10.1002/jcc.21334                                         #
#                                                               #
# Please see https://github.com/ccsb-scripps/AutoDock-Vina for  #
# more information.                                             #
#################################################################

Scoring function : vina
Rigid receptor: /Users/user/Desktop/Projet_long/docking/work/receptors/pdbqt/slco1c1_xenope.pdbqt
Ligand: /Users/user/Desktop/Projet_long/docking/work/ligands/pdbqt/aerucyclamideA_3D.pdbqt
Grid center: X -2.872 Y -0.807 Z 5.078
Grid size  : X 30 Y 30 Z 30
Grid space : 0.375
Exhaustiveness: 16
CPU: 1
Verbosity: 1

Computing Vina grid ... done.
Performing docking (random seed: -891609910) ... 
0%   10   20   30   40   50   60   70   80   90   100%
|----|----|----|----|----|----|----|----|----|----|
***************************************************

mode |   affinity | dist from best mode
     | (kcal/mol) | rmsd l.b.| rmsd u.b.
-----+------------+----------+----------
   1       -6.023          0          0
   2        -5.89        2.3       5.51
   3       -5.887      3.036       6.04
   4       -5.852      1.797      2.704
   5       -5.763      3.816      6.569
   6       -5.727      2.621      6.176
   7       -5.682      2.777      6.438
   8        -5.66      2.595      5.636
   9        -5.64      2.911      6.006
  10       -5.638      3.789       6.28
  11       -5.597      2.916       6.33
  12       -5.586      2.519      6.103
  13       -5.542      2.332      5.985
  14        -5.54      2.622       6.69
  15       -5.539      2.789       6.65
  16       -5.501      2.584      5.525
  17       -5.494      2.956      4.282
  18       -5.476      2.956      5.648
  19       -5.473      2.602      5.451
  20       -5.451      2.906      6.023
  21       -5.402      3.007      5.331
  22       -5.395      2.344      3.246
  23       -5.359        6.6      9.712
  24       -5.347      2.395      5.398
  25        -5.31      3.277      5.973
  26       -5.309      2.584      5.974
  27       -5.291       2.46      4.833
  28       -5.257      2.869      6.449
  29       -5.256      2.541      5.479
  30       -5.255      3.072      5.158
  31       -5.253      3.369      6.668
  32       -5.252      2.335      5.834
  33       -5.252      2.925      6.081
  34       -5.226      2.923      5.631
  35         -5.2      2.609      7.372
  36       -5.193      3.847      5.858
  37       -5.174       2.77      5.822
  38       -5.088      2.573      6.562
  39       -5.051      3.509      6.326
  40       -5.034      3.002      4.241
  41       -5.026      6.051      8.756
  42       -5.011      5.528      8.103
  43       -4.993      3.011       4.86
  44       -4.916      4.281      7.402
  45       -4.886      2.968      6.933
  46       -4.819      3.032       6.19
  47       -4.809      3.095      5.145
  48       -4.803      2.716      4.182
  49        -4.76      2.397      3.156
  50       -4.715      3.616      6.067

