AutoDock Vina v1.2.7
#################################################################
# If you used AutoDock Vina in your work, please cite:          #
#                                                               #
# J. Eberhardt, D. Santos-Martins, A. F. Tillack, and S. Forli  #
# AutoDock Vina 1.2.0: New Docking Methods, Expanded Force      #
# Field, and Python Bindings, J. Chem. Inf. Model. (2021)       #
# DOI 10.1021/acs.jcim.1c00203                                  #
#                                                               #
# O. Trott, A. J. Olson,                                        #
# AutoDock Vina: improving the speed and accuracy of docking    #
# with a new scoring function, efficient optimization and       #
# multithreading, J. Comp. Chem. (2010)                         #
# DOI 10.1002/jcc.21334                                         #
#                                                               #
# Please see https://github.com/ccsb-scripps/AutoDock-Vina for  #
# more information.                                             #
#################################################################

Scoring function : vina
Rigid receptor: /Users/user/Desktop/Projet_long/docking/work/receptors/pdbqt/abcb6_rattus.pdbqt
Ligand: /Users/user/Desktop/Projet_long/docking/work/ligands/pdbqt/microcystineLR.pdbqt
Grid center: X -4.362 Y 5.559 Z 8.068
Grid size  : X 30 Y 30 Z 30
Grid space : 0.375
Exhaustiveness: 16
CPU: 1
Verbosity: 1

Computing Vina grid ... done.
Performing docking (random seed: 589468195) ... 
0%   10   20   30   40   50   60   70   80   90   100%
|----|----|----|----|----|----|----|----|----|----|
***************************************************

mode |   affinity | dist from best mode
     | (kcal/mol) | rmsd l.b.| rmsd u.b.
-----+------------+----------+----------
   1       -6.695          0          0
   2       -6.593      2.373      3.478
   3       -6.577      4.919      7.754
   4       -6.535      4.439      8.685
   5       -6.525      3.555      6.931
   6       -6.513      4.777      8.442
   7       -6.506      4.064      13.02
   8       -6.487      4.179      8.045
   9       -6.458      5.651      9.082
  10       -6.442      5.159      8.774
  11       -6.423      5.106      8.989
  12       -6.415      4.754      12.94
  13       -6.362      4.615      7.438
  14       -6.355      5.971      8.933
  15       -6.349      3.908      12.81
  16       -6.347      4.342      8.628
  17       -6.337      3.746       8.71
  18       -6.297      5.157      9.161
  19       -6.289      3.296      8.569
  20       -6.284      4.236      7.674
  21       -6.274      1.973      3.184
  22       -6.202      2.062      3.002
  23       -6.195      5.192      8.628
  24        -6.19      4.396      9.321
  25       -6.182       4.56      8.175
  26       -6.181      4.418      7.796
  27       -6.179      4.744      7.444
  28       -6.154      2.913      5.709
  29       -6.152      4.799       12.8
  30       -6.135      4.018      12.55
  31       -6.133      5.757      12.08
  32       -6.132      4.372      9.934
  33       -6.128      4.615      8.117
  34       -6.123      2.512      3.988
  35        -6.12      3.922      7.507
  36       -6.109      4.673      12.84
  37       -6.099      4.752      8.487
  38       -6.099      4.982      8.167
  39       -6.062      5.763      13.83
  40       -6.028      4.971      8.501
  41       -6.027      3.264      8.075
  42       -6.013      3.939      12.38
  43       -6.013      4.228      7.688
  44       -5.988      4.925      8.305
  45       -5.988      4.588      12.94
  46       -5.931      4.143      8.315
  47        -5.92      5.884      12.66
  48       -5.898      2.771      3.916
  49       -5.898      5.455      13.88
  50       -5.862      5.226      13.29

