AutoDock Vina v1.2.7
#################################################################
# If you used AutoDock Vina in your work, please cite:          #
#                                                               #
# J. Eberhardt, D. Santos-Martins, A. F. Tillack, and S. Forli  #
# AutoDock Vina 1.2.0: New Docking Methods, Expanded Force      #
# Field, and Python Bindings, J. Chem. Inf. Model. (2021)       #
# DOI 10.1021/acs.jcim.1c00203                                  #
#                                                               #
# O. Trott, A. J. Olson,                                        #
# AutoDock Vina: improving the speed and accuracy of docking    #
# with a new scoring function, efficient optimization and       #
# multithreading, J. Comp. Chem. (2010)                         #
# DOI 10.1002/jcc.21334                                         #
#                                                               #
# Please see https://github.com/ccsb-scripps/AutoDock-Vina for  #
# more information.                                             #
#################################################################

Scoring function : vina
Rigid receptor: /Users/user/Desktop/Projet_long/docking/work/receptors/pdbqt/abca5_rattus.pdbqt
Ligand: /Users/user/Desktop/Projet_long/docking/work/ligands/pdbqt/microgininFR1.pdbqt
Grid center: X 5.617 Y -3.088 Z -2.964
Grid size  : X 30 Y 30 Z 30
Grid space : 0.375
Exhaustiveness: 16
CPU: 1
Verbosity: 1

Computing Vina grid ... done.
Performing docking (random seed: -674408765) ... 
0%   10   20   30   40   50   60   70   80   90   100%
|----|----|----|----|----|----|----|----|----|----|
***************************************************

mode |   affinity | dist from best mode
     | (kcal/mol) | rmsd l.b.| rmsd u.b.
-----+------------+----------+----------
   1       -5.433          0          0
   2        -5.15      5.931      11.77
   3       -4.529       14.5       19.1
   4       -4.522      15.39      18.89
   5       -4.517      24.03      28.43
   6       -4.482      23.73      27.73
   7       -4.447      5.284      11.15
   8       -4.372      24.41      28.77
   9       -4.363      12.06      17.13
  10        -4.36      13.14      16.96
  11       -4.348       5.12      11.24
  12       -4.337      25.23      29.64
  13       -4.298      24.33      28.76
  14       -4.247         17      21.11
  15       -4.229      13.66      18.08
  16       -4.224      21.01      25.31
  17       -4.213       12.3      17.08
  18       -4.201      12.28      17.35
  19       -4.194      20.05      24.15
  20       -4.155      13.31      16.98
  21        -4.14      13.75      16.97
  22       -4.135       10.8      15.32
  23       -4.134      12.95       16.3
  24       -4.124      5.303      11.25
  25       -4.113      17.43      21.82
  26       -4.104      14.63      18.82
  27       -4.089       13.4      16.54
  28       -4.089      6.093      11.21
  29       -4.068      11.07      15.93
  30       -4.054      14.39      18.63
  31       -4.043       13.4      16.96
  32       -4.022       15.6      19.36
  33        -4.02      13.02       17.1
  34       -4.014      15.22      19.25
  35       -4.011      14.02      17.07
  36       -3.992      13.74      17.03
  37       -3.979      14.31      16.86
  38       -3.976      14.49       19.1
  39       -3.969      14.85      19.09
  40       -3.943      17.49      20.98
  41       -3.938      14.08      19.09
  42       -3.915      14.22      18.59
  43       -3.893      15.28      19.98
  44       -3.884      12.42      16.86
  45       -3.867      5.884      11.09
  46       -3.846      11.04      16.41
  47       -3.837      15.19      19.71
  48       -3.805      11.03      15.42
  49       -3.794      12.93      16.59
  50       -3.779       14.2      17.85

