AutoDock Vina v1.2.7
#################################################################
# If you used AutoDock Vina in your work, please cite:          #
#                                                               #
# J. Eberhardt, D. Santos-Martins, A. F. Tillack, and S. Forli  #
# AutoDock Vina 1.2.0: New Docking Methods, Expanded Force      #
# Field, and Python Bindings, J. Chem. Inf. Model. (2021)       #
# DOI 10.1021/acs.jcim.1c00203                                  #
#                                                               #
# O. Trott, A. J. Olson,                                        #
# AutoDock Vina: improving the speed and accuracy of docking    #
# with a new scoring function, efficient optimization and       #
# multithreading, J. Comp. Chem. (2010)                         #
# DOI 10.1002/jcc.21334                                         #
#                                                               #
# Please see https://github.com/ccsb-scripps/AutoDock-Vina for  #
# more information.                                             #
#################################################################

Scoring function : vina
Rigid receptor: /Users/user/Desktop/Projet_long/docking/work/receptors/pdbqt/abcb11_zebrafish.pdbqt
Ligand: /Users/user/Desktop/Projet_long/docking/work/ligands/pdbqt/cyanopeptolinA.pdbqt
Grid center: X -5.058 Y 2.648 Z -1.372
Grid size  : X 30 Y 30 Z 30
Grid space : 0.375
Exhaustiveness: 16
CPU: 1
Verbosity: 1

Computing Vina grid ... done.
Performing docking (random seed: 2020286879) ... 
0%   10   20   30   40   50   60   70   80   90   100%
|----|----|----|----|----|----|----|----|----|----|
***************************************************

mode |   affinity | dist from best mode
     | (kcal/mol) | rmsd l.b.| rmsd u.b.
-----+------------+----------+----------
   1       -7.169          0          0
   2       -6.926       2.91      15.76
   3       -6.879      2.773      4.784
   4       -6.792      1.681      3.085
   5        -6.79      3.762       7.17
   6       -6.767      1.767      3.942
   7       -6.729      1.733      3.312
   8       -6.714      14.76      18.08
   9       -6.679      1.828      2.747
  10       -6.592      5.367      8.393
  11       -6.577      8.026      11.82
  12       -6.525      4.734      8.082
  13       -6.513      3.174      4.837
  14       -6.425      3.089      15.65
  15       -6.266      13.35      19.58
  16       -6.263      4.734      7.246
  17       -6.256      1.851      2.696
  18       -6.249      10.79      16.19
  19       -6.183      2.813      16.42
  20       -6.159      4.656      6.796
  21       -6.157      13.07      18.67
  22       -6.122      6.092      9.301
  23       -6.115      9.494      12.97
  24       -6.097      12.94      18.85
  25       -6.065      13.35      20.05
  26       -6.057      9.398      13.48
  27       -6.039      2.554      5.564
  28       -6.025      2.727      15.34
  29       -6.024      9.498       12.4
  30       -5.954      12.84       18.3
  31       -5.945      13.13      16.79
  32       -5.923      14.68      20.08
  33        -5.88      11.06      16.48
  34       -5.876      12.73      18.73
  35       -5.857      14.16      19.65
  36        -5.85       12.1      18.02
  37       -5.833      10.81      16.53
  38        -5.83      9.924      15.07
  39       -5.813      10.88      15.63
  40       -5.807      10.96      15.62
  41       -5.788      8.877      12.69
  42       -5.754      9.064      13.85
  43       -5.735      2.792      16.22
  44       -5.727      11.47      16.55
  45       -5.723      10.64      16.73
  46       -5.714      8.951      14.95
  47       -5.703       11.8      17.14
  48        -5.69      11.35      16.74
  49       -5.663      8.581      13.24
  50       -5.652      9.019      14.77

