AutoDock Vina v1.2.7
#################################################################
# If you used AutoDock Vina in your work, please cite:          #
#                                                               #
# J. Eberhardt, D. Santos-Martins, A. F. Tillack, and S. Forli  #
# AutoDock Vina 1.2.0: New Docking Methods, Expanded Force      #
# Field, and Python Bindings, J. Chem. Inf. Model. (2021)       #
# DOI 10.1021/acs.jcim.1c00203                                  #
#                                                               #
# O. Trott, A. J. Olson,                                        #
# AutoDock Vina: improving the speed and accuracy of docking    #
# with a new scoring function, efficient optimization and       #
# multithreading, J. Comp. Chem. (2010)                         #
# DOI 10.1002/jcc.21334                                         #
#                                                               #
# Please see https://github.com/ccsb-scripps/AutoDock-Vina for  #
# more information.                                             #
#################################################################

Scoring function : vina
Rigid receptor: /Users/user/Desktop/Projet_long/docking/work/receptors/pdbqt/slco1c1_rattus.pdbqt
Ligand: /Users/user/Desktop/Projet_long/docking/work/ligands/pdbqt/microcystineLR.pdbqt
Grid center: X -8.855 Y 0.868 Z 1.607
Grid size  : X 30 Y 30 Z 30
Grid space : 0.375
Exhaustiveness: 16
CPU: 1
Verbosity: 1

Computing Vina grid ... done.
Performing docking (random seed: 1507784894) ... 
0%   10   20   30   40   50   60   70   80   90   100%
|----|----|----|----|----|----|----|----|----|----|
***************************************************

mode |   affinity | dist from best mode
     | (kcal/mol) | rmsd l.b.| rmsd u.b.
-----+------------+----------+----------
   1       -7.843          0          0
   2       -7.646      2.278      3.677
   3       -7.304       2.84      11.33
   4       -7.301      1.796      2.719
   5       -7.276      3.001      11.65
   6       -7.252      2.978      7.217
   7       -7.234      2.708      11.27
   8       -7.159      3.225      7.923
   9       -7.156      2.759       11.5
  10       -7.151      3.772      12.31
  11        -7.12      3.429      7.113
  12         -7.1      3.438      8.088
  13       -7.092      2.619      7.222
  14       -7.087      2.259      11.01
  15       -7.073      3.785      11.91
  16       -7.069       2.24        3.3
  17       -7.054      2.475      11.43
  18       -7.051      3.087      12.15
  19       -7.028      2.595      11.36
  20       -7.027      2.649      6.791
  21       -7.022      2.984      11.64
  22       -7.019       2.26      11.25
  23        -7.01      2.806      11.15
  24       -6.955       2.37      11.28
  25       -6.943      3.092      11.97
  26       -6.936      2.321       10.9
  27       -6.907      3.064      8.788
  28       -6.893      2.404      11.57
  29       -6.887      3.083      7.358
  30        -6.88      3.354      12.08
  31       -6.867      3.183      11.28
  32       -6.825      3.078      7.522
  33         -6.8      3.124      7.069
  34       -6.777      2.557      11.83
  35       -6.775      3.691      12.32
  36       -6.771      3.632      7.959
  37       -6.764      3.101      11.66
  38       -6.747      3.644      9.204
  39       -6.732      3.326       8.89
  40       -6.724      3.483      7.538
  41       -6.647      3.257      7.033
  42       -6.618      3.552      8.414
  43       -6.603      2.936      7.659
  44       -6.599      3.113      11.13
  45       -6.592      2.986      12.14
  46       -6.561       3.16      6.777
  47       -6.514      3.133      7.614
  48       -6.514       3.38       7.55
  49       -6.501      3.297      7.135
  50       -6.468       3.95      12.82

